11:22:54 : num_heads_8 
11:22:54 : No saved model found. Training a new model. 
11:28:00 : num_heads_8 
11:28:40 : No saved model found. Training a new model. 
11:28:40 : FOLD 0 
11:28:40 : ---------------------------------- 
11:29:06 : Training Confusion for Epoch 1:
[[1069  128    0 ...    0    1    1]
 [ 127 1089    1 ...    1    0    0]
 [   0    0    0 ...    0    0    0]
 ...
 [   0    0    0 ...    0    0    0]
 [   0    0    0 ...    0    0    0]
 [   0    0    0 ...    0    0    0]] 
11:29:56 : num_heads_8 
11:30:24 : No saved model found. Training a new model. 
11:30:24 : FOLD 0 
11:30:24 : ---------------------------------- 
11:30:50 : Training Confusion for Epoch 1:
[[1069  128    0 ...    0    1    1]
 [ 127 1089    1 ...    1    0    0]
 [   0    0    0 ...    0    0    0]
 ...
 [   0    0    0 ...    0    0    0]
 [   0    0    0 ...    0    0    0]
 [   0    0    0 ...    0    0    0]] 
11:32:44 : num_heads_8 
11:33:14 : No saved model found. Training a new model. 
11:33:14 : FOLD 0 
11:33:14 : ---------------------------------- 
11:33:40 : Training Confusion for Epoch 1:
[[1069  128    0 ...    0    1    1]
 [ 127 1089    1 ...    1    0    0]
 [   0    0    0 ...    0    0    0]
 ...
 [   0    0    0 ...    0    0    0]
 [   0    0    0 ...    0    0    0]
 [   0    0    0 ...    0    0    0]] 
11:33:42 : Epoch [1/50], Loss: 0.0282, Accuracy: 0.9135, Precision: 0.9155, Recall: 0.9064, Specificity: 0.9204, F1-Score: 0.9109 
11:34:07 : Training Confusion for Epoch 2:
[[1081  137]
 [ 176 1057]] 
11:34:08 : Epoch [2/50], Loss: 0.2192, Accuracy: 0.8515, Precision: 0.7751, Recall: 0.9799, Specificity: 0.7293, F1-Score: 0.8656 
11:34:33 : Training Confusion for Epoch 3:
[[ 994  224]
 [ 176 1057]] 
11:34:35 : Epoch [3/50], Loss: 1.6143, Accuracy: 0.8173, Precision: 0.7950, Recall: 0.8428, Specificity: 0.7930, F1-Score: 0.8182 
11:35:00 : Training Confusion for Epoch 4:
[[1019  199]
 [ 143 1090]] 
11:35:01 : Epoch [4/50], Loss: 0.1225, Accuracy: 0.8597, Precision: 0.8277, Recall: 0.8997, Specificity: 0.8217, F1-Score: 0.8622 
11:35:27 : Training Confusion for Epoch 5:
[[ 942  276]
 [ 213 1020]] 
11:35:28 : Epoch [5/50], Loss: 2.8385, Accuracy: 0.3638, Precision: 0.4017, Recall: 0.6221, Specificity: 0.1178, F1-Score: 0.4882 
11:35:54 : Training Confusion for Epoch 6:
[[872 346]
 [360 873]] 
11:35:55 : Epoch [6/50], Loss: 0.1722, Accuracy: 0.7879, Precision: 0.7807, Recall: 0.7860, Specificity: 0.7898, F1-Score: 0.7833 
11:36:21 : Training Confusion for Epoch 7:
[[1008  210]
 [ 189 1044]] 
11:36:22 : Epoch [7/50], Loss: 0.0661, Accuracy: 0.8026, Precision: 0.8248, Recall: 0.7559, Specificity: 0.8471, F1-Score: 0.7888 
11:36:48 : Training Confusion for Epoch 8:
[[ 985  233]
 [ 226 1007]] 
11:36:49 : Epoch [8/50], Loss: 1.0018, Accuracy: 0.5253, Precision: 0.5082, Recall: 0.8328, Specificity: 0.2325, F1-Score: 0.6312 
11:37:15 : Training Confusion for Epoch 9:
[[1017  201]
 [ 153 1080]] 
11:37:16 : Epoch [9/50], Loss: 0.0425, Accuracy: 0.8630, Precision: 0.8435, Recall: 0.8829, Specificity: 0.8439, F1-Score: 0.8627 
11:37:42 : Training Confusion for Epoch 10:
[[1017  201]
 [ 205 1028]] 
11:37:43 : Epoch [10/50], Loss: 0.0501, Accuracy: 0.8059, Precision: 0.7961, Recall: 0.8094, Specificity: 0.8025, F1-Score: 0.8027 
11:38:09 : Training Confusion for Epoch 11:
[[ 974  244]
 [ 201 1032]] 
11:38:10 : Epoch [11/50], Loss: 0.1664, Accuracy: 0.8385, Precision: 0.8012, Recall: 0.8896, Specificity: 0.7898, F1-Score: 0.8431 
11:38:36 : Training Confusion for Epoch 12:
[[1015  203]
 [ 180 1053]] 
11:38:37 : Epoch [12/50], Loss: 0.0861, Accuracy: 0.8238, Precision: 0.7938, Recall: 0.8629, Specificity: 0.7866, F1-Score: 0.8269 
11:39:02 : Training Confusion for Epoch 13:
[[ 972  246]
 [ 144 1089]] 
11:39:04 : Epoch [13/50], Loss: 0.0856, Accuracy: 0.8564, Precision: 0.8023, Recall: 0.9365, Specificity: 0.7803, F1-Score: 0.8642 
11:39:29 : Training Confusion for Epoch 14:
[[1005  213]
 [ 240  993]] 
11:39:31 : Epoch [14/50], Loss: 0.0780, Accuracy: 0.8728, Precision: 0.8647, Recall: 0.8763, Specificity: 0.8694, F1-Score: 0.8704 
11:39:56 : Training Confusion for Epoch 15:
[[1058  160]
 [ 120 1113]] 
11:39:58 : Epoch [15/50], Loss: 0.0521, Accuracy: 0.8858, Precision: 0.8378, Recall: 0.9498, Specificity: 0.8248, F1-Score: 0.8903 
11:40:23 : Training Confusion for Epoch 16:
[[1045  173]
 [  88 1145]] 
11:40:25 : Epoch [16/50], Loss: 0.0202, Accuracy: 0.8760, Precision: 0.8232, Recall: 0.9498, Specificity: 0.8057, F1-Score: 0.8820 
11:40:50 : Training Confusion for Epoch 17:
[[1043  175]
 [ 103 1130]] 
11:40:52 : Epoch [17/50], Loss: 0.1520, Accuracy: 0.8613, Precision: 0.8006, Recall: 0.9532, Specificity: 0.7739, F1-Score: 0.8702 
11:41:17 : Training Confusion for Epoch 18:
[[ 968  250]
 [ 222 1011]] 
11:41:19 : Epoch [18/50], Loss: 0.0503, Accuracy: 0.8662, Precision: 0.8629, Recall: 0.8629, Specificity: 0.8694, F1-Score: 0.8629 
11:41:44 : Training Confusion for Epoch 19:
[[1050  168]
 [ 196 1037]] 
11:41:46 : Epoch [19/50], Loss: 0.0545, Accuracy: 0.8613, Precision: 0.8664, Recall: 0.8462, Specificity: 0.8758, F1-Score: 0.8562 
11:42:11 : Training Confusion for Epoch 20:
[[1037  181]
 [ 190 1043]] 
11:42:13 : Epoch [20/50], Loss: 0.1585, Accuracy: 0.7863, Precision: 0.7917, Recall: 0.7625, Specificity: 0.8089, F1-Score: 0.7768 
11:42:38 : Training Confusion for Epoch 21:
[[1061  157]
 [ 172 1061]] 
11:42:40 : Epoch [21/50], Loss: 0.0858, Accuracy: 0.8744, Precision: 0.8627, Recall: 0.8829, Specificity: 0.8662, F1-Score: 0.8727 
11:43:05 : Training Confusion for Epoch 22:
[[1073  145]
 [ 147 1086]] 
11:43:07 : Epoch [22/50], Loss: 0.0263, Accuracy: 0.8891, Precision: 0.8714, Recall: 0.9064, Specificity: 0.8726, F1-Score: 0.8885 
11:43:32 : Training Confusion for Epoch 23:
[[1068  150]
 [ 132 1101]] 
11:43:34 : Epoch [23/50], Loss: 0.0134, Accuracy: 0.8907, Precision: 0.8671, Recall: 0.9164, Specificity: 0.8662, F1-Score: 0.8911 
11:43:59 : Training Confusion for Epoch 24:
[[1065  153]
 [ 117 1116]] 
11:44:01 : Epoch [24/50], Loss: 0.0241, Accuracy: 0.8695, Precision: 0.8590, Recall: 0.8763, Specificity: 0.8631, F1-Score: 0.8675 
11:44:26 : Training Confusion for Epoch 25:
[[1076  142]
 [ 122 1111]] 
11:44:27 : Epoch [25/50], Loss: 0.0275, Accuracy: 0.8842, Precision: 0.8775, Recall: 0.8863, Specificity: 0.8822, F1-Score: 0.8819 
11:44:53 : Training Confusion for Epoch 26:
[[1076  142]
 [ 145 1088]] 
11:44:55 : Epoch [26/50], Loss: 0.0719, Accuracy: 0.8907, Precision: 0.8671, Recall: 0.9164, Specificity: 0.8662, F1-Score: 0.8911 
11:45:20 : Training Confusion for Epoch 27:
[[1078  140]
 [ 118 1115]] 
11:45:21 : Epoch [27/50], Loss: 0.0311, Accuracy: 0.8956, Precision: 0.8778, Recall: 0.9130, Specificity: 0.8790, F1-Score: 0.8951 
11:45:47 : Training Confusion for Epoch 28:
[[1065  153]
 [ 119 1114]] 
11:45:48 : Epoch [28/50], Loss: 0.0065, Accuracy: 0.8907, Precision: 0.8625, Recall: 0.9231, Specificity: 0.8599, F1-Score: 0.8918 
11:46:14 : Training Confusion for Epoch 29:
[[1091  127]
 [ 139 1094]] 
11:46:15 : Epoch [29/50], Loss: 0.0258, Accuracy: 0.8825, Precision: 0.8982, Recall: 0.8562, Specificity: 0.9076, F1-Score: 0.8767 
11:46:41 : Training Confusion for Epoch 30:
[[1095  123]
 [ 188 1045]] 
11:46:42 : Epoch [30/50], Loss: 0.0038, Accuracy: 0.8450, Precision: 0.8923, Recall: 0.7759, Specificity: 0.9108, F1-Score: 0.8301 
11:47:08 : Training Confusion for Epoch 31:
[[1068  150]
 [ 177 1056]] 
11:47:09 : Epoch [31/50], Loss: 0.0173, Accuracy: 0.6721, Precision: 0.7882, Recall: 0.4482, Specificity: 0.8854, F1-Score: 0.5714 
11:47:35 : Training Confusion for Epoch 32:
[[976 242]
 [339 894]] 
11:47:36 : Epoch [32/50], Loss: 0.3153, Accuracy: 0.8434, Precision: 0.8561, Recall: 0.8161, Specificity: 0.8694, F1-Score: 0.8356 
11:48:02 : Training Confusion for Epoch 33:
[[1028  190]
 [ 179 1054]] 
11:48:03 : Epoch [33/50], Loss: 0.0865, Accuracy: 0.8597, Precision: 0.8538, Recall: 0.8595, Specificity: 0.8599, F1-Score: 0.8567 
11:48:29 : Training Confusion for Epoch 34:
[[ 999  219]
 [ 205 1028]] 
11:48:30 : Epoch [34/50], Loss: 0.0426, Accuracy: 0.8515, Precision: 0.8490, Recall: 0.8462, Specificity: 0.8567, F1-Score: 0.8476 
11:48:56 : Training Confusion for Epoch 35:
[[ 962  256]
 [ 170 1063]] 
11:48:57 : Epoch [35/50], Loss: 0.0620, Accuracy: 0.8483, Precision: 0.8503, Recall: 0.8361, Specificity: 0.8599, F1-Score: 0.8432 
11:49:23 : Training Confusion for Epoch 36:
[[1030  188]
 [ 163 1070]] 
11:49:24 : Epoch [36/50], Loss: 0.1275, Accuracy: 0.8662, Precision: 0.8359, Recall: 0.9030, Specificity: 0.8312, F1-Score: 0.8682 
11:49:50 : Training Confusion for Epoch 37:
[[1050  168]
 [ 161 1072]] 
11:49:51 : Epoch [37/50], Loss: 0.1356, Accuracy: 0.8597, Precision: 0.8790, Recall: 0.8261, Specificity: 0.8917, F1-Score: 0.8517 
11:50:17 : Training Confusion for Epoch 38:
[[1117  101]
 [ 293  940]] 
11:50:18 : Epoch [38/50], Loss: 0.3126, Accuracy: 0.7162, Precision: 0.8453, Recall: 0.5117, Specificity: 0.9108, F1-Score: 0.6375 
11:50:43 : Training Confusion for Epoch 39:
[[1050  168]
 [ 309  924]] 
11:50:45 : Epoch [39/50], Loss: 0.0982, Accuracy: 0.8499, Precision: 0.8508, Recall: 0.8395, Specificity: 0.8599, F1-Score: 0.8451 
11:51:10 : Training Confusion for Epoch 40:
[[1037  181]
 [ 145 1088]] 
11:51:12 : Epoch [40/50], Loss: 0.1718, Accuracy: 0.8238, Precision: 0.8745, Recall: 0.7458, Specificity: 0.8981, F1-Score: 0.8051 
11:51:37 : Training Confusion for Epoch 41:
[[1076  142]
 [ 191 1042]] 
11:51:39 : Epoch [41/50], Loss: 0.0752, Accuracy: 0.8679, Precision: 0.8494, Recall: 0.8863, Specificity: 0.8503, F1-Score: 0.8674 
11:52:04 : Training Confusion for Epoch 42:
[[1063  155]
 [ 136 1097]] 
11:52:06 : Epoch [42/50], Loss: 0.4738, Accuracy: 0.8613, Precision: 0.7989, Recall: 0.9565, Specificity: 0.7707, F1-Score: 0.8706 
11:52:31 : Training Confusion for Epoch 43:
[[1050  168]
 [ 111 1122]] 
11:52:33 : Epoch [43/50], Loss: 0.0957, Accuracy: 0.8777, Precision: 0.8544, Recall: 0.9030, Specificity: 0.8535, F1-Score: 0.8780 
11:52:58 : Training Confusion for Epoch 44:
[[1052  166]
 [ 110 1123]] 
11:53:00 : Epoch [44/50], Loss: 0.1398, Accuracy: 0.8793, Precision: 0.8571, Recall: 0.9030, Specificity: 0.8567, F1-Score: 0.8795 
11:53:25 : Training Confusion for Epoch 45:
[[1059  159]
 [ 105 1128]] 
11:53:27 : Epoch [45/50], Loss: 0.0256, Accuracy: 0.8793, Precision: 0.8399, Recall: 0.9298, Specificity: 0.8312, F1-Score: 0.8825 
11:53:52 : Training Confusion for Epoch 46:
[[865 353]
 [305 928]] 
11:53:53 : Epoch [46/50], Loss: 0.0644, Accuracy: 0.6721, Precision: 0.7663, Recall: 0.4716, Specificity: 0.8631, F1-Score: 0.5839 
11:54:19 : Training Confusion for Epoch 47:
[[996 222]
 [241 992]] 
11:54:20 : Epoch [47/50], Loss: 0.4578, Accuracy: 0.8320, Precision: 0.8356, Recall: 0.8161, Specificity: 0.8471, F1-Score: 0.8257 
11:54:46 : Training Confusion for Epoch 48:
[[943 275]
 [294 939]] 
11:54:47 : Epoch [48/50], Loss: 0.8648, Accuracy: 0.2773, Precision: 0.2568, Recall: 0.2542, Specificity: 0.2994, F1-Score: 0.2555 
11:55:13 : Training Confusion for Epoch 49:
[[971 247]
 [297 936]] 
11:55:14 : Epoch [49/50], Loss: 0.1523, Accuracy: 0.5710, Precision: 0.7045, Recall: 0.2074, Specificity: 0.9172, F1-Score: 0.3204 
11:55:40 : Training Confusion for Epoch 50:
[[997 221]
 [256 977]] 
11:55:41 : Epoch [50/50], Loss: 0.0732, Accuracy: 0.8140, Precision: 0.8571, Recall: 0.7425, Specificity: 0.8822, F1-Score: 0.7957 
11:55:43 : FOLD 1 
11:55:43 : ---------------------------------- 
11:56:10 : Training Confusion for Epoch 1:
[[1065  139    0 ...    1    2    0]
 [  93 1072    2 ...    0    0    1]
 [   0    0    0 ...    0    0    0]
 ...
 [   0    0    0 ...    0    0    0]
 [   0    0    0 ...    0    0    0]
 [   0    0    0 ...    0    0    0]] 
11:56:11 : Epoch [1/50], Loss: 0.0790, Accuracy: 0.9364, Precision: 0.9550, Recall: 0.9224, Specificity: 0.9519, F1-Score: 0.9384 
11:56:37 : Training Confusion for Epoch 2:
[[1155   86]
 [  71 1139]] 
11:56:39 : Epoch [2/50], Loss: 0.0112, Accuracy: 0.9511, Precision: 0.9345, Recall: 0.9752, Specificity: 0.9244, F1-Score: 0.9544 
11:57:04 : Training Confusion for Epoch 3:
[[1175   66]
 [  69 1141]] 
11:57:05 : Epoch [3/50], Loss: 0.0061, Accuracy: 0.9413, Precision: 0.9897, Recall: 0.8975, Specificity: 0.9897, F1-Score: 0.9414 
11:57:31 : Training Confusion for Epoch 4:
[[1171   70]
 [  74 1136]] 
11:57:32 : Epoch [4/50], Loss: 0.0000, Accuracy: 0.9413, Precision: 0.9864, Recall: 0.9006, Specificity: 0.9863, F1-Score: 0.9416 
11:57:58 : Training Confusion for Epoch 5:
[[1161   80]
 [  68 1142]] 
11:58:00 : Epoch [5/50], Loss: 0.0407, Accuracy: 0.9576, Precision: 0.9540, Recall: 0.9658, Specificity: 0.9485, F1-Score: 0.9599 
11:58:25 : Training Confusion for Epoch 6:
[[1174   67]
 [  73 1137]] 
11:58:27 : Epoch [6/50], Loss: 0.0052, Accuracy: 0.9445, Precision: 0.9768, Recall: 0.9161, Specificity: 0.9759, F1-Score: 0.9455 
11:58:52 : Training Confusion for Epoch 7:
[[1078  163]
 [ 228  982]] 
11:58:54 : Epoch [7/50], Loss: 0.2303, Accuracy: 0.7586, Precision: 0.9780, Recall: 0.5528, Specificity: 0.9863, F1-Score: 0.7063 
11:59:19 : Training Confusion for Epoch 8:
[[697 544]
 [568 642]] 
11:59:21 : Epoch [8/50], Loss: 0.8758, Accuracy: 0.5416, Precision: 0.5342, Recall: 0.9938, Specificity: 0.0412, F1-Score: 0.6949 
11:59:46 : Training Confusion for Epoch 9:
[[672 569]
 [589 621]] 
11:59:48 : Epoch [9/50], Loss: 0.4077, Accuracy: 0.4682, Precision: 0.4333, Recall: 0.0404, Specificity: 0.9416, F1-Score: 0.0739 
12:00:13 : Training Confusion for Epoch 10:
[[662 579]
 [652 558]] 
12:00:15 : Epoch [10/50], Loss: 0.6429, Accuracy: 0.5416, Precision: 0.7071, Recall: 0.2174, Specificity: 0.9003, F1-Score: 0.3325 
12:00:40 : Training Confusion for Epoch 11:
[[672 569]
 [636 574]] 
12:00:42 : Epoch [11/50], Loss: 0.6746, Accuracy: 0.5318, Precision: 0.5888, Recall: 0.3602, Specificity: 0.7216, F1-Score: 0.4470 
12:01:07 : Training Confusion for Epoch 12:
[[657 584]
 [688 522]] 
12:01:09 : Epoch [12/50], Loss: 0.6466, Accuracy: 0.4829, Precision: 1.0000, Recall: 0.0155, Specificity: 1.0000, F1-Score: 0.0306 
12:01:34 : Training Confusion for Epoch 13:
[[714 527]
 [709 501]] 
12:01:36 : Epoch [13/50], Loss: 0.7563, Accuracy: 0.5253, Precision: 0.5253, Recall: 1.0000, Specificity: 0.0000, F1-Score: 0.6888 
12:02:01 : Training Confusion for Epoch 14:
[[588 653]
 [590 620]] 
12:02:03 : Epoch [14/50], Loss: 0.7169, Accuracy: 0.5188, Precision: 0.5228, Recall: 0.9627, Specificity: 0.0275, F1-Score: 0.6776 
12:02:28 : Training Confusion for Epoch 15:
[[726 515]
 [698 512]] 
12:02:29 : Epoch [15/50], Loss: 0.6997, Accuracy: 0.5253, Precision: 0.5255, Recall: 0.9938, Specificity: 0.0069, F1-Score: 0.6874 
12:02:55 : Training Confusion for Epoch 16:
[[677 564]
 [684 526]] 
12:02:56 : Epoch [16/50], Loss: 0.7933, Accuracy: 0.5253, Precision: 0.5253, Recall: 1.0000, Specificity: 0.0000, F1-Score: 0.6888 
12:03:22 : Training Confusion for Epoch 17:
[[668 573]
 [644 566]] 
12:03:23 : Epoch [17/50], Loss: 0.6219, Accuracy: 0.4747, Precision: 0.0000, Recall: 0.0000, Specificity: 1.0000, F1-Score: 0.0000 
12:03:49 : Training Confusion for Epoch 18:
[[667 574]
 [675 535]] 
12:03:50 : Epoch [18/50], Loss: 0.7609, Accuracy: 0.5253, Precision: 0.5253, Recall: 1.0000, Specificity: 0.0000, F1-Score: 0.6888 
12:04:16 : Training Confusion for Epoch 19:
[[656 585]
 [663 547]] 
12:04:17 : Epoch [19/50], Loss: 0.8136, Accuracy: 0.5253, Precision: 0.5253, Recall: 1.0000, Specificity: 0.0000, F1-Score: 0.6888 
12:04:43 : Training Confusion for Epoch 20:
[[694 547]
 [705 505]] 
12:04:44 : Epoch [20/50], Loss: 0.7430, Accuracy: 0.5253, Precision: 0.5253, Recall: 1.0000, Specificity: 0.0000, F1-Score: 0.6888 
12:05:10 : Training Confusion for Epoch 21:
[[600 641]
 [559 651]] 
12:05:11 : Epoch [21/50], Loss: 0.5978, Accuracy: 0.4747, Precision: 0.0000, Recall: 0.0000, Specificity: 1.0000, F1-Score: 0.0000 
12:05:37 : Training Confusion for Epoch 22:
[[679 562]
 [666 544]] 
12:05:38 : Epoch [22/50], Loss: 0.7327, Accuracy: 0.5253, Precision: 0.5253, Recall: 1.0000, Specificity: 0.0000, F1-Score: 0.6888 
12:06:04 : Training Confusion for Epoch 23:
[[573 668]
 [576 634]] 
12:06:05 : Epoch [23/50], Loss: 0.5966, Accuracy: 0.4747, Precision: 0.0000, Recall: 0.0000, Specificity: 1.0000, F1-Score: 0.0000 
12:06:31 : Training Confusion for Epoch 24:
[[764 477]
 [738 472]] 
12:06:32 : Epoch [24/50], Loss: 0.6113, Accuracy: 0.4747, Precision: 0.0000, Recall: 0.0000, Specificity: 1.0000, F1-Score: 0.0000 
12:06:58 : Training Confusion for Epoch 25:
[[688 553]
 [660 550]] 
12:06:59 : Epoch [25/50], Loss: 0.9136, Accuracy: 0.5253, Precision: 0.5253, Recall: 1.0000, Specificity: 0.0000, F1-Score: 0.6888 
12:07:25 : Training Confusion for Epoch 26:
[[672 569]
 [659 551]] 
12:07:26 : Epoch [26/50], Loss: 0.7653, Accuracy: 0.5253, Precision: 0.5253, Recall: 1.0000, Specificity: 0.0000, F1-Score: 0.6888 
12:07:52 : Training Confusion for Epoch 27:
[[721 520]
 [671 539]] 
12:07:53 : Epoch [27/50], Loss: 0.7926, Accuracy: 0.5253, Precision: 0.5253, Recall: 1.0000, Specificity: 0.0000, F1-Score: 0.6888 
12:08:19 : Training Confusion for Epoch 28:
[[699 542]
 [673 537]] 
12:08:20 : Epoch [28/50], Loss: 0.7362, Accuracy: 0.5253, Precision: 0.5253, Recall: 1.0000, Specificity: 0.0000, F1-Score: 0.6888 
12:08:46 : Training Confusion for Epoch 29:
[[675 566]
 [610 600]] 
12:08:47 : Epoch [29/50], Loss: 0.7399, Accuracy: 0.5269, Precision: 0.5261, Recall: 1.0000, Specificity: 0.0034, F1-Score: 0.6895 
12:09:13 : Training Confusion for Epoch 30:
[[664 577]
 [667 543]] 
12:09:14 : Epoch [30/50], Loss: 0.6233, Accuracy: 0.4747, Precision: 0.0000, Recall: 0.0000, Specificity: 1.0000, F1-Score: 0.0000 
12:09:39 : Training Confusion for Epoch 31:
[[690 551]
 [694 516]] 
12:09:41 : Epoch [31/50], Loss: 0.8322, Accuracy: 0.5253, Precision: 0.5253, Recall: 1.0000, Specificity: 0.0000, F1-Score: 0.6888 
12:10:06 : Training Confusion for Epoch 32:
[[717 524]
 [693 517]] 
12:10:08 : Epoch [32/50], Loss: 0.6498, Accuracy: 0.4747, Precision: 0.0000, Recall: 0.0000, Specificity: 1.0000, F1-Score: 0.0000 
12:10:33 : Training Confusion for Epoch 33:
[[705 536]
 [676 534]] 
12:10:35 : Epoch [33/50], Loss: 0.7927, Accuracy: 0.5253, Precision: 0.5253, Recall: 1.0000, Specificity: 0.0000, F1-Score: 0.6888 
12:11:00 : Training Confusion for Epoch 34:
[[680 561]
 [664 546]] 
12:11:02 : Epoch [34/50], Loss: 0.5318, Accuracy: 0.4747, Precision: 0.0000, Recall: 0.0000, Specificity: 1.0000, F1-Score: 0.0000 
12:11:27 : Training Confusion for Epoch 35:
[[663 578]
 [670 540]] 
12:11:29 : Epoch [35/50], Loss: 0.5816, Accuracy: 0.4747, Precision: 0.0000, Recall: 0.0000, Specificity: 1.0000, F1-Score: 0.0000 
12:11:54 : Training Confusion for Epoch 36:
[[650 591]
 [622 588]] 
12:11:56 : Epoch [36/50], Loss: 0.6894, Accuracy: 0.4763, Precision: 1.0000, Recall: 0.0031, Specificity: 1.0000, F1-Score: 0.0062 
12:12:21 : Training Confusion for Epoch 37:
[[721 520]
 [682 528]] 
12:12:23 : Epoch [37/50], Loss: 0.6547, Accuracy: 0.4747, Precision: 0.0000, Recall: 0.0000, Specificity: 1.0000, F1-Score: 0.0000 
12:12:48 : Training Confusion for Epoch 38:
[[687 554]
 [615 595]] 
12:12:50 : Epoch [38/50], Loss: 0.6421, Accuracy: 0.4747, Precision: 0.0000, Recall: 0.0000, Specificity: 1.0000, F1-Score: 0.0000 
12:13:15 : Training Confusion for Epoch 39:
[[678 563]
 [684 526]] 
12:13:17 : Epoch [39/50], Loss: 0.6773, Accuracy: 0.4747, Precision: 0.0000, Recall: 0.0000, Specificity: 1.0000, F1-Score: 0.0000 
12:13:42 : Training Confusion for Epoch 40:
[[638 603]
 [619 591]] 
12:13:44 : Epoch [40/50], Loss: 0.6349, Accuracy: 0.4747, Precision: 0.0000, Recall: 0.0000, Specificity: 1.0000, F1-Score: 0.0000 
12:14:09 : Training Confusion for Epoch 41:
[[650 591]
 [691 519]] 
12:14:11 : Epoch [41/50], Loss: 0.5962, Accuracy: 0.4747, Precision: 0.0000, Recall: 0.0000, Specificity: 1.0000, F1-Score: 0.0000 
12:14:36 : Training Confusion for Epoch 42:
[[723 518]
 [708 502]] 
12:14:38 : Epoch [42/50], Loss: 0.6677, Accuracy: 0.4747, Precision: 0.0000, Recall: 0.0000, Specificity: 1.0000, F1-Score: 0.0000 
12:15:03 : Training Confusion for Epoch 43:
[[676 565]
 [656 554]] 
12:15:05 : Epoch [43/50], Loss: 0.6053, Accuracy: 0.4747, Precision: 0.0000, Recall: 0.0000, Specificity: 1.0000, F1-Score: 0.0000 
12:15:30 : Training Confusion for Epoch 44:
[[743 498]
 [735 475]] 
12:15:31 : Epoch [44/50], Loss: 0.6795, Accuracy: 0.4747, Precision: 0.0000, Recall: 0.0000, Specificity: 1.0000, F1-Score: 0.0000 
12:15:57 : Training Confusion for Epoch 45:
[[611 630]
 [580 630]] 
12:15:58 : Epoch [45/50], Loss: 0.7390, Accuracy: 0.5253, Precision: 0.5253, Recall: 1.0000, Specificity: 0.0000, F1-Score: 0.6888 
12:16:24 : Training Confusion for Epoch 46:
[[751 490]
 [751 459]] 
12:16:25 : Epoch [46/50], Loss: 0.8615, Accuracy: 0.5253, Precision: 0.5253, Recall: 1.0000, Specificity: 0.0000, F1-Score: 0.6888 
12:16:51 : Training Confusion for Epoch 47:
[[660 581]
 [634 576]] 
12:16:52 : Epoch [47/50], Loss: 0.5746, Accuracy: 0.4747, Precision: 0.0000, Recall: 0.0000, Specificity: 1.0000, F1-Score: 0.0000 
12:17:18 : Training Confusion for Epoch 48:
[[721 520]
 [613 597]] 
12:17:19 : Epoch [48/50], Loss: 0.6057, Accuracy: 0.4747, Precision: 0.0000, Recall: 0.0000, Specificity: 1.0000, F1-Score: 0.0000 
12:17:45 : Training Confusion for Epoch 49:
[[652 589]
 [633 577]] 
12:17:46 : Epoch [49/50], Loss: 0.6253, Accuracy: 0.4747, Precision: 0.0000, Recall: 0.0000, Specificity: 1.0000, F1-Score: 0.0000 
12:18:12 : Training Confusion for Epoch 50:
[[735 506]
 [713 497]] 
12:18:13 : Epoch [50/50], Loss: 0.7692, Accuracy: 0.5253, Precision: 0.5253, Recall: 1.0000, Specificity: 0.0000, F1-Score: 0.6888 
12:18:14 : FOLD 2 
12:18:14 : ---------------------------------- 
12:18:40 : Training Confusion for Epoch 1:
[[1044  134    1 ...    0    1    1]
 [ 244  951    0 ...    1    0    0]
 [   0    0    0 ...    0    0    0]
 ...
 [   0    0    0 ...    0    0    0]
 [   0    0    0 ...    0    0    0]
 [   0    0    0 ...    0    0    0]] 
12:18:42 : Epoch [1/50], Loss: 0.0000, Accuracy: 0.5073, Precision: 0.0000, Recall: 0.0000, Specificity: 1.0000, F1-Score: 0.0000 
12:19:08 : Training Confusion for Epoch 2:
[[750 464   0   1   0   1   0   0   1   1   0   1   1   0   0   1   0]
 [762 460   1   0   1   0   1   1   0   0   1   0   0   1   1   0   1]
 [  0   0   0   0   0   0   0   0   0   0   0   0   0   0   0   0   0]
 [  0   0   0   0   0   0   0   0   0   0   0   0   0   0   0   0   0]
 [  0   0   0   0   0   0   0   0   0   0   0   0   0   0   0   0   0]
 [  0   0   0   0   0   0   0   0   0   0   0   0   0   0   0   0   0]
 [  0   0   0   0   0   0   0   0   0   0   0   0   0   0   0   0   0]
 [  0   0   0   0   0   0   0   0   0   0   0   0   0   0   0   0   0]
 [  0   0   0   0   0   0   0   0   0   0   0   0   0   0   0   0   0]
 [  0   0   0   0   0   0   0   0   0   0   0   0   0   0   0   0   0]
 [  0   0   0   0   0   0   0   0   0   0   0   0   0   0   0   0   0]
 [  0   0   0   0   0   0   0   0   0   0   0   0   0   0   0   0   0]
 [  0   0   0   0   0   0   0   0   0   0   0   0   0   0   0   0   0]
 [  0   0   0   0   0   0   0   0   0   0   0   0   0   0   0   0   0]
 [  0   0   0   0   0   0   0   0   0   0   0   0   0   0   0   0   0]
 [  0   0   0   0   0   0   0   0   0   0   0   0   0   0   0   0   0]
 [  0   0   0   0   0   0   0   0   0   0   0   0   0   0   0   0   0]] 
12:19:09 : Epoch [2/50], Loss: 0.0072, Accuracy: 0.5073, Precision: 0.0000, Recall: 0.0000, Specificity: 1.0000, F1-Score: 0.0000 
12:19:34 : Training Confusion for Epoch 3:
[[855 366]
 [399 831]] 
12:19:36 : Epoch [3/50], Loss: 0.0125, Accuracy: 0.5073, Precision: 0.0000, Recall: 0.0000, Specificity: 1.0000, F1-Score: 0.0000 
12:20:01 : Training Confusion for Epoch 4:
[[648 573]
 [529 701]] 
12:20:03 : Epoch [4/50], Loss: 0.0948, Accuracy: 0.5073, Precision: 0.0000, Recall: 0.0000, Specificity: 1.0000, F1-Score: 0.0000 
12:20:28 : Training Confusion for Epoch 5:
[[1101  120]
 [  71 1159]] 
12:20:30 : Epoch [5/50], Loss: 0.0006, Accuracy: 0.8825, Precision: 0.9713, Recall: 0.7848, Specificity: 0.9775, F1-Score: 0.8681 
12:20:55 : Training Confusion for Epoch 6:
[[1140   81    0]
 [  63 1166    1]
 [   0    0    0]] 
12:20:57 : Epoch [6/50], Loss: 0.0001, Accuracy: 0.5073, Precision: 0.0000, Recall: 0.0000, Specificity: 1.0000, F1-Score: 0.0000 
12:21:23 : Training Confusion for Epoch 7:
[[1146   75]
 [  63 1167]] 
12:21:24 : Epoch [7/50], Loss: 0.0043, Accuracy: 0.9478, Precision: 0.9530, Recall: 0.9404, Specificity: 0.9550, F1-Score: 0.9467 
12:21:50 : Training Confusion for Epoch 8:
[[1156   65]
 [  54 1176]] 
12:21:51 : Epoch [8/50], Loss: 0.0003, Accuracy: 0.9217, Precision: 0.9922, Recall: 0.8477, Specificity: 0.9936, F1-Score: 0.9143 
12:22:17 : Training Confusion for Epoch 9:
[[1166   55]
 [  47 1183]] 
12:22:18 : Epoch [9/50], Loss: 0.0049, Accuracy: 0.9641, Precision: 0.9605, Recall: 0.9669, Specificity: 0.9614, F1-Score: 0.9637 
12:22:44 : Training Confusion for Epoch 10:
[[1165   56]
 [  40 1190]] 
12:22:45 : Epoch [10/50], Loss: 0.0039, Accuracy: 0.9511, Precision: 0.9172, Recall: 0.9901, Specificity: 0.9132, F1-Score: 0.9522 
12:23:11 : Training Confusion for Epoch 11:
[[1172   49]
 [  40 1190]] 
12:23:12 : Epoch [11/50], Loss: 0.0012, Accuracy: 0.9739, Precision: 0.9643, Recall: 0.9834, Specificity: 0.9646, F1-Score: 0.9738 
12:23:38 : Training Confusion for Epoch 12:
[[1172   49]
 [  38 1192]] 
12:23:39 : Epoch [12/50], Loss: 0.0017, Accuracy: 0.9592, Precision: 0.9571, Recall: 0.9603, Specificity: 0.9582, F1-Score: 0.9587 
12:24:05 : Training Confusion for Epoch 13:
[[1176   45]
 [  33 1197]] 
12:24:06 : Epoch [13/50], Loss: 0.0004, Accuracy: 0.9657, Precision: 0.9637, Recall: 0.9669, Specificity: 0.9646, F1-Score: 0.9653 
12:24:32 : Training Confusion for Epoch 14:
[[1183   38]
 [  36 1194]] 
12:24:33 : Epoch [14/50], Loss: 0.0000, Accuracy: 0.9674, Precision: 0.9548, Recall: 0.9801, Specificity: 0.9550, F1-Score: 0.9673 
12:24:59 : Training Confusion for Epoch 15:
[[1186   35]
 [  37 1193]] 
12:25:00 : Epoch [15/50], Loss: 0.0000, Accuracy: 0.9690, Precision: 0.9764, Recall: 0.9603, Specificity: 0.9775, F1-Score: 0.9683 
12:25:26 : Training Confusion for Epoch 16:
[[1180   41]
 [  35 1195]] 
12:25:27 : Epoch [16/50], Loss: 0.0004, Accuracy: 0.9690, Precision: 0.9609, Recall: 0.9768, Specificity: 0.9614, F1-Score: 0.9688 
12:25:53 : Training Confusion for Epoch 17:
[[1188   33]
 [  30 1200]] 
12:25:54 : Epoch [17/50], Loss: 0.0122, Accuracy: 0.9641, Precision: 0.9636, Recall: 0.9636, Specificity: 0.9646, F1-Score: 0.9636 
12:26:20 : Training Confusion for Epoch 18:
[[1187   34]
 [  34 1196]] 
12:26:21 : Epoch [18/50], Loss: 0.2592, Accuracy: 0.9021, Precision: 0.8361, Recall: 0.9967, Specificity: 0.8103, F1-Score: 0.9094 
12:26:47 : Training Confusion for Epoch 19:
[[1192   29]
 [  28 1202]] 
12:26:48 : Epoch [19/50], Loss: 0.0002, Accuracy: 0.9560, Precision: 0.9693, Recall: 0.9404, Specificity: 0.9711, F1-Score: 0.9546 
12:27:14 : Training Confusion for Epoch 20:
[[1191   30]
 [  25 1205]] 
12:27:15 : Epoch [20/50], Loss: 0.0015, Accuracy: 0.9690, Precision: 0.9521, Recall: 0.9868, Specificity: 0.9518, F1-Score: 0.9691 
12:27:41 : Training Confusion for Epoch 21:
[[1190   31]
 [  26 1204]] 
12:27:42 : Epoch [21/50], Loss: 0.0028, Accuracy: 0.9625, Precision: 0.9666, Recall: 0.9570, Specificity: 0.9678, F1-Score: 0.9617 
12:28:08 : Training Confusion for Epoch 22:
[[1198   23]
 [  26 1204]] 
12:28:09 : Epoch [22/50], Loss: 0.0008, Accuracy: 0.9706, Precision: 0.9551, Recall: 0.9868, Specificity: 0.9550, F1-Score: 0.9707 
12:28:35 : Training Confusion for Epoch 23:
[[1195   26]
 [  25 1205]] 
12:28:36 : Epoch [23/50], Loss: 0.0001, Accuracy: 0.9723, Precision: 0.9703, Recall: 0.9735, Specificity: 0.9711, F1-Score: 0.9719 
12:29:02 : Training Confusion for Epoch 24:
[[1186   35]
 [  30 1200]] 
12:29:03 : Epoch [24/50], Loss: 0.0059, Accuracy: 0.9690, Precision: 0.9579, Recall: 0.9801, Specificity: 0.9582, F1-Score: 0.9689 
12:29:29 : Training Confusion for Epoch 25:
[[1194   27]
 [  17 1213]] 
12:29:30 : Epoch [25/50], Loss: 0.0050, Accuracy: 0.9576, Precision: 0.9694, Recall: 0.9437, Specificity: 0.9711, F1-Score: 0.9564 
12:29:56 : Training Confusion for Epoch 26:
[[1207   14]
 [  22 1208]] 
12:29:57 : Epoch [26/50], Loss: 0.0168, Accuracy: 0.9576, Precision: 0.9233, Recall: 0.9967, Specificity: 0.9196, F1-Score: 0.9586 
12:30:23 : Training Confusion for Epoch 27:
[[1197   24]
 [  24 1206]] 
12:30:24 : Epoch [27/50], Loss: 0.0038, Accuracy: 0.9576, Precision: 0.9631, Recall: 0.9503, Specificity: 0.9646, F1-Score: 0.9567 
12:30:50 : Training Confusion for Epoch 28:
[[1183   38]
 [  29 1201]] 
12:30:51 : Epoch [28/50], Loss: 0.0004, Accuracy: 0.9364, Precision: 0.9713, Recall: 0.8974, Specificity: 0.9743, F1-Score: 0.9329 
12:31:17 : Training Confusion for Epoch 29:
[[1194   27]
 [  30 1200]] 
12:31:18 : Epoch [29/50], Loss: 0.0009, Accuracy: 0.9657, Precision: 0.9607, Recall: 0.9702, Specificity: 0.9614, F1-Score: 0.9654 
12:31:44 : Training Confusion for Epoch 30:
[[1204   17]
 [  22 1208]] 
12:31:45 : Epoch [30/50], Loss: 0.0332, Accuracy: 0.9674, Precision: 0.9406, Recall: 0.9967, Specificity: 0.9389, F1-Score: 0.9678 
12:32:11 : Training Confusion for Epoch 31:
[[1204   17]
 [  17 1213]] 
12:32:12 : Epoch [31/50], Loss: 0.0318, Accuracy: 0.9657, Precision: 0.9432, Recall: 0.9901, Specificity: 0.9421, F1-Score: 0.9661 
12:32:38 : Training Confusion for Epoch 32:
[[1203   18]
 [  14 1216]] 
12:32:39 : Epoch [32/50], Loss: 0.0051, Accuracy: 0.9494, Precision: 0.9625, Recall: 0.9338, Specificity: 0.9646, F1-Score: 0.9479 
12:33:05 : Training Confusion for Epoch 33:
[[1207   14]
 [  17 1213]] 
12:33:06 : Epoch [33/50], Loss: 0.0021, Accuracy: 0.9674, Precision: 0.9608, Recall: 0.9735, Specificity: 0.9614, F1-Score: 0.9671 
12:33:31 : Training Confusion for Epoch 34:
[[1196   25]
 [  30 1200]] 
12:33:33 : Epoch [34/50], Loss: 0.0018, Accuracy: 0.9706, Precision: 0.9581, Recall: 0.9834, Specificity: 0.9582, F1-Score: 0.9706 
12:33:58 : Training Confusion for Epoch 35:
[[1207   14]
 [  21 1209]] 
12:34:00 : Epoch [35/50], Loss: 0.0018, Accuracy: 0.9592, Precision: 0.9541, Recall: 0.9636, Specificity: 0.9550, F1-Score: 0.9588 
12:34:25 : Training Confusion for Epoch 36:
[[1204   17]
 [  15 1215]] 
12:34:27 : Epoch [36/50], Loss: 0.0019, Accuracy: 0.9641, Precision: 0.9545, Recall: 0.9735, Specificity: 0.9550, F1-Score: 0.9639 
12:34:52 : Training Confusion for Epoch 37:
[[1206   15]
 [  14 1216]] 
12:34:54 : Epoch [37/50], Loss: 0.0003, Accuracy: 0.9674, Precision: 0.9462, Recall: 0.9901, Specificity: 0.9453, F1-Score: 0.9676 
12:35:19 : Training Confusion for Epoch 38:
[[1208   13]
 [  11 1219]] 
12:35:21 : Epoch [38/50], Loss: 0.0003, Accuracy: 0.9413, Precision: 0.9683, Recall: 0.9106, Specificity: 0.9711, F1-Score: 0.9386 
12:35:46 : Training Confusion for Epoch 39:
[[1208   13]
 [  14 1216]] 
12:35:48 : Epoch [39/50], Loss: 0.0000, Accuracy: 0.9723, Precision: 0.9703, Recall: 0.9735, Specificity: 0.9711, F1-Score: 0.9719 
12:36:13 : Training Confusion for Epoch 40:
[[1199   22]
 [  22 1208]] 
12:36:15 : Epoch [40/50], Loss: 0.0010, Accuracy: 0.9592, Precision: 0.9632, Recall: 0.9536, Specificity: 0.9646, F1-Score: 0.9584 
12:36:40 : Training Confusion for Epoch 41:
[[1194   27]
 [  23 1207]] 
12:36:42 : Epoch [41/50], Loss: 0.0041, Accuracy: 0.9657, Precision: 0.9518, Recall: 0.9801, Specificity: 0.9518, F1-Score: 0.9657 
12:37:07 : Training Confusion for Epoch 42:
[[1201   20]
 [  19 1211]] 
12:37:09 : Epoch [42/50], Loss: 0.0026, Accuracy: 0.9739, Precision: 0.9554, Recall: 0.9934, Specificity: 0.9550, F1-Score: 0.9740 
12:37:34 : Training Confusion for Epoch 43:
[[1201   20]
 [  15 1215]] 
12:37:36 : Epoch [43/50], Loss: 0.0440, Accuracy: 0.9560, Precision: 0.9205, Recall: 0.9967, Specificity: 0.9164, F1-Score: 0.9571 
12:38:01 : Training Confusion for Epoch 44:
[[1210   11]
 [  13 1217]] 
12:38:03 : Epoch [44/50], Loss: 0.1909, Accuracy: 0.9625, Precision: 0.9319, Recall: 0.9967, Specificity: 0.9293, F1-Score: 0.9632 
12:38:28 : Training Confusion for Epoch 45:
[[1200   21]
 [  14 1216]] 
12:38:30 : Epoch [45/50], Loss: 0.0384, Accuracy: 0.9674, Precision: 0.9406, Recall: 0.9967, Specificity: 0.9389, F1-Score: 0.9678 
12:38:55 : Training Confusion for Epoch 46:
[[1209   12]
 [  12 1218]] 
12:38:57 : Epoch [46/50], Loss: 0.0412, Accuracy: 0.9641, Precision: 0.9516, Recall: 0.9768, Specificity: 0.9518, F1-Score: 0.9641 
12:39:22 : Training Confusion for Epoch 47:
[[1203   18]
 [  20 1210]] 
12:39:24 : Epoch [47/50], Loss: 0.0012, Accuracy: 0.9706, Precision: 0.9494, Recall: 0.9934, Specificity: 0.9486, F1-Score: 0.9709 
12:39:49 : Training Confusion for Epoch 48:
[[1202   19]
 [  19 1211]] 
12:39:51 : Epoch [48/50], Loss: 0.0071, Accuracy: 0.9739, Precision: 0.9643, Recall: 0.9834, Specificity: 0.9646, F1-Score: 0.9738 
12:40:16 : Training Confusion for Epoch 49:
[[1207   14]
 [  16 1214]] 
12:40:17 : Epoch [49/50], Loss: 0.0046, Accuracy: 0.9641, Precision: 0.9403, Recall: 0.9901, Specificity: 0.9389, F1-Score: 0.9645 
12:40:43 : Training Confusion for Epoch 50:
[[1211   10]
 [   6 1224]] 
12:40:44 : Epoch [50/50], Loss: 0.0044, Accuracy: 0.9641, Precision: 0.9698, Recall: 0.9570, Specificity: 0.9711, F1-Score: 0.9633 
12:40:45 : FOLD 3 
12:40:45 : ---------------------------------- 
12:41:11 : Training Confusion for Epoch 1:
[[1070  136    1 ...    0    1    0]
 [ 155 1023    0 ...    1    1    1]
 [   0    0    0 ...    0    0    0]
 ...
 [   0    0    0 ...    0    0    0]
 [   0    0    0 ...    0    0    0]
 [   0    0    0 ...    0    0    0]] 
12:41:13 : Epoch [1/50], Loss: 5.0403, Accuracy: 0.9152, Precision: 0.9065, Recall: 0.9297, Specificity: 0.9000, F1-Score: 0.9180 
12:41:39 : Training Confusion for Epoch 2:
[[1113  119]
 [ 179 1040]] 
12:41:40 : Epoch [2/50], Loss: 0.4462, Accuracy: 0.8450, Precision: 0.8658, Recall: 0.8243, Specificity: 0.8667, F1-Score: 0.8445 
12:42:06 : Training Confusion for Epoch 3:
[[1047  185]
 [ 158 1061]] 
12:42:07 : Epoch [3/50], Loss: 0.5374, Accuracy: 0.8532, Precision: 0.7989, Recall: 0.9521, Specificity: 0.7500, F1-Score: 0.8688 
12:42:33 : Training Confusion for Epoch 4:
[[ 976  256]
 [  57 1162]] 
12:42:34 : Epoch [4/50], Loss: 0.7591, Accuracy: 0.8646, Precision: 0.8125, Recall: 0.9553, Specificity: 0.7700, F1-Score: 0.8781 
12:42:59 : Training Confusion for Epoch 5:
[[ 992  240]
 [  63 1156]] 
12:43:01 : Epoch [5/50], Loss: 0.3450, Accuracy: 0.8842, Precision: 0.8380, Recall: 0.9585, Specificity: 0.8067, F1-Score: 0.8942 
12:43:26 : Training Confusion for Epoch 6:
[[858 374]
 [228 991]] 
12:43:28 : Epoch [6/50], Loss: 0.3153, Accuracy: 0.8760, Precision: 0.8537, Recall: 0.9137, Specificity: 0.8367, F1-Score: 0.8827 
12:43:53 : Training Confusion for Epoch 7:
[[1064  168]
 [  81 1138]] 
12:43:55 : Epoch [7/50], Loss: 0.3142, Accuracy: 0.9413, Precision: 0.9184, Recall: 0.9712, Specificity: 0.9100, F1-Score: 0.9441 
12:44:21 : Training Confusion for Epoch 8:
[[1119  113]
 [  53 1166]] 
12:44:22 : Epoch [8/50], Loss: 0.0415, Accuracy: 0.9445, Precision: 0.9604, Recall: 0.9297, Specificity: 0.9600, F1-Score: 0.9448 
12:44:48 : Training Confusion for Epoch 9:
[[1130  102]
 [  57 1162]] 
12:44:49 : Epoch [9/50], Loss: 0.0222, Accuracy: 0.9592, Precision: 0.9390, Recall: 0.9840, Specificity: 0.9333, F1-Score: 0.9610 
12:45:15 : Training Confusion for Epoch 10:
[[1142   90]
 [  57 1162]] 
12:45:16 : Epoch [10/50], Loss: 0.0121, Accuracy: 0.9266, Precision: 0.9621, Recall: 0.8914, Specificity: 0.9633, F1-Score: 0.9254 
12:45:42 : Training Confusion for Epoch 11:
[[1134   98]
 [  60 1159]] 
12:45:43 : Epoch [11/50], Loss: 0.0073, Accuracy: 0.9560, Precision: 0.9554, Recall: 0.9585, Specificity: 0.9533, F1-Score: 0.9569 
12:46:09 : Training Confusion for Epoch 12:
[[1147   85]
 [  57 1162]] 
12:46:11 : Epoch [12/50], Loss: 0.0477, Accuracy: 0.9641, Precision: 0.9533, Recall: 0.9776, Specificity: 0.9500, F1-Score: 0.9653 
12:46:36 : Training Confusion for Epoch 13:
[[1157   75]
 [  51 1168]] 
12:46:38 : Epoch [13/50], Loss: 0.0462, Accuracy: 0.9560, Precision: 0.9441, Recall: 0.9712, Specificity: 0.9400, F1-Score: 0.9575 
12:47:03 : Training Confusion for Epoch 14:
[[1168   64]
 [  51 1168]] 
12:47:05 : Epoch [14/50], Loss: 0.0602, Accuracy: 0.9657, Precision: 0.9506, Recall: 0.9840, Specificity: 0.9467, F1-Score: 0.9670 
12:47:30 : Training Confusion for Epoch 15:
[[1165   67]
 [  38 1181]] 
12:47:32 : Epoch [15/50], Loss: 0.0022, Accuracy: 0.9413, Precision: 0.9759, Recall: 0.9073, Specificity: 0.9767, F1-Score: 0.9404 
12:47:57 : Training Confusion for Epoch 16:
[[1170   62]
 [  40 1179]] 
12:47:59 : Epoch [16/50], Loss: 0.0035, Accuracy: 0.9282, Precision: 0.9559, Recall: 0.9010, Specificity: 0.9567, F1-Score: 0.9276 
12:48:24 : Training Confusion for Epoch 17:
[[1174   58]
 [  54 1165]] 
12:48:26 : Epoch [17/50], Loss: 0.0101, Accuracy: 0.9560, Precision: 0.9613, Recall: 0.9521, Specificity: 0.9600, F1-Score: 0.9567 
12:48:51 : Training Confusion for Epoch 18:
[[1176   56]
 [  41 1178]] 
12:48:53 : Epoch [18/50], Loss: 0.0054, Accuracy: 0.9592, Precision: 0.9645, Recall: 0.9553, Specificity: 0.9633, F1-Score: 0.9599 
12:49:18 : Training Confusion for Epoch 19:
[[1174   58]
 [  46 1173]] 
12:49:20 : Epoch [19/50], Loss: 0.0499, Accuracy: 0.9511, Precision: 0.9464, Recall: 0.9585, Specificity: 0.9433, F1-Score: 0.9524 
12:49:45 : Training Confusion for Epoch 20:
[[1176   56]
 [  43 1176]] 
12:49:46 : Epoch [20/50], Loss: 0.0239, Accuracy: 0.9560, Precision: 0.9767, Recall: 0.9361, Specificity: 0.9767, F1-Score: 0.9560 
12:50:12 : Training Confusion for Epoch 21:
[[1186   46]
 [  41 1178]] 
12:50:13 : Epoch [21/50], Loss: 0.0084, Accuracy: 0.9429, Precision: 0.9664, Recall: 0.9201, Specificity: 0.9667, F1-Score: 0.9427 
12:50:39 : Training Confusion for Epoch 22:
[[1169   63]
 [  42 1177]] 
12:50:41 : Epoch [22/50], Loss: 0.0087, Accuracy: 0.9625, Precision: 0.9708, Recall: 0.9553, Specificity: 0.9700, F1-Score: 0.9630 
12:51:07 : Training Confusion for Epoch 23:
[[1169   63]
 [  39 1180]] 
12:51:09 : Epoch [23/50], Loss: 0.0082, Accuracy: 0.9527, Precision: 0.9641, Recall: 0.9425, Specificity: 0.9633, F1-Score: 0.9532 
12:51:36 : Training Confusion for Epoch 24:
[[1188   44]
 [  42 1177]] 
12:51:37 : Epoch [24/50], Loss: 0.0250, Accuracy: 0.9657, Precision: 0.9710, Recall: 0.9617, Specificity: 0.9700, F1-Score: 0.9663 
12:52:04 : Training Confusion for Epoch 25:
[[1177   55]
 [  40 1179]] 
12:52:05 : Epoch [25/50], Loss: 0.0112, Accuracy: 0.9413, Precision: 0.9397, Recall: 0.9457, Specificity: 0.9367, F1-Score: 0.9427 
12:52:31 : Training Confusion for Epoch 26:
[[1186   46]
 [  30 1189]] 
12:52:32 : Epoch [26/50], Loss: 0.0280, Accuracy: 0.9299, Precision: 0.9623, Recall: 0.8978, Specificity: 0.9633, F1-Score: 0.9289 
12:52:58 : Training Confusion for Epoch 27:
[[1179   53]
 [  46 1173]] 
12:52:59 : Epoch [27/50], Loss: 0.0061, Accuracy: 0.9478, Precision: 0.9699, Recall: 0.9265, Specificity: 0.9700, F1-Score: 0.9477 
12:53:25 : Training Confusion for Epoch 28:
[[1189   43]
 [  39 1180]] 
12:53:26 : Epoch [28/50], Loss: 0.0016, Accuracy: 0.9576, Precision: 0.9644, Recall: 0.9521, Specificity: 0.9633, F1-Score: 0.9582 
12:53:52 : Training Confusion for Epoch 29:
[[1184   48]
 [  40 1179]] 
12:53:53 : Epoch [29/50], Loss: 0.0009, Accuracy: 0.9527, Precision: 0.9733, Recall: 0.9329, Specificity: 0.9733, F1-Score: 0.9527 
12:54:19 : Training Confusion for Epoch 30:
[[1192   40]
 [  29 1190]] 
12:54:20 : Epoch [30/50], Loss: 0.0013, Accuracy: 0.9641, Precision: 0.9739, Recall: 0.9553, Specificity: 0.9733, F1-Score: 0.9645 
12:54:46 : Training Confusion for Epoch 31:
[[1191   41]
 [  30 1189]] 
12:54:47 : Epoch [31/50], Loss: 0.0091, Accuracy: 0.9396, Precision: 0.9859, Recall: 0.8946, Specificity: 0.9867, F1-Score: 0.9380 
12:55:13 : Training Confusion for Epoch 32:
[[1189   43]
 [  30 1189]] 
12:55:14 : Epoch [32/50], Loss: 0.0376, Accuracy: 0.9543, Precision: 0.9524, Recall: 0.9585, Specificity: 0.9500, F1-Score: 0.9554 
12:55:40 : Training Confusion for Epoch 33:
[[1194   38]
 [  34 1185]] 
12:55:41 : Epoch [33/50], Loss: 0.0170, Accuracy: 0.9560, Precision: 0.9704, Recall: 0.9425, Specificity: 0.9700, F1-Score: 0.9562 
12:56:07 : Training Confusion for Epoch 34:
[[1194   38]
 [  26 1193]] 
12:56:08 : Epoch [34/50], Loss: 0.0044, Accuracy: 0.9625, Precision: 0.9708, Recall: 0.9553, Specificity: 0.9700, F1-Score: 0.9630 
12:56:34 : Training Confusion for Epoch 35:
[[1200   32]
 [  33 1186]] 
12:56:35 : Epoch [35/50], Loss: 0.0166, Accuracy: 0.9560, Precision: 0.9469, Recall: 0.9681, Specificity: 0.9433, F1-Score: 0.9573 
12:57:01 : Training Confusion for Epoch 36:
[[1184   48]
 [  43 1176]] 
12:57:02 : Epoch [36/50], Loss: 0.0227, Accuracy: 0.9657, Precision: 0.9534, Recall: 0.9808, Specificity: 0.9500, F1-Score: 0.9669 
12:57:28 : Training Confusion for Epoch 37:
[[1192   40]
 [  28 1191]] 
12:57:29 : Epoch [37/50], Loss: 0.0123, Accuracy: 0.9592, Precision: 0.9472, Recall: 0.9744, Specificity: 0.9433, F1-Score: 0.9606 
12:57:54 : Training Confusion for Epoch 38:
[[1197   35]
 [  34 1185]] 
12:57:56 : Epoch [38/50], Loss: 0.0065, Accuracy: 0.9576, Precision: 0.9443, Recall: 0.9744, Specificity: 0.9400, F1-Score: 0.9591 
12:58:21 : Training Confusion for Epoch 39:
[[1187   45]
 [  38 1181]] 
12:58:23 : Epoch [39/50], Loss: 0.0033, Accuracy: 0.9608, Precision: 0.9707, Recall: 0.9521, Specificity: 0.9700, F1-Score: 0.9613 
12:58:48 : Training Confusion for Epoch 40:
[[1198   34]
 [  22 1197]] 
12:58:50 : Epoch [40/50], Loss: 0.0035, Accuracy: 0.9608, Precision: 0.9676, Recall: 0.9553, Specificity: 0.9667, F1-Score: 0.9614 
12:59:15 : Training Confusion for Epoch 41:
[[1195   37]
 [  32 1187]] 
12:59:17 : Epoch [41/50], Loss: 0.0095, Accuracy: 0.9592, Precision: 0.9472, Recall: 0.9744, Specificity: 0.9433, F1-Score: 0.9606 
12:59:42 : Training Confusion for Epoch 42:
[[1192   40]
 [  33 1186]] 
12:59:44 : Epoch [42/50], Loss: 0.0567, Accuracy: 0.9674, Precision: 0.9621, Recall: 0.9744, Specificity: 0.9600, F1-Score: 0.9683 
13:00:09 : Training Confusion for Epoch 43:
[[1200   32]
 [  25 1194]] 
13:00:11 : Epoch [43/50], Loss: 0.0141, Accuracy: 0.9592, Precision: 0.9528, Recall: 0.9681, Specificity: 0.9500, F1-Score: 0.9604 
13:00:36 : Training Confusion for Epoch 44:
[[1203   29]
 [  26 1193]] 
13:00:38 : Epoch [44/50], Loss: 0.0051, Accuracy: 0.9576, Precision: 0.9644, Recall: 0.9521, Specificity: 0.9633, F1-Score: 0.9582 
13:01:03 : Training Confusion for Epoch 45:
[[1205   27]
 [  27 1192]] 
13:01:05 : Epoch [45/50], Loss: 0.0646, Accuracy: 0.9462, Precision: 0.9375, Recall: 0.9585, Specificity: 0.9333, F1-Score: 0.9479 
13:01:30 : Training Confusion for Epoch 46:
[[1193   39]
 [  33 1186]] 
13:01:32 : Epoch [46/50], Loss: 0.0839, Accuracy: 0.9576, Precision: 0.9388, Recall: 0.9808, Specificity: 0.9333, F1-Score: 0.9594 
13:01:57 : Training Confusion for Epoch 47:
[[1203   29]
 [  24 1195]] 
13:01:59 : Epoch [47/50], Loss: 0.0024, Accuracy: 0.9592, Precision: 0.9675, Recall: 0.9521, Specificity: 0.9667, F1-Score: 0.9597 
13:02:24 : Training Confusion for Epoch 48:
[[1207   25]
 [  21 1198]] 
13:02:26 : Epoch [48/50], Loss: 0.0004, Accuracy: 0.9511, Precision: 0.9464, Recall: 0.9585, Specificity: 0.9433, F1-Score: 0.9524 
13:02:51 : Training Confusion for Epoch 49:
[[1210   22]
 [  18 1201]] 
13:02:53 : Epoch [49/50], Loss: 0.0009, Accuracy: 0.9576, Precision: 0.9674, Recall: 0.9489, Specificity: 0.9667, F1-Score: 0.9581 
13:03:18 : Training Confusion for Epoch 50:
[[1202   30]
 [  25 1194]] 
13:03:19 : Epoch [50/50], Loss: 0.0067, Accuracy: 0.9543, Precision: 0.9672, Recall: 0.9425, Specificity: 0.9667, F1-Score: 0.9547 
13:03:20 : FOLD 4 
13:03:20 : ---------------------------------- 
13:03:46 : Training Confusion for Epoch 1:
[[1042  147    1 ...    0    1    1]
 [ 161 1055    0 ...    1    0    0]
 [   0    0    0 ...    0    0    0]
 ...
 [   0    0    0 ...    0    0    0]
 [   0    0    0 ...    0    0    0]
 [   0    0    0 ...    0    0    0]] 
13:03:48 : Epoch [1/50], Loss: 5.2105, Accuracy: 0.4886, Precision: 0.4860, Recall: 0.9932, Specificity: 0.0158, F1-Score: 0.6526 
13:04:14 : Training Confusion for Epoch 2:
[[1025  191]
 [ 148 1088]] 
13:04:15 : Epoch [2/50], Loss: 0.6071, Accuracy: 0.9216, Precision: 0.8899, Recall: 0.9561, Specificity: 0.8892, F1-Score: 0.9218 
13:04:41 : Training Confusion for Epoch 3:
[[1064  152]
 [ 210 1026]] 
13:04:42 : Epoch [3/50], Loss: 0.3561, Accuracy: 0.8987, Precision: 0.8926, Recall: 0.8986, Specificity: 0.8987, F1-Score: 0.8956 
13:05:08 : Training Confusion for Epoch 4:
[[1080  136]
 [ 167 1069]] 
13:05:09 : Epoch [4/50], Loss: 0.1328, Accuracy: 0.9183, Precision: 0.8618, Recall: 0.9899, Specificity: 0.8513, F1-Score: 0.9214 
13:05:35 : Training Confusion for Epoch 5:
[[1070  146]
 [ 270  966]] 
13:05:36 : Epoch [5/50], Loss: 0.0202, Accuracy: 0.9052, Precision: 0.9760, Recall: 0.8243, Specificity: 0.9810, F1-Score: 0.8938 
13:06:02 : Training Confusion for Epoch 6:
[[1124   92]
 [ 104 1132]] 
13:06:04 : Epoch [6/50], Loss: 0.1655, Accuracy: 0.9575, Precision: 0.9530, Recall: 0.9595, Specificity: 0.9557, F1-Score: 0.9562 
13:06:29 : Training Confusion for Epoch 7:
[[1142   74]
 [  69 1167]] 
13:06:31 : Epoch [7/50], Loss: 0.0116, Accuracy: 0.9739, Precision: 0.9698, Recall: 0.9764, Specificity: 0.9715, F1-Score: 0.9731 
13:06:56 : Training Confusion for Epoch 8:
[[1154   62]
 [  65 1171]] 
13:06:58 : Epoch [8/50], Loss: 2.9217, Accuracy: 0.4837, Precision: 0.4837, Recall: 1.0000, Specificity: 0.0000, F1-Score: 0.6520 
13:07:23 : Training Confusion for Epoch 9:
[[1155   61]
 [  73 1163]] 
13:07:25 : Epoch [9/50], Loss: 0.0073, Accuracy: 0.9771, Precision: 0.9732, Recall: 0.9797, Specificity: 0.9747, F1-Score: 0.9764 
13:07:50 : Training Confusion for Epoch 10:
[[1154   62]
 [  52 1184]] 
13:07:52 : Epoch [10/50], Loss: 0.0356, Accuracy: 0.9804, Precision: 0.9830, Recall: 0.9764, Specificity: 0.9842, F1-Score: 0.9797 
13:08:18 : Training Confusion for Epoch 11:
[[1160   56]
 [  55 1181]] 
13:08:19 : Epoch [11/50], Loss: 0.0049, Accuracy: 0.9690, Precision: 0.9453, Recall: 0.9932, Specificity: 0.9462, F1-Score: 0.9687 
13:08:45 : Training Confusion for Epoch 12:
[[1154   62]
 [  68 1168]] 
13:08:46 : Epoch [12/50], Loss: 0.0025, Accuracy: 0.9722, Precision: 0.9604, Recall: 0.9831, Specificity: 0.9620, F1-Score: 0.9716 
13:09:12 : Training Confusion for Epoch 13:
[[1160   56]
 [  48 1188]] 
13:09:13 : Epoch [13/50], Loss: 0.0195, Accuracy: 0.9657, Precision: 0.9758, Recall: 0.9527, Specificity: 0.9778, F1-Score: 0.9641 
13:09:39 : Training Confusion for Epoch 14:
[[1164   52]
 [  50 1186]] 
13:09:40 : Epoch [14/50], Loss: 0.0219, Accuracy: 0.9739, Precision: 0.9575, Recall: 0.9899, Specificity: 0.9589, F1-Score: 0.9734 
13:10:06 : Training Confusion for Epoch 15:
[[1158   58]
 [  54 1182]] 
13:10:07 : Epoch [15/50], Loss: 0.0746, Accuracy: 0.9641, Precision: 0.9363, Recall: 0.9932, Specificity: 0.9367, F1-Score: 0.9639 
13:10:33 : Training Confusion for Epoch 16:
[[1162   54]
 [  48 1188]] 
13:10:34 : Epoch [16/50], Loss: 0.0234, Accuracy: 0.9706, Precision: 0.9603, Recall: 0.9797, Specificity: 0.9620, F1-Score: 0.9699 
13:11:00 : Training Confusion for Epoch 17:
[[1168   48]
 [  39 1197]] 
13:11:01 : Epoch [17/50], Loss: 0.0038, Accuracy: 0.9755, Precision: 0.9577, Recall: 0.9932, Specificity: 0.9589, F1-Score: 0.9751 
13:11:27 : Training Confusion for Epoch 18:
[[1169   47]
 [  37 1199]] 
13:11:28 : Epoch [18/50], Loss: 0.0075, Accuracy: 0.9788, Precision: 0.9863, Recall: 0.9696, Specificity: 0.9873, F1-Score: 0.9779 
13:11:54 : Training Confusion for Epoch 19:
[[1171   45]
 [  35 1201]] 
13:11:55 : Epoch [19/50], Loss: 0.0009, Accuracy: 0.9657, Precision: 0.9893, Recall: 0.9392, Specificity: 0.9905, F1-Score: 0.9636 
13:12:21 : Training Confusion for Epoch 20:
[[1182   34]
 [  40 1196]] 
13:12:22 : Epoch [20/50], Loss: 0.0035, Accuracy: 0.9690, Precision: 0.9511, Recall: 0.9865, Specificity: 0.9525, F1-Score: 0.9685 
13:12:48 : Training Confusion for Epoch 21:
[[1175   41]
 [  36 1200]] 
13:12:49 : Epoch [21/50], Loss: 0.0024, Accuracy: 0.9755, Precision: 0.9699, Recall: 0.9797, Specificity: 0.9715, F1-Score: 0.9748 
13:13:15 : Training Confusion for Epoch 22:
[[1184   32]
 [  28 1208]] 
13:13:16 : Epoch [22/50], Loss: 0.0264, Accuracy: 0.9690, Precision: 0.9511, Recall: 0.9865, Specificity: 0.9525, F1-Score: 0.9685 
13:13:42 : Training Confusion for Epoch 23:
[[1173   43]
 [  34 1202]] 
13:13:43 : Epoch [23/50], Loss: 0.0046, Accuracy: 0.9771, Precision: 0.9732, Recall: 0.9797, Specificity: 0.9747, F1-Score: 0.9764 
13:14:09 : Training Confusion for Epoch 24:
[[1176   40]
 [  45 1191]] 
13:14:10 : Epoch [24/50], Loss: 0.0093, Accuracy: 0.9722, Precision: 0.9604, Recall: 0.9831, Specificity: 0.9620, F1-Score: 0.9716 
13:14:36 : Training Confusion for Epoch 25:
[[1181   35]
 [  36 1200]] 
13:14:37 : Epoch [25/50], Loss: 0.0086, Accuracy: 0.9641, Precision: 0.9477, Recall: 0.9797, Specificity: 0.9494, F1-Score: 0.9635 
13:15:03 : Training Confusion for Epoch 26:
[[1181   35]
 [  33 1203]] 
13:15:04 : Epoch [26/50], Loss: 0.0081, Accuracy: 0.8203, Precision: 0.9947, Recall: 0.6318, Specificity: 0.9968, F1-Score: 0.7727 
13:15:30 : Training Confusion for Epoch 27:
[[1188   28]
 [  29 1207]] 
13:15:31 : Epoch [27/50], Loss: 0.0455, Accuracy: 0.9722, Precision: 0.9761, Recall: 0.9662, Specificity: 0.9778, F1-Score: 0.9711 
13:15:57 : Training Confusion for Epoch 28:
[[1179   37]
 [  32 1204]] 
13:15:58 : Epoch [28/50], Loss: 0.0145, Accuracy: 0.9804, Precision: 0.9765, Recall: 0.9831, Specificity: 0.9778, F1-Score: 0.9798 
13:16:24 : Training Confusion for Epoch 29:
[[1187   29]
 [  39 1197]] 
13:16:25 : Epoch [29/50], Loss: 0.0031, Accuracy: 0.9755, Precision: 0.9795, Recall: 0.9696, Specificity: 0.9810, F1-Score: 0.9745 
13:16:51 : Training Confusion for Epoch 30:
[[1182   34]
 [  26 1210]] 
13:16:52 : Epoch [30/50], Loss: 0.0267, Accuracy: 0.9771, Precision: 0.9764, Recall: 0.9764, Specificity: 0.9778, F1-Score: 0.9764 
13:17:18 : Training Confusion for Epoch 31:
[[1190   26]
 [  27 1209]] 
13:17:19 : Epoch [31/50], Loss: 0.0035, Accuracy: 0.9722, Precision: 0.9697, Recall: 0.9730, Specificity: 0.9715, F1-Score: 0.9713 
13:17:45 : Training Confusion for Epoch 32:
[[1192   24]
 [  26 1210]] 
13:17:46 : Epoch [32/50], Loss: 0.0155, Accuracy: 0.9771, Precision: 0.9638, Recall: 0.9899, Specificity: 0.9652, F1-Score: 0.9767 
13:18:12 : Training Confusion for Epoch 33:
[[1194   22]
 [  16 1220]] 
13:18:13 : Epoch [33/50], Loss: 0.0029, Accuracy: 0.9722, Precision: 0.9666, Recall: 0.9764, Specificity: 0.9684, F1-Score: 0.9714 
13:18:39 : Training Confusion for Epoch 34:
[[1192   24]
 [  26 1210]] 
13:18:41 : Epoch [34/50], Loss: 0.0023, Accuracy: 0.9755, Precision: 0.9731, Recall: 0.9764, Specificity: 0.9747, F1-Score: 0.9747 
13:19:06 : Training Confusion for Epoch 35:
[[1199   17]
 [  16 1220]] 
13:19:08 : Epoch [35/50], Loss: 0.0149, Accuracy: 0.9804, Precision: 0.9702, Recall: 0.9899, Specificity: 0.9715, F1-Score: 0.9799 
13:19:33 : Training Confusion for Epoch 36:
[[1199   17]
 [  21 1215]] 
13:19:35 : Epoch [36/50], Loss: 0.0095, Accuracy: 0.9788, Precision: 0.9639, Recall: 0.9932, Specificity: 0.9652, F1-Score: 0.9784 
13:20:00 : Training Confusion for Epoch 37:
[[1193   23]
 [  18 1218]] 
13:20:02 : Epoch [37/50], Loss: 0.0077, Accuracy: 0.9755, Precision: 0.9828, Recall: 0.9662, Specificity: 0.9842, F1-Score: 0.9744 
13:20:27 : Training Confusion for Epoch 38:
[[1199   17]
 [  16 1220]] 
13:20:29 : Epoch [38/50], Loss: 0.0066, Accuracy: 0.9673, Precision: 0.9631, Recall: 0.9696, Specificity: 0.9652, F1-Score: 0.9663 
13:20:54 : Training Confusion for Epoch 39:
[[1196   20]
 [  20 1216]] 
13:20:56 : Epoch [39/50], Loss: 0.0056, Accuracy: 0.9755, Precision: 0.9607, Recall: 0.9899, Specificity: 0.9620, F1-Score: 0.9750 
13:21:21 : Training Confusion for Epoch 40:
[[1191   25]
 [  25 1211]] 
13:21:23 : Epoch [40/50], Loss: 0.0035, Accuracy: 0.9771, Precision: 0.9669, Recall: 0.9865, Specificity: 0.9684, F1-Score: 0.9766 
13:21:48 : Training Confusion for Epoch 41:
[[1205   11]
 [  12 1224]] 
13:21:50 : Epoch [41/50], Loss: 0.0006, Accuracy: 0.9722, Precision: 0.9544, Recall: 0.9899, Specificity: 0.9557, F1-Score: 0.9718 
13:22:15 : Training Confusion for Epoch 42:
[[1188   28]
 [  21 1215]] 
13:22:17 : Epoch [42/50], Loss: 0.0075, Accuracy: 0.9690, Precision: 0.9792, Recall: 0.9561, Specificity: 0.9810, F1-Score: 0.9675 
13:22:42 : Training Confusion for Epoch 43:
[[1203   13]
 [  13 1223]] 
13:22:44 : Epoch [43/50], Loss: 0.0019, Accuracy: 0.9706, Precision: 0.9664, Recall: 0.9730, Specificity: 0.9684, F1-Score: 0.9697 
13:23:09 : Training Confusion for Epoch 44:
[[1197   19]
 [  15 1221]] 
13:23:11 : Epoch [44/50], Loss: 0.0022, Accuracy: 0.9739, Precision: 0.9698, Recall: 0.9764, Specificity: 0.9715, F1-Score: 0.9731 
13:23:36 : Training Confusion for Epoch 45:
[[1204   12]
 [  13 1223]] 
13:23:38 : Epoch [45/50], Loss: 0.0005, Accuracy: 0.9820, Precision: 0.9766, Recall: 0.9865, Specificity: 0.9778, F1-Score: 0.9815 
13:24:03 : Training Confusion for Epoch 46:
[[1207    9]
 [  12 1224]] 
13:24:05 : Epoch [46/50], Loss: 0.0048, Accuracy: 0.9837, Precision: 0.9767, Recall: 0.9899, Specificity: 0.9778, F1-Score: 0.9832 
13:24:31 : Training Confusion for Epoch 47:
[[1204   12]
 [  12 1224]] 
13:24:32 : Epoch [47/50], Loss: 0.0006, Accuracy: 0.9690, Precision: 0.9792, Recall: 0.9561, Specificity: 0.9810, F1-Score: 0.9675 
13:24:58 : Training Confusion for Epoch 48:
[[1193   23]
 [  21 1215]] 
13:24:59 : Epoch [48/50], Loss: 0.0096, Accuracy: 0.9690, Precision: 0.9826, Recall: 0.9527, Specificity: 0.9842, F1-Score: 0.9674 
13:25:25 : Training Confusion for Epoch 49:
[[1203   13]
 [  14 1222]] 
13:25:26 : Epoch [49/50], Loss: 0.0004, Accuracy: 0.9755, Precision: 0.9763, Recall: 0.9730, Specificity: 0.9778, F1-Score: 0.9746 
13:25:52 : Training Confusion for Epoch 50:
[[1200   16]
 [  20 1216]] 
13:25:53 : Epoch [50/50], Loss: 0.1220, Accuracy: 0.9673, Precision: 0.9423, Recall: 0.9932, Specificity: 0.9430, F1-Score: 0.9671 
13:25:54 : Cross-validation results: 
13:25:54 : Accuracy: 0.8351  0.1867 
13:25:54 : Precision: 0.7936  0.2943 
13:25:54 : Recall: 0.8223  0.3087 
13:25:54 : Specificity: 0.8488  0.2738 
13:25:54 : F1-Score: 0.7942  0.2992 
13:25:54 : Training Loss: 0.3603  0.4292 
13:25:54 : Validation Loss: 0.4179  0.5771 
13:37:18 : num_heads_8 
13:38:15 : No saved model found. Training a new model. 
13:38:15 : FOLD 0 
13:38:15 : ---------------------------------- 
13:43:04 : num_heads_8 
13:43:32 : Loaded saved model. 
13:45:45 : Test Loss: 0.1572, Test Accuracy: 0.9620, Test Precision: 0.1426, Test Recall: 0.9766, Test Specificity: 0.9619, Test F1-Score: 0.2488 
