21:17:37 : GeLU 
21:18:35 : No saved model found. Training a new model. 
21:18:35 : FOLD 0 
21:18:35 : ---------------------------------- 
21:18:43 : Training Confusion for Epoch 1:
[[1125   95]
 [ 176 1055]] 
21:18:44 : Epoch [1/50], Loss: 0.0024, Accuracy: 0.9038, Precision: 0.9764, Recall: 0.8239, Specificity: 0.9808, F1-Score: 0.8937 
21:18:50 : Training Confusion for Epoch 2:
[[1156   64]
 [  82 1149]] 
21:18:51 : Epoch [2/50], Loss: 0.0094, Accuracy: 0.9054, Precision: 0.9728, Recall: 0.8306, Specificity: 0.9776, F1-Score: 0.8961 
21:18:57 : Training Confusion for Epoch 3:
[[1158   62]
 [  64 1167]] 
21:18:58 : Epoch [3/50], Loss: 0.1075, Accuracy: 0.9462, Precision: 0.9268, Recall: 0.9668, Specificity: 0.9263, F1-Score: 0.9463 
21:19:05 : Training Confusion for Epoch 4:
[[1170   50]
 [  56 1175]] 
21:19:06 : Epoch [4/50], Loss: 0.0149, Accuracy: 0.9331, Precision: 0.9851, Recall: 0.8771, Specificity: 0.9872, F1-Score: 0.9279 
21:19:12 : Training Confusion for Epoch 5:
[[1175   45]
 [  52 1179]] 
21:19:13 : Epoch [5/50], Loss: 0.0180, Accuracy: 0.9527, Precision: 0.9626, Recall: 0.9402, Specificity: 0.9647, F1-Score: 0.9513 
21:19:20 : Training Confusion for Epoch 6:
[[1170   50]
 [  58 1173]] 
21:19:21 : Epoch [6/50], Loss: 0.0159, Accuracy: 0.9527, Precision: 0.9722, Recall: 0.9302, Specificity: 0.9744, F1-Score: 0.9508 
21:19:27 : Training Confusion for Epoch 7:
[[1181   39]
 [  42 1189]] 
21:19:28 : Epoch [7/50], Loss: 0.0101, Accuracy: 0.9592, Precision: 0.9570, Recall: 0.9601, Specificity: 0.9583, F1-Score: 0.9585 
21:19:35 : Training Confusion for Epoch 8:
[[1170   50]
 [  40 1191]] 
21:19:35 : Epoch [8/50], Loss: 0.0092, Accuracy: 0.9445, Precision: 0.9525, Recall: 0.9336, Specificity: 0.9551, F1-Score: 0.9430 
21:19:42 : Training Confusion for Epoch 9:
[[1174   46]
 [  40 1191]] 
21:19:43 : Epoch [9/50], Loss: 0.0089, Accuracy: 0.9592, Precision: 0.9631, Recall: 0.9535, Specificity: 0.9647, F1-Score: 0.9583 
21:19:49 : Training Confusion for Epoch 10:
[[1184   36]
 [  37 1194]] 
21:19:50 : Epoch [10/50], Loss: 0.0019, Accuracy: 0.9592, Precision: 0.9600, Recall: 0.9568, Specificity: 0.9615, F1-Score: 0.9584 
21:19:57 : Training Confusion for Epoch 11:
[[1179   41]
 [  39 1192]] 
21:19:58 : Epoch [11/50], Loss: 0.0085, Accuracy: 0.9657, Precision: 0.9605, Recall: 0.9701, Specificity: 0.9615, F1-Score: 0.9653 
21:20:04 : Training Confusion for Epoch 12:
[[1187   33]
 [  31 1200]] 
21:20:05 : Epoch [12/50], Loss: 0.0030, Accuracy: 0.9657, Precision: 0.9636, Recall: 0.9668, Specificity: 0.9647, F1-Score: 0.9652 
21:20:12 : Training Confusion for Epoch 13:
[[1185   35]
 [  31 1200]] 
21:20:13 : Epoch [13/50], Loss: 0.0008, Accuracy: 0.9560, Precision: 0.9628, Recall: 0.9468, Specificity: 0.9647, F1-Score: 0.9548 
21:20:19 : Training Confusion for Epoch 14:
[[1175   45]
 [  33 1198]] 
21:20:20 : Epoch [14/50], Loss: 0.0029, Accuracy: 0.9217, Precision: 0.9884, Recall: 0.8505, Specificity: 0.9904, F1-Score: 0.9143 
21:20:26 : Training Confusion for Epoch 15:
[[1185   35]
 [  46 1185]] 
21:20:27 : Epoch [15/50], Loss: 0.0090, Accuracy: 0.8564, Precision: 0.9863, Recall: 0.7176, Specificity: 0.9904, F1-Score: 0.8308 
21:20:34 : Training Confusion for Epoch 16:
[[1180   40]
 [  31 1200]] 
21:20:35 : Epoch [16/50], Loss: 0.0016, Accuracy: 0.9135, Precision: 0.8543, Recall: 0.9934, Specificity: 0.8365, F1-Score: 0.9186 
21:20:41 : Training Confusion for Epoch 17:
[[1188   32]
 [  38 1193]] 
21:20:42 : Epoch [17/50], Loss: 0.0024, Accuracy: 0.9233, Precision: 0.9811, Recall: 0.8605, Specificity: 0.9840, F1-Score: 0.9168 
21:20:49 : Training Confusion for Epoch 18:
[[1186   34]
 [  27 1204]] 
21:20:50 : Epoch [18/50], Loss: 0.0132, Accuracy: 0.9511, Precision: 0.9656, Recall: 0.9336, Specificity: 0.9679, F1-Score: 0.9493 
21:20:56 : Training Confusion for Epoch 19:
[[1194   26]
 [  23 1208]] 
21:20:57 : Epoch [19/50], Loss: 0.0033, Accuracy: 0.9674, Precision: 0.9489, Recall: 0.9867, Specificity: 0.9487, F1-Score: 0.9674 
21:21:04 : Training Confusion for Epoch 20:
[[1191   29]
 [  25 1206]] 
21:21:05 : Epoch [20/50], Loss: 0.0095, Accuracy: 0.9608, Precision: 0.9342, Recall: 0.9900, Specificity: 0.9327, F1-Score: 0.9613 
21:21:11 : Training Confusion for Epoch 21:
[[1193   27]
 [  23 1208]] 
21:21:12 : Epoch [21/50], Loss: 0.0069, Accuracy: 0.9625, Precision: 0.9664, Recall: 0.9568, Specificity: 0.9679, F1-Score: 0.9616 
21:21:19 : Training Confusion for Epoch 22:
[[1196   24]
 [  24 1207]] 
21:21:19 : Epoch [22/50], Loss: 0.0496, Accuracy: 0.9152, Precision: 0.8567, Recall: 0.9934, Specificity: 0.8397, F1-Score: 0.9200 
21:21:26 : Training Confusion for Epoch 23:
[[1185   35]
 [  32 1199]] 
21:21:27 : Epoch [23/50], Loss: 0.0027, Accuracy: 0.9266, Precision: 0.9812, Recall: 0.8671, Specificity: 0.9840, F1-Score: 0.9206 
21:21:33 : Training Confusion for Epoch 24:
[[1197   23]
 [  27 1204]] 
21:21:34 : Epoch [24/50], Loss: 0.0036, Accuracy: 0.9625, Precision: 0.9696, Recall: 0.9535, Specificity: 0.9712, F1-Score: 0.9615 
21:21:41 : Training Confusion for Epoch 25:
[[1198   22]
 [  17 1214]] 
21:21:42 : Epoch [25/50], Loss: 0.0096, Accuracy: 0.9184, Precision: 0.9960, Recall: 0.8372, Specificity: 0.9968, F1-Score: 0.9097 
21:21:48 : Training Confusion for Epoch 26:
[[1192   28]
 [  23 1208]] 
21:21:49 : Epoch [26/50], Loss: 0.0001, Accuracy: 0.9625, Precision: 0.9572, Recall: 0.9668, Specificity: 0.9583, F1-Score: 0.9620 
21:21:56 : Training Confusion for Epoch 27:
[[1189   31]
 [  36 1195]] 
21:21:57 : Epoch [27/50], Loss: 0.0106, Accuracy: 0.9608, Precision: 0.9482, Recall: 0.9734, Specificity: 0.9487, F1-Score: 0.9607 
21:22:04 : Training Confusion for Epoch 28:
[[1196   24]
 [  22 1209]] 
21:22:05 : Epoch [28/50], Loss: 0.0037, Accuracy: 0.9282, Precision: 0.9813, Recall: 0.8704, Specificity: 0.9840, F1-Score: 0.9225 
21:22:11 : Training Confusion for Epoch 29:
[[1196   24]
 [  31 1200]] 
21:22:12 : Epoch [29/50], Loss: 0.0009, Accuracy: 0.9560, Precision: 0.9507, Recall: 0.9601, Specificity: 0.9519, F1-Score: 0.9554 
21:22:19 : Training Confusion for Epoch 30:
[[1199   21]
 [  24 1207]] 
21:22:20 : Epoch [30/50], Loss: 0.0089, Accuracy: 0.9608, Precision: 0.9342, Recall: 0.9900, Specificity: 0.9327, F1-Score: 0.9613 
21:22:26 : Training Confusion for Epoch 31:
[[1198   22]
 [  24 1207]] 
21:22:27 : Epoch [31/50], Loss: 0.0031, Accuracy: 0.9380, Precision: 0.9817, Recall: 0.8904, Specificity: 0.9840, F1-Score: 0.9338 
21:22:34 : Training Confusion for Epoch 32:
[[1200   20]
 [  23 1208]] 
21:22:34 : Epoch [32/50], Loss: 0.0109, Accuracy: 0.9511, Precision: 0.9195, Recall: 0.9867, Specificity: 0.9167, F1-Score: 0.9519 
21:22:41 : Training Confusion for Epoch 33:
[[1200   20]
 [  22 1209]] 
21:22:42 : Epoch [33/50], Loss: 0.0083, Accuracy: 0.9641, Precision: 0.9635, Recall: 0.9635, Specificity: 0.9647, F1-Score: 0.9635 
21:22:49 : Training Confusion for Epoch 34:
[[1210   10]
 [  14 1217]] 
21:22:49 : Epoch [34/50], Loss: 0.0042, Accuracy: 0.9576, Precision: 0.9599, Recall: 0.9535, Specificity: 0.9615, F1-Score: 0.9567 
21:22:56 : Training Confusion for Epoch 35:
[[1202   18]
 [  22 1209]] 
21:22:57 : Epoch [35/50], Loss: 0.0063, Accuracy: 0.9527, Precision: 0.9658, Recall: 0.9369, Specificity: 0.9679, F1-Score: 0.9511 
21:23:04 : Training Confusion for Epoch 36:
[[1205   15]
 [  16 1215]] 
21:23:04 : Epoch [36/50], Loss: 0.0091, Accuracy: 0.9184, Precision: 0.9808, Recall: 0.8505, Specificity: 0.9840, F1-Score: 0.9110 
21:23:11 : Training Confusion for Epoch 37:
[[1209   11]
 [  20 1211]] 
21:23:12 : Epoch [37/50], Loss: 0.0035, Accuracy: 0.9625, Precision: 0.9696, Recall: 0.9535, Specificity: 0.9712, F1-Score: 0.9615 
21:23:19 : Training Confusion for Epoch 38:
[[1212    8]
 [  11 1220]] 
21:23:19 : Epoch [38/50], Loss: 0.0018, Accuracy: 0.9478, Precision: 0.9753, Recall: 0.9169, Specificity: 0.9776, F1-Score: 0.9452 
21:23:26 : Training Confusion for Epoch 39:
[[1213    7]
 [  11 1220]] 
21:23:27 : Epoch [39/50], Loss: 0.0006, Accuracy: 0.9135, Precision: 0.8543, Recall: 0.9934, Specificity: 0.8365, F1-Score: 0.9186 
21:23:33 : Training Confusion for Epoch 40:
[[1214    6]
 [   8 1223]] 
21:23:34 : Epoch [40/50], Loss: 0.0058, Accuracy: 0.9674, Precision: 0.9577, Recall: 0.9767, Specificity: 0.9583, F1-Score: 0.9671 
21:23:41 : Training Confusion for Epoch 41:
[[1204   16]
 [  18 1213]] 
21:23:42 : Epoch [41/50], Loss: 0.0069, Accuracy: 0.9396, Precision: 0.9818, Recall: 0.8937, Specificity: 0.9840, F1-Score: 0.9357 
21:23:48 : Training Confusion for Epoch 42:
[[1207   13]
 [  18 1213]] 
21:23:49 : Epoch [42/50], Loss: 0.0019, Accuracy: 0.9608, Precision: 0.9541, Recall: 0.9668, Specificity: 0.9551, F1-Score: 0.9604 
21:23:56 : Training Confusion for Epoch 43:
[[1214    6]
 [  16 1215]] 
21:23:57 : Epoch [43/50], Loss: 0.0032, Accuracy: 0.9641, Precision: 0.9635, Recall: 0.9635, Specificity: 0.9647, F1-Score: 0.9635 
21:24:03 : Training Confusion for Epoch 44:
[[1211    9]
 [  14 1217]] 
21:24:04 : Epoch [44/50], Loss: 0.0015, Accuracy: 0.9103, Precision: 0.9767, Recall: 0.8372, Specificity: 0.9808, F1-Score: 0.9016 
21:24:11 : Training Confusion for Epoch 45:
[[1210   10]
 [  18 1213]] 
21:24:12 : Epoch [45/50], Loss: 0.0033, Accuracy: 0.9576, Precision: 0.9310, Recall: 0.9867, Specificity: 0.9295, F1-Score: 0.9581 
21:24:18 : Training Confusion for Epoch 46:
[[1211    9]
 [  17 1214]] 
21:24:19 : Epoch [46/50], Loss: 0.0012, Accuracy: 0.9511, Precision: 0.9788, Recall: 0.9203, Specificity: 0.9808, F1-Score: 0.9486 
21:24:26 : Training Confusion for Epoch 47:
[[1214    6]
 [  13 1218]] 
21:24:27 : Epoch [47/50], Loss: 0.0024, Accuracy: 0.9706, Precision: 0.9670, Recall: 0.9734, Specificity: 0.9679, F1-Score: 0.9702 
21:24:33 : Training Confusion for Epoch 48:
[[1214    6]
 [  10 1221]] 
21:24:34 : Epoch [48/50], Loss: 0.0159, Accuracy: 0.9086, Precision: 0.9920, Recall: 0.8206, Specificity: 0.9936, F1-Score: 0.8982 
21:24:41 : Training Confusion for Epoch 49:
[[1220    0]
 [   7 1224]] 
21:24:42 : Epoch [49/50], Loss: 0.0012, Accuracy: 0.9576, Precision: 0.9693, Recall: 0.9435, Specificity: 0.9712, F1-Score: 0.9562 
21:24:48 : Training Confusion for Epoch 50:
[[1211    9]
 [  11 1220]] 
21:24:49 : Epoch [50/50], Loss: 0.0120, Accuracy: 0.9494, Precision: 0.9141, Recall: 0.9900, Specificity: 0.9103, F1-Score: 0.9506 
21:24:51 : FOLD 1 
21:24:51 : ---------------------------------- 
21:24:58 : Training Confusion for Epoch 1:
[[1135   91]
 [ 154 1071]] 
21:24:59 : Epoch [1/50], Loss: 0.0052, Accuracy: 0.7341, Precision: 0.9865, Recall: 0.4756, Specificity: 0.9935, F1-Score: 0.6418 
21:25:06 : Training Confusion for Epoch 2:
[[1154   72]
 [  81 1144]] 
21:25:06 : Epoch [2/50], Loss: 0.0195, Accuracy: 0.9331, Precision: 0.9784, Recall: 0.8860, Specificity: 0.9804, F1-Score: 0.9299 
21:25:13 : Training Confusion for Epoch 3:
[[1172   54]
 [  60 1165]] 
21:25:14 : Epoch [3/50], Loss: 0.0062, Accuracy: 0.9364, Precision: 0.9268, Recall: 0.9479, Specificity: 0.9248, F1-Score: 0.9372 
21:25:20 : Training Confusion for Epoch 4:
[[1169   57]
 [  50 1175]] 
21:25:21 : Epoch [4/50], Loss: 0.0017, Accuracy: 0.9543, Precision: 0.9666, Recall: 0.9414, Specificity: 0.9673, F1-Score: 0.9538 
21:25:28 : Training Confusion for Epoch 5:
[[1165   61]
 [  55 1170]] 
21:25:29 : Epoch [5/50], Loss: 0.0114, Accuracy: 0.9527, Precision: 0.9399, Recall: 0.9674, Specificity: 0.9379, F1-Score: 0.9535 
21:25:35 : Training Confusion for Epoch 6:
[[1180   46]
 [  40 1185]] 
21:25:36 : Epoch [6/50], Loss: 0.0039, Accuracy: 0.9543, Precision: 0.9544, Recall: 0.9544, Specificity: 0.9542, F1-Score: 0.9544 
21:25:43 : Training Confusion for Epoch 7:
[[1185   41]
 [  31 1194]] 
21:25:44 : Epoch [7/50], Loss: 0.0018, Accuracy: 0.9478, Precision: 0.9338, Recall: 0.9642, Specificity: 0.9314, F1-Score: 0.9487 
21:25:50 : Training Confusion for Epoch 8:
[[1186   40]
 [  36 1189]] 
21:25:51 : Epoch [8/50], Loss: 0.0148, Accuracy: 0.9364, Precision: 0.9085, Recall: 0.9707, Specificity: 0.9020, F1-Score: 0.9386 
21:25:58 : Training Confusion for Epoch 9:
[[1189   37]
 [  38 1187]] 
21:25:59 : Epoch [9/50], Loss: 0.0062, Accuracy: 0.9462, Precision: 0.9308, Recall: 0.9642, Specificity: 0.9281, F1-Score: 0.9472 
21:26:05 : Training Confusion for Epoch 10:
[[1176   50]
 [  38 1187]] 
21:26:06 : Epoch [10/50], Loss: 0.0079, Accuracy: 0.9511, Precision: 0.9342, Recall: 0.9707, Specificity: 0.9314, F1-Score: 0.9521 
21:26:13 : Training Confusion for Epoch 11:
[[1188   38]
 [  37 1188]] 
21:26:14 : Epoch [11/50], Loss: 0.0044, Accuracy: 0.9445, Precision: 0.9756, Recall: 0.9121, Specificity: 0.9771, F1-Score: 0.9428 
21:26:20 : Training Confusion for Epoch 12:
[[1185   41]
 [  29 1196]] 
21:26:21 : Epoch [12/50], Loss: 0.0042, Accuracy: 0.9560, Precision: 0.9636, Recall: 0.9479, Specificity: 0.9641, F1-Score: 0.9557 
21:26:28 : Training Confusion for Epoch 13:
[[1195   31]
 [  28 1197]] 
21:26:29 : Epoch [13/50], Loss: 0.0011, Accuracy: 0.9527, Precision: 0.9728, Recall: 0.9316, Specificity: 0.9739, F1-Score: 0.9517 
21:26:35 : Training Confusion for Epoch 14:
[[1180   46]
 [  38 1187]] 
21:26:36 : Epoch [14/50], Loss: 0.0099, Accuracy: 0.9592, Precision: 0.9608, Recall: 0.9577, Specificity: 0.9608, F1-Score: 0.9592 
21:26:43 : Training Confusion for Epoch 15:
[[1197   29]
 [  29 1196]] 
21:26:44 : Epoch [15/50], Loss: 0.0042, Accuracy: 0.9527, Precision: 0.9603, Recall: 0.9446, Specificity: 0.9608, F1-Score: 0.9524 
21:26:50 : Training Confusion for Epoch 16:
[[1195   31]
 [  27 1198]] 
21:26:51 : Epoch [16/50], Loss: 0.0059, Accuracy: 0.9608, Precision: 0.9579, Recall: 0.9642, Specificity: 0.9575, F1-Score: 0.9610 
21:26:58 : Training Confusion for Epoch 17:
[[1199   27]
 [  24 1201]] 
21:26:59 : Epoch [17/50], Loss: 0.0034, Accuracy: 0.9478, Precision: 0.9630, Recall: 0.9316, Specificity: 0.9641, F1-Score: 0.9470 
21:27:05 : Training Confusion for Epoch 18:
[[1195   31]
 [  23 1202]] 
21:27:06 : Epoch [18/50], Loss: 0.0016, Accuracy: 0.9641, Precision: 0.9612, Recall: 0.9674, Specificity: 0.9608, F1-Score: 0.9643 
21:27:13 : Training Confusion for Epoch 19:
[[1201   25]
 [  19 1206]] 
21:27:14 : Epoch [19/50], Loss: 0.0107, Accuracy: 0.9608, Precision: 0.9464, Recall: 0.9772, Specificity: 0.9444, F1-Score: 0.9615 
21:27:20 : Training Confusion for Epoch 20:
[[1197   29]
 [  33 1192]] 
21:27:21 : Epoch [20/50], Loss: 0.0014, Accuracy: 0.9560, Precision: 0.9795, Recall: 0.9316, Specificity: 0.9804, F1-Score: 0.9549 
21:27:28 : Training Confusion for Epoch 21:
[[1200   26]
 [  21 1204]] 
21:27:28 : Epoch [21/50], Loss: 0.0102, Accuracy: 0.9494, Precision: 0.9233, Recall: 0.9805, Specificity: 0.9183, F1-Score: 0.9510 
21:27:35 : Training Confusion for Epoch 22:
[[1201   25]
 [  23 1202]] 
21:27:36 : Epoch [22/50], Loss: 0.0025, Accuracy: 0.9576, Precision: 0.9731, Recall: 0.9414, Specificity: 0.9739, F1-Score: 0.9570 
21:27:42 : Training Confusion for Epoch 23:
[[1199   27]
 [  28 1197]] 
21:27:43 : Epoch [23/50], Loss: 0.0025, Accuracy: 0.9592, Precision: 0.9490, Recall: 0.9707, Specificity: 0.9477, F1-Score: 0.9597 
21:27:50 : Training Confusion for Epoch 24:
[[1198   28]
 [  20 1205]] 
21:27:51 : Epoch [24/50], Loss: 0.0011, Accuracy: 0.9103, Precision: 0.9737, Recall: 0.8436, Specificity: 0.9771, F1-Score: 0.9040 
21:27:57 : Training Confusion for Epoch 25:
[[1209   17]
 [  19 1206]] 
21:27:58 : Epoch [25/50], Loss: 0.0053, Accuracy: 0.9560, Precision: 0.9430, Recall: 0.9707, Specificity: 0.9412, F1-Score: 0.9567 
21:28:05 : Training Confusion for Epoch 26:
[[1206   20]
 [  24 1201]] 
21:28:06 : Epoch [26/50], Loss: 0.0004, Accuracy: 0.9527, Precision: 0.9633, Recall: 0.9414, Specificity: 0.9641, F1-Score: 0.9522 
21:28:12 : Training Confusion for Epoch 27:
[[1202   24]
 [  13 1212]] 
21:28:13 : Epoch [27/50], Loss: 0.0036, Accuracy: 0.9608, Precision: 0.9550, Recall: 0.9674, Specificity: 0.9542, F1-Score: 0.9612 
21:28:20 : Training Confusion for Epoch 28:
[[1212   14]
 [  11 1214]] 
21:28:21 : Epoch [28/50], Loss: 0.0003, Accuracy: 0.9478, Precision: 0.9310, Recall: 0.9674, Specificity: 0.9281, F1-Score: 0.9489 
21:28:27 : Training Confusion for Epoch 29:
[[1210   16]
 [  16 1209]] 
21:28:28 : Epoch [29/50], Loss: 0.0081, Accuracy: 0.9592, Precision: 0.9490, Recall: 0.9707, Specificity: 0.9477, F1-Score: 0.9597 
21:28:35 : Training Confusion for Epoch 30:
[[1214   12]
 [  11 1214]] 
21:28:36 : Epoch [30/50], Loss: 0.0011, Accuracy: 0.9413, Precision: 0.9721, Recall: 0.9088, Specificity: 0.9739, F1-Score: 0.9394 
21:28:42 : Training Confusion for Epoch 31:
[[1202   24]
 [  23 1202]] 
21:28:43 : Epoch [31/50], Loss: 0.0035, Accuracy: 0.9543, Precision: 0.9666, Recall: 0.9414, Specificity: 0.9673, F1-Score: 0.9538 
21:28:50 : Training Confusion for Epoch 32:
[[1214   12]
 [  17 1208]] 
21:28:51 : Epoch [32/50], Loss: 0.0018, Accuracy: 0.9576, Precision: 0.9637, Recall: 0.9511, Specificity: 0.9641, F1-Score: 0.9574 
21:28:57 : Training Confusion for Epoch 33:
[[1219    7]
 [  11 1214]] 
21:28:58 : Epoch [33/50], Loss: 0.0011, Accuracy: 0.9625, Precision: 0.9581, Recall: 0.9674, Specificity: 0.9575, F1-Score: 0.9627 
21:29:05 : Training Confusion for Epoch 34:
[[1220    6]
 [   9 1216]] 
21:29:05 : Epoch [34/50], Loss: 0.0030, Accuracy: 0.9217, Precision: 0.9609, Recall: 0.8795, Specificity: 0.9641, F1-Score: 0.9184 
21:29:12 : Training Confusion for Epoch 35:
[[1216   10]
 [  13 1212]] 
21:29:13 : Epoch [35/50], Loss: 0.0004, Accuracy: 0.9576, Precision: 0.9489, Recall: 0.9674, Specificity: 0.9477, F1-Score: 0.9581 
21:29:20 : Training Confusion for Epoch 36:
[[1207   19]
 [  18 1207]] 
21:29:20 : Epoch [36/50], Loss: 0.0038, Accuracy: 0.9168, Precision: 0.9706, Recall: 0.8599, Specificity: 0.9739, F1-Score: 0.9119 
21:29:27 : Training Confusion for Epoch 37:
[[1221    5]
 [  10 1215]] 
21:29:28 : Epoch [37/50], Loss: 0.0058, Accuracy: 0.9560, Precision: 0.9516, Recall: 0.9609, Specificity: 0.9510, F1-Score: 0.9562 
21:29:34 : Training Confusion for Epoch 38:
[[1216   10]
 [  17 1208]] 
21:29:35 : Epoch [38/50], Loss: 0.0059, Accuracy: 0.9560, Precision: 0.9545, Recall: 0.9577, Specificity: 0.9542, F1-Score: 0.9561 
21:29:42 : Training Confusion for Epoch 39:
[[1210   16]
 [  18 1207]] 
21:29:43 : Epoch [39/50], Loss: 0.0014, Accuracy: 0.9592, Precision: 0.9578, Recall: 0.9609, Specificity: 0.9575, F1-Score: 0.9593 
21:29:49 : Training Confusion for Epoch 40:
[[1222    4]
 [   8 1217]] 
21:29:50 : Epoch [40/50], Loss: 0.0012, Accuracy: 0.9625, Precision: 0.9551, Recall: 0.9707, Specificity: 0.9542, F1-Score: 0.9628 
21:29:57 : Training Confusion for Epoch 41:
[[1219    7]
 [  13 1212]] 
21:29:58 : Epoch [41/50], Loss: 0.1285, Accuracy: 0.9168, Precision: 0.8636, Recall: 0.9902, Specificity: 0.8431, F1-Score: 0.9226 
21:30:04 : Training Confusion for Epoch 42:
[[1216   10]
 [  15 1210]] 
21:30:05 : Epoch [42/50], Loss: 0.0005, Accuracy: 0.9625, Precision: 0.9610, Recall: 0.9642, Specificity: 0.9608, F1-Score: 0.9626 
21:30:12 : Training Confusion for Epoch 43:
[[1224    2]
 [   9 1216]] 
21:30:13 : Epoch [43/50], Loss: 0.0028, Accuracy: 0.9527, Precision: 0.9317, Recall: 0.9772, Specificity: 0.9281, F1-Score: 0.9539 
21:30:19 : Training Confusion for Epoch 44:
[[1223    3]
 [  12 1213]] 
21:30:20 : Epoch [44/50], Loss: 0.0030, Accuracy: 0.9527, Precision: 0.9371, Recall: 0.9707, Specificity: 0.9346, F1-Score: 0.9536 
21:30:27 : Training Confusion for Epoch 45:
[[1212   14]
 [  13 1212]] 
21:30:28 : Epoch [45/50], Loss: 0.2069, Accuracy: 0.8287, Precision: 0.7500, Recall: 0.9870, Specificity: 0.6699, F1-Score: 0.8523 
21:30:34 : Training Confusion for Epoch 46:
[[1178   48]
 [  43 1182]] 
21:30:35 : Epoch [46/50], Loss: 0.0114, Accuracy: 0.9429, Precision: 0.9789, Recall: 0.9055, Specificity: 0.9804, F1-Score: 0.9408 
21:30:42 : Training Confusion for Epoch 47:
[[1208   18]
 [  29 1196]] 
21:30:43 : Epoch [47/50], Loss: 0.0041, Accuracy: 0.9560, Precision: 0.9459, Recall: 0.9674, Specificity: 0.9444, F1-Score: 0.9565 
21:30:49 : Training Confusion for Epoch 48:
[[1215   11]
 [  15 1210]] 
21:30:50 : Epoch [48/50], Loss: 0.0010, Accuracy: 0.9478, Precision: 0.9661, Recall: 0.9283, Specificity: 0.9673, F1-Score: 0.9468 
21:30:57 : Training Confusion for Epoch 49:
[[1221    5]
 [  16 1209]] 
21:30:58 : Epoch [49/50], Loss: 0.0028, Accuracy: 0.9315, Precision: 0.9553, Recall: 0.9055, Specificity: 0.9575, F1-Score: 0.9298 
21:31:04 : Training Confusion for Epoch 50:
[[1215   11]
 [  12 1213]] 
21:31:05 : Epoch [50/50], Loss: 0.0049, Accuracy: 0.9576, Precision: 0.9460, Recall: 0.9707, Specificity: 0.9444, F1-Score: 0.9582 
21:31:06 : FOLD 2 
21:31:06 : ---------------------------------- 
21:31:13 : Training Confusion for Epoch 1:
[[1077  152]
 [ 152 1070]] 
21:31:14 : Epoch [1/50], Loss: 0.0321, Accuracy: 0.8320, Precision: 0.9952, Recall: 0.6710, Specificity: 0.9967, F1-Score: 0.8015 
21:31:20 : Training Confusion for Epoch 2:
[[1149   80]
 [  89 1133]] 
21:31:21 : Epoch [2/50], Loss: 0.0209, Accuracy: 0.9641, Precision: 0.9768, Recall: 0.9516, Specificity: 0.9769, F1-Score: 0.9641 
21:31:28 : Training Confusion for Epoch 3:
[[1162   67]
 [  67 1155]] 
21:31:29 : Epoch [3/50], Loss: 0.0271, Accuracy: 0.9576, Precision: 0.9437, Recall: 0.9742, Specificity: 0.9406, F1-Score: 0.9587 
21:31:36 : Training Confusion for Epoch 4:
[[1171   58]
 [  54 1168]] 
21:31:37 : Epoch [4/50], Loss: 0.0068, Accuracy: 0.9625, Precision: 0.9736, Recall: 0.9516, Specificity: 0.9736, F1-Score: 0.9625 
21:31:43 : Training Confusion for Epoch 5:
[[1160   69]
 [  49 1173]] 
21:31:44 : Epoch [5/50], Loss: 0.0681, Accuracy: 0.9674, Precision: 0.9560, Recall: 0.9806, Specificity: 0.9538, F1-Score: 0.9682 
21:31:51 : Training Confusion for Epoch 6:
[[1181   48]
 [  49 1173]] 
21:31:52 : Epoch [6/50], Loss: 0.0216, Accuracy: 0.9364, Precision: 0.9754, Recall: 0.8968, Specificity: 0.9769, F1-Score: 0.9345 
21:31:58 : Training Confusion for Epoch 7:
[[1181   48]
 [  45 1177]] 
21:31:59 : Epoch [7/50], Loss: 0.0114, Accuracy: 0.9690, Precision: 0.9649, Recall: 0.9742, Specificity: 0.9637, F1-Score: 0.9695 
21:32:06 : Training Confusion for Epoch 8:
[[1181   48]
 [  36 1186]] 
21:32:07 : Epoch [8/50], Loss: 0.0069, Accuracy: 0.9070, Precision: 0.9810, Recall: 0.8323, Specificity: 0.9835, F1-Score: 0.9005 
21:32:13 : Training Confusion for Epoch 9:
[[1179   50]
 [  36 1186]] 
21:32:14 : Epoch [9/50], Loss: 0.0017, Accuracy: 0.9690, Precision: 0.9770, Recall: 0.9613, Specificity: 0.9769, F1-Score: 0.9691 
21:32:21 : Training Confusion for Epoch 10:
[[1177   52]
 [  37 1185]] 
21:32:22 : Epoch [10/50], Loss: 0.0154, Accuracy: 0.9690, Precision: 0.9709, Recall: 0.9677, Specificity: 0.9703, F1-Score: 0.9693 
21:32:28 : Training Confusion for Epoch 11:
[[1188   41]
 [  26 1196]] 
21:32:29 : Epoch [11/50], Loss: 0.0086, Accuracy: 0.9657, Precision: 0.9707, Recall: 0.9613, Specificity: 0.9703, F1-Score: 0.9660 
21:32:36 : Training Confusion for Epoch 12:
[[1189   40]
 [  26 1196]] 
21:32:37 : Epoch [12/50], Loss: 0.0101, Accuracy: 0.9690, Precision: 0.9649, Recall: 0.9742, Specificity: 0.9637, F1-Score: 0.9695 
21:32:43 : Training Confusion for Epoch 13:
[[1192   37]
 [  27 1195]] 
21:32:44 : Epoch [13/50], Loss: 0.0129, Accuracy: 0.9543, Precision: 0.9700, Recall: 0.9387, Specificity: 0.9703, F1-Score: 0.9541 
21:32:51 : Training Confusion for Epoch 14:
[[1184   45]
 [  23 1199]] 
21:32:52 : Epoch [14/50], Loss: 0.0205, Accuracy: 0.9739, Precision: 0.9682, Recall: 0.9806, Specificity: 0.9670, F1-Score: 0.9744 
21:32:58 : Training Confusion for Epoch 15:
[[1191   38]
 [  33 1189]] 
21:32:59 : Epoch [15/50], Loss: 0.0078, Accuracy: 0.9625, Precision: 0.9736, Recall: 0.9516, Specificity: 0.9736, F1-Score: 0.9625 
21:33:06 : Training Confusion for Epoch 16:
[[1198   31]
 [  24 1198]] 
21:33:07 : Epoch [16/50], Loss: 0.0063, Accuracy: 0.9592, Precision: 0.9672, Recall: 0.9516, Specificity: 0.9670, F1-Score: 0.9593 
21:33:13 : Training Confusion for Epoch 17:
[[1193   36]
 [  24 1198]] 
21:33:14 : Epoch [17/50], Loss: 0.0029, Accuracy: 0.9511, Precision: 0.9698, Recall: 0.9323, Specificity: 0.9703, F1-Score: 0.9507 
21:33:21 : Training Confusion for Epoch 18:
[[1203   26]
 [  15 1207]] 
21:33:21 : Epoch [18/50], Loss: 0.0062, Accuracy: 0.9592, Precision: 0.9642, Recall: 0.9548, Specificity: 0.9637, F1-Score: 0.9595 
21:33:28 : Training Confusion for Epoch 19:
[[1192   37]
 [  25 1197]] 
21:33:29 : Epoch [19/50], Loss: 0.0010, Accuracy: 0.9543, Precision: 0.9732, Recall: 0.9355, Specificity: 0.9736, F1-Score: 0.9539 
21:33:36 : Training Confusion for Epoch 20:
[[1197   32]
 [  17 1205]] 
21:33:36 : Epoch [20/50], Loss: 0.0102, Accuracy: 0.9690, Precision: 0.9739, Recall: 0.9645, Specificity: 0.9736, F1-Score: 0.9692 
21:33:43 : Training Confusion for Epoch 21:
[[1208   21]
 [  15 1207]] 
21:33:44 : Epoch [21/50], Loss: 0.0017, Accuracy: 0.9690, Precision: 0.9709, Recall: 0.9677, Specificity: 0.9703, F1-Score: 0.9693 
21:33:51 : Training Confusion for Epoch 22:
[[1201   28]
 [  32 1190]] 
21:33:51 : Epoch [22/50], Loss: 0.0069, Accuracy: 0.9657, Precision: 0.9707, Recall: 0.9613, Specificity: 0.9703, F1-Score: 0.9660 
21:33:58 : Training Confusion for Epoch 23:
[[1209   20]
 [  15 1207]] 
21:33:59 : Epoch [23/50], Loss: 0.0147, Accuracy: 0.9723, Precision: 0.9681, Recall: 0.9774, Specificity: 0.9670, F1-Score: 0.9727 
21:34:06 : Training Confusion for Epoch 24:
[[1209   20]
 [  15 1207]] 
21:34:06 : Epoch [24/50], Loss: 0.0031, Accuracy: 0.9674, Precision: 0.9739, Recall: 0.9613, Specificity: 0.9736, F1-Score: 0.9675 
21:34:13 : Training Confusion for Epoch 25:
[[1204   25]
 [  22 1200]] 
21:34:14 : Epoch [25/50], Loss: 0.0010, Accuracy: 0.9674, Precision: 0.9708, Recall: 0.9645, Specificity: 0.9703, F1-Score: 0.9676 
21:34:20 : Training Confusion for Epoch 26:
[[1200   29]
 [  19 1203]] 
21:34:21 : Epoch [26/50], Loss: 0.0017, Accuracy: 0.9706, Precision: 0.9650, Recall: 0.9774, Specificity: 0.9637, F1-Score: 0.9712 
21:34:28 : Training Confusion for Epoch 27:
[[1211   18]
 [  14 1208]] 
21:34:29 : Epoch [27/50], Loss: 0.0075, Accuracy: 0.9641, Precision: 0.9800, Recall: 0.9484, Specificity: 0.9802, F1-Score: 0.9639 
21:34:35 : Training Confusion for Epoch 28:
[[1207   22]
 [  24 1198]] 
21:34:36 : Epoch [28/50], Loss: 0.0022, Accuracy: 0.9674, Precision: 0.9677, Recall: 0.9677, Specificity: 0.9670, F1-Score: 0.9677 
21:34:43 : Training Confusion for Epoch 29:
[[1200   29]
 [  19 1203]] 
21:34:44 : Epoch [29/50], Loss: 0.0052, Accuracy: 0.9625, Precision: 0.9736, Recall: 0.9516, Specificity: 0.9736, F1-Score: 0.9625 
21:34:50 : Training Confusion for Epoch 30:
[[1214   15]
 [  14 1208]] 
21:34:51 : Epoch [30/50], Loss: 0.0053, Accuracy: 0.9723, Precision: 0.9803, Recall: 0.9645, Specificity: 0.9802, F1-Score: 0.9724 
21:34:58 : Training Confusion for Epoch 31:
[[1203   26]
 [  21 1201]] 
21:34:59 : Epoch [31/50], Loss: 0.0045, Accuracy: 0.9723, Precision: 0.9681, Recall: 0.9774, Specificity: 0.9670, F1-Score: 0.9727 
21:35:05 : Training Confusion for Epoch 32:
[[1207   22]
 [  23 1199]] 
21:35:06 : Epoch [32/50], Loss: 0.0018, Accuracy: 0.9706, Precision: 0.9620, Recall: 0.9806, Specificity: 0.9604, F1-Score: 0.9712 
21:35:13 : Training Confusion for Epoch 33:
[[1215   14]
 [  12 1210]] 
21:35:14 : Epoch [33/50], Loss: 0.0038, Accuracy: 0.9592, Precision: 0.9766, Recall: 0.9419, Specificity: 0.9769, F1-Score: 0.9589 
21:35:20 : Training Confusion for Epoch 34:
[[1217   12]
 [  12 1210]] 
21:35:21 : Epoch [34/50], Loss: 0.0761, Accuracy: 0.9527, Precision: 0.9219, Recall: 0.9903, Specificity: 0.9142, F1-Score: 0.9549 
21:35:28 : Training Confusion for Epoch 35:
[[1221    8]
 [  16 1206]] 
21:35:29 : Epoch [35/50], Loss: 0.0042, Accuracy: 0.9739, Precision: 0.9652, Recall: 0.9839, Specificity: 0.9637, F1-Score: 0.9744 
21:35:35 : Training Confusion for Epoch 36:
[[1214   15]
 [  18 1204]] 
21:35:36 : Epoch [36/50], Loss: 0.0048, Accuracy: 0.9543, Precision: 0.9299, Recall: 0.9839, Specificity: 0.9241, F1-Score: 0.9561 
21:35:43 : Training Confusion for Epoch 37:
[[1220    9]
 [  13 1209]] 
21:35:43 : Epoch [37/50], Loss: 0.0321, Accuracy: 0.9739, Precision: 0.9623, Recall: 0.9871, Specificity: 0.9604, F1-Score: 0.9745 
21:35:50 : Training Confusion for Epoch 38:
[[1215   14]
 [  12 1210]] 
21:35:51 : Epoch [38/50], Loss: 0.0007, Accuracy: 0.9592, Precision: 0.9672, Recall: 0.9516, Specificity: 0.9670, F1-Score: 0.9593 
21:35:57 : Training Confusion for Epoch 39:
[[1214   15]
 [  16 1206]] 
21:35:58 : Epoch [39/50], Loss: 0.0021, Accuracy: 0.9445, Precision: 0.9825, Recall: 0.9065, Specificity: 0.9835, F1-Score: 0.9430 
21:36:05 : Training Confusion for Epoch 40:
[[1212   17]
 [  22 1200]] 
21:36:06 : Epoch [40/50], Loss: 0.0057, Accuracy: 0.8564, Precision: 0.9703, Recall: 0.7387, Specificity: 0.9769, F1-Score: 0.8388 
21:36:12 : Training Confusion for Epoch 41:
[[1216   13]
 [  13 1209]] 
21:36:13 : Epoch [41/50], Loss: 0.0371, Accuracy: 0.9690, Precision: 0.9709, Recall: 0.9677, Specificity: 0.9703, F1-Score: 0.9693 
21:36:20 : Training Confusion for Epoch 42:
[[1219   10]
 [   9 1213]] 
21:36:21 : Epoch [42/50], Loss: 0.0032, Accuracy: 0.9706, Precision: 0.9679, Recall: 0.9742, Specificity: 0.9670, F1-Score: 0.9711 
21:36:27 : Training Confusion for Epoch 43:
[[1217   12]
 [  14 1208]] 
21:36:28 : Epoch [43/50], Loss: 0.0063, Accuracy: 0.9657, Precision: 0.9707, Recall: 0.9613, Specificity: 0.9703, F1-Score: 0.9660 
21:36:35 : Training Confusion for Epoch 44:
[[1218   11]
 [  15 1207]] 
21:36:36 : Epoch [44/50], Loss: 0.0022, Accuracy: 0.9674, Precision: 0.9801, Recall: 0.9548, Specificity: 0.9802, F1-Score: 0.9673 
21:36:42 : Training Confusion for Epoch 45:
[[1222    7]
 [  10 1212]] 
21:36:43 : Epoch [45/50], Loss: 0.0015, Accuracy: 0.8711, Precision: 0.9753, Recall: 0.7645, Specificity: 0.9802, F1-Score: 0.8571 
21:36:50 : Training Confusion for Epoch 46:
[[1202   27]
 [  32 1190]] 
21:36:51 : Epoch [46/50], Loss: 0.0059, Accuracy: 0.9641, Precision: 0.9768, Recall: 0.9516, Specificity: 0.9769, F1-Score: 0.9641 
21:36:57 : Training Confusion for Epoch 47:
[[1208   21]
 [  18 1204]] 
21:36:58 : Epoch [47/50], Loss: 0.0176, Accuracy: 0.9706, Precision: 0.9650, Recall: 0.9774, Specificity: 0.9637, F1-Score: 0.9712 
21:37:05 : Training Confusion for Epoch 48:
[[1220    9]
 [  14 1208]] 
21:37:06 : Epoch [48/50], Loss: 0.0044, Accuracy: 0.9690, Precision: 0.9619, Recall: 0.9774, Specificity: 0.9604, F1-Score: 0.9696 
21:37:12 : Training Confusion for Epoch 49:
[[1222    7]
 [  11 1211]] 
21:37:13 : Epoch [49/50], Loss: 0.0034, Accuracy: 0.9674, Precision: 0.9708, Recall: 0.9645, Specificity: 0.9703, F1-Score: 0.9676 
21:37:20 : Training Confusion for Epoch 50:
[[1208   21]
 [  29 1193]] 
21:37:21 : Epoch [50/50], Loss: 0.0066, Accuracy: 0.9674, Precision: 0.9739, Recall: 0.9613, Specificity: 0.9736, F1-Score: 0.9675 
21:37:21 : FOLD 3 
21:37:21 : ---------------------------------- 
21:37:28 : Training Confusion for Epoch 1:
[[1102  120]
 [ 120 1109]] 
21:37:29 : Epoch [1/50], Loss: 0.0876, Accuracy: 0.9331, Precision: 0.9018, Recall: 0.9703, Specificity: 0.8968, F1-Score: 0.9348 
21:37:35 : Training Confusion for Epoch 2:
[[1149   73]
 [  84 1145]] 
21:37:36 : Epoch [2/50], Loss: 0.2561, Accuracy: 0.9005, Precision: 0.8457, Recall: 0.9769, Specificity: 0.8258, F1-Score: 0.9066 
21:37:43 : Training Confusion for Epoch 3:
[[1162   60]
 [  69 1160]] 
21:37:44 : Epoch [3/50], Loss: 0.0162, Accuracy: 0.9478, Precision: 0.9656, Recall: 0.9274, Specificity: 0.9677, F1-Score: 0.9461 
21:37:50 : Training Confusion for Epoch 4:
[[1167   55]
 [  54 1175]] 
21:37:51 : Epoch [4/50], Loss: 0.0259, Accuracy: 0.9511, Precision: 0.9475, Recall: 0.9538, Specificity: 0.9484, F1-Score: 0.9507 
21:37:58 : Training Confusion for Epoch 5:
[[1173   49]
 [  48 1181]] 
21:37:59 : Epoch [5/50], Loss: 0.0020, Accuracy: 0.9331, Precision: 0.9679, Recall: 0.8944, Specificity: 0.9710, F1-Score: 0.9297 
21:38:05 : Training Confusion for Epoch 6:
[[1156   66]
 [  56 1173]] 
21:38:06 : Epoch [6/50], Loss: 0.0035, Accuracy: 0.9527, Precision: 0.9419, Recall: 0.9637, Specificity: 0.9419, F1-Score: 0.9527 
21:38:13 : Training Confusion for Epoch 7:
[[1177   45]
 [  46 1183]] 
21:38:14 : Epoch [7/50], Loss: 0.0014, Accuracy: 0.9494, Precision: 0.9658, Recall: 0.9307, Specificity: 0.9677, F1-Score: 0.9479 
21:38:20 : Training Confusion for Epoch 8:
[[1178   44]
 [  32 1197]] 
21:38:21 : Epoch [8/50], Loss: 0.0072, Accuracy: 0.9527, Precision: 0.9477, Recall: 0.9571, Specificity: 0.9484, F1-Score: 0.9524 
21:38:28 : Training Confusion for Epoch 9:
[[1182   40]
 [  38 1191]] 
21:38:29 : Epoch [9/50], Loss: 0.0083, Accuracy: 0.9560, Precision: 0.9539, Recall: 0.9571, Specificity: 0.9548, F1-Score: 0.9555 
21:38:35 : Training Confusion for Epoch 10:
[[1182   40]
 [  36 1193]] 
21:38:36 : Epoch [10/50], Loss: 0.0006, Accuracy: 0.9560, Precision: 0.9631, Recall: 0.9472, Specificity: 0.9645, F1-Score: 0.9551 
21:38:43 : Training Confusion for Epoch 11:
[[1186   36]
 [  29 1200]] 
21:38:44 : Epoch [11/50], Loss: 0.0062, Accuracy: 0.9543, Precision: 0.9568, Recall: 0.9505, Specificity: 0.9581, F1-Score: 0.9536 
21:38:50 : Training Confusion for Epoch 12:
[[1185   37]
 [  27 1202]] 
21:38:51 : Epoch [12/50], Loss: 0.0016, Accuracy: 0.9592, Precision: 0.9484, Recall: 0.9703, Specificity: 0.9484, F1-Score: 0.9592 
21:38:58 : Training Confusion for Epoch 13:
[[1187   35]
 [  34 1195]] 
21:38:59 : Epoch [13/50], Loss: 0.0034, Accuracy: 0.9462, Precision: 0.9754, Recall: 0.9142, Specificity: 0.9774, F1-Score: 0.9438 
21:39:05 : Training Confusion for Epoch 14:
[[1183   39]
 [  39 1190]] 
21:39:06 : Epoch [14/50], Loss: 0.0085, Accuracy: 0.9511, Precision: 0.9756, Recall: 0.9241, Specificity: 0.9774, F1-Score: 0.9492 
21:39:13 : Training Confusion for Epoch 15:
[[1184   38]
 [  27 1202]] 
21:39:14 : Epoch [15/50], Loss: 0.0117, Accuracy: 0.9608, Precision: 0.9457, Recall: 0.9769, Specificity: 0.9452, F1-Score: 0.9610 
21:39:20 : Training Confusion for Epoch 16:
[[1192   30]
 [  29 1200]] 
21:39:21 : Epoch [16/50], Loss: 0.0030, Accuracy: 0.9560, Precision: 0.9481, Recall: 0.9637, Specificity: 0.9484, F1-Score: 0.9558 
21:39:28 : Training Confusion for Epoch 17:
[[1196   26]
 [  19 1210]] 
21:39:29 : Epoch [17/50], Loss: 0.0059, Accuracy: 0.9641, Precision: 0.9460, Recall: 0.9835, Specificity: 0.9452, F1-Score: 0.9644 
21:39:35 : Training Confusion for Epoch 18:
[[1197   25]
 [  23 1206]] 
21:39:36 : Epoch [18/50], Loss: 0.0027, Accuracy: 0.9592, Precision: 0.9542, Recall: 0.9637, Specificity: 0.9548, F1-Score: 0.9589 
21:39:43 : Training Confusion for Epoch 19:
[[1187   35]
 [  29 1200]] 
21:39:44 : Epoch [19/50], Loss: 0.0007, Accuracy: 0.9527, Precision: 0.9692, Recall: 0.9340, Specificity: 0.9710, F1-Score: 0.9513 
21:39:50 : Training Confusion for Epoch 20:
[[1194   28]
 [  29 1200]] 
21:39:51 : Epoch [20/50], Loss: 0.1677, Accuracy: 0.9152, Precision: 0.8680, Recall: 0.9769, Specificity: 0.8548, F1-Score: 0.9193 
21:39:58 : Training Confusion for Epoch 21:
[[1171   51]
 [  40 1189]] 
21:39:59 : Epoch [21/50], Loss: 0.0130, Accuracy: 0.9331, Precision: 0.9679, Recall: 0.8944, Specificity: 0.9710, F1-Score: 0.9297 
21:40:05 : Training Confusion for Epoch 22:
[[1196   26]
 [  22 1207]] 
21:40:06 : Epoch [22/50], Loss: 0.0012, Accuracy: 0.9576, Precision: 0.9482, Recall: 0.9670, Specificity: 0.9484, F1-Score: 0.9575 
21:40:13 : Training Confusion for Epoch 23:
[[1195   27]
 [  27 1202]] 
21:40:14 : Epoch [23/50], Loss: 0.0019, Accuracy: 0.9478, Precision: 0.9593, Recall: 0.9340, Specificity: 0.9613, F1-Score: 0.9465 
21:40:20 : Training Confusion for Epoch 24:
[[1197   25]
 [  18 1211]] 
21:40:21 : Epoch [24/50], Loss: 0.0023, Accuracy: 0.9674, Precision: 0.9521, Recall: 0.9835, Specificity: 0.9516, F1-Score: 0.9675 
21:40:28 : Training Confusion for Epoch 25:
[[1196   26]
 [  20 1209]] 
21:40:29 : Epoch [25/50], Loss: 0.0009, Accuracy: 0.9625, Precision: 0.9730, Recall: 0.9505, Specificity: 0.9742, F1-Score: 0.9616 
21:40:35 : Training Confusion for Epoch 26:
[[1200   22]
 [  19 1210]] 
21:40:36 : Epoch [26/50], Loss: 0.0014, Accuracy: 0.9576, Precision: 0.9632, Recall: 0.9505, Specificity: 0.9645, F1-Score: 0.9568 
21:40:43 : Training Confusion for Epoch 27:
[[1199   23]
 [  18 1211]] 
21:40:44 : Epoch [27/50], Loss: 0.0009, Accuracy: 0.9592, Precision: 0.9664, Recall: 0.9505, Specificity: 0.9677, F1-Score: 0.9584 
21:40:50 : Training Confusion for Epoch 28:
[[1203   19]
 [  17 1212]] 
21:40:51 : Epoch [28/50], Loss: 0.0009, Accuracy: 0.9608, Precision: 0.9666, Recall: 0.9538, Specificity: 0.9677, F1-Score: 0.9601 
21:40:58 : Training Confusion for Epoch 29:
[[1201   21]
 [  23 1206]] 
21:40:59 : Epoch [29/50], Loss: 0.0077, Accuracy: 0.9592, Precision: 0.9427, Recall: 0.9769, Specificity: 0.9419, F1-Score: 0.9595 
21:41:05 : Training Confusion for Epoch 30:
[[1200   22]
 [  27 1202]] 
21:41:06 : Epoch [30/50], Loss: 0.0002, Accuracy: 0.9429, Precision: 0.9685, Recall: 0.9142, Specificity: 0.9710, F1-Score: 0.9406 
21:41:13 : Training Confusion for Epoch 31:
[[1200   22]
 [  16 1213]] 
21:41:14 : Epoch [31/50], Loss: 0.0039, Accuracy: 0.9576, Precision: 0.9663, Recall: 0.9472, Specificity: 0.9677, F1-Score: 0.9567 
21:41:20 : Training Confusion for Epoch 32:
[[1198   24]
 [  25 1204]] 
21:41:21 : Epoch [32/50], Loss: 0.0013, Accuracy: 0.9543, Precision: 0.9599, Recall: 0.9472, Specificity: 0.9613, F1-Score: 0.9535 
21:41:28 : Training Confusion for Epoch 33:
[[1198   24]
 [  20 1209]] 
21:41:28 : Epoch [33/50], Loss: 0.0029, Accuracy: 0.9592, Precision: 0.9542, Recall: 0.9637, Specificity: 0.9548, F1-Score: 0.9589 
21:41:35 : Training Confusion for Epoch 34:
[[1209   13]
 [  11 1218]] 
21:41:36 : Epoch [34/50], Loss: 0.0024, Accuracy: 0.9641, Precision: 0.9518, Recall: 0.9769, Specificity: 0.9516, F1-Score: 0.9642 
21:41:43 : Training Confusion for Epoch 35:
[[1209   13]
 [  16 1213]] 
21:41:43 : Epoch [35/50], Loss: 0.0029, Accuracy: 0.9576, Precision: 0.9632, Recall: 0.9505, Specificity: 0.9645, F1-Score: 0.9568 
21:41:50 : Training Confusion for Epoch 36:
[[1208   14]
 [  13 1216]] 
21:41:51 : Epoch [36/50], Loss: 0.0031, Accuracy: 0.9560, Precision: 0.9662, Recall: 0.9439, Specificity: 0.9677, F1-Score: 0.9549 
21:41:57 : Training Confusion for Epoch 37:
[[1193   29]
 [  26 1203]] 
21:41:58 : Epoch [37/50], Loss: 0.0008, Accuracy: 0.9576, Precision: 0.9511, Recall: 0.9637, Specificity: 0.9516, F1-Score: 0.9574 
21:42:05 : Training Confusion for Epoch 38:
[[1204   18]
 [  14 1215]] 
21:42:06 : Epoch [38/50], Loss: 0.0157, Accuracy: 0.9462, Precision: 0.9500, Recall: 0.9406, Specificity: 0.9516, F1-Score: 0.9453 
21:42:12 : Training Confusion for Epoch 39:
[[1208   14]
 [  16 1213]] 
21:42:13 : Epoch [39/50], Loss: 0.0006, Accuracy: 0.9625, Precision: 0.9636, Recall: 0.9604, Specificity: 0.9645, F1-Score: 0.9620 
21:42:20 : Training Confusion for Epoch 40:
[[1207   15]
 [  15 1214]] 
21:42:21 : Epoch [40/50], Loss: 0.0011, Accuracy: 0.9494, Precision: 0.9198, Recall: 0.9835, Specificity: 0.9161, F1-Score: 0.9506 
21:42:27 : Training Confusion for Epoch 41:
[[1200   22]
 [  19 1210]] 
21:42:28 : Epoch [41/50], Loss: 0.0047, Accuracy: 0.9576, Precision: 0.9632, Recall: 0.9505, Specificity: 0.9645, F1-Score: 0.9568 
21:42:35 : Training Confusion for Epoch 42:
[[1211   11]
 [  13 1216]] 
21:42:36 : Epoch [42/50], Loss: 0.0014, Accuracy: 0.9576, Precision: 0.9541, Recall: 0.9604, Specificity: 0.9548, F1-Score: 0.9572 
21:42:42 : Training Confusion for Epoch 43:
[[1205   17]
 [  17 1212]] 
21:42:43 : Epoch [43/50], Loss: 0.0051, Accuracy: 0.9576, Precision: 0.9511, Recall: 0.9637, Specificity: 0.9516, F1-Score: 0.9574 
21:42:50 : Training Confusion for Epoch 44:
[[1217    5]
 [  13 1216]] 
21:42:51 : Epoch [44/50], Loss: 0.0017, Accuracy: 0.9560, Precision: 0.9825, Recall: 0.9274, Specificity: 0.9839, F1-Score: 0.9542 
21:42:57 : Training Confusion for Epoch 45:
[[1205   17]
 [  28 1201]] 
21:42:58 : Epoch [45/50], Loss: 0.0037, Accuracy: 0.9511, Precision: 0.9659, Recall: 0.9340, Specificity: 0.9677, F1-Score: 0.9497 
21:43:05 : Training Confusion for Epoch 46:
[[1208   14]
 [  15 1214]] 
21:43:06 : Epoch [46/50], Loss: 0.0008, Accuracy: 0.9233, Precision: 0.9741, Recall: 0.8680, Specificity: 0.9774, F1-Score: 0.9180 
21:43:12 : Training Confusion for Epoch 47:
[[1204   18]
 [  16 1213]] 
21:43:13 : Epoch [47/50], Loss: 0.0004, Accuracy: 0.9690, Precision: 0.9641, Recall: 0.9736, Specificity: 0.9645, F1-Score: 0.9688 
21:43:20 : Training Confusion for Epoch 48:
[[1215    7]
 [  11 1218]] 
21:43:21 : Epoch [48/50], Loss: 0.0018, Accuracy: 0.9657, Precision: 0.9608, Recall: 0.9703, Specificity: 0.9613, F1-Score: 0.9655 
21:43:27 : Training Confusion for Epoch 49:
[[1212   10]
 [   9 1220]] 
21:43:28 : Epoch [49/50], Loss: 0.0011, Accuracy: 0.9641, Precision: 0.9637, Recall: 0.9637, Specificity: 0.9645, F1-Score: 0.9637 
21:43:35 : Training Confusion for Epoch 50:
[[1209   13]
 [  16 1213]] 
21:43:36 : Epoch [50/50], Loss: 0.0016, Accuracy: 0.9347, Precision: 0.8902, Recall: 0.9901, Specificity: 0.8806, F1-Score: 0.9375 
21:43:36 : FOLD 4 
21:43:36 : ---------------------------------- 
21:43:43 : Training Confusion for Epoch 1:
[[1131  100]
 [ 175 1046]] 
21:43:44 : Epoch [1/50], Loss: 0.0036, Accuracy: 0.8742, Precision: 0.9570, Recall: 0.7878, Specificity: 0.9635, F1-Score: 0.8642 
21:43:51 : Training Confusion for Epoch 2:
[[1165   66]
 [  79 1142]] 
21:43:52 : Epoch [2/50], Loss: 0.0050, Accuracy: 0.9199, Precision: 0.9613, Recall: 0.8778, Specificity: 0.9635, F1-Score: 0.9176 
21:43:58 : Training Confusion for Epoch 3:
[[1176   55]
 [  53 1168]] 
21:43:59 : Epoch [3/50], Loss: 0.0032, Accuracy: 0.9444, Precision: 0.9695, Recall: 0.9196, Specificity: 0.9701, F1-Score: 0.9439 
21:44:06 : Training Confusion for Epoch 4:
[[1172   59]
 [  63 1158]] 
21:44:06 : Epoch [4/50], Loss: 0.0064, Accuracy: 0.9248, Precision: 0.9553, Recall: 0.8939, Specificity: 0.9568, F1-Score: 0.9236 
21:44:13 : Training Confusion for Epoch 5:
[[1168   63]
 [  57 1164]] 
21:44:14 : Epoch [5/50], Loss: 0.0055, Accuracy: 0.9314, Precision: 0.8991, Recall: 0.9743, Specificity: 0.8870, F1-Score: 0.9352 
21:44:21 : Training Confusion for Epoch 6:
[[1181   50]
 [  40 1181]] 
21:44:21 : Epoch [6/50], Loss: 0.0061, Accuracy: 0.9412, Precision: 0.9205, Recall: 0.9678, Specificity: 0.9136, F1-Score: 0.9436 
21:44:28 : Training Confusion for Epoch 7:
[[1177   54]
 [  44 1177]] 
21:44:29 : Epoch [7/50], Loss: 0.0044, Accuracy: 0.9542, Precision: 0.9639, Recall: 0.9453, Specificity: 0.9635, F1-Score: 0.9545 
21:44:36 : Training Confusion for Epoch 8:
[[1187   44]
 [  38 1183]] 
21:44:36 : Epoch [8/50], Loss: 0.0115, Accuracy: 0.9542, Precision: 0.9381, Recall: 0.9743, Specificity: 0.9336, F1-Score: 0.9558 
21:44:43 : Training Confusion for Epoch 9:
[[1190   41]
 [  35 1186]] 
21:44:44 : Epoch [9/50], Loss: 0.0029, Accuracy: 0.9575, Precision: 0.9412, Recall: 0.9775, Specificity: 0.9369, F1-Score: 0.9590 
21:44:50 : Training Confusion for Epoch 10:
[[1196   35]
 [  35 1186]] 
21:44:51 : Epoch [10/50], Loss: 0.0020, Accuracy: 0.9542, Precision: 0.9381, Recall: 0.9743, Specificity: 0.9336, F1-Score: 0.9558 
21:44:58 : Training Confusion for Epoch 11:
[[1188   43]
 [  34 1187]] 
21:44:59 : Epoch [11/50], Loss: 0.0084, Accuracy: 0.9444, Precision: 0.9571, Recall: 0.9325, Specificity: 0.9568, F1-Score: 0.9446 
21:45:05 : Training Confusion for Epoch 12:
[[1196   35]
 [  37 1184]] 
21:45:06 : Epoch [12/50], Loss: 0.0020, Accuracy: 0.9542, Precision: 0.9639, Recall: 0.9453, Specificity: 0.9635, F1-Score: 0.9545 
21:45:13 : Training Confusion for Epoch 13:
[[1184   47]
 [  35 1186]] 
21:45:14 : Epoch [13/50], Loss: 0.0188, Accuracy: 0.9575, Precision: 0.9672, Recall: 0.9486, Specificity: 0.9668, F1-Score: 0.9578 
21:45:20 : Training Confusion for Epoch 14:
[[1196   35]
 [  31 1190]] 
21:45:21 : Epoch [14/50], Loss: 0.0013, Accuracy: 0.9575, Precision: 0.9467, Recall: 0.9711, Specificity: 0.9435, F1-Score: 0.9587 
21:45:28 : Training Confusion for Epoch 15:
[[1190   41]
 [  22 1199]] 
21:45:29 : Epoch [15/50], Loss: 0.0006, Accuracy: 0.9608, Precision: 0.9498, Recall: 0.9743, Specificity: 0.9468, F1-Score: 0.9619 
21:45:35 : Training Confusion for Epoch 16:
[[1195   36]
 [  24 1197]] 
21:45:36 : Epoch [16/50], Loss: 0.0013, Accuracy: 0.9592, Precision: 0.9497, Recall: 0.9711, Specificity: 0.9468, F1-Score: 0.9603 
21:45:43 : Training Confusion for Epoch 17:
[[1198   33]
 [  22 1199]] 
21:45:44 : Epoch [17/50], Loss: 0.0063, Accuracy: 0.9526, Precision: 0.9462, Recall: 0.9614, Specificity: 0.9435, F1-Score: 0.9537 
21:45:50 : Training Confusion for Epoch 18:
[[1192   39]
 [  31 1190]] 
21:45:51 : Epoch [18/50], Loss: 0.0060, Accuracy: 0.9281, Precision: 0.9717, Recall: 0.8842, Specificity: 0.9734, F1-Score: 0.9259 
21:45:58 : Training Confusion for Epoch 19:
[[1201   30]
 [  22 1199]] 
21:45:59 : Epoch [19/50], Loss: 0.0014, Accuracy: 0.9575, Precision: 0.9553, Recall: 0.9614, Specificity: 0.9535, F1-Score: 0.9583 
21:46:05 : Training Confusion for Epoch 20:
[[1200   31]
 [  23 1198]] 
21:46:06 : Epoch [20/50], Loss: 0.0022, Accuracy: 0.9592, Precision: 0.9643, Recall: 0.9550, Specificity: 0.9635, F1-Score: 0.9596 
21:46:13 : Training Confusion for Epoch 21:
[[1201   30]
 [  21 1200]] 
21:46:14 : Epoch [21/50], Loss: 0.0052, Accuracy: 0.9493, Precision: 0.9217, Recall: 0.9839, Specificity: 0.9136, F1-Score: 0.9518 
21:46:20 : Training Confusion for Epoch 22:
[[1202   29]
 [  16 1205]] 
21:46:21 : Epoch [22/50], Loss: 0.0050, Accuracy: 0.9592, Precision: 0.9583, Recall: 0.9614, Specificity: 0.9568, F1-Score: 0.9599 
21:46:28 : Training Confusion for Epoch 23:
[[1206   25]
 [  27 1194]] 
21:46:29 : Epoch [23/50], Loss: 0.0113, Accuracy: 0.9510, Precision: 0.9547, Recall: 0.9486, Specificity: 0.9535, F1-Score: 0.9516 
21:46:35 : Training Confusion for Epoch 24:
[[1209   22]
 [  21 1200]] 
21:46:36 : Epoch [24/50], Loss: 0.0145, Accuracy: 0.9575, Precision: 0.9467, Recall: 0.9711, Specificity: 0.9435, F1-Score: 0.9587 
21:46:43 : Training Confusion for Epoch 25:
[[1207   24]
 [  20 1201]] 
21:46:44 : Epoch [25/50], Loss: 0.0011, Accuracy: 0.9493, Precision: 0.9321, Recall: 0.9711, Specificity: 0.9269, F1-Score: 0.9512 
21:46:50 : Training Confusion for Epoch 26:
[[1204   27]
 [  21 1200]] 
21:46:51 : Epoch [26/50], Loss: 0.0036, Accuracy: 0.9477, Precision: 0.9240, Recall: 0.9775, Specificity: 0.9169, F1-Score: 0.9500 
21:46:58 : Training Confusion for Epoch 27:
[[1210   21]
 [  19 1202]] 
21:46:59 : Epoch [27/50], Loss: 0.0021, Accuracy: 0.9314, Precision: 0.9686, Recall: 0.8939, Specificity: 0.9701, F1-Score: 0.9298 
21:47:05 : Training Confusion for Epoch 28:
[[1200   31]
 [  24 1197]] 
21:47:06 : Epoch [28/50], Loss: 0.0032, Accuracy: 0.9297, Precision: 0.9718, Recall: 0.8875, Specificity: 0.9734, F1-Score: 0.9277 
21:47:13 : Training Confusion for Epoch 29:
[[1210   21]
 [  24 1197]] 
21:47:14 : Epoch [29/50], Loss: 0.0011, Accuracy: 0.9510, Precision: 0.9323, Recall: 0.9743, Specificity: 0.9269, F1-Score: 0.9528 
21:47:20 : Training Confusion for Epoch 30:
[[1209   22]
 [  15 1206]] 
21:47:21 : Epoch [30/50], Loss: 0.0036, Accuracy: 0.9493, Precision: 0.9575, Recall: 0.9421, Specificity: 0.9568, F1-Score: 0.9498 
21:47:28 : Training Confusion for Epoch 31:
[[1199   32]
 [  19 1202]] 
21:47:29 : Epoch [31/50], Loss: 0.0036, Accuracy: 0.9461, Precision: 0.9427, Recall: 0.9518, Specificity: 0.9402, F1-Score: 0.9472 
21:47:35 : Training Confusion for Epoch 32:
[[1217   14]
 [  12 1209]] 
21:47:36 : Epoch [32/50], Loss: 0.0011, Accuracy: 0.9510, Precision: 0.9489, Recall: 0.9550, Specificity: 0.9468, F1-Score: 0.9519 
21:47:43 : Training Confusion for Epoch 33:
[[1214   17]
 [  12 1209]] 
21:47:44 : Epoch [33/50], Loss: 0.0009, Accuracy: 0.9559, Precision: 0.9494, Recall: 0.9646, Specificity: 0.9468, F1-Score: 0.9569 
21:47:50 : Training Confusion for Epoch 34:
[[1217   14]
 [  13 1208]] 
21:47:51 : Epoch [34/50], Loss: 0.0239, Accuracy: 0.9346, Precision: 0.8928, Recall: 0.9904, Specificity: 0.8771, F1-Score: 0.9390 
21:47:58 : Training Confusion for Epoch 35:
[[1212   19]
 [  18 1203]] 
21:47:59 : Epoch [35/50], Loss: 0.0022, Accuracy: 0.9559, Precision: 0.9641, Recall: 0.9486, Specificity: 0.9635, F1-Score: 0.9562 
21:48:05 : Training Confusion for Epoch 36:
[[1203   28]
 [  30 1191]] 
21:48:06 : Epoch [36/50], Loss: 0.0109, Accuracy: 0.9330, Precision: 0.9688, Recall: 0.8971, Specificity: 0.9701, F1-Score: 0.9316 
21:48:13 : Training Confusion for Epoch 37:
[[1215   16]
 [  13 1208]] 
21:48:14 : Epoch [37/50], Loss: 0.0062, Accuracy: 0.9134, Precision: 0.8665, Recall: 0.9807, Specificity: 0.8439, F1-Score: 0.9201 
21:48:20 : Training Confusion for Epoch 38:
[[1212   19]
 [  17 1204]] 
21:48:21 : Epoch [38/50], Loss: 0.0011, Accuracy: 0.9592, Precision: 0.9525, Recall: 0.9678, Specificity: 0.9502, F1-Score: 0.9601 
21:48:28 : Training Confusion for Epoch 39:
[[1222    9]
 [  12 1209]] 
21:48:28 : Epoch [39/50], Loss: 0.0020, Accuracy: 0.9575, Precision: 0.9734, Recall: 0.9421, Specificity: 0.9734, F1-Score: 0.9575 
21:48:35 : Training Confusion for Epoch 40:
[[1223    8]
 [   9 1212]] 
21:48:36 : Epoch [40/50], Loss: 0.0034, Accuracy: 0.9330, Precision: 0.9623, Recall: 0.9035, Specificity: 0.9635, F1-Score: 0.9320 
21:48:43 : Training Confusion for Epoch 41:
[[1221   10]
 [  12 1209]] 
21:48:43 : Epoch [41/50], Loss: 0.0058, Accuracy: 0.9542, Precision: 0.9354, Recall: 0.9775, Specificity: 0.9302, F1-Score: 0.9560 
21:48:50 : Training Confusion for Epoch 42:
[[1228    3]
 [   8 1213]] 
21:48:51 : Epoch [42/50], Loss: 0.0004, Accuracy: 0.9673, Precision: 0.9619, Recall: 0.9743, Specificity: 0.9601, F1-Score: 0.9681 
21:48:58 : Training Confusion for Epoch 43:
[[1212   19]
 [  25 1196]] 
21:48:58 : Epoch [43/50], Loss: 0.0021, Accuracy: 0.9510, Precision: 0.9404, Recall: 0.9646, Specificity: 0.9369, F1-Score: 0.9524 
21:49:05 : Training Confusion for Epoch 44:
[[1217   14]
 [  15 1206]] 
21:49:06 : Epoch [44/50], Loss: 0.0002, Accuracy: 0.9412, Precision: 0.9791, Recall: 0.9035, Specificity: 0.9801, F1-Score: 0.9398 
21:49:13 : Training Confusion for Epoch 45:
[[1216   15]
 [  12 1209]] 
21:49:14 : Epoch [45/50], Loss: 0.0025, Accuracy: 0.9395, Precision: 0.9757, Recall: 0.9035, Specificity: 0.9767, F1-Score: 0.9382 
21:49:20 : Training Confusion for Epoch 46:
[[1214   17]
 [  14 1207]] 
21:49:21 : Epoch [46/50], Loss: 0.0030, Accuracy: 0.9542, Precision: 0.9521, Recall: 0.9582, Specificity: 0.9502, F1-Score: 0.9551 
21:49:28 : Training Confusion for Epoch 47:
[[1221   10]
 [  12 1209]] 
21:49:28 : Epoch [47/50], Loss: 0.0012, Accuracy: 0.9330, Precision: 0.9720, Recall: 0.8939, Specificity: 0.9734, F1-Score: 0.9313 
21:49:35 : Training Confusion for Epoch 48:
[[1220   11]
 [  11 1210]] 
21:49:36 : Epoch [48/50], Loss: 0.0030, Accuracy: 0.9592, Precision: 0.9673, Recall: 0.9518, Specificity: 0.9668, F1-Score: 0.9595 
21:49:43 : Training Confusion for Epoch 49:
[[1225    6]
 [  12 1209]] 
21:49:43 : Epoch [49/50], Loss: 0.0002, Accuracy: 0.9069, Precision: 0.9847, Recall: 0.8296, Specificity: 0.9867, F1-Score: 0.9005 
21:49:50 : Training Confusion for Epoch 50:
[[1225    6]
 [  11 1210]] 
21:49:51 : Epoch [50/50], Loss: 0.0040, Accuracy: 0.9395, Precision: 0.9628, Recall: 0.9164, Specificity: 0.9635, F1-Score: 0.9390 
21:49:52 : Cross-validation results: 
21:49:52 : Accuracy: 0.9481  0.0256 
21:49:52 : Precision: 0.9557  0.0274 
21:49:52 : Recall: 0.9414  0.0555 
21:49:52 : Specificity: 0.9548  0.0331 
21:49:52 : F1-Score: 0.9470  0.0306 
21:49:52 : Training Loss: 0.0772  0.0474 
21:49:52 : Validation Loss: 0.2046  0.3334 
21:56:41 : GeLU 
21:57:10 : Loaded saved model. 
21:58:39 : Test Loss: 0.3474, Test Accuracy: 0.9648, Test Precision: 0.2385, Test Recall: 0.9810, Test Specificity: 0.9646, Test F1-Score: 0.3837 
