20:56:57 : LSTMnew 
20:57:25 : No saved model found. Training a new model. 
20:57:25 : FOLD 0 
20:57:25 : ---------------------------------- 
20:57:33 : Training Confusion for Epoch 1:
[[1112  106]
 [ 141 1092]] 
20:57:34 : Epoch [1/50], Loss: 0.0087, Accuracy: 0.9299, Precision: 0.9571, Recall: 0.8963, Specificity: 0.9618, F1-Score: 0.9257 
20:57:41 : Training Confusion for Epoch 2:
[[1161   57]
 [  67 1166]] 
20:57:42 : Epoch [2/50], Loss: 0.0035, Accuracy: 0.9021, Precision: 0.9761, Recall: 0.8194, Specificity: 0.9809, F1-Score: 0.8909 
20:57:48 : Training Confusion for Epoch 3:
[[1168   50]
 [  56 1177]] 
20:57:49 : Epoch [3/50], Loss: 0.0066, Accuracy: 0.9413, Precision: 0.9713, Recall: 0.9064, Specificity: 0.9745, F1-Score: 0.9377 
20:57:56 : Training Confusion for Epoch 4:
[[1174   44]
 [  48 1185]] 
20:57:57 : Epoch [4/50], Loss: 0.0053, Accuracy: 0.9608, Precision: 0.9693, Recall: 0.9498, Specificity: 0.9713, F1-Score: 0.9595 
20:58:03 : Training Confusion for Epoch 5:
[[1176   42]
 [  43 1190]] 
20:58:04 : Epoch [5/50], Loss: 0.0054, Accuracy: 0.9445, Precision: 0.9553, Recall: 0.9298, Specificity: 0.9586, F1-Score: 0.9424 
20:58:11 : Training Confusion for Epoch 6:
[[1163   55]
 [  45 1188]] 
20:58:12 : Epoch [6/50], Loss: 0.0052, Accuracy: 0.9543, Precision: 0.9562, Recall: 0.9498, Specificity: 0.9586, F1-Score: 0.9530 
20:58:18 : Training Confusion for Epoch 7:
[[1179   39]
 [  30 1203]] 
20:58:19 : Epoch [7/50], Loss: 0.0019, Accuracy: 0.9445, Precision: 0.9180, Recall: 0.9732, Specificity: 0.9172, F1-Score: 0.9448 
20:58:26 : Training Confusion for Epoch 8:
[[1186   32]
 [  38 1195]] 
20:58:26 : Epoch [8/50], Loss: 0.0068, Accuracy: 0.9364, Precision: 0.8939, Recall: 0.9866, Specificity: 0.8885, F1-Score: 0.9380 
20:58:33 : Training Confusion for Epoch 9:
[[1184   34]
 [  31 1202]] 
20:58:34 : Epoch [9/50], Loss: 0.0012, Accuracy: 0.9527, Precision: 0.9441, Recall: 0.9599, Specificity: 0.9459, F1-Score: 0.9519 
20:58:40 : Training Confusion for Epoch 10:
[[1181   37]
 [  33 1200]] 
20:58:41 : Epoch [10/50], Loss: 0.0070, Accuracy: 0.9560, Precision: 0.9444, Recall: 0.9666, Specificity: 0.9459, F1-Score: 0.9554 
20:58:48 : Training Confusion for Epoch 11:
[[1179   39]
 [  25 1208]] 
20:58:49 : Epoch [11/50], Loss: 0.0055, Accuracy: 0.9396, Precision: 0.8994, Recall: 0.9866, Specificity: 0.8949, F1-Score: 0.9410 
20:58:55 : Training Confusion for Epoch 12:
[[1180   38]
 [  31 1202]] 
20:58:56 : Epoch [12/50], Loss: 0.0041, Accuracy: 0.9527, Precision: 0.9299, Recall: 0.9766, Specificity: 0.9299, F1-Score: 0.9527 
20:59:03 : Training Confusion for Epoch 13:
[[1181   37]
 [  33 1200]] 
20:59:04 : Epoch [13/50], Loss: 0.0015, Accuracy: 0.9543, Precision: 0.9532, Recall: 0.9532, Specificity: 0.9554, F1-Score: 0.9532 
20:59:10 : Training Confusion for Epoch 14:
[[1190   28]
 [  24 1209]] 
20:59:11 : Epoch [14/50], Loss: 0.0132, Accuracy: 0.9511, Precision: 0.9270, Recall: 0.9766, Specificity: 0.9268, F1-Score: 0.9511 
20:59:18 : Training Confusion for Epoch 15:
[[1195   23]
 [  20 1213]] 
20:59:19 : Epoch [15/50], Loss: 0.0110, Accuracy: 0.9625, Precision: 0.9452, Recall: 0.9799, Specificity: 0.9459, F1-Score: 0.9622 
20:59:25 : Training Confusion for Epoch 16:
[[1196   22]
 [  32 1201]] 
20:59:26 : Epoch [16/50], Loss: 0.0047, Accuracy: 0.9527, Precision: 0.9530, Recall: 0.9498, Specificity: 0.9554, F1-Score: 0.9514 
20:59:33 : Training Confusion for Epoch 17:
[[1196   22]
 [  21 1212]] 
20:59:34 : Epoch [17/50], Loss: 0.0030, Accuracy: 0.9478, Precision: 0.9717, Recall: 0.9197, Specificity: 0.9745, F1-Score: 0.9450 
20:59:40 : Training Confusion for Epoch 18:
[[1201   17]
 [  14 1219]] 
20:59:41 : Epoch [18/50], Loss: 0.0022, Accuracy: 0.9641, Precision: 0.9571, Recall: 0.9699, Specificity: 0.9586, F1-Score: 0.9635 
20:59:48 : Training Confusion for Epoch 19:
[[1197   21]
 [  19 1214]] 
20:59:49 : Epoch [19/50], Loss: 0.0017, Accuracy: 0.9135, Precision: 0.9695, Recall: 0.8495, Specificity: 0.9745, F1-Score: 0.9055 
20:59:55 : Training Confusion for Epoch 20:
[[1195   23]
 [  27 1206]] 
20:59:56 : Epoch [20/50], Loss: 0.0010, Accuracy: 0.9511, Precision: 0.9529, Recall: 0.9465, Specificity: 0.9554, F1-Score: 0.9497 
21:00:03 : Training Confusion for Epoch 21:
[[1207   11]
 [  15 1218]] 
21:00:04 : Epoch [21/50], Loss: 0.0127, Accuracy: 0.9576, Precision: 0.9446, Recall: 0.9699, Specificity: 0.9459, F1-Score: 0.9571 
21:00:10 : Training Confusion for Epoch 22:
[[1201   17]
 [  13 1220]] 
21:00:11 : Epoch [22/50], Loss: 0.0039, Accuracy: 0.9608, Precision: 0.9568, Recall: 0.9632, Specificity: 0.9586, F1-Score: 0.9600 
21:00:18 : Training Confusion for Epoch 23:
[[1205   13]
 [  21 1212]] 
21:00:19 : Epoch [23/50], Loss: 0.0013, Accuracy: 0.9445, Precision: 0.9715, Recall: 0.9130, Specificity: 0.9745, F1-Score: 0.9414 
21:00:26 : Training Confusion for Epoch 24:
[[1207   11]
 [   8 1225]] 
21:00:26 : Epoch [24/50], Loss: 0.0006, Accuracy: 0.9641, Precision: 0.9571, Recall: 0.9699, Specificity: 0.9586, F1-Score: 0.9635 
21:00:33 : Training Confusion for Epoch 25:
[[1198   20]
 [  21 1212]] 
21:00:34 : Epoch [25/50], Loss: 0.0012, Accuracy: 0.9560, Precision: 0.9722, Recall: 0.9365, Specificity: 0.9745, F1-Score: 0.9540 
21:00:40 : Training Confusion for Epoch 26:
[[1203   15]
 [  12 1221]] 
21:00:41 : Epoch [26/50], Loss: 0.0005, Accuracy: 0.9511, Precision: 0.9381, Recall: 0.9632, Specificity: 0.9395, F1-Score: 0.9505 
21:00:48 : Training Confusion for Epoch 27:
[[1204   14]
 [  15 1218]] 
21:00:49 : Epoch [27/50], Loss: 0.0095, Accuracy: 0.8793, Precision: 0.8049, Recall: 0.9933, Specificity: 0.7707, F1-Score: 0.8892 
21:00:55 : Training Confusion for Epoch 28:
[[1205   13]
 [  14 1219]] 
21:00:56 : Epoch [28/50], Loss: 0.0011, Accuracy: 0.9331, Precision: 0.9743, Recall: 0.8863, Specificity: 0.9777, F1-Score: 0.9282 
21:01:03 : Training Confusion for Epoch 29:
[[1211    7]
 [  12 1221]] 
21:01:04 : Epoch [29/50], Loss: 0.0008, Accuracy: 0.9592, Precision: 0.9567, Recall: 0.9599, Specificity: 0.9586, F1-Score: 0.9583 
21:01:11 : Training Confusion for Epoch 30:
[[1203   15]
 [  17 1216]] 
21:01:11 : Epoch [30/50], Loss: 0.0059, Accuracy: 0.9608, Precision: 0.9568, Recall: 0.9632, Specificity: 0.9586, F1-Score: 0.9600 
21:01:18 : Training Confusion for Epoch 31:
[[1210    8]
 [  11 1222]] 
21:01:19 : Epoch [31/50], Loss: 0.0031, Accuracy: 0.9560, Precision: 0.9387, Recall: 0.9732, Specificity: 0.9395, F1-Score: 0.9557 
21:01:26 : Training Confusion for Epoch 32:
[[1208   10]
 [  14 1219]] 
21:01:27 : Epoch [32/50], Loss: 0.0016, Accuracy: 0.9608, Precision: 0.9630, Recall: 0.9565, Specificity: 0.9650, F1-Score: 0.9597 
21:01:33 : Training Confusion for Epoch 33:
[[1206   12]
 [  11 1222]] 
21:01:34 : Epoch [33/50], Loss: 0.0010, Accuracy: 0.9608, Precision: 0.9508, Recall: 0.9699, Specificity: 0.9522, F1-Score: 0.9603 
21:01:41 : Training Confusion for Epoch 34:
[[1213    5]
 [   9 1224]] 
21:01:42 : Epoch [34/50], Loss: 0.0025, Accuracy: 0.9527, Precision: 0.9245, Recall: 0.9833, Specificity: 0.9236, F1-Score: 0.9530 
21:01:48 : Training Confusion for Epoch 35:
[[1208   10]
 [  11 1222]] 
21:01:49 : Epoch [35/50], Loss: 0.0125, Accuracy: 0.9494, Precision: 0.9268, Recall: 0.9732, Specificity: 0.9268, F1-Score: 0.9494 
21:01:56 : Training Confusion for Epoch 36:
[[1214    4]
 [   7 1226]] 
21:01:57 : Epoch [36/50], Loss: 0.0029, Accuracy: 0.9380, Precision: 0.9711, Recall: 0.8997, Specificity: 0.9745, F1-Score: 0.9340 
21:02:03 : Training Confusion for Epoch 37:
[[1209    9]
 [  13 1220]] 
21:02:04 : Epoch [37/50], Loss: 0.0041, Accuracy: 0.9641, Precision: 0.9571, Recall: 0.9699, Specificity: 0.9586, F1-Score: 0.9635 
21:02:11 : Training Confusion for Epoch 38:
[[1214    4]
 [   5 1228]] 
21:02:12 : Epoch [38/50], Loss: 0.0043, Accuracy: 0.9641, Precision: 0.9571, Recall: 0.9699, Specificity: 0.9586, F1-Score: 0.9635 
21:02:18 : Training Confusion for Epoch 39:
[[1203   15]
 [  18 1215]] 
21:02:19 : Epoch [39/50], Loss: 0.0016, Accuracy: 0.9690, Precision: 0.9636, Recall: 0.9732, Specificity: 0.9650, F1-Score: 0.9684 
21:02:26 : Training Confusion for Epoch 40:
[[1211    7]
 [   7 1226]] 
21:02:27 : Epoch [40/50], Loss: 0.0023, Accuracy: 0.9576, Precision: 0.9361, Recall: 0.9799, Specificity: 0.9363, F1-Score: 0.9575 
21:02:33 : Training Confusion for Epoch 41:
[[1212    6]
 [  10 1223]] 
21:02:34 : Epoch [41/50], Loss: 0.0065, Accuracy: 0.9608, Precision: 0.9450, Recall: 0.9766, Specificity: 0.9459, F1-Score: 0.9605 
21:02:41 : Training Confusion for Epoch 42:
[[1207   11]
 [  20 1213]] 
21:02:42 : Epoch [42/50], Loss: 0.0036, Accuracy: 0.9641, Precision: 0.9632, Recall: 0.9632, Specificity: 0.9650, F1-Score: 0.9632 
21:02:48 : Training Confusion for Epoch 43:
[[1215    3]
 [   4 1229]] 
21:02:49 : Epoch [43/50], Loss: 0.0048, Accuracy: 0.9641, Precision: 0.9571, Recall: 0.9699, Specificity: 0.9586, F1-Score: 0.9635 
21:02:56 : Training Confusion for Epoch 44:
[[1204   14]
 [  16 1217]] 
21:02:57 : Epoch [44/50], Loss: 0.0034, Accuracy: 0.9592, Precision: 0.9660, Recall: 0.9498, Specificity: 0.9682, F1-Score: 0.9578 
21:03:03 : Training Confusion for Epoch 45:
[[1212    6]
 [   9 1224]] 
21:03:04 : Epoch [45/50], Loss: 0.0019, Accuracy: 0.9608, Precision: 0.9630, Recall: 0.9565, Specificity: 0.9650, F1-Score: 0.9597 
21:03:11 : Training Confusion for Epoch 46:
[[1210    8]
 [  10 1223]] 
21:03:12 : Epoch [46/50], Loss: 0.0008, Accuracy: 0.9494, Precision: 0.9685, Recall: 0.9264, Specificity: 0.9713, F1-Score: 0.9470 
21:03:18 : Training Confusion for Epoch 47:
[[1215    3]
 [   6 1227]] 
21:03:19 : Epoch [47/50], Loss: 0.0066, Accuracy: 0.9494, Precision: 0.9161, Recall: 0.9866, Specificity: 0.9140, F1-Score: 0.9501 
21:03:26 : Training Confusion for Epoch 48:
[[1214    4]
 [   8 1225]] 
21:03:27 : Epoch [48/50], Loss: 0.0067, Accuracy: 0.9103, Precision: 0.9586, Recall: 0.8528, Specificity: 0.9650, F1-Score: 0.9027 
21:03:33 : Training Confusion for Epoch 49:
[[1214    4]
 [   6 1227]] 
21:03:34 : Epoch [49/50], Loss: 0.0023, Accuracy: 0.9380, Precision: 0.9677, Recall: 0.9030, Specificity: 0.9713, F1-Score: 0.9343 
21:03:41 : Training Confusion for Epoch 50:
[[1217    1]
 [   5 1228]] 
21:03:42 : Epoch [50/50], Loss: 0.0027, Accuracy: 0.9608, Precision: 0.9568, Recall: 0.9632, Specificity: 0.9586, F1-Score: 0.9600 
21:03:43 : FOLD 1 
21:03:43 : ---------------------------------- 
21:03:50 : Training Confusion for Epoch 1:
[[1133  108]
 [ 127 1083]] 
21:03:50 : Epoch [1/50], Loss: 0.1033, Accuracy: 0.9445, Precision: 0.9235, Recall: 0.9752, Specificity: 0.9107, F1-Score: 0.9486 
21:03:57 : Training Confusion for Epoch 2:
[[1175   66]
 [  69 1141]] 
21:03:58 : Epoch [2/50], Loss: 0.0088, Accuracy: 0.9217, Precision: 0.9724, Recall: 0.8758, Specificity: 0.9725, F1-Score: 0.9216 
21:04:05 : Training Confusion for Epoch 3:
[[1178   63]
 [  45 1165]] 
21:04:06 : Epoch [3/50], Loss: 0.0399, Accuracy: 0.9527, Precision: 0.9347, Recall: 0.9783, Specificity: 0.9244, F1-Score: 0.9560 
21:04:12 : Training Confusion for Epoch 4:
[[1196   45]
 [  50 1160]] 
21:04:13 : Epoch [4/50], Loss: 0.0091, Accuracy: 0.9576, Precision: 0.9596, Recall: 0.9596, Specificity: 0.9553, F1-Score: 0.9596 
21:04:20 : Training Confusion for Epoch 5:
[[1200   41]
 [  45 1165]] 
21:04:21 : Epoch [5/50], Loss: 0.0144, Accuracy: 0.9560, Precision: 0.9624, Recall: 0.9534, Specificity: 0.9588, F1-Score: 0.9579 
21:04:27 : Training Confusion for Epoch 6:
[[1198   43]
 [  31 1179]] 
21:04:28 : Epoch [6/50], Loss: 0.0270, Accuracy: 0.9331, Precision: 0.9049, Recall: 0.9752, Specificity: 0.8866, F1-Score: 0.9387 
21:04:35 : Training Confusion for Epoch 7:
[[1206   35]
 [  37 1173]] 
21:04:36 : Epoch [7/50], Loss: 0.0036, Accuracy: 0.9576, Precision: 0.9684, Recall: 0.9503, Specificity: 0.9656, F1-Score: 0.9592 
21:04:42 : Training Confusion for Epoch 8:
[[1200   41]
 [  35 1175]] 
21:04:43 : Epoch [8/50], Loss: 0.0074, Accuracy: 0.9560, Precision: 0.9653, Recall: 0.9503, Specificity: 0.9622, F1-Score: 0.9577 
21:04:50 : Training Confusion for Epoch 9:
[[1203   38]
 [  30 1180]] 
21:04:51 : Epoch [9/50], Loss: 0.0088, Accuracy: 0.9527, Precision: 0.9399, Recall: 0.9720, Specificity: 0.9313, F1-Score: 0.9557 
21:04:57 : Training Confusion for Epoch 10:
[[1201   40]
 [  34 1176]] 
21:04:58 : Epoch [10/50], Loss: 0.0057, Accuracy: 0.9576, Precision: 0.9458, Recall: 0.9752, Specificity: 0.9381, F1-Score: 0.9602 
21:05:05 : Training Confusion for Epoch 11:
[[1204   37]
 [  28 1182]] 
21:05:06 : Epoch [11/50], Loss: 0.0106, Accuracy: 0.9625, Precision: 0.9544, Recall: 0.9752, Specificity: 0.9485, F1-Score: 0.9647 
21:05:12 : Training Confusion for Epoch 12:
[[1212   29]
 [  25 1185]] 
21:05:13 : Epoch [12/50], Loss: 0.0037, Accuracy: 0.9527, Precision: 0.9621, Recall: 0.9472, Specificity: 0.9588, F1-Score: 0.9546 
21:05:20 : Training Confusion for Epoch 13:
[[1217   24]
 [  19 1191]] 
21:05:21 : Epoch [13/50], Loss: 0.0008, Accuracy: 0.9576, Precision: 0.9596, Recall: 0.9596, Specificity: 0.9553, F1-Score: 0.9596 
21:05:28 : Training Confusion for Epoch 14:
[[1213   28]
 [  18 1192]] 
21:05:28 : Epoch [14/50], Loss: 0.0019, Accuracy: 0.9445, Precision: 0.9800, Recall: 0.9130, Specificity: 0.9794, F1-Score: 0.9453 
21:05:35 : Training Confusion for Epoch 15:
[[1210   31]
 [  27 1183]] 
21:05:36 : Epoch [15/50], Loss: 0.0003, Accuracy: 0.9152, Precision: 0.9787, Recall: 0.8571, Specificity: 0.9794, F1-Score: 0.9139 
21:05:43 : Training Confusion for Epoch 16:
[[1217   24]
 [  24 1186]] 
21:05:44 : Epoch [16/50], Loss: 0.0010, Accuracy: 0.9070, Precision: 0.9749, Recall: 0.8447, Specificity: 0.9759, F1-Score: 0.9052 
21:05:50 : Training Confusion for Epoch 17:
[[1212   29]
 [  29 1181]] 
21:05:51 : Epoch [17/50], Loss: 0.0034, Accuracy: 0.9364, Precision: 0.9829, Recall: 0.8944, Specificity: 0.9828, F1-Score: 0.9366 
21:05:58 : Training Confusion for Epoch 18:
[[1215   26]
 [  23 1187]] 
21:05:59 : Epoch [18/50], Loss: 0.0058, Accuracy: 0.9608, Precision: 0.9435, Recall: 0.9845, Specificity: 0.9347, F1-Score: 0.9635 
21:06:05 : Training Confusion for Epoch 19:
[[1212   29]
 [  27 1183]] 
21:06:06 : Epoch [19/50], Loss: 0.0005, Accuracy: 0.9135, Precision: 0.9786, Recall: 0.8540, Specificity: 0.9794, F1-Score: 0.9121 
21:06:13 : Training Confusion for Epoch 20:
[[1217   24]
 [  26 1184]] 
21:06:14 : Epoch [20/50], Loss: 0.0062, Accuracy: 0.9641, Precision: 0.9545, Recall: 0.9783, Specificity: 0.9485, F1-Score: 0.9663 
21:06:20 : Training Confusion for Epoch 21:
[[1222   19]
 [  18 1192]] 
21:06:21 : Epoch [21/50], Loss: 0.0029, Accuracy: 0.9576, Precision: 0.9684, Recall: 0.9503, Specificity: 0.9656, F1-Score: 0.9592 
21:06:28 : Training Confusion for Epoch 22:
[[1219   22]
 [  20 1190]] 
21:06:29 : Epoch [22/50], Loss: 0.0021, Accuracy: 0.9576, Precision: 0.9540, Recall: 0.9658, Specificity: 0.9485, F1-Score: 0.9599 
21:06:35 : Training Confusion for Epoch 23:
[[1223   18]
 [  15 1195]] 
21:06:36 : Epoch [23/50], Loss: 0.0022, Accuracy: 0.9527, Precision: 0.9711, Recall: 0.9379, Specificity: 0.9691, F1-Score: 0.9542 
21:06:43 : Training Confusion for Epoch 24:
[[1226   15]
 [  13 1197]] 
21:06:44 : Epoch [24/50], Loss: 0.0170, Accuracy: 0.9625, Precision: 0.9544, Recall: 0.9752, Specificity: 0.9485, F1-Score: 0.9647 
21:06:51 : Training Confusion for Epoch 25:
[[1226   15]
 [  12 1198]] 
21:06:51 : Epoch [25/50], Loss: 0.0024, Accuracy: 0.9494, Precision: 0.9678, Recall: 0.9348, Specificity: 0.9656, F1-Score: 0.9510 
21:06:58 : Training Confusion for Epoch 26:
[[1225   16]
 [  17 1193]] 
21:06:59 : Epoch [26/50], Loss: 0.0104, Accuracy: 0.9625, Precision: 0.9544, Recall: 0.9752, Specificity: 0.9485, F1-Score: 0.9647 
21:07:06 : Training Confusion for Epoch 27:
[[1223   18]
 [  22 1188]] 
21:07:06 : Epoch [27/50], Loss: 0.0019, Accuracy: 0.9299, Precision: 0.9794, Recall: 0.8851, Specificity: 0.9794, F1-Score: 0.9299 
21:07:13 : Training Confusion for Epoch 28:
[[1227   14]
 [  10 1200]] 
21:07:14 : Epoch [28/50], Loss: 0.0016, Accuracy: 0.9527, Precision: 0.9453, Recall: 0.9658, Specificity: 0.9381, F1-Score: 0.9555 
21:07:21 : Training Confusion for Epoch 29:
[[1225   16]
 [  15 1195]] 
21:07:22 : Epoch [29/50], Loss: 0.0112, Accuracy: 0.9560, Precision: 0.9456, Recall: 0.9720, Specificity: 0.9381, F1-Score: 0.9587 
21:07:28 : Training Confusion for Epoch 30:
[[1228   13]
 [  16 1194]] 
21:07:29 : Epoch [30/50], Loss: 0.0018, Accuracy: 0.9217, Precision: 0.9790, Recall: 0.8696, Specificity: 0.9794, F1-Score: 0.9211 
21:07:36 : Training Confusion for Epoch 31:
[[1230   11]
 [  15 1195]] 
21:07:37 : Epoch [31/50], Loss: 0.0028, Accuracy: 0.9592, Precision: 0.9744, Recall: 0.9472, Specificity: 0.9725, F1-Score: 0.9606 
21:07:43 : Training Confusion for Epoch 32:
[[1232    9]
 [  11 1199]] 
21:07:44 : Epoch [32/50], Loss: 0.0016, Accuracy: 0.9576, Precision: 0.9596, Recall: 0.9596, Specificity: 0.9553, F1-Score: 0.9596 
21:07:51 : Training Confusion for Epoch 33:
[[1233    8]
 [  10 1200]] 
21:07:52 : Epoch [33/50], Loss: 0.0020, Accuracy: 0.9641, Precision: 0.9688, Recall: 0.9627, Specificity: 0.9656, F1-Score: 0.9657 
21:07:58 : Training Confusion for Epoch 34:
[[1229   12]
 [  11 1199]] 
21:07:59 : Epoch [34/50], Loss: 0.0008, Accuracy: 0.9608, Precision: 0.9543, Recall: 0.9720, Specificity: 0.9485, F1-Score: 0.9631 
21:08:06 : Training Confusion for Epoch 35:
[[1229   12]
 [  13 1197]] 
21:08:07 : Epoch [35/50], Loss: 0.0005, Accuracy: 0.9413, Precision: 0.9767, Recall: 0.9099, Specificity: 0.9759, F1-Score: 0.9421 
21:08:13 : Training Confusion for Epoch 36:
[[1228   13]
 [  13 1197]] 
21:08:14 : Epoch [36/50], Loss: 0.0037, Accuracy: 0.9657, Precision: 0.9574, Recall: 0.9783, Specificity: 0.9519, F1-Score: 0.9677 
21:08:21 : Training Confusion for Epoch 37:
[[1237    4]
 [   8 1202]] 
21:08:22 : Epoch [37/50], Loss: 0.0011, Accuracy: 0.9592, Precision: 0.9714, Recall: 0.9503, Specificity: 0.9691, F1-Score: 0.9608 
21:08:28 : Training Confusion for Epoch 38:
[[1238    3]
 [   7 1203]] 
21:08:29 : Epoch [38/50], Loss: 0.0123, Accuracy: 0.9608, Precision: 0.9461, Recall: 0.9814, Specificity: 0.9381, F1-Score: 0.9634 
21:08:36 : Training Confusion for Epoch 39:
[[1240    1]
 [   4 1206]] 
21:08:37 : Epoch [39/50], Loss: 0.0007, Accuracy: 0.9625, Precision: 0.9600, Recall: 0.9689, Specificity: 0.9553, F1-Score: 0.9645 
21:08:43 : Training Confusion for Epoch 40:
[[1240    1]
 [   4 1206]] 
21:08:44 : Epoch [40/50], Loss: 0.0137, Accuracy: 0.9592, Precision: 0.9459, Recall: 0.9783, Specificity: 0.9381, F1-Score: 0.9618 
21:08:51 : Training Confusion for Epoch 41:
[[1233    8]
 [  13 1197]] 
21:08:52 : Epoch [41/50], Loss: 0.0025, Accuracy: 0.9641, Precision: 0.9491, Recall: 0.9845, Specificity: 0.9416, F1-Score: 0.9665 
21:08:58 : Training Confusion for Epoch 42:
[[1230   11]
 [  11 1199]] 
21:08:59 : Epoch [42/50], Loss: 0.0040, Accuracy: 0.9641, Precision: 0.9545, Recall: 0.9783, Specificity: 0.9485, F1-Score: 0.9663 
21:09:06 : Training Confusion for Epoch 43:
[[1234    7]
 [   8 1202]] 
21:09:07 : Epoch [43/50], Loss: 0.0008, Accuracy: 0.9543, Precision: 0.9712, Recall: 0.9410, Specificity: 0.9691, F1-Score: 0.9558 
21:09:14 : Training Confusion for Epoch 44:
[[1231   10]
 [   9 1201]] 
21:09:14 : Epoch [44/50], Loss: 0.0063, Accuracy: 0.9641, Precision: 0.9491, Recall: 0.9845, Specificity: 0.9416, F1-Score: 0.9665 
21:09:21 : Training Confusion for Epoch 45:
[[1239    2]
 [   4 1206]] 
21:09:22 : Epoch [45/50], Loss: 0.0051, Accuracy: 0.9543, Precision: 0.9298, Recall: 0.9876, Specificity: 0.9175, F1-Score: 0.9578 
21:09:29 : Training Confusion for Epoch 46:
[[1235    6]
 [  10 1200]] 
21:09:30 : Epoch [46/50], Loss: 0.0045, Accuracy: 0.9527, Precision: 0.9621, Recall: 0.9472, Specificity: 0.9588, F1-Score: 0.9546 
21:09:36 : Training Confusion for Epoch 47:
[[1235    6]
 [   8 1202]] 
21:09:37 : Epoch [47/50], Loss: 0.0007, Accuracy: 0.9445, Precision: 0.9737, Recall: 0.9193, Specificity: 0.9725, F1-Score: 0.9457 
21:09:44 : Training Confusion for Epoch 48:
[[1238    3]
 [   8 1202]] 
21:09:45 : Epoch [48/50], Loss: 0.0017, Accuracy: 0.9657, Precision: 0.9659, Recall: 0.9689, Specificity: 0.9622, F1-Score: 0.9674 
21:09:51 : Training Confusion for Epoch 49:
[[1232    9]
 [  14 1196]] 
21:09:52 : Epoch [49/50], Loss: 0.0063, Accuracy: 0.9657, Precision: 0.9493, Recall: 0.9876, Specificity: 0.9416, F1-Score: 0.9680 
21:09:59 : Training Confusion for Epoch 50:
[[1238    3]
 [   4 1206]] 
21:10:00 : Epoch [50/50], Loss: 0.0006, Accuracy: 0.9543, Precision: 0.9537, Recall: 0.9596, Specificity: 0.9485, F1-Score: 0.9567 
21:10:00 : FOLD 2 
21:10:00 : ---------------------------------- 
21:10:07 : Training Confusion for Epoch 1:
[[1103  118]
 [ 134 1096]] 
21:10:08 : Epoch [1/50], Loss: 0.0075, Accuracy: 0.8956, Precision: 0.9917, Recall: 0.7947, Specificity: 0.9936, F1-Score: 0.8824 
21:10:15 : Training Confusion for Epoch 2:
[[1162   59]
 [  68 1162]] 
21:10:15 : Epoch [2/50], Loss: 0.0128, Accuracy: 0.9494, Precision: 0.9822, Recall: 0.9139, Specificity: 0.9839, F1-Score: 0.9468 
21:10:22 : Training Confusion for Epoch 3:
[[1162   59]
 [  58 1172]] 
21:10:23 : Epoch [3/50], Loss: 0.0320, Accuracy: 0.9413, Precision: 0.9854, Recall: 0.8940, Specificity: 0.9871, F1-Score: 0.9375 
21:10:30 : Training Confusion for Epoch 4:
[[1178   43]
 [  51 1179]] 
21:10:31 : Epoch [4/50], Loss: 0.0302, Accuracy: 0.9608, Precision: 0.9728, Recall: 0.9470, Specificity: 0.9743, F1-Score: 0.9597 
21:10:37 : Training Confusion for Epoch 5:
[[1177   44]
 [  45 1185]] 
21:10:38 : Epoch [5/50], Loss: 0.0115, Accuracy: 0.8515, Precision: 0.9907, Recall: 0.7053, Specificity: 0.9936, F1-Score: 0.8240 
21:10:45 : Training Confusion for Epoch 6:
[[1175   46]
 [  40 1190]] 
21:10:46 : Epoch [6/50], Loss: 0.3969, Accuracy: 0.9674, Precision: 0.9490, Recall: 0.9868, Specificity: 0.9486, F1-Score: 0.9675 
21:10:52 : Training Confusion for Epoch 7:
[[1182   39]
 [  43 1187]] 
21:10:53 : Epoch [7/50], Loss: 0.4886, Accuracy: 0.9282, Precision: 0.8750, Recall: 0.9967, Specificity: 0.8617, F1-Score: 0.9319 
21:11:00 : Training Confusion for Epoch 8:
[[1188   33]
 [  32 1198]] 
21:11:01 : Epoch [8/50], Loss: 0.2641, Accuracy: 0.9674, Precision: 0.9519, Recall: 0.9834, Specificity: 0.9518, F1-Score: 0.9674 
21:11:07 : Training Confusion for Epoch 9:
[[1180   41]
 [  39 1191]] 
21:11:08 : Epoch [9/50], Loss: 0.0355, Accuracy: 0.9462, Precision: 0.9856, Recall: 0.9040, Specificity: 0.9871, F1-Score: 0.9430 
21:11:15 : Training Confusion for Epoch 10:
[[1186   35]
 [  28 1202]] 
21:11:16 : Epoch [10/50], Loss: 0.2468, Accuracy: 0.9560, Precision: 0.9205, Recall: 0.9967, Specificity: 0.9164, F1-Score: 0.9571 
21:11:22 : Training Confusion for Epoch 11:
[[1186   35]
 [  27 1203]] 
21:11:23 : Epoch [11/50], Loss: 0.3584, Accuracy: 0.9674, Precision: 0.9462, Recall: 0.9901, Specificity: 0.9453, F1-Score: 0.9676 
21:11:30 : Training Confusion for Epoch 12:
[[1193   28]
 [  32 1198]] 
21:11:31 : Epoch [12/50], Loss: 0.0472, Accuracy: 0.9674, Precision: 0.9796, Recall: 0.9536, Specificity: 0.9807, F1-Score: 0.9664 
21:11:37 : Training Confusion for Epoch 13:
[[1188   33]
 [  28 1202]] 
21:11:38 : Epoch [13/50], Loss: 0.3312, Accuracy: 0.9690, Precision: 0.9436, Recall: 0.9967, Specificity: 0.9421, F1-Score: 0.9694 
21:11:45 : Training Confusion for Epoch 14:
[[1194   27]
 [  25 1205]] 
21:11:46 : Epoch [14/50], Loss: 0.0131, Accuracy: 0.8891, Precision: 0.9875, Recall: 0.7848, Specificity: 0.9904, F1-Score: 0.8745 
21:11:52 : Training Confusion for Epoch 15:
[[1192   29]
 [  23 1207]] 
21:11:53 : Epoch [15/50], Loss: 0.1296, Accuracy: 0.9674, Precision: 0.9700, Recall: 0.9636, Specificity: 0.9711, F1-Score: 0.9668 
21:12:00 : Training Confusion for Epoch 16:
[[1190   31]
 [  27 1203]] 
21:12:01 : Epoch [16/50], Loss: 0.0061, Accuracy: 0.8189, Precision: 0.9848, Recall: 0.6424, Specificity: 0.9904, F1-Score: 0.7776 
21:12:07 : Training Confusion for Epoch 17:
[[1192   29]
 [  29 1201]] 
21:12:08 : Epoch [17/50], Loss: 0.4328, Accuracy: 0.9413, Precision: 0.8958, Recall: 0.9967, Specificity: 0.8875, F1-Score: 0.9436 
21:12:15 : Training Confusion for Epoch 18:
[[1197   24]
 [  32 1198]] 
21:12:16 : Epoch [18/50], Loss: 0.0438, Accuracy: 0.9103, Precision: 0.9805, Recall: 0.8344, Specificity: 0.9839, F1-Score: 0.9016 
21:12:22 : Training Confusion for Epoch 19:
[[1203   18]
 [  15 1215]] 
21:12:23 : Epoch [19/50], Loss: 0.1589, Accuracy: 0.9706, Precision: 0.9494, Recall: 0.9934, Specificity: 0.9486, F1-Score: 0.9709 
21:12:30 : Training Confusion for Epoch 20:
[[1204   17]
 [  21 1209]] 
21:12:31 : Epoch [20/50], Loss: 0.0597, Accuracy: 0.9739, Precision: 0.9613, Recall: 0.9868, Specificity: 0.9614, F1-Score: 0.9739 
21:12:38 : Training Confusion for Epoch 21:
[[1207   14]
 [  18 1212]] 
21:12:38 : Epoch [21/50], Loss: 0.0056, Accuracy: 0.9299, Precision: 0.9850, Recall: 0.8709, Specificity: 0.9871, F1-Score: 0.9244 
21:12:45 : Training Confusion for Epoch 22:
[[1204   17]
 [  21 1209]] 
21:12:46 : Epoch [22/50], Loss: 0.0739, Accuracy: 0.9690, Precision: 0.9732, Recall: 0.9636, Specificity: 0.9743, F1-Score: 0.9684 
21:12:53 : Training Confusion for Epoch 23:
[[1213    8]
 [  11 1219]] 
21:12:53 : Epoch [23/50], Loss: 0.0154, Accuracy: 0.9543, Precision: 0.9824, Recall: 0.9238, Specificity: 0.9839, F1-Score: 0.9522 
21:13:00 : Training Confusion for Epoch 24:
[[1204   17]
 [  16 1214]] 
21:13:01 : Epoch [24/50], Loss: 0.0968, Accuracy: 0.9804, Precision: 0.9708, Recall: 0.9901, Specificity: 0.9711, F1-Score: 0.9803 
21:13:08 : Training Confusion for Epoch 25:
[[1213    8]
 [  10 1220]] 
21:13:08 : Epoch [25/50], Loss: 0.3126, Accuracy: 0.9657, Precision: 0.9668, Recall: 0.9636, Specificity: 0.9678, F1-Score: 0.9652 
21:13:15 : Training Confusion for Epoch 26:
[[1197   24]
 [  20 1210]] 
21:13:16 : Epoch [26/50], Loss: 0.2795, Accuracy: 0.9282, Precision: 0.8750, Recall: 0.9967, Specificity: 0.8617, F1-Score: 0.9319 
21:13:23 : Training Confusion for Epoch 27:
[[1204   17]
 [  15 1215]] 
21:13:24 : Epoch [27/50], Loss: 0.1928, Accuracy: 0.9657, Precision: 0.9377, Recall: 0.9967, Specificity: 0.9357, F1-Score: 0.9663 
21:13:30 : Training Confusion for Epoch 28:
[[1207   14]
 [  18 1212]] 
21:13:31 : Epoch [28/50], Loss: 0.0025, Accuracy: 0.9592, Precision: 0.9663, Recall: 0.9503, Specificity: 0.9678, F1-Score: 0.9583 
21:13:38 : Training Confusion for Epoch 29:
[[1206   15]
 [  17 1213]] 
21:13:39 : Epoch [29/50], Loss: 0.1107, Accuracy: 0.9755, Precision: 0.9585, Recall: 0.9934, Specificity: 0.9582, F1-Score: 0.9756 
21:13:45 : Training Confusion for Epoch 30:
[[1210   11]
 [  16 1214]] 
21:13:46 : Epoch [30/50], Loss: 0.0168, Accuracy: 0.9364, Precision: 0.9782, Recall: 0.8907, Specificity: 0.9807, F1-Score: 0.9324 
21:13:53 : Training Confusion for Epoch 31:
[[1210   11]
 [  14 1216]] 
21:13:54 : Epoch [31/50], Loss: 0.3205, Accuracy: 0.9657, Precision: 0.9377, Recall: 0.9967, Specificity: 0.9357, F1-Score: 0.9663 
21:14:00 : Training Confusion for Epoch 32:
[[1214    7]
 [  12 1218]] 
21:14:01 : Epoch [32/50], Loss: 0.0608, Accuracy: 0.9739, Precision: 0.9673, Recall: 0.9801, Specificity: 0.9678, F1-Score: 0.9737 
21:14:08 : Training Confusion for Epoch 33:
[[1214    7]
 [  11 1219]] 
21:14:09 : Epoch [33/50], Loss: 0.1662, Accuracy: 0.9788, Precision: 0.9707, Recall: 0.9868, Specificity: 0.9711, F1-Score: 0.9787 
21:14:15 : Training Confusion for Epoch 34:
[[1216    5]
 [   8 1222]] 
21:14:16 : Epoch [34/50], Loss: 0.5914, Accuracy: 0.9739, Precision: 0.9525, Recall: 0.9967, Specificity: 0.9518, F1-Score: 0.9741 
21:14:23 : Training Confusion for Epoch 35:
[[1209   12]
 [  16 1214]] 
21:14:24 : Epoch [35/50], Loss: 0.2311, Accuracy: 0.9706, Precision: 0.9465, Recall: 0.9967, Specificity: 0.9453, F1-Score: 0.9710 
21:14:30 : Training Confusion for Epoch 36:
[[1210   11]
 [  15 1215]] 
21:14:31 : Epoch [36/50], Loss: 0.0057, Accuracy: 0.9723, Precision: 0.9703, Recall: 0.9735, Specificity: 0.9711, F1-Score: 0.9719 
21:14:38 : Training Confusion for Epoch 37:
[[1216    5]
 [   6 1224]] 
21:14:39 : Epoch [37/50], Loss: 0.0077, Accuracy: 0.9657, Precision: 0.9862, Recall: 0.9437, Specificity: 0.9871, F1-Score: 0.9645 
21:14:46 : Training Confusion for Epoch 38:
[[1218    3]
 [   6 1224]] 
21:14:46 : Epoch [38/50], Loss: 0.0042, Accuracy: 0.8140, Precision: 0.9845, Recall: 0.6325, Specificity: 0.9904, F1-Score: 0.7702 
21:14:53 : Training Confusion for Epoch 39:
[[1212    9]
 [  14 1216]] 
21:14:54 : Epoch [39/50], Loss: 0.3177, Accuracy: 0.9706, Precision: 0.9551, Recall: 0.9868, Specificity: 0.9550, F1-Score: 0.9707 
21:15:01 : Training Confusion for Epoch 40:
[[1208   13]
 [  15 1215]] 
21:15:02 : Epoch [40/50], Loss: 0.4472, Accuracy: 0.9690, Precision: 0.9609, Recall: 0.9768, Specificity: 0.9614, F1-Score: 0.9688 
21:15:08 : Training Confusion for Epoch 41:
[[1215    6]
 [  11 1219]] 
21:15:09 : Epoch [41/50], Loss: 0.0060, Accuracy: 0.9690, Precision: 0.9732, Recall: 0.9636, Specificity: 0.9743, F1-Score: 0.9684 
21:15:16 : Training Confusion for Epoch 42:
[[1216    5]
 [  10 1220]] 
21:15:17 : Epoch [42/50], Loss: 0.0055, Accuracy: 0.9706, Precision: 0.9702, Recall: 0.9702, Specificity: 0.9711, F1-Score: 0.9702 
21:15:23 : Training Confusion for Epoch 43:
[[1211   10]
 [  12 1218]] 
21:15:24 : Epoch [43/50], Loss: 0.0458, Accuracy: 0.9690, Precision: 0.9764, Recall: 0.9603, Specificity: 0.9775, F1-Score: 0.9683 
21:15:31 : Training Confusion for Epoch 44:
[[1215    6]
 [   7 1223]] 
21:15:32 : Epoch [44/50], Loss: 0.9436, Accuracy: 0.9641, Precision: 0.9348, Recall: 0.9967, Specificity: 0.9325, F1-Score: 0.9647 
21:15:38 : Training Confusion for Epoch 45:
[[1216    5]
 [   8 1222]] 
21:15:39 : Epoch [45/50], Loss: 1.9576, Accuracy: 0.8825, Precision: 0.8091, Recall: 0.9967, Specificity: 0.7717, F1-Score: 0.8932 
21:15:46 : Training Confusion for Epoch 46:
[[1212    9]
 [  16 1214]] 
21:15:47 : Epoch [46/50], Loss: 0.0086, Accuracy: 0.9592, Precision: 0.9792, Recall: 0.9371, Specificity: 0.9807, F1-Score: 0.9577 
21:15:53 : Training Confusion for Epoch 47:
[[1216    5]
 [  10 1220]] 
21:15:54 : Epoch [47/50], Loss: 0.1574, Accuracy: 0.9674, Precision: 0.9490, Recall: 0.9868, Specificity: 0.9486, F1-Score: 0.9675 
21:16:01 : Training Confusion for Epoch 48:
[[1217    4]
 [   7 1223]] 
21:16:02 : Epoch [48/50], Loss: 0.0695, Accuracy: 0.9576, Precision: 0.9233, Recall: 0.9967, Specificity: 0.9196, F1-Score: 0.9586 
21:16:08 : Training Confusion for Epoch 49:
[[1218    3]
 [   6 1224]] 
21:16:09 : Epoch [49/50], Loss: 0.0379, Accuracy: 0.9706, Precision: 0.9863, Recall: 0.9536, Specificity: 0.9871, F1-Score: 0.9697 
21:16:16 : Training Confusion for Epoch 50:
[[1206   15]
 [  18 1212]] 
21:16:17 : Epoch [50/50], Loss: 0.8778, Accuracy: 0.9706, Precision: 0.9465, Recall: 0.9967, Specificity: 0.9453, F1-Score: 0.9710 
21:16:18 : FOLD 3 
21:16:18 : ---------------------------------- 
21:16:24 : Training Confusion for Epoch 1:
[[1093  139]
 [ 133 1086]] 
21:16:25 : Epoch [1/50], Loss: 0.0092, Accuracy: 0.7928, Precision: 0.9947, Recall: 0.5974, Specificity: 0.9967, F1-Score: 0.7465 
21:16:32 : Training Confusion for Epoch 2:
[[1167   65]
 [  66 1153]] 
21:16:33 : Epoch [2/50], Loss: 0.0105, Accuracy: 0.9576, Precision: 0.9767, Recall: 0.9393, Specificity: 0.9767, F1-Score: 0.9577 
21:16:39 : Training Confusion for Epoch 3:
[[1177   55]
 [  56 1163]] 
21:16:40 : Epoch [3/50], Loss: 0.0156, Accuracy: 0.9543, Precision: 0.9798, Recall: 0.9297, Specificity: 0.9800, F1-Score: 0.9541 
21:16:47 : Training Confusion for Epoch 4:
[[1181   51]
 [  41 1178]] 
21:16:48 : Epoch [4/50], Loss: 0.1345, Accuracy: 0.9608, Precision: 0.9558, Recall: 0.9681, Specificity: 0.9533, F1-Score: 0.9619 
21:16:55 : Training Confusion for Epoch 5:
[[1185   47]
 [  49 1170]] 
21:16:55 : Epoch [5/50], Loss: 0.0109, Accuracy: 0.9478, Precision: 0.9607, Recall: 0.9361, Specificity: 0.9600, F1-Score: 0.9482 
21:17:02 : Training Confusion for Epoch 6:
[[1182   50]
 [  50 1169]] 
21:17:03 : Epoch [6/50], Loss: 0.0107, Accuracy: 0.9657, Precision: 0.9740, Recall: 0.9585, Specificity: 0.9733, F1-Score: 0.9662 
21:17:10 : Training Confusion for Epoch 7:
[[1195   37]
 [  26 1193]] 
21:17:11 : Epoch [7/50], Loss: 0.0077, Accuracy: 0.9347, Precision: 0.9823, Recall: 0.8882, Specificity: 0.9833, F1-Score: 0.9329 
21:17:17 : Training Confusion for Epoch 8:
[[1190   42]
 [  40 1179]] 
21:17:18 : Epoch [8/50], Loss: 0.0189, Accuracy: 0.9625, Precision: 0.9647, Recall: 0.9617, Specificity: 0.9633, F1-Score: 0.9632 
21:17:25 : Training Confusion for Epoch 9:
[[1193   39]
 [  31 1188]] 
21:17:26 : Epoch [9/50], Loss: 0.0314, Accuracy: 0.9641, Precision: 0.9619, Recall: 0.9681, Specificity: 0.9600, F1-Score: 0.9650 
21:17:32 : Training Confusion for Epoch 10:
[[1201   31]
 [  24 1195]] 
21:17:33 : Epoch [10/50], Loss: 0.0112, Accuracy: 0.9706, Precision: 0.9653, Recall: 0.9776, Specificity: 0.9633, F1-Score: 0.9714 
21:17:40 : Training Confusion for Epoch 11:
[[1196   36]
 [  25 1194]] 
21:17:41 : Epoch [11/50], Loss: 0.0266, Accuracy: 0.9674, Precision: 0.9536, Recall: 0.9840, Specificity: 0.9500, F1-Score: 0.9686 
21:17:47 : Training Confusion for Epoch 12:
[[1206   26]
 [  18 1201]] 
21:17:48 : Epoch [12/50], Loss: 0.0055, Accuracy: 0.9674, Precision: 0.9651, Recall: 0.9712, Specificity: 0.9633, F1-Score: 0.9682 
21:17:55 : Training Confusion for Epoch 13:
[[1195   37]
 [  29 1190]] 
21:17:56 : Epoch [13/50], Loss: 0.0066, Accuracy: 0.9625, Precision: 0.9770, Recall: 0.9489, Specificity: 0.9767, F1-Score: 0.9627 
21:18:02 : Training Confusion for Epoch 14:
[[1202   30]
 [  23 1196]] 
21:18:03 : Epoch [14/50], Loss: 0.0108, Accuracy: 0.9657, Precision: 0.9620, Recall: 0.9712, Specificity: 0.9600, F1-Score: 0.9666 
21:18:10 : Training Confusion for Epoch 15:
[[1214   18]
 [  18 1201]] 
21:18:11 : Epoch [15/50], Loss: 0.2415, Accuracy: 0.9282, Precision: 0.8789, Recall: 0.9968, Specificity: 0.8567, F1-Score: 0.9341 
21:18:17 : Training Confusion for Epoch 16:
[[1205   27]
 [  17 1202]] 
21:18:18 : Epoch [16/50], Loss: 0.0054, Accuracy: 0.9625, Precision: 0.9770, Recall: 0.9489, Specificity: 0.9767, F1-Score: 0.9627 
21:18:25 : Training Confusion for Epoch 17:
[[1208   24]
 [  27 1192]] 
21:18:26 : Epoch [17/50], Loss: 0.0011, Accuracy: 0.8842, Precision: 0.9802, Recall: 0.7891, Specificity: 0.9833, F1-Score: 0.8743 
21:18:33 : Training Confusion for Epoch 18:
[[1206   26]
 [  19 1200]] 
21:18:33 : Epoch [18/50], Loss: 0.0026, Accuracy: 0.9560, Precision: 0.9799, Recall: 0.9329, Specificity: 0.9800, F1-Score: 0.9558 
21:18:40 : Training Confusion for Epoch 19:
[[1211   21]
 [  22 1197]] 
21:18:41 : Epoch [19/50], Loss: 0.0097, Accuracy: 0.9772, Precision: 0.9687, Recall: 0.9872, Specificity: 0.9667, F1-Score: 0.9778 
21:18:48 : Training Confusion for Epoch 20:
[[1217   15]
 [  13 1206]] 
21:18:48 : Epoch [20/50], Loss: 0.0225, Accuracy: 0.9576, Precision: 0.9258, Recall: 0.9968, Specificity: 0.9167, F1-Score: 0.9600 
21:18:55 : Training Confusion for Epoch 21:
[[1212   20]
 [  14 1205]] 
21:18:56 : Epoch [21/50], Loss: 0.0020, Accuracy: 0.9445, Precision: 0.9794, Recall: 0.9105, Specificity: 0.9800, F1-Score: 0.9437 
21:19:03 : Training Confusion for Epoch 22:
[[1216   16]
 [  21 1198]] 
21:19:04 : Epoch [22/50], Loss: 0.0333, Accuracy: 0.9592, Precision: 0.9286, Recall: 0.9968, Specificity: 0.9200, F1-Score: 0.9615 
21:19:10 : Training Confusion for Epoch 23:
[[1218   14]
 [  17 1202]] 
21:19:11 : Epoch [23/50], Loss: 0.0010, Accuracy: 0.9723, Precision: 0.9744, Recall: 0.9712, Specificity: 0.9733, F1-Score: 0.9728 
21:19:18 : Training Confusion for Epoch 24:
[[1212   20]
 [  24 1195]] 
21:19:19 : Epoch [24/50], Loss: 0.0513, Accuracy: 0.9641, Precision: 0.9561, Recall: 0.9744, Specificity: 0.9533, F1-Score: 0.9652 
21:19:25 : Training Confusion for Epoch 25:
[[1207   25]
 [  24 1195]] 
21:19:26 : Epoch [25/50], Loss: 0.0074, Accuracy: 0.9755, Precision: 0.9745, Recall: 0.9776, Specificity: 0.9733, F1-Score: 0.9761 
21:19:33 : Training Confusion for Epoch 26:
[[1219   13]
 [  14 1205]] 
21:19:34 : Epoch [26/50], Loss: 0.0190, Accuracy: 0.9592, Precision: 0.9417, Recall: 0.9808, Specificity: 0.9367, F1-Score: 0.9609 
21:19:40 : Training Confusion for Epoch 27:
[[1218   14]
 [  12 1207]] 
21:19:41 : Epoch [27/50], Loss: 0.0040, Accuracy: 0.9641, Precision: 0.9866, Recall: 0.9425, Specificity: 0.9867, F1-Score: 0.9641 
21:19:48 : Training Confusion for Epoch 28:
[[1224    8]
 [   6 1213]] 
21:19:49 : Epoch [28/50], Loss: 0.0051, Accuracy: 0.9739, Precision: 0.9744, Recall: 0.9744, Specificity: 0.9733, F1-Score: 0.9744 
21:19:55 : Training Confusion for Epoch 29:
[[1219   13]
 [  16 1203]] 
21:19:56 : Epoch [29/50], Loss: 0.0009, Accuracy: 0.9674, Precision: 0.9681, Recall: 0.9681, Specificity: 0.9667, F1-Score: 0.9681 
21:20:03 : Training Confusion for Epoch 30:
[[1212   20]
 [  16 1203]] 
21:20:04 : Epoch [30/50], Loss: 0.0014, Accuracy: 0.9641, Precision: 0.9802, Recall: 0.9489, Specificity: 0.9800, F1-Score: 0.9643 
21:20:10 : Training Confusion for Epoch 31:
[[1225    7]
 [  14 1205]] 
21:20:11 : Epoch [31/50], Loss: 0.0091, Accuracy: 0.9690, Precision: 0.9773, Recall: 0.9617, Specificity: 0.9767, F1-Score: 0.9694 
21:20:18 : Training Confusion for Epoch 32:
[[1225    7]
 [   9 1210]] 
21:20:19 : Epoch [32/50], Loss: 0.0014, Accuracy: 0.9429, Precision: 0.9826, Recall: 0.9042, Specificity: 0.9833, F1-Score: 0.9418 
21:20:25 : Training Confusion for Epoch 33:
[[1225    7]
 [   8 1211]] 
21:20:26 : Epoch [33/50], Loss: 0.0107, Accuracy: 0.9690, Precision: 0.9537, Recall: 0.9872, Specificity: 0.9500, F1-Score: 0.9702 
21:20:33 : Training Confusion for Epoch 34:
[[1220   12]
 [  18 1201]] 
21:20:34 : Epoch [34/50], Loss: 0.0017, Accuracy: 0.9674, Precision: 0.9803, Recall: 0.9553, Specificity: 0.9800, F1-Score: 0.9676 
21:20:40 : Training Confusion for Epoch 35:
[[1219   13]
 [  16 1203]] 
21:20:41 : Epoch [35/50], Loss: 0.0016, Accuracy: 0.9657, Precision: 0.9771, Recall: 0.9553, Specificity: 0.9767, F1-Score: 0.9661 
21:20:48 : Training Confusion for Epoch 36:
[[1224    8]
 [  10 1209]] 
21:20:49 : Epoch [36/50], Loss: 0.0163, Accuracy: 0.9608, Precision: 0.9617, Recall: 0.9617, Specificity: 0.9600, F1-Score: 0.9617 
21:20:55 : Training Confusion for Epoch 37:
[[1218   14]
 [  15 1204]] 
21:20:56 : Epoch [37/50], Loss: 0.0028, Accuracy: 0.9560, Precision: 0.9864, Recall: 0.9265, Specificity: 0.9867, F1-Score: 0.9555 
21:21:03 : Training Confusion for Epoch 38:
[[1223    9]
 [  12 1207]] 
21:21:04 : Epoch [38/50], Loss: 0.0007, Accuracy: 0.9494, Precision: 0.9862, Recall: 0.9137, Specificity: 0.9867, F1-Score: 0.9486 
21:21:10 : Training Confusion for Epoch 39:
[[1223    9]
 [   6 1213]] 
21:21:11 : Epoch [39/50], Loss: 0.0354, Accuracy: 0.9641, Precision: 0.9422, Recall: 0.9904, Specificity: 0.9367, F1-Score: 0.9657 
21:21:18 : Training Confusion for Epoch 40:
[[1225    7]
 [  13 1206]] 
21:21:19 : Epoch [40/50], Loss: 0.0080, Accuracy: 0.9706, Precision: 0.9567, Recall: 0.9872, Specificity: 0.9533, F1-Score: 0.9717 
21:21:25 : Training Confusion for Epoch 41:
[[1225    7]
 [  12 1207]] 
21:21:26 : Epoch [41/50], Loss: 0.0007, Accuracy: 0.9429, Precision: 0.9826, Recall: 0.9042, Specificity: 0.9833, F1-Score: 0.9418 
21:21:33 : Training Confusion for Epoch 42:
[[1222   10]
 [  18 1201]] 
21:21:34 : Epoch [42/50], Loss: 0.0040, Accuracy: 0.9560, Precision: 0.9735, Recall: 0.9393, Specificity: 0.9733, F1-Score: 0.9561 
21:21:41 : Training Confusion for Epoch 43:
[[1224    8]
 [   8 1211]] 
21:21:41 : Epoch [43/50], Loss: 0.0213, Accuracy: 0.9657, Precision: 0.9398, Recall: 0.9968, Specificity: 0.9333, F1-Score: 0.9674 
21:21:48 : Training Confusion for Epoch 44:
[[1231    1]
 [   7 1212]] 
21:21:49 : Epoch [44/50], Loss: 0.0010, Accuracy: 0.9674, Precision: 0.9741, Recall: 0.9617, Specificity: 0.9733, F1-Score: 0.9678 
21:21:56 : Training Confusion for Epoch 45:
[[1230    2]
 [   4 1215]] 
21:21:56 : Epoch [45/50], Loss: 0.0004, Accuracy: 0.9641, Precision: 0.9802, Recall: 0.9489, Specificity: 0.9800, F1-Score: 0.9643 
21:22:03 : Training Confusion for Epoch 46:
[[1229    3]
 [   6 1213]] 
21:22:04 : Epoch [46/50], Loss: 0.0062, Accuracy: 0.9739, Precision: 0.9714, Recall: 0.9776, Specificity: 0.9700, F1-Score: 0.9745 
21:22:11 : Training Confusion for Epoch 47:
[[1232    0]
 [   3 1216]] 
21:22:12 : Epoch [47/50], Loss: 0.0004, Accuracy: 0.9657, Precision: 0.9771, Recall: 0.9553, Specificity: 0.9767, F1-Score: 0.9661 
21:22:18 : Training Confusion for Epoch 48:
[[1230    2]
 [   5 1214]] 
21:22:19 : Epoch [48/50], Loss: 0.0004, Accuracy: 0.9266, Precision: 0.9891, Recall: 0.8658, Specificity: 0.9900, F1-Score: 0.9233 
21:22:26 : Training Confusion for Epoch 49:
[[1227    5]
 [   9 1210]] 
21:22:27 : Epoch [49/50], Loss: 0.0021, Accuracy: 0.9690, Precision: 0.9682, Recall: 0.9712, Specificity: 0.9667, F1-Score: 0.9697 
21:22:33 : Training Confusion for Epoch 50:
[[1229    3]
 [  10 1209]] 
21:22:34 : Epoch [50/50], Loss: 0.0021, Accuracy: 0.9641, Precision: 0.9739, Recall: 0.9553, Specificity: 0.9733, F1-Score: 0.9645 
21:22:35 : FOLD 4 
21:22:35 : ---------------------------------- 
21:22:42 : Training Confusion for Epoch 1:
[[1082  134]
 [ 168 1068]] 
21:22:43 : Epoch [1/50], Loss: 0.0120, Accuracy: 0.9199, Precision: 0.9960, Recall: 0.8378, Specificity: 0.9968, F1-Score: 0.9101 
21:22:49 : Training Confusion for Epoch 2:
[[1142   74]
 [  81 1155]] 
21:22:50 : Epoch [2/50], Loss: 0.0168, Accuracy: 0.9575, Precision: 0.9821, Recall: 0.9291, Specificity: 0.9842, F1-Score: 0.9549 
21:22:57 : Training Confusion for Epoch 3:
[[1165   51]
 [  53 1183]] 
21:22:58 : Epoch [3/50], Loss: 0.0098, Accuracy: 0.9722, Precision: 0.9794, Recall: 0.9628, Specificity: 0.9810, F1-Score: 0.9710 
21:23:04 : Training Confusion for Epoch 4:
[[1156   60]
 [  56 1180]] 
21:23:05 : Epoch [4/50], Loss: 0.0109, Accuracy: 0.9657, Precision: 0.9393, Recall: 0.9932, Specificity: 0.9399, F1-Score: 0.9655 
21:23:12 : Training Confusion for Epoch 5:
[[1160   56]
 [  53 1183]] 
21:23:13 : Epoch [5/50], Loss: 0.0590, Accuracy: 0.9542, Precision: 0.9136, Recall: 1.0000, Specificity: 0.9114, F1-Score: 0.9548 
21:23:19 : Training Confusion for Epoch 6:
[[1171   45]
 [  48 1188]] 
21:23:20 : Epoch [6/50], Loss: 0.0088, Accuracy: 0.9739, Precision: 0.9636, Recall: 0.9831, Specificity: 0.9652, F1-Score: 0.9732 
21:23:27 : Training Confusion for Epoch 7:
[[1164   52]
 [  48 1188]] 
21:23:28 : Epoch [7/50], Loss: 0.0045, Accuracy: 0.9657, Precision: 0.9791, Recall: 0.9493, Specificity: 0.9810, F1-Score: 0.9640 
21:23:34 : Training Confusion for Epoch 8:
[[1168   48]
 [  45 1191]] 
21:23:35 : Epoch [8/50], Loss: 0.0144, Accuracy: 0.9673, Precision: 0.9694, Recall: 0.9628, Specificity: 0.9715, F1-Score: 0.9661 
21:23:42 : Training Confusion for Epoch 9:
[[1177   39]
 [  34 1202]] 
21:23:43 : Epoch [9/50], Loss: 0.0060, Accuracy: 0.9624, Precision: 0.9823, Recall: 0.9392, Specificity: 0.9842, F1-Score: 0.9603 
21:23:49 : Training Confusion for Epoch 10:
[[1175   41]
 [  37 1199]] 
21:23:50 : Epoch [10/50], Loss: 0.0045, Accuracy: 0.9608, Precision: 0.9892, Recall: 0.9291, Specificity: 0.9905, F1-Score: 0.9582 
21:23:57 : Training Confusion for Epoch 11:
[[1183   33]
 [  29 1207]] 
21:23:58 : Epoch [11/50], Loss: 0.0020, Accuracy: 0.9771, Precision: 0.9829, Recall: 0.9696, Specificity: 0.9842, F1-Score: 0.9762 
21:24:04 : Training Confusion for Epoch 12:
[[1183   33]
 [  31 1205]] 
21:24:05 : Epoch [12/50], Loss: 0.0026, Accuracy: 0.9739, Precision: 0.9605, Recall: 0.9865, Specificity: 0.9620, F1-Score: 0.9733 
21:24:12 : Training Confusion for Epoch 13:
[[1178   38]
 [  32 1204]] 
21:24:13 : Epoch [13/50], Loss: 0.0078, Accuracy: 0.9657, Precision: 0.9758, Recall: 0.9527, Specificity: 0.9778, F1-Score: 0.9641 
21:24:19 : Training Confusion for Epoch 14:
[[1183   33]
 [  22 1214]] 
21:24:20 : Epoch [14/50], Loss: 0.0059, Accuracy: 0.9199, Precision: 0.8601, Recall: 0.9966, Specificity: 0.8481, F1-Score: 0.9233 
21:24:27 : Training Confusion for Epoch 15:
[[1181   35]
 [  36 1200]] 
21:24:28 : Epoch [15/50], Loss: 0.0049, Accuracy: 0.9771, Precision: 0.9732, Recall: 0.9797, Specificity: 0.9747, F1-Score: 0.9764 
21:24:34 : Training Confusion for Epoch 16:
[[1193   23]
 [  21 1215]] 
21:24:35 : Epoch [16/50], Loss: 0.0031, Accuracy: 0.9788, Precision: 0.9797, Recall: 0.9764, Specificity: 0.9810, F1-Score: 0.9780 
21:24:42 : Training Confusion for Epoch 17:
[[1192   24]
 [  27 1209]] 
21:24:43 : Epoch [17/50], Loss: 0.0099, Accuracy: 0.9690, Precision: 0.9425, Recall: 0.9966, Specificity: 0.9430, F1-Score: 0.9688 
21:24:50 : Training Confusion for Epoch 18:
[[1186   30]
 [  30 1206]] 
21:24:50 : Epoch [18/50], Loss: 0.0050, Accuracy: 0.9771, Precision: 0.9669, Recall: 0.9865, Specificity: 0.9684, F1-Score: 0.9766 
21:24:57 : Training Confusion for Epoch 19:
[[1190   26]
 [  25 1211]] 
21:24:58 : Epoch [19/50], Loss: 0.0208, Accuracy: 0.9363, Precision: 0.8882, Recall: 0.9932, Specificity: 0.8829, F1-Score: 0.9378 
21:25:05 : Training Confusion for Epoch 20:
[[1187   29]
 [  24 1212]] 
21:25:06 : Epoch [20/50], Loss: 0.0078, Accuracy: 0.9706, Precision: 0.9455, Recall: 0.9966, Specificity: 0.9462, F1-Score: 0.9704 
21:25:12 : Training Confusion for Epoch 21:
[[1192   24]
 [  22 1214]] 
21:25:13 : Epoch [21/50], Loss: 0.0030, Accuracy: 0.9395, Precision: 0.8912, Recall: 0.9966, Specificity: 0.8861, F1-Score: 0.9410 
21:25:20 : Training Confusion for Epoch 22:
[[1186   30]
 [  18 1218]] 
21:25:21 : Epoch [22/50], Loss: 0.0017, Accuracy: 0.9657, Precision: 0.9825, Recall: 0.9459, Specificity: 0.9842, F1-Score: 0.9639 
21:25:27 : Training Confusion for Epoch 23:
[[1193   23]
 [  24 1212]] 
21:25:28 : Epoch [23/50], Loss: 0.0007, Accuracy: 0.9673, Precision: 0.9759, Recall: 0.9561, Specificity: 0.9778, F1-Score: 0.9659 
21:25:35 : Training Confusion for Epoch 24:
[[1200   16]
 [  14 1222]] 
21:25:36 : Epoch [24/50], Loss: 0.0038, Accuracy: 0.9755, Precision: 0.9763, Recall: 0.9730, Specificity: 0.9778, F1-Score: 0.9746 
21:25:42 : Training Confusion for Epoch 25:
[[1194   22]
 [  15 1221]] 
21:25:43 : Epoch [25/50], Loss: 0.0215, Accuracy: 0.9673, Precision: 0.9539, Recall: 0.9797, Specificity: 0.9557, F1-Score: 0.9667 
21:25:50 : Training Confusion for Epoch 26:
[[1194   22]
 [  21 1215]] 
21:25:51 : Epoch [26/50], Loss: 0.0015, Accuracy: 0.9690, Precision: 0.9792, Recall: 0.9561, Specificity: 0.9810, F1-Score: 0.9675 
21:25:57 : Training Confusion for Epoch 27:
[[1197   19]
 [  18 1218]] 
21:25:58 : Epoch [27/50], Loss: 0.0040, Accuracy: 0.9722, Precision: 0.9604, Recall: 0.9831, Specificity: 0.9620, F1-Score: 0.9716 
21:26:05 : Training Confusion for Epoch 28:
[[1199   17]
 [  14 1222]] 
21:26:06 : Epoch [28/50], Loss: 0.0047, Accuracy: 0.9755, Precision: 0.9699, Recall: 0.9797, Specificity: 0.9715, F1-Score: 0.9748 
21:26:12 : Training Confusion for Epoch 29:
[[1200   16]
 [  18 1218]] 
21:26:13 : Epoch [29/50], Loss: 0.0085, Accuracy: 0.6928, Precision: 0.9737, Recall: 0.3750, Specificity: 0.9905, F1-Score: 0.5415 
21:26:20 : Training Confusion for Epoch 30:
[[1197   19]
 [  20 1216]] 
21:26:21 : Epoch [30/50], Loss: 0.0011, Accuracy: 0.9592, Precision: 0.9857, Recall: 0.9291, Specificity: 0.9873, F1-Score: 0.9565 
21:26:27 : Training Confusion for Epoch 31:
[[1202   14]
 [  16 1220]] 
21:26:28 : Epoch [31/50], Loss: 0.0023, Accuracy: 0.9461, Precision: 0.9782, Recall: 0.9088, Specificity: 0.9810, F1-Score: 0.9422 
21:26:35 : Training Confusion for Epoch 32:
[[1204   12]
 [  16 1220]] 
21:26:36 : Epoch [32/50], Loss: 0.0015, Accuracy: 0.8546, Precision: 0.9814, Recall: 0.7128, Specificity: 0.9873, F1-Score: 0.8258 
21:26:42 : Training Confusion for Epoch 33:
[[1205   11]
 [  10 1226]] 
21:26:43 : Epoch [33/50], Loss: 0.0036, Accuracy: 0.9559, Precision: 0.9856, Recall: 0.9223, Specificity: 0.9873, F1-Score: 0.9529 
21:26:50 : Training Confusion for Epoch 34:
[[1199   17]
 [  13 1223]] 
21:26:51 : Epoch [34/50], Loss: 0.0029, Accuracy: 0.9755, Precision: 0.9731, Recall: 0.9764, Specificity: 0.9747, F1-Score: 0.9747 
21:26:57 : Training Confusion for Epoch 35:
[[1205   11]
 [  12 1224]] 
21:26:58 : Epoch [35/50], Loss: 0.0020, Accuracy: 0.9788, Precision: 0.9764, Recall: 0.9797, Specificity: 0.9778, F1-Score: 0.9781 
21:27:05 : Training Confusion for Epoch 36:
[[1203   13]
 [  15 1221]] 
21:27:06 : Epoch [36/50], Loss: 0.0043, Accuracy: 0.9771, Precision: 0.9669, Recall: 0.9865, Specificity: 0.9684, F1-Score: 0.9766 
21:27:12 : Training Confusion for Epoch 37:
[[1201   15]
 [  17 1219]] 
21:27:13 : Epoch [37/50], Loss: 0.0006, Accuracy: 0.9608, Precision: 0.9823, Recall: 0.9358, Specificity: 0.9842, F1-Score: 0.9585 
21:27:20 : Training Confusion for Epoch 38:
[[1204   12]
 [  19 1217]] 
21:27:21 : Epoch [38/50], Loss: 0.0049, Accuracy: 0.9771, Precision: 0.9669, Recall: 0.9865, Specificity: 0.9684, F1-Score: 0.9766 
21:27:27 : Training Confusion for Epoch 39:
[[1210    6]
 [   8 1228]] 
21:27:28 : Epoch [39/50], Loss: 0.0076, Accuracy: 0.9739, Precision: 0.9795, Recall: 0.9662, Specificity: 0.9810, F1-Score: 0.9728 
21:27:35 : Training Confusion for Epoch 40:
[[1212    4]
 [   7 1229]] 
21:27:36 : Epoch [40/50], Loss: 0.0012, Accuracy: 0.9837, Precision: 0.9767, Recall: 0.9899, Specificity: 0.9778, F1-Score: 0.9832 
21:27:42 : Training Confusion for Epoch 41:
[[1214    2]
 [   6 1230]] 
21:27:43 : Epoch [41/50], Loss: 0.0009, Accuracy: 0.9755, Precision: 0.9862, Recall: 0.9628, Specificity: 0.9873, F1-Score: 0.9744 
21:27:50 : Training Confusion for Epoch 42:
[[1207    9]
 [  15 1221]] 
21:27:51 : Epoch [42/50], Loss: 0.0014, Accuracy: 0.9085, Precision: 0.9839, Recall: 0.8243, Specificity: 0.9873, F1-Score: 0.8971 
21:27:58 : Training Confusion for Epoch 43:
[[1196   20]
 [  20 1216]] 
21:27:59 : Epoch [43/50], Loss: 0.0062, Accuracy: 0.9248, Precision: 0.9960, Recall: 0.8480, Specificity: 0.9968, F1-Score: 0.9161 
21:28:05 : Training Confusion for Epoch 44:
[[1205   11]
 [  15 1221]] 
21:28:06 : Epoch [44/50], Loss: 0.0024, Accuracy: 0.9657, Precision: 0.9791, Recall: 0.9493, Specificity: 0.9810, F1-Score: 0.9640 
21:28:13 : Training Confusion for Epoch 45:
[[1201   15]
 [  17 1219]] 
21:28:14 : Epoch [45/50], Loss: 0.0047, Accuracy: 0.9820, Precision: 0.9831, Recall: 0.9797, Specificity: 0.9842, F1-Score: 0.9814 
21:28:20 : Training Confusion for Epoch 46:
[[1206   10]
 [  13 1223]] 
21:28:21 : Epoch [46/50], Loss: 0.0038, Accuracy: 0.9608, Precision: 0.9755, Recall: 0.9426, Specificity: 0.9778, F1-Score: 0.9588 
21:28:28 : Training Confusion for Epoch 47:
[[1200   16]
 [  14 1222]] 
21:28:29 : Epoch [47/50], Loss: 0.0020, Accuracy: 0.9804, Precision: 0.9765, Recall: 0.9831, Specificity: 0.9778, F1-Score: 0.9798 
21:28:35 : Training Confusion for Epoch 48:
[[1208    8]
 [  10 1226]] 
21:28:36 : Epoch [48/50], Loss: 0.0033, Accuracy: 0.9739, Precision: 0.9762, Recall: 0.9696, Specificity: 0.9778, F1-Score: 0.9729 
21:28:43 : Training Confusion for Epoch 49:
[[1216    0]
 [   6 1230]] 
21:28:44 : Epoch [49/50], Loss: 0.0032, Accuracy: 0.9788, Precision: 0.9764, Recall: 0.9797, Specificity: 0.9778, F1-Score: 0.9781 
21:28:50 : Training Confusion for Epoch 50:
[[1210    6]
 [  11 1225]] 
21:28:51 : Epoch [50/50], Loss: 0.0038, Accuracy: 0.9608, Precision: 0.9823, Recall: 0.9358, Specificity: 0.9842, F1-Score: 0.9585 
21:28:52 : Cross-validation results: 
21:28:52 : Accuracy: 0.9524  0.0307 
21:28:52 : Precision: 0.9601  0.0265 
21:28:52 : Recall: 0.9457  0.0687 
21:28:52 : Specificity: 0.9591  0.0306 
21:28:52 : F1-Score: 0.9507  0.0401 
21:28:52 : Training Loss: 0.0594  0.0441 
21:28:52 : Validation Loss: 0.1621  0.1154 
21:29:25 : LSTMnew 
21:30:20 : Loaded saved model. 
21:31:48 : Test Loss: 0.1692, Test Accuracy: 0.9678, Test Precision: 0.1622, Test Recall: 0.9609, Test Specificity: 0.9678, Test F1-Score: 0.2775 
