20:17:11 : GeLUnew 
20:18:07 : No saved model found. Training a new model. 
20:18:07 : FOLD 0 
20:18:07 : ---------------------------------- 
20:18:15 : Training Confusion for Epoch 1:
[[1125   93]
 [ 167 1066]] 
20:18:16 : Epoch [1/50], Loss: 0.0005, Accuracy: 0.8777, Precision: 0.8094, Recall: 0.9799, Specificity: 0.7803, F1-Score: 0.8865 
20:18:22 : Training Confusion for Epoch 2:
[[1148   70]
 [  83 1150]] 
20:18:23 : Epoch [2/50], Loss: 0.0020, Accuracy: 0.9266, Precision: 0.8872, Recall: 0.9732, Specificity: 0.8822, F1-Score: 0.9282 
20:18:30 : Training Confusion for Epoch 3:
[[1156   62]
 [  72 1161]] 
20:18:31 : Epoch [3/50], Loss: 0.0021, Accuracy: 0.6933, Precision: 0.9744, Recall: 0.3813, Specificity: 0.9904, F1-Score: 0.5481 
20:18:37 : Training Confusion for Epoch 4:
[[1164   54]
 [  57 1176]] 
20:18:38 : Epoch [4/50], Loss: 0.0099, Accuracy: 0.9527, Precision: 0.9412, Recall: 0.9632, Specificity: 0.9427, F1-Score: 0.9521 
20:18:45 : Training Confusion for Epoch 5:
[[1172   46]
 [  62 1171]] 
20:18:46 : Epoch [5/50], Loss: 0.0046, Accuracy: 0.9494, Precision: 0.9589, Recall: 0.9365, Specificity: 0.9618, F1-Score: 0.9475 
20:18:52 : Training Confusion for Epoch 6:
[[1176   42]
 [  47 1186]] 
20:18:53 : Epoch [6/50], Loss: 0.0035, Accuracy: 0.9494, Precision: 0.9323, Recall: 0.9666, Specificity: 0.9331, F1-Score: 0.9491 
20:19:00 : Training Confusion for Epoch 7:
[[1182   36]
 [  46 1187]] 
20:19:00 : Epoch [7/50], Loss: 0.0059, Accuracy: 0.9429, Precision: 0.9286, Recall: 0.9565, Specificity: 0.9299, F1-Score: 0.9423 
20:19:07 : Training Confusion for Epoch 8:
[[1175   43]
 [  38 1195]] 
20:19:08 : Epoch [8/50], Loss: 0.0059, Accuracy: 0.9478, Precision: 0.9684, Recall: 0.9231, Specificity: 0.9713, F1-Score: 0.9452 
20:19:14 : Training Confusion for Epoch 9:
[[1179   39]
 [  34 1199]] 
20:19:15 : Epoch [9/50], Loss: 0.0051, Accuracy: 0.9250, Precision: 0.8845, Recall: 0.9732, Specificity: 0.8790, F1-Score: 0.9268 
20:19:22 : Training Confusion for Epoch 10:
[[1180   38]
 [  35 1198]] 
20:19:23 : Epoch [10/50], Loss: 0.0005, Accuracy: 0.9315, Precision: 0.8954, Recall: 0.9732, Specificity: 0.8917, F1-Score: 0.9327 
20:19:29 : Training Confusion for Epoch 11:
[[1185   33]
 [  20 1213]] 
20:19:30 : Epoch [11/50], Loss: 0.0001, Accuracy: 0.9608, Precision: 0.9758, Recall: 0.9431, Specificity: 0.9777, F1-Score: 0.9592 
20:19:37 : Training Confusion for Epoch 12:
[[1180   38]
 [  29 1204]] 
20:19:38 : Epoch [12/50], Loss: 0.0022, Accuracy: 0.9560, Precision: 0.9564, Recall: 0.9532, Specificity: 0.9586, F1-Score: 0.9548 
20:19:44 : Training Confusion for Epoch 13:
[[1189   29]
 [  27 1206]] 
20:19:45 : Epoch [13/50], Loss: 0.0026, Accuracy: 0.9396, Precision: 0.9613, Recall: 0.9130, Specificity: 0.9650, F1-Score: 0.9365 
20:19:52 : Training Confusion for Epoch 14:
[[1170   48]
 [  43 1190]] 
20:19:53 : Epoch [14/50], Loss: 0.0021, Accuracy: 0.9086, Precision: 0.9691, Recall: 0.8395, Specificity: 0.9745, F1-Score: 0.8996 
20:19:59 : Training Confusion for Epoch 15:
[[1187   31]
 [  27 1206]] 
20:20:00 : Epoch [15/50], Loss: 0.0018, Accuracy: 0.9543, Precision: 0.9656, Recall: 0.9398, Specificity: 0.9682, F1-Score: 0.9525 
20:20:07 : Training Confusion for Epoch 16:
[[1193   25]
 [  23 1210]] 
20:20:07 : Epoch [16/50], Loss: 0.0031, Accuracy: 0.9560, Precision: 0.9533, Recall: 0.9565, Specificity: 0.9554, F1-Score: 0.9549 
20:20:14 : Training Confusion for Epoch 17:
[[1196   22]
 [  16 1217]] 
20:20:15 : Epoch [17/50], Loss: 0.0032, Accuracy: 0.9543, Precision: 0.9329, Recall: 0.9766, Specificity: 0.9331, F1-Score: 0.9542 
20:20:21 : Training Confusion for Epoch 18:
[[1194   24]
 [  26 1207]] 
20:20:22 : Epoch [18/50], Loss: 0.0018, Accuracy: 0.9625, Precision: 0.9694, Recall: 0.9532, Specificity: 0.9713, F1-Score: 0.9612 
20:20:29 : Training Confusion for Epoch 19:
[[1200   18]
 [  16 1217]] 
20:20:30 : Epoch [19/50], Loss: 0.0022, Accuracy: 0.9576, Precision: 0.9389, Recall: 0.9766, Specificity: 0.9395, F1-Score: 0.9574 
20:20:36 : Training Confusion for Epoch 20:
[[1206   12]
 [  16 1217]] 
20:20:37 : Epoch [20/50], Loss: 0.0022, Accuracy: 0.9625, Precision: 0.9452, Recall: 0.9799, Specificity: 0.9459, F1-Score: 0.9622 
20:20:44 : Training Confusion for Epoch 21:
[[1191   27]
 [  21 1212]] 
20:20:45 : Epoch [21/50], Loss: 0.0007, Accuracy: 0.9462, Precision: 0.9105, Recall: 0.9866, Specificity: 0.9076, F1-Score: 0.9470 
20:20:52 : Training Confusion for Epoch 22:
[[1195   23]
 [  23 1210]] 
20:20:52 : Epoch [22/50], Loss: 0.0056, Accuracy: 0.9560, Precision: 0.9595, Recall: 0.9498, Specificity: 0.9618, F1-Score: 0.9546 
20:20:59 : Training Confusion for Epoch 23:
[[1196   22]
 [  21 1212]] 
20:21:01 : Epoch [23/50], Loss: 0.0004, Accuracy: 0.9625, Precision: 0.9481, Recall: 0.9766, Specificity: 0.9490, F1-Score: 0.9621 
20:21:08 : Training Confusion for Epoch 24:
[[1200   18]
 [  18 1215]] 
20:21:10 : Epoch [24/50], Loss: 0.0002, Accuracy: 0.9592, Precision: 0.9477, Recall: 0.9699, Specificity: 0.9490, F1-Score: 0.9587 
20:21:17 : Training Confusion for Epoch 25:
[[1190   28]
 [  21 1212]] 
20:21:19 : Epoch [25/50], Loss: 0.0047, Accuracy: 0.9380, Precision: 0.8967, Recall: 0.9866, Specificity: 0.8917, F1-Score: 0.9395 
20:21:26 : Training Confusion for Epoch 26:
[[1199   19]
 [  24 1209]] 
20:21:28 : Epoch [26/50], Loss: 0.0037, Accuracy: 0.9608, Precision: 0.9661, Recall: 0.9532, Specificity: 0.9682, F1-Score: 0.9596 
20:21:35 : Training Confusion for Epoch 27:
[[1206   12]
 [  15 1218]] 
20:21:36 : Epoch [27/50], Loss: 0.0068, Accuracy: 0.9592, Precision: 0.9597, Recall: 0.9565, Specificity: 0.9618, F1-Score: 0.9581 
20:21:44 : Training Confusion for Epoch 28:
[[1196   22]
 [  21 1212]] 
20:21:45 : Epoch [28/50], Loss: 0.0028, Accuracy: 0.9625, Precision: 0.9481, Recall: 0.9766, Specificity: 0.9490, F1-Score: 0.9621 
20:21:53 : Training Confusion for Epoch 29:
[[1205   13]
 [  13 1220]] 
20:21:54 : Epoch [29/50], Loss: 0.0005, Accuracy: 0.9266, Precision: 0.9739, Recall: 0.8729, Specificity: 0.9777, F1-Score: 0.9206 
20:22:02 : Training Confusion for Epoch 30:
[[1208   10]
 [  14 1219]] 
20:22:03 : Epoch [30/50], Loss: 0.0014, Accuracy: 0.9592, Precision: 0.9536, Recall: 0.9632, Specificity: 0.9554, F1-Score: 0.9584 
20:22:11 : Training Confusion for Epoch 31:
[[1206   12]
 [  10 1223]] 
20:22:12 : Epoch [31/50], Loss: 0.0030, Accuracy: 0.9576, Precision: 0.9723, Recall: 0.9398, Specificity: 0.9745, F1-Score: 0.9558 
20:22:20 : Training Confusion for Epoch 32:
[[1213    5]
 [   8 1225]] 
20:22:21 : Epoch [32/50], Loss: 0.0034, Accuracy: 0.9625, Precision: 0.9600, Recall: 0.9632, Specificity: 0.9618, F1-Score: 0.9616 
20:22:29 : Training Confusion for Epoch 33:
[[1214    4]
 [   6 1227]] 
20:22:30 : Epoch [33/50], Loss: 0.0007, Accuracy: 0.9560, Precision: 0.9359, Recall: 0.9766, Specificity: 0.9363, F1-Score: 0.9558 
20:22:38 : Training Confusion for Epoch 34:
[[1203   15]
 [  32 1201]] 
20:22:39 : Epoch [34/50], Loss: 0.0063, Accuracy: 0.9445, Precision: 0.9553, Recall: 0.9298, Specificity: 0.9586, F1-Score: 0.9424 
20:22:47 : Training Confusion for Epoch 35:
[[1194   24]
 [  24 1209]] 
20:22:48 : Epoch [35/50], Loss: 0.0151, Accuracy: 0.9543, Precision: 0.9502, Recall: 0.9565, Specificity: 0.9522, F1-Score: 0.9533 
20:22:56 : Training Confusion for Epoch 36:
[[1209    9]
 [  12 1221]] 
20:22:57 : Epoch [36/50], Loss: 0.0003, Accuracy: 0.9250, Precision: 0.9738, Recall: 0.8696, Specificity: 0.9777, F1-Score: 0.9187 
20:23:05 : Training Confusion for Epoch 37:
[[1215    3]
 [   6 1227]] 
20:23:06 : Epoch [37/50], Loss: 0.0017, Accuracy: 0.9608, Precision: 0.9479, Recall: 0.9732, Specificity: 0.9490, F1-Score: 0.9604 
20:23:14 : Training Confusion for Epoch 38:
[[1215    3]
 [   7 1226]] 
20:23:15 : Epoch [38/50], Loss: 0.0018, Accuracy: 0.9592, Precision: 0.9363, Recall: 0.9833, Specificity: 0.9363, F1-Score: 0.9592 
20:23:23 : Training Confusion for Epoch 39:
[[1211    7]
 [  11 1222]] 
20:23:24 : Epoch [39/50], Loss: 0.0007, Accuracy: 0.9527, Precision: 0.9530, Recall: 0.9498, Specificity: 0.9554, F1-Score: 0.9514 
20:23:32 : Training Confusion for Epoch 40:
[[1213    5]
 [   8 1225]] 
20:23:33 : Epoch [40/50], Loss: 0.0015, Accuracy: 0.9608, Precision: 0.9479, Recall: 0.9732, Specificity: 0.9490, F1-Score: 0.9604 
20:23:41 : Training Confusion for Epoch 41:
[[1214    4]
 [   6 1227]] 
20:23:42 : Epoch [41/50], Loss: 0.0088, Accuracy: 0.9299, Precision: 0.8810, Recall: 0.9900, Specificity: 0.8726, F1-Score: 0.9323 
20:23:50 : Training Confusion for Epoch 42:
[[1213    5]
 [  14 1219]] 
20:23:51 : Epoch [42/50], Loss: 0.0003, Accuracy: 0.9690, Precision: 0.9575, Recall: 0.9799, Specificity: 0.9586, F1-Score: 0.9686 
20:23:59 : Training Confusion for Epoch 43:
[[1212    6]
 [   8 1225]] 
20:24:00 : Epoch [43/50], Loss: 0.0011, Accuracy: 0.9576, Precision: 0.9535, Recall: 0.9599, Specificity: 0.9554, F1-Score: 0.9567 
20:24:08 : Training Confusion for Epoch 44:
[[1217    1]
 [   4 1229]] 
20:24:09 : Epoch [44/50], Loss: 0.0014, Accuracy: 0.9560, Precision: 0.9595, Recall: 0.9498, Specificity: 0.9618, F1-Score: 0.9546 
20:24:17 : Training Confusion for Epoch 45:
[[1213    5]
 [   5 1228]] 
20:24:18 : Epoch [45/50], Loss: 0.0030, Accuracy: 0.9478, Precision: 0.9652, Recall: 0.9264, Specificity: 0.9682, F1-Score: 0.9454 
20:24:26 : Training Confusion for Epoch 46:
[[1214    4]
 [  11 1222]] 
20:24:27 : Epoch [46/50], Loss: 0.0004, Accuracy: 0.9657, Precision: 0.9542, Recall: 0.9766, Specificity: 0.9554, F1-Score: 0.9653 
20:24:35 : Training Confusion for Epoch 47:
[[1214    4]
 [  12 1221]] 
20:24:36 : Epoch [47/50], Loss: 0.0155, Accuracy: 0.9543, Precision: 0.9248, Recall: 0.9866, Specificity: 0.9236, F1-Score: 0.9547 
20:24:44 : Training Confusion for Epoch 48:
[[1216    2]
 [   9 1224]] 
20:24:45 : Epoch [48/50], Loss: 0.0028, Accuracy: 0.9527, Precision: 0.9299, Recall: 0.9766, Specificity: 0.9299, F1-Score: 0.9527 
20:24:53 : Training Confusion for Epoch 49:
[[1205   13]
 [  11 1222]] 
20:24:54 : Epoch [49/50], Loss: 0.0013, Accuracy: 0.9527, Precision: 0.9623, Recall: 0.9398, Specificity: 0.9650, F1-Score: 0.9509 
20:25:02 : Training Confusion for Epoch 50:
[[1211    7]
 [   9 1224]] 
20:25:03 : Epoch [50/50], Loss: 0.0015, Accuracy: 0.9413, Precision: 0.9647, Recall: 0.9130, Specificity: 0.9682, F1-Score: 0.9381 
20:25:05 : FOLD 1 
20:25:05 : ---------------------------------- 
20:25:13 : Training Confusion for Epoch 1:
[[1141  100]
 [ 159 1051]] 
20:25:14 : Epoch [1/50], Loss: 0.0028, Accuracy: 0.8401, Precision: 0.9870, Recall: 0.7050, Specificity: 0.9897, F1-Score: 0.8225 
20:25:22 : Training Confusion for Epoch 2:
[[1168   73]
 [  61 1149]] 
20:25:23 : Epoch [2/50], Loss: 0.0654, Accuracy: 0.9396, Precision: 0.9130, Recall: 0.9783, Specificity: 0.8969, F1-Score: 0.9445 
20:25:31 : Training Confusion for Epoch 3:
[[1189   52]
 [  56 1154]] 
20:25:32 : Epoch [3/50], Loss: 0.0257, Accuracy: 0.9429, Precision: 0.9233, Recall: 0.9720, Specificity: 0.9107, F1-Score: 0.9470 
20:25:40 : Training Confusion for Epoch 4:
[[1192   49]
 [  40 1170]] 
20:25:41 : Epoch [4/50], Loss: 0.0062, Accuracy: 0.9380, Precision: 0.9733, Recall: 0.9068, Specificity: 0.9725, F1-Score: 0.9389 
20:25:49 : Training Confusion for Epoch 5:
[[1192   49]
 [  37 1173]] 
20:25:50 : Epoch [5/50], Loss: 0.0047, Accuracy: 0.9478, Precision: 0.9290, Recall: 0.9752, Specificity: 0.9175, F1-Score: 0.9515 
20:25:58 : Training Confusion for Epoch 6:
[[1195   46]
 [  43 1167]] 
20:25:59 : Epoch [6/50], Loss: 0.0019, Accuracy: 0.9625, Precision: 0.9628, Recall: 0.9658, Specificity: 0.9588, F1-Score: 0.9643 
20:26:07 : Training Confusion for Epoch 7:
[[1198   43]
 [  30 1180]] 
20:26:08 : Epoch [7/50], Loss: 0.0004, Accuracy: 0.9592, Precision: 0.9714, Recall: 0.9503, Specificity: 0.9691, F1-Score: 0.9608 
20:26:16 : Training Confusion for Epoch 8:
[[1199   42]
 [  27 1183]] 
20:26:17 : Epoch [8/50], Loss: 0.0024, Accuracy: 0.9543, Precision: 0.9565, Recall: 0.9565, Specificity: 0.9519, F1-Score: 0.9565 
20:26:25 : Training Confusion for Epoch 9:
[[1198   43]
 [  32 1178]] 
20:26:26 : Epoch [9/50], Loss: 0.0040, Accuracy: 0.9560, Precision: 0.9429, Recall: 0.9752, Specificity: 0.9347, F1-Score: 0.9588 
20:26:34 : Training Confusion for Epoch 10:
[[1199   42]
 [  28 1182]] 
20:26:35 : Epoch [10/50], Loss: 0.0013, Accuracy: 0.9543, Precision: 0.9682, Recall: 0.9441, Specificity: 0.9656, F1-Score: 0.9560 
20:26:43 : Training Confusion for Epoch 11:
[[1205   36]
 [  28 1182]] 
20:26:44 : Epoch [11/50], Loss: 0.0027, Accuracy: 0.9576, Precision: 0.9458, Recall: 0.9752, Specificity: 0.9381, F1-Score: 0.9602 
20:26:52 : Training Confusion for Epoch 12:
[[1208   33]
 [  26 1184]] 
20:26:53 : Epoch [12/50], Loss: 0.0010, Accuracy: 0.9543, Precision: 0.9537, Recall: 0.9596, Specificity: 0.9485, F1-Score: 0.9567 
20:27:01 : Training Confusion for Epoch 13:
[[1213   28]
 [  26 1184]] 
20:27:02 : Epoch [13/50], Loss: 0.0072, Accuracy: 0.9657, Precision: 0.9602, Recall: 0.9752, Specificity: 0.9553, F1-Score: 0.9676 
20:27:10 : Training Confusion for Epoch 14:
[[1209   32]
 [  23 1187]] 
20:27:11 : Epoch [14/50], Loss: 0.0027, Accuracy: 0.9576, Precision: 0.9540, Recall: 0.9658, Specificity: 0.9485, F1-Score: 0.9599 
20:27:19 : Training Confusion for Epoch 15:
[[1208   33]
 [  20 1190]] 
20:27:20 : Epoch [15/50], Loss: 0.0008, Accuracy: 0.9543, Precision: 0.9652, Recall: 0.9472, Specificity: 0.9622, F1-Score: 0.9561 
20:27:27 : Training Confusion for Epoch 16:
[[1217   24]
 [  21 1189]] 
20:27:29 : Epoch [16/50], Loss: 0.0008, Accuracy: 0.9494, Precision: 0.9709, Recall: 0.9317, Specificity: 0.9691, F1-Score: 0.9509 
20:27:36 : Training Confusion for Epoch 17:
[[1216   25]
 [  22 1188]] 
20:27:38 : Epoch [17/50], Loss: 0.0010, Accuracy: 0.9560, Precision: 0.9624, Recall: 0.9534, Specificity: 0.9588, F1-Score: 0.9579 
20:27:45 : Training Confusion for Epoch 18:
[[1212   29]
 [  19 1191]] 
20:27:47 : Epoch [18/50], Loss: 0.0036, Accuracy: 0.9592, Precision: 0.9514, Recall: 0.9720, Specificity: 0.9450, F1-Score: 0.9616 
20:27:54 : Training Confusion for Epoch 19:
[[1219   22]
 [  17 1193]] 
20:27:55 : Epoch [19/50], Loss: 0.0197, Accuracy: 0.9641, Precision: 0.9545, Recall: 0.9783, Specificity: 0.9485, F1-Score: 0.9663 
20:28:02 : Training Confusion for Epoch 20:
[[1215   26]
 [  18 1192]] 
20:28:03 : Epoch [20/50], Loss: 0.0143, Accuracy: 0.9592, Precision: 0.9407, Recall: 0.9845, Specificity: 0.9313, F1-Score: 0.9621 
20:28:09 : Training Confusion for Epoch 21:
[[1218   23]
 [  19 1191]] 
20:28:10 : Epoch [21/50], Loss: 0.0035, Accuracy: 0.9625, Precision: 0.9572, Recall: 0.9720, Specificity: 0.9519, F1-Score: 0.9646 
20:28:17 : Training Confusion for Epoch 22:
[[1220   21]
 [  16 1194]] 
20:28:18 : Epoch [22/50], Loss: 0.0012, Accuracy: 0.9690, Precision: 0.9633, Recall: 0.9783, Specificity: 0.9588, F1-Score: 0.9707 
20:28:24 : Training Confusion for Epoch 23:
[[1226   15]
 [  20 1190]] 
20:28:25 : Epoch [23/50], Loss: 0.0024, Accuracy: 0.9576, Precision: 0.9568, Recall: 0.9627, Specificity: 0.9519, F1-Score: 0.9598 
20:28:32 : Training Confusion for Epoch 24:
[[1228   13]
 [  12 1198]] 
20:28:33 : Epoch [24/50], Loss: 0.0040, Accuracy: 0.9641, Precision: 0.9573, Recall: 0.9752, Specificity: 0.9519, F1-Score: 0.9662 
20:28:39 : Training Confusion for Epoch 25:
[[1234    7]
 [  10 1200]] 
20:28:40 : Epoch [25/50], Loss: 0.0027, Accuracy: 0.9608, Precision: 0.9599, Recall: 0.9658, Specificity: 0.9553, F1-Score: 0.9628 
20:28:47 : Training Confusion for Epoch 26:
[[1228   13]
 [  13 1197]] 
20:28:48 : Epoch [26/50], Loss: 0.0020, Accuracy: 0.9560, Precision: 0.9624, Recall: 0.9534, Specificity: 0.9588, F1-Score: 0.9579 
20:28:54 : Training Confusion for Epoch 27:
[[1227   14]
 [  19 1191]] 
20:28:55 : Epoch [27/50], Loss: 0.0065, Accuracy: 0.9543, Precision: 0.9565, Recall: 0.9565, Specificity: 0.9519, F1-Score: 0.9565 
20:29:02 : Training Confusion for Epoch 28:
[[1222   19]
 [  13 1197]] 
20:29:03 : Epoch [28/50], Loss: 0.0008, Accuracy: 0.9592, Precision: 0.9541, Recall: 0.9689, Specificity: 0.9485, F1-Score: 0.9615 
20:29:09 : Training Confusion for Epoch 29:
[[1235    6]
 [  15 1195]] 
20:29:10 : Epoch [29/50], Loss: 0.0015, Accuracy: 0.9543, Precision: 0.9623, Recall: 0.9503, Specificity: 0.9588, F1-Score: 0.9563 
20:29:17 : Training Confusion for Epoch 30:
[[1229   12]
 [   7 1203]] 
20:29:18 : Epoch [30/50], Loss: 0.0119, Accuracy: 0.9576, Precision: 0.9431, Recall: 0.9783, Specificity: 0.9347, F1-Score: 0.9604 
20:29:24 : Training Confusion for Epoch 31:
[[1235    6]
 [  11 1199]] 
20:29:25 : Epoch [31/50], Loss: 0.0027, Accuracy: 0.9690, Precision: 0.9605, Recall: 0.9814, Specificity: 0.9553, F1-Score: 0.9708 
20:29:32 : Training Confusion for Epoch 32:
[[1235    6]
 [  11 1199]] 
20:29:33 : Epoch [32/50], Loss: 0.0321, Accuracy: 0.9429, Precision: 0.9088, Recall: 0.9907, Specificity: 0.8900, F1-Score: 0.9480 
20:29:39 : Training Confusion for Epoch 33:
[[1224   17]
 [  23 1187]] 
20:29:40 : Epoch [33/50], Loss: 0.0035, Accuracy: 0.9608, Precision: 0.9627, Recall: 0.9627, Specificity: 0.9588, F1-Score: 0.9627 
20:29:47 : Training Confusion for Epoch 34:
[[1233    8]
 [  12 1198]] 
20:29:48 : Epoch [34/50], Loss: 0.0021, Accuracy: 0.9478, Precision: 0.9677, Recall: 0.9317, Specificity: 0.9656, F1-Score: 0.9494 
20:29:54 : Training Confusion for Epoch 35:
[[1238    3]
 [   7 1203]] 
20:29:55 : Epoch [35/50], Loss: 0.0615, Accuracy: 0.9625, Precision: 0.9489, Recall: 0.9814, Specificity: 0.9416, F1-Score: 0.9649 
20:30:02 : Training Confusion for Epoch 36:
[[1227   14]
 [  15 1195]] 
20:30:03 : Epoch [36/50], Loss: 0.0047, Accuracy: 0.9625, Precision: 0.9572, Recall: 0.9720, Specificity: 0.9519, F1-Score: 0.9646 
20:30:09 : Training Confusion for Epoch 37:
[[1234    7]
 [  12 1198]] 
20:30:10 : Epoch [37/50], Loss: 0.0005, Accuracy: 0.9576, Precision: 0.9596, Recall: 0.9596, Specificity: 0.9553, F1-Score: 0.9596 
20:30:17 : Training Confusion for Epoch 38:
[[1237    4]
 [   8 1202]] 
20:30:18 : Epoch [38/50], Loss: 0.0010, Accuracy: 0.9657, Precision: 0.9602, Recall: 0.9752, Specificity: 0.9553, F1-Score: 0.9676 
20:30:24 : Training Confusion for Epoch 39:
[[1235    6]
 [  11 1199]] 
20:30:25 : Epoch [39/50], Loss: 0.0011, Accuracy: 0.9511, Precision: 0.9534, Recall: 0.9534, Specificity: 0.9485, F1-Score: 0.9534 
20:30:32 : Training Confusion for Epoch 40:
[[1228   13]
 [  13 1197]] 
20:30:33 : Epoch [40/50], Loss: 0.0011, Accuracy: 0.9478, Precision: 0.9739, Recall: 0.9255, Specificity: 0.9725, F1-Score: 0.9490 
20:30:39 : Training Confusion for Epoch 41:
[[1239    2]
 [   8 1202]] 
20:30:40 : Epoch [41/50], Loss: 0.0023, Accuracy: 0.9641, Precision: 0.9545, Recall: 0.9783, Specificity: 0.9485, F1-Score: 0.9663 
20:30:47 : Training Confusion for Epoch 42:
[[1228   13]
 [  13 1197]] 
20:30:48 : Epoch [42/50], Loss: 0.0028, Accuracy: 0.9608, Precision: 0.9488, Recall: 0.9783, Specificity: 0.9416, F1-Score: 0.9633 
20:30:54 : Training Confusion for Epoch 43:
[[1233    8]
 [  13 1197]] 
20:30:55 : Epoch [43/50], Loss: 0.0013, Accuracy: 0.9086, Precision: 0.9784, Recall: 0.8447, Specificity: 0.9794, F1-Score: 0.9067 
20:31:02 : Training Confusion for Epoch 44:
[[1231   10]
 [  11 1199]] 
20:31:03 : Epoch [44/50], Loss: 0.0046, Accuracy: 0.9690, Precision: 0.9633, Recall: 0.9783, Specificity: 0.9588, F1-Score: 0.9707 
20:31:09 : Training Confusion for Epoch 45:
[[1239    2]
 [   4 1206]] 
20:31:10 : Epoch [45/50], Loss: 0.0010, Accuracy: 0.9576, Precision: 0.9596, Recall: 0.9596, Specificity: 0.9553, F1-Score: 0.9596 
20:31:17 : Training Confusion for Epoch 46:
[[1241    0]
 [   4 1206]] 
20:31:18 : Epoch [46/50], Loss: 0.0006, Accuracy: 0.9608, Precision: 0.9543, Recall: 0.9720, Specificity: 0.9485, F1-Score: 0.9631 
20:31:24 : Training Confusion for Epoch 47:
[[1241    0]
 [   3 1207]] 
20:31:25 : Epoch [47/50], Loss: 0.0007, Accuracy: 0.9576, Precision: 0.9568, Recall: 0.9627, Specificity: 0.9519, F1-Score: 0.9598 
20:31:32 : Training Confusion for Epoch 48:
[[1223   18]
 [  22 1188]] 
20:31:33 : Epoch [48/50], Loss: 0.0033, Accuracy: 0.9543, Precision: 0.9652, Recall: 0.9472, Specificity: 0.9622, F1-Score: 0.9561 
20:31:39 : Training Confusion for Epoch 49:
[[1234    7]
 [   8 1202]] 
20:31:40 : Epoch [49/50], Loss: 0.0014, Accuracy: 0.9560, Precision: 0.9595, Recall: 0.9565, Specificity: 0.9553, F1-Score: 0.9580 
20:31:47 : Training Confusion for Epoch 50:
[[1235    6]
 [  10 1200]] 
20:31:48 : Epoch [50/50], Loss: 0.0006, Accuracy: 0.9380, Precision: 0.9671, Recall: 0.9130, Specificity: 0.9656, F1-Score: 0.9393 
20:31:49 : FOLD 2 
20:31:49 : ---------------------------------- 
20:31:55 : Training Confusion for Epoch 1:
[[1065  156]
 [ 140 1090]] 
20:31:56 : Epoch [1/50], Loss: 0.0136, Accuracy: 0.9086, Precision: 0.9767, Recall: 0.8344, Specificity: 0.9807, F1-Score: 0.9000 
20:32:03 : Training Confusion for Epoch 2:
[[1149   72]
 [  61 1169]] 
20:32:04 : Epoch [2/50], Loss: 0.0126, Accuracy: 0.8940, Precision: 0.9877, Recall: 0.7947, Specificity: 0.9904, F1-Score: 0.8807 
20:32:10 : Training Confusion for Epoch 3:
[[1173   48]
 [  52 1178]] 
20:32:11 : Epoch [3/50], Loss: 0.1745, Accuracy: 0.9576, Precision: 0.9452, Recall: 0.9702, Specificity: 0.9453, F1-Score: 0.9575 
20:32:18 : Training Confusion for Epoch 4:
[[1161   60]
 [  52 1178]] 
20:32:19 : Epoch [4/50], Loss: 0.0968, Accuracy: 0.9657, Precision: 0.9699, Recall: 0.9603, Specificity: 0.9711, F1-Score: 0.9651 
20:32:25 : Training Confusion for Epoch 5:
[[1176   45]
 [  43 1187]] 
20:32:26 : Epoch [5/50], Loss: 0.0308, Accuracy: 0.9543, Precision: 0.9419, Recall: 0.9669, Specificity: 0.9421, F1-Score: 0.9542 
20:32:33 : Training Confusion for Epoch 6:
[[1161   60]
 [  56 1174]] 
20:32:34 : Epoch [6/50], Loss: 0.0352, Accuracy: 0.8108, Precision: 0.9794, Recall: 0.6291, Specificity: 0.9871, F1-Score: 0.7661 
20:32:40 : Training Confusion for Epoch 7:
[[1169   52]
 [  46 1184]] 
20:32:41 : Epoch [7/50], Loss: 0.1584, Accuracy: 0.9674, Precision: 0.9608, Recall: 0.9735, Specificity: 0.9614, F1-Score: 0.9671 
20:32:48 : Training Confusion for Epoch 8:
[[1185   36]
 [  57 1173]] 
20:32:49 : Epoch [8/50], Loss: 0.0694, Accuracy: 0.7847, Precision: 0.9775, Recall: 0.5762, Specificity: 0.9871, F1-Score: 0.7250 
20:32:55 : Training Confusion for Epoch 9:
[[1182   39]
 [  42 1188]] 
20:32:56 : Epoch [9/50], Loss: 0.0036, Accuracy: 0.9625, Precision: 0.9729, Recall: 0.9503, Specificity: 0.9743, F1-Score: 0.9615 
20:33:03 : Training Confusion for Epoch 10:
[[1184   37]
 [  35 1195]] 
20:33:04 : Epoch [10/50], Loss: 0.0228, Accuracy: 0.9674, Precision: 0.9796, Recall: 0.9536, Specificity: 0.9807, F1-Score: 0.9664 
20:33:10 : Training Confusion for Epoch 11:
[[1182   39]
 [  31 1199]] 
20:33:11 : Epoch [11/50], Loss: 0.1729, Accuracy: 0.9690, Precision: 0.9732, Recall: 0.9636, Specificity: 0.9743, F1-Score: 0.9684 
20:33:18 : Training Confusion for Epoch 12:
[[1179   42]
 [  34 1196]] 
20:33:19 : Epoch [12/50], Loss: 0.0833, Accuracy: 0.9690, Precision: 0.9639, Recall: 0.9735, Specificity: 0.9646, F1-Score: 0.9687 
20:33:26 : Training Confusion for Epoch 13:
[[1185   36]
 [  29 1201]] 
20:33:27 : Epoch [13/50], Loss: 0.0404, Accuracy: 0.8858, Precision: 0.9874, Recall: 0.7781, Specificity: 0.9904, F1-Score: 0.8704 
20:33:33 : Training Confusion for Epoch 14:
[[1187   34]
 [  27 1203]] 
20:33:34 : Epoch [14/50], Loss: 0.2049, Accuracy: 0.9152, Precision: 0.9630, Recall: 0.8609, Specificity: 0.9678, F1-Score: 0.9091 
20:33:41 : Training Confusion for Epoch 15:
[[1192   29]
 [  22 1208]] 
20:33:42 : Epoch [15/50], Loss: 0.5896, Accuracy: 0.9347, Precision: 0.8853, Recall: 0.9967, Specificity: 0.8746, F1-Score: 0.9377 
20:33:48 : Training Confusion for Epoch 16:
[[1193   28]
 [  27 1203]] 
20:33:49 : Epoch [16/50], Loss: 0.0224, Accuracy: 0.9674, Precision: 0.9638, Recall: 0.9702, Specificity: 0.9646, F1-Score: 0.9670 
20:33:56 : Training Confusion for Epoch 17:
[[1187   34]
 [  22 1208]] 
20:33:57 : Epoch [17/50], Loss: 0.1099, Accuracy: 0.9723, Precision: 0.9703, Recall: 0.9735, Specificity: 0.9711, F1-Score: 0.9719 
20:34:03 : Training Confusion for Epoch 18:
[[1198   23]
 [  24 1206]] 
20:34:04 : Epoch [18/50], Loss: 0.2942, Accuracy: 0.9608, Precision: 0.9344, Recall: 0.9901, Specificity: 0.9325, F1-Score: 0.9614 
20:34:11 : Training Confusion for Epoch 19:
[[1196   25]
 [  19 1211]] 
20:34:12 : Epoch [19/50], Loss: 0.0212, Accuracy: 0.9608, Precision: 0.9696, Recall: 0.9503, Specificity: 0.9711, F1-Score: 0.9599 
20:34:18 : Training Confusion for Epoch 20:
[[1191   30]
 [  28 1202]] 
20:34:19 : Epoch [20/50], Loss: 0.1577, Accuracy: 0.9772, Precision: 0.9645, Recall: 0.9901, Specificity: 0.9646, F1-Score: 0.9771 
20:34:26 : Training Confusion for Epoch 21:
[[1200   21]
 [  19 1211]] 
20:34:27 : Epoch [21/50], Loss: 0.4743, Accuracy: 0.9755, Precision: 0.9614, Recall: 0.9901, Specificity: 0.9614, F1-Score: 0.9755 
20:34:33 : Training Confusion for Epoch 22:
[[1206   15]
 [  12 1218]] 
20:34:34 : Epoch [22/50], Loss: 0.1703, Accuracy: 0.9625, Precision: 0.9794, Recall: 0.9437, Specificity: 0.9807, F1-Score: 0.9612 
20:34:41 : Training Confusion for Epoch 23:
[[1204   17]
 [  21 1209]] 
20:34:42 : Epoch [23/50], Loss: 0.0427, Accuracy: 0.9592, Precision: 0.9288, Recall: 0.9934, Specificity: 0.9260, F1-Score: 0.9600 
20:34:48 : Training Confusion for Epoch 24:
[[1206   15]
 [  27 1203]] 
20:34:49 : Epoch [24/50], Loss: 0.2727, Accuracy: 0.9641, Precision: 0.9375, Recall: 0.9934, Specificity: 0.9357, F1-Score: 0.9646 
20:34:56 : Training Confusion for Epoch 25:
[[1203   18]
 [  19 1211]] 
20:34:57 : Epoch [25/50], Loss: 0.1904, Accuracy: 0.9250, Precision: 0.9776, Recall: 0.8675, Specificity: 0.9807, F1-Score: 0.9193 
20:35:03 : Training Confusion for Epoch 26:
[[1200   21]
 [  25 1205]] 
20:35:04 : Epoch [26/50], Loss: 0.2245, Accuracy: 0.9706, Precision: 0.9641, Recall: 0.9768, Specificity: 0.9646, F1-Score: 0.9704 
20:35:11 : Training Confusion for Epoch 27:
[[1209   12]
 [  17 1213]] 
20:35:12 : Epoch [27/50], Loss: 0.0069, Accuracy: 0.9527, Precision: 0.9627, Recall: 0.9404, Specificity: 0.9646, F1-Score: 0.9514 
20:35:18 : Training Confusion for Epoch 28:
[[1205   16]
 [  16 1214]] 
20:35:19 : Epoch [28/50], Loss: 0.1619, Accuracy: 0.9119, Precision: 0.9733, Recall: 0.8444, Specificity: 0.9775, F1-Score: 0.9043 
20:35:26 : Training Confusion for Epoch 29:
[[1197   24]
 [  29 1201]] 
20:35:27 : Epoch [29/50], Loss: 0.4293, Accuracy: 0.9690, Precision: 0.9436, Recall: 0.9967, Specificity: 0.9421, F1-Score: 0.9694 
20:35:33 : Training Confusion for Epoch 30:
[[1210   11]
 [  19 1211]] 
20:35:34 : Epoch [30/50], Loss: 0.5759, Accuracy: 0.9347, Precision: 0.9816, Recall: 0.8841, Specificity: 0.9839, F1-Score: 0.9303 
20:35:41 : Training Confusion for Epoch 31:
[[1199   22]
 [  27 1203]] 
20:35:42 : Epoch [31/50], Loss: 0.0231, Accuracy: 0.9511, Precision: 0.9658, Recall: 0.9338, Specificity: 0.9678, F1-Score: 0.9495 
20:35:48 : Training Confusion for Epoch 32:
[[1203   18]
 [  20 1210]] 
20:35:49 : Epoch [32/50], Loss: 0.0523, Accuracy: 0.9674, Precision: 0.9829, Recall: 0.9503, Specificity: 0.9839, F1-Score: 0.9663 
20:35:56 : Training Confusion for Epoch 33:
[[1205   16]
 [  20 1210]] 
20:35:57 : Epoch [33/50], Loss: 0.0144, Accuracy: 0.9625, Precision: 0.9761, Recall: 0.9470, Specificity: 0.9775, F1-Score: 0.9613 
20:36:03 : Training Confusion for Epoch 34:
[[1213    8]
 [  19 1211]] 
20:36:04 : Epoch [34/50], Loss: 0.3387, Accuracy: 0.9511, Precision: 0.9146, Recall: 0.9934, Specificity: 0.9100, F1-Score: 0.9524 
20:36:11 : Training Confusion for Epoch 35:
[[1216    5]
 [  15 1215]] 
20:36:12 : Epoch [35/50], Loss: 0.1958, Accuracy: 0.9706, Precision: 0.9765, Recall: 0.9636, Specificity: 0.9775, F1-Score: 0.9700 
20:36:18 : Training Confusion for Epoch 36:
[[1208   13]
 [  18 1212]] 
20:36:19 : Epoch [36/50], Loss: 0.0770, Accuracy: 0.9380, Precision: 0.9853, Recall: 0.8874, Specificity: 0.9871, F1-Score: 0.9338 
20:36:26 : Training Confusion for Epoch 37:
[[1217    4]
 [   8 1222]] 
20:36:26 : Epoch [37/50], Loss: 0.0062, Accuracy: 0.7439, Precision: 0.9866, Recall: 0.4868, Specificity: 0.9936, F1-Score: 0.6519 
20:36:33 : Training Confusion for Epoch 38:
[[1212    9]
 [  19 1211]] 
20:36:34 : Epoch [38/50], Loss: 1.3486, Accuracy: 0.9576, Precision: 0.9259, Recall: 0.9934, Specificity: 0.9228, F1-Score: 0.9585 
20:36:41 : Training Confusion for Epoch 39:
[[1216    5]
 [   9 1221]] 
20:36:41 : Epoch [39/50], Loss: 0.0140, Accuracy: 0.9739, Precision: 0.9704, Recall: 0.9768, Specificity: 0.9711, F1-Score: 0.9736 
20:36:48 : Training Confusion for Epoch 40:
[[1216    5]
 [  11 1219]] 
20:36:49 : Epoch [40/50], Loss: 0.6694, Accuracy: 0.9739, Precision: 0.9554, Recall: 0.9934, Specificity: 0.9550, F1-Score: 0.9740 
20:36:55 : Training Confusion for Epoch 41:
[[1217    4]
 [   8 1222]] 
20:36:56 : Epoch [41/50], Loss: 0.3038, Accuracy: 0.9462, Precision: 0.9719, Recall: 0.9172, Specificity: 0.9743, F1-Score: 0.9438 
20:37:03 : Training Confusion for Epoch 42:
[[1206   15]
 [  29 1201]] 
20:37:04 : Epoch [42/50], Loss: 0.0813, Accuracy: 0.9543, Precision: 0.9692, Recall: 0.9371, Specificity: 0.9711, F1-Score: 0.9529 
20:37:10 : Training Confusion for Epoch 43:
[[1190   31]
 [  33 1197]] 
20:37:11 : Epoch [43/50], Loss: 0.0481, Accuracy: 0.9641, Precision: 0.9698, Recall: 0.9570, Specificity: 0.9711, F1-Score: 0.9633 
20:37:18 : Training Confusion for Epoch 44:
[[1209   12]
 [  16 1214]] 
20:37:19 : Epoch [44/50], Loss: 0.1111, Accuracy: 0.9625, Precision: 0.9515, Recall: 0.9735, Specificity: 0.9518, F1-Score: 0.9624 
20:37:25 : Training Confusion for Epoch 45:
[[1208   13]
 [  15 1215]] 
20:37:26 : Epoch [45/50], Loss: 0.2539, Accuracy: 0.9755, Precision: 0.9736, Recall: 0.9768, Specificity: 0.9743, F1-Score: 0.9752 
20:37:33 : Training Confusion for Epoch 46:
[[1212    9]
 [   9 1221]] 
20:37:34 : Epoch [46/50], Loss: 0.4955, Accuracy: 0.9674, Precision: 0.9578, Recall: 0.9768, Specificity: 0.9582, F1-Score: 0.9672 
20:37:40 : Training Confusion for Epoch 47:
[[1215    6]
 [  10 1220]] 
20:37:41 : Epoch [47/50], Loss: 0.1848, Accuracy: 0.9592, Precision: 0.9288, Recall: 0.9934, Specificity: 0.9260, F1-Score: 0.9600 
20:37:48 : Training Confusion for Epoch 48:
[[1210   11]
 [  15 1215]] 
20:37:49 : Epoch [48/50], Loss: 0.0523, Accuracy: 0.9576, Precision: 0.9792, Recall: 0.9338, Specificity: 0.9807, F1-Score: 0.9559 
20:37:55 : Training Confusion for Epoch 49:
[[1218    3]
 [   7 1223]] 
20:37:56 : Epoch [49/50], Loss: 0.1064, Accuracy: 0.9723, Precision: 0.9703, Recall: 0.9735, Specificity: 0.9711, F1-Score: 0.9719 
20:38:03 : Training Confusion for Epoch 50:
[[1216    5]
 [  11 1219]] 
20:38:04 : Epoch [50/50], Loss: 0.1499, Accuracy: 0.9478, Precision: 0.9787, Recall: 0.9139, Specificity: 0.9807, F1-Score: 0.9452 
20:38:05 : FOLD 3 
20:38:05 : ---------------------------------- 
20:38:11 : Training Confusion for Epoch 1:
[[1093  139]
 [ 123 1096]] 
20:38:12 : Epoch [1/50], Loss: 0.0347, Accuracy: 0.8874, Precision: 0.9880, Recall: 0.7891, Specificity: 0.9900, F1-Score: 0.8774 
20:38:19 : Training Confusion for Epoch 2:
[[1173   59]
 [  58 1161]] 
20:38:20 : Epoch [2/50], Loss: 0.2748, Accuracy: 0.9250, Precision: 0.8915, Recall: 0.9712, Specificity: 0.8767, F1-Score: 0.9297 
20:38:26 : Training Confusion for Epoch 3:
[[1177   55]
 [  39 1180]] 
20:38:27 : Epoch [3/50], Loss: 0.0433, Accuracy: 0.9543, Precision: 0.9582, Recall: 0.9521, Specificity: 0.9567, F1-Score: 0.9551 
20:38:34 : Training Confusion for Epoch 4:
[[1179   53]
 [  38 1181]] 
20:38:35 : Epoch [4/50], Loss: 0.0205, Accuracy: 0.9543, Precision: 0.9439, Recall: 0.9681, Specificity: 0.9400, F1-Score: 0.9558 
20:38:41 : Training Confusion for Epoch 5:
[[1183   49]
 [  37 1182]] 
20:38:42 : Epoch [5/50], Loss: 0.0012, Accuracy: 0.9511, Precision: 0.9764, Recall: 0.9265, Specificity: 0.9767, F1-Score: 0.9508 
20:38:49 : Training Confusion for Epoch 6:
[[1193   39]
 [  29 1190]] 
20:38:50 : Epoch [6/50], Loss: 0.0097, Accuracy: 0.8711, Precision: 0.9680, Recall: 0.7732, Specificity: 0.9733, F1-Score: 0.8597 
20:38:56 : Training Confusion for Epoch 7:
[[1179   53]
 [  46 1173]] 
20:38:57 : Epoch [7/50], Loss: 0.0073, Accuracy: 0.9543, Precision: 0.9798, Recall: 0.9297, Specificity: 0.9800, F1-Score: 0.9541 
20:39:04 : Training Confusion for Epoch 8:
[[1189   43]
 [  35 1184]] 
20:39:05 : Epoch [8/50], Loss: 0.1446, Accuracy: 0.9543, Precision: 0.9412, Recall: 0.9712, Specificity: 0.9367, F1-Score: 0.9560 
20:39:11 : Training Confusion for Epoch 9:
[[1194   38]
 [  24 1195]] 
20:39:12 : Epoch [9/50], Loss: 0.0125, Accuracy: 0.9641, Precision: 0.9533, Recall: 0.9776, Specificity: 0.9500, F1-Score: 0.9653 
20:39:19 : Training Confusion for Epoch 10:
[[1197   35]
 [  29 1190]] 
20:39:20 : Epoch [10/50], Loss: 0.0160, Accuracy: 0.9657, Precision: 0.9650, Recall: 0.9681, Specificity: 0.9633, F1-Score: 0.9665 
20:39:26 : Training Confusion for Epoch 11:
[[1201   31]
 [  27 1192]] 
20:39:27 : Epoch [11/50], Loss: 0.0014, Accuracy: 0.9103, Precision: 0.9813, Recall: 0.8403, Specificity: 0.9833, F1-Score: 0.9053 
20:39:34 : Training Confusion for Epoch 12:
[[1197   35]
 [  32 1187]] 
20:39:35 : Epoch [12/50], Loss: 0.0090, Accuracy: 0.9657, Precision: 0.9650, Recall: 0.9681, Specificity: 0.9633, F1-Score: 0.9665 
20:39:41 : Training Confusion for Epoch 13:
[[1188   44]
 [  38 1181]] 
20:39:42 : Epoch [13/50], Loss: 0.0006, Accuracy: 0.9511, Precision: 0.9797, Recall: 0.9233, Specificity: 0.9800, F1-Score: 0.9507 
20:39:49 : Training Confusion for Epoch 14:
[[1198   34]
 [  24 1195]] 
20:39:50 : Epoch [14/50], Loss: 0.0377, Accuracy: 0.9494, Precision: 0.9325, Recall: 0.9712, Specificity: 0.9267, F1-Score: 0.9515 
20:39:56 : Training Confusion for Epoch 15:
[[1204   28]
 [  29 1190]] 
20:39:57 : Epoch [15/50], Loss: 0.0012, Accuracy: 0.9592, Precision: 0.9586, Recall: 0.9617, Specificity: 0.9567, F1-Score: 0.9601 
20:40:04 : Training Confusion for Epoch 16:
[[1203   29]
 [  18 1201]] 
20:40:05 : Epoch [16/50], Loss: 0.0037, Accuracy: 0.9641, Precision: 0.9802, Recall: 0.9489, Specificity: 0.9800, F1-Score: 0.9643 
20:40:11 : Training Confusion for Epoch 17:
[[1207   25]
 [  30 1189]] 
20:40:12 : Epoch [17/50], Loss: 0.0080, Accuracy: 0.9152, Precision: 0.9745, Recall: 0.8562, Specificity: 0.9767, F1-Score: 0.9116 
20:40:19 : Training Confusion for Epoch 18:
[[1208   24]
 [  27 1192]] 
20:40:20 : Epoch [18/50], Loss: 0.0034, Accuracy: 0.9364, Precision: 0.9824, Recall: 0.8914, Specificity: 0.9833, F1-Score: 0.9347 
20:40:26 : Training Confusion for Epoch 19:
[[1215   17]
 [  16 1203]] 
20:40:27 : Epoch [19/50], Loss: 0.0012, Accuracy: 0.9657, Precision: 0.9679, Recall: 0.9649, Specificity: 0.9667, F1-Score: 0.9664 
20:40:34 : Training Confusion for Epoch 20:
[[1215   17]
 [  19 1200]] 
20:40:35 : Epoch [20/50], Loss: 1.1646, Accuracy: 0.8989, Precision: 0.8476, Recall: 0.9776, Specificity: 0.8167, F1-Score: 0.9080 
20:40:41 : Training Confusion for Epoch 21:
[[1205   27]
 [  26 1193]] 
20:40:42 : Epoch [21/50], Loss: 0.0036, Accuracy: 0.9674, Precision: 0.9741, Recall: 0.9617, Specificity: 0.9733, F1-Score: 0.9678 
20:40:49 : Training Confusion for Epoch 22:
[[1216   16]
 [  14 1205]] 
20:40:50 : Epoch [22/50], Loss: 0.0017, Accuracy: 0.9674, Precision: 0.9741, Recall: 0.9617, Specificity: 0.9733, F1-Score: 0.9678 
20:40:56 : Training Confusion for Epoch 23:
[[1216   16]
 [  21 1198]] 
20:40:57 : Epoch [23/50], Loss: 0.0002, Accuracy: 0.9445, Precision: 0.9827, Recall: 0.9073, Specificity: 0.9833, F1-Score: 0.9435 
20:41:04 : Training Confusion for Epoch 24:
[[1216   16]
 [  16 1203]] 
20:41:05 : Epoch [24/50], Loss: 0.0007, Accuracy: 0.9674, Precision: 0.9681, Recall: 0.9681, Specificity: 0.9667, F1-Score: 0.9681 
20:41:11 : Training Confusion for Epoch 25:
[[1214   18]
 [  21 1198]] 
20:41:12 : Epoch [25/50], Loss: 0.0005, Accuracy: 0.9315, Precision: 0.9857, Recall: 0.8786, Specificity: 0.9867, F1-Score: 0.9291 
20:41:19 : Training Confusion for Epoch 26:
[[1223    9]
 [  13 1206]] 
20:41:20 : Epoch [26/50], Loss: 0.0030, Accuracy: 0.9690, Precision: 0.9565, Recall: 0.9840, Specificity: 0.9533, F1-Score: 0.9701 
20:41:26 : Training Confusion for Epoch 27:
[[1218   14]
 [  17 1202]] 
20:41:27 : Epoch [27/50], Loss: 0.0031, Accuracy: 0.8907, Precision: 0.9920, Recall: 0.7923, Specificity: 0.9933, F1-Score: 0.8810 
20:41:34 : Training Confusion for Epoch 28:
[[1218   14]
 [  22 1197]] 
20:41:34 : Epoch [28/50], Loss: 0.0004, Accuracy: 0.9674, Precision: 0.9835, Recall: 0.9521, Specificity: 0.9833, F1-Score: 0.9675 
20:41:41 : Training Confusion for Epoch 29:
[[1222   10]
 [  15 1204]] 
20:41:42 : Epoch [29/50], Loss: 0.1801, Accuracy: 0.9625, Precision: 0.9618, Recall: 0.9649, Specificity: 0.9600, F1-Score: 0.9633 
20:41:49 : Training Confusion for Epoch 30:
[[1223    9]
 [  11 1208]] 
20:41:50 : Epoch [30/50], Loss: 0.0018, Accuracy: 0.9592, Precision: 0.9737, Recall: 0.9457, Specificity: 0.9733, F1-Score: 0.9595 
20:41:56 : Training Confusion for Epoch 31:
[[1220   12]
 [  17 1202]] 
20:41:57 : Epoch [31/50], Loss: 0.0003, Accuracy: 0.9543, Precision: 0.9798, Recall: 0.9297, Specificity: 0.9800, F1-Score: 0.9541 
20:42:04 : Training Confusion for Epoch 32:
[[1222   10]
 [  14 1205]] 
20:42:05 : Epoch [32/50], Loss: 0.0002, Accuracy: 0.9592, Precision: 0.9832, Recall: 0.9361, Specificity: 0.9833, F1-Score: 0.9591 
20:42:11 : Training Confusion for Epoch 33:
[[1224    8]
 [  11 1208]] 
20:42:12 : Epoch [33/50], Loss: 0.0037, Accuracy: 0.9723, Precision: 0.9596, Recall: 0.9872, Specificity: 0.9567, F1-Score: 0.9732 
20:42:19 : Training Confusion for Epoch 34:
[[1221   11]
 [  10 1209]] 
20:42:20 : Epoch [34/50], Loss: 0.0143, Accuracy: 0.9527, Precision: 0.9176, Recall: 0.9968, Specificity: 0.9067, F1-Score: 0.9556 
20:42:26 : Training Confusion for Epoch 35:
[[1218   14]
 [  16 1203]] 
20:42:27 : Epoch [35/50], Loss: 0.0024, Accuracy: 0.9576, Precision: 0.9832, Recall: 0.9329, Specificity: 0.9833, F1-Score: 0.9574 
20:42:34 : Training Confusion for Epoch 36:
[[1228    4]
 [   6 1213]] 
20:42:35 : Epoch [36/50], Loss: 0.0029, Accuracy: 0.9755, Precision: 0.9776, Recall: 0.9744, Specificity: 0.9767, F1-Score: 0.9760 
20:42:41 : Training Confusion for Epoch 37:
[[1226    6]
 [  11 1208]] 
20:42:42 : Epoch [37/50], Loss: 0.0070, Accuracy: 0.9723, Precision: 0.9568, Recall: 0.9904, Specificity: 0.9533, F1-Score: 0.9733 
20:42:49 : Training Confusion for Epoch 38:
[[1226    6]
 [   8 1211]] 
20:42:50 : Epoch [38/50], Loss: 0.0016, Accuracy: 0.9543, Precision: 0.9672, Recall: 0.9425, Specificity: 0.9667, F1-Score: 0.9547 
20:42:56 : Training Confusion for Epoch 39:
[[1222   10]
 [  17 1202]] 
20:42:57 : Epoch [39/50], Loss: 0.0019, Accuracy: 0.9608, Precision: 0.9738, Recall: 0.9489, Specificity: 0.9733, F1-Score: 0.9612 
20:43:04 : Training Confusion for Epoch 40:
[[1226    6]
 [  13 1206]] 
20:43:05 : Epoch [40/50], Loss: 0.0060, Accuracy: 0.9674, Precision: 0.9426, Recall: 0.9968, Specificity: 0.9367, F1-Score: 0.9689 
20:43:11 : Training Confusion for Epoch 41:
[[1229    3]
 [   5 1214]] 
20:43:12 : Epoch [41/50], Loss: 0.0008, Accuracy: 0.9706, Precision: 0.9538, Recall: 0.9904, Specificity: 0.9500, F1-Score: 0.9718 
20:43:19 : Training Confusion for Epoch 42:
[[1227    5]
 [   8 1211]] 
20:43:20 : Epoch [42/50], Loss: 0.0020, Accuracy: 0.9641, Precision: 0.9709, Recall: 0.9585, Specificity: 0.9700, F1-Score: 0.9646 
20:43:26 : Training Confusion for Epoch 43:
[[1232    0]
 [   4 1215]] 
20:43:27 : Epoch [43/50], Loss: 0.0002, Accuracy: 0.9674, Precision: 0.9592, Recall: 0.9776, Specificity: 0.9567, F1-Score: 0.9684 
20:43:34 : Training Confusion for Epoch 44:
[[1225    7]
 [  10 1209]] 
20:43:35 : Epoch [44/50], Loss: 0.0039, Accuracy: 0.9396, Precision: 0.9570, Recall: 0.9233, Specificity: 0.9567, F1-Score: 0.9398 
20:43:41 : Training Confusion for Epoch 45:
[[1224    8]
 [  15 1204]] 
20:43:42 : Epoch [45/50], Loss: 0.0019, Accuracy: 0.9674, Precision: 0.9741, Recall: 0.9617, Specificity: 0.9733, F1-Score: 0.9678 
20:43:49 : Training Confusion for Epoch 46:
[[1224    8]
 [  10 1209]] 
20:43:50 : Epoch [46/50], Loss: 0.0004, Accuracy: 0.9657, Precision: 0.9620, Recall: 0.9712, Specificity: 0.9600, F1-Score: 0.9666 
20:43:56 : Training Confusion for Epoch 47:
[[1228    4]
 [  10 1209]] 
20:43:57 : Epoch [47/50], Loss: 0.0016, Accuracy: 0.9657, Precision: 0.9679, Recall: 0.9649, Specificity: 0.9667, F1-Score: 0.9664 
20:44:04 : Training Confusion for Epoch 48:
[[1231    1]
 [   6 1213]] 
20:44:05 : Epoch [48/50], Loss: 0.0068, Accuracy: 0.9657, Precision: 0.9740, Recall: 0.9585, Specificity: 0.9733, F1-Score: 0.9662 
20:44:11 : Training Confusion for Epoch 49:
[[1226    6]
 [  15 1204]] 
20:44:12 : Epoch [49/50], Loss: 0.0015, Accuracy: 0.9608, Precision: 0.9801, Recall: 0.9425, Specificity: 0.9800, F1-Score: 0.9609 
20:44:19 : Training Confusion for Epoch 50:
[[1226    6]
 [  13 1206]] 
20:44:20 : Epoch [50/50], Loss: 0.0015, Accuracy: 0.9723, Precision: 0.9596, Recall: 0.9872, Specificity: 0.9567, F1-Score: 0.9732 
20:44:21 : FOLD 4 
20:44:21 : ---------------------------------- 
20:44:27 : Training Confusion for Epoch 1:
[[1118   98]
 [ 195 1041]] 
20:44:28 : Epoch [1/50], Loss: 0.0180, Accuracy: 0.9330, Precision: 0.8852, Recall: 0.9899, Specificity: 0.8797, F1-Score: 0.9346 
20:44:35 : Training Confusion for Epoch 2:
[[1138   78]
 [  72 1164]] 
20:44:36 : Epoch [2/50], Loss: 0.0189, Accuracy: 0.9346, Precision: 0.9885, Recall: 0.8750, Specificity: 0.9905, F1-Score: 0.9283 
20:44:42 : Training Confusion for Epoch 3:
[[1157   59]
 [  55 1181]] 
20:44:43 : Epoch [3/50], Loss: 0.0045, Accuracy: 0.9690, Precision: 0.9695, Recall: 0.9662, Specificity: 0.9715, F1-Score: 0.9679 
20:44:50 : Training Confusion for Epoch 4:
[[1156   60]
 [  48 1188]] 
20:44:51 : Epoch [4/50], Loss: 0.0024, Accuracy: 0.9673, Precision: 0.9662, Recall: 0.9662, Specificity: 0.9684, F1-Score: 0.9662 
20:44:57 : Training Confusion for Epoch 5:
[[1166   50]
 [  57 1179]] 
20:44:58 : Epoch [5/50], Loss: 0.0007, Accuracy: 0.8725, Precision: 0.9739, Recall: 0.7568, Specificity: 0.9810, F1-Score: 0.8517 
20:45:05 : Training Confusion for Epoch 6:
[[1163   53]
 [  42 1194]] 
20:45:06 : Epoch [6/50], Loss: 0.0049, Accuracy: 0.9739, Precision: 0.9605, Recall: 0.9865, Specificity: 0.9620, F1-Score: 0.9733 
20:45:12 : Training Confusion for Epoch 7:
[[1181   35]
 [  34 1202]] 
20:45:13 : Epoch [7/50], Loss: 0.0053, Accuracy: 0.9461, Precision: 0.9888, Recall: 0.8986, Specificity: 0.9905, F1-Score: 0.9416 
20:45:20 : Training Confusion for Epoch 8:
[[1168   48]
 [  35 1201]] 
20:45:21 : Epoch [8/50], Loss: 0.0110, Accuracy: 0.9657, Precision: 0.9479, Recall: 0.9831, Specificity: 0.9494, F1-Score: 0.9652 
20:45:27 : Training Confusion for Epoch 9:
[[1165   51]
 [  45 1191]] 
20:45:28 : Epoch [9/50], Loss: 0.0069, Accuracy: 0.9722, Precision: 0.9635, Recall: 0.9797, Specificity: 0.9652, F1-Score: 0.9715 
20:45:35 : Training Confusion for Epoch 10:
[[1179   37]
 [  31 1205]] 
20:45:36 : Epoch [10/50], Loss: 0.0003, Accuracy: 0.9722, Precision: 0.9827, Recall: 0.9595, Specificity: 0.9842, F1-Score: 0.9709 
20:45:42 : Training Confusion for Epoch 11:
[[1177   39]
 [  35 1201]] 
20:45:43 : Epoch [11/50], Loss: 0.0075, Accuracy: 0.9804, Precision: 0.9765, Recall: 0.9831, Specificity: 0.9778, F1-Score: 0.9798 
20:45:50 : Training Confusion for Epoch 12:
[[1174   42]
 [  21 1215]] 
20:45:51 : Epoch [12/50], Loss: 0.0014, Accuracy: 0.7418, Precision: 0.9859, Recall: 0.4730, Specificity: 0.9937, F1-Score: 0.6393 
20:45:57 : Training Confusion for Epoch 13:
[[1188   28]
 [  26 1210]] 
20:45:58 : Epoch [13/50], Loss: 0.0059, Accuracy: 0.9804, Precision: 0.9765, Recall: 0.9831, Specificity: 0.9778, F1-Score: 0.9798 
20:46:05 : Training Confusion for Epoch 14:
[[1185   31]
 [  27 1209]] 
20:46:06 : Epoch [14/50], Loss: 0.0079, Accuracy: 0.9771, Precision: 0.9796, Recall: 0.9730, Specificity: 0.9810, F1-Score: 0.9763 
20:46:12 : Training Confusion for Epoch 15:
[[1197   19]
 [  23 1213]] 
20:46:13 : Epoch [15/50], Loss: 0.0037, Accuracy: 0.9657, Precision: 0.9758, Recall: 0.9527, Specificity: 0.9778, F1-Score: 0.9641 
20:46:20 : Training Confusion for Epoch 16:
[[1184   32]
 [  29 1207]] 
20:46:21 : Epoch [16/50], Loss: 0.0148, Accuracy: 0.9690, Precision: 0.9826, Recall: 0.9527, Specificity: 0.9842, F1-Score: 0.9674 
20:46:27 : Training Confusion for Epoch 17:
[[1192   24]
 [  15 1221]] 
20:46:28 : Epoch [17/50], Loss: 0.0083, Accuracy: 0.9722, Precision: 0.9794, Recall: 0.9628, Specificity: 0.9810, F1-Score: 0.9710 
20:46:35 : Training Confusion for Epoch 18:
[[1193   23]
 [  18 1218]] 
20:46:36 : Epoch [18/50], Loss: 0.0044, Accuracy: 0.9722, Precision: 0.9794, Recall: 0.9628, Specificity: 0.9810, F1-Score: 0.9710 
20:46:42 : Training Confusion for Epoch 19:
[[1191   25]
 [  21 1215]] 
20:46:43 : Epoch [19/50], Loss: 0.0075, Accuracy: 0.9739, Precision: 0.9861, Recall: 0.9595, Specificity: 0.9873, F1-Score: 0.9726 
20:46:50 : Training Confusion for Epoch 20:
[[1196   20]
 [  24 1212]] 
20:46:51 : Epoch [20/50], Loss: 0.0093, Accuracy: 0.9542, Precision: 0.9891, Recall: 0.9155, Specificity: 0.9905, F1-Score: 0.9509 
20:46:57 : Training Confusion for Epoch 21:
[[1199   17]
 [  14 1222]] 
20:46:58 : Epoch [21/50], Loss: 0.0006, Accuracy: 0.9804, Precision: 0.9765, Recall: 0.9831, Specificity: 0.9778, F1-Score: 0.9798 
20:47:05 : Training Confusion for Epoch 22:
[[1200   16]
 [  21 1215]] 
20:47:06 : Epoch [22/50], Loss: 0.0055, Accuracy: 0.9722, Precision: 0.9635, Recall: 0.9797, Specificity: 0.9652, F1-Score: 0.9715 
20:47:12 : Training Confusion for Epoch 23:
[[1201   15]
 [  26 1210]] 
20:47:13 : Epoch [23/50], Loss: 0.0051, Accuracy: 0.9575, Precision: 0.9891, Recall: 0.9223, Specificity: 0.9905, F1-Score: 0.9545 
20:47:20 : Training Confusion for Epoch 24:
[[1198   18]
 [  19 1217]] 
20:47:21 : Epoch [24/50], Loss: 0.0039, Accuracy: 0.9771, Precision: 0.9862, Recall: 0.9662, Specificity: 0.9873, F1-Score: 0.9761 
20:47:28 : Training Confusion for Epoch 25:
[[1191   25]
 [  24 1212]] 
20:47:28 : Epoch [25/50], Loss: 0.0056, Accuracy: 0.9755, Precision: 0.9637, Recall: 0.9865, Specificity: 0.9652, F1-Score: 0.9750 
20:47:35 : Training Confusion for Epoch 26:
[[1200   16]
 [  20 1216]] 
20:47:36 : Epoch [26/50], Loss: 0.0048, Accuracy: 0.9804, Precision: 0.9830, Recall: 0.9764, Specificity: 0.9842, F1-Score: 0.9797 
20:47:43 : Training Confusion for Epoch 27:
[[1203   13]
 [  11 1225]] 
20:47:43 : Epoch [27/50], Loss: 0.0022, Accuracy: 0.9755, Precision: 0.9668, Recall: 0.9831, Specificity: 0.9684, F1-Score: 0.9749 
20:47:50 : Training Confusion for Epoch 28:
[[1201   15]
 [  15 1221]] 
20:47:51 : Epoch [28/50], Loss: 0.0011, Accuracy: 0.9771, Precision: 0.9862, Recall: 0.9662, Specificity: 0.9873, F1-Score: 0.9761 
20:47:58 : Training Confusion for Epoch 29:
[[1208    8]
 [  18 1218]] 
20:47:58 : Epoch [29/50], Loss: 0.0058, Accuracy: 0.9755, Precision: 0.9763, Recall: 0.9730, Specificity: 0.9778, F1-Score: 0.9746 
20:48:05 : Training Confusion for Epoch 30:
[[1206   10]
 [  13 1223]] 
20:48:06 : Epoch [30/50], Loss: 0.0021, Accuracy: 0.9739, Precision: 0.9605, Recall: 0.9865, Specificity: 0.9620, F1-Score: 0.9733 
20:48:13 : Training Confusion for Epoch 31:
[[1202   14]
 [  17 1219]] 
20:48:14 : Epoch [31/50], Loss: 0.0003, Accuracy: 0.9608, Precision: 0.9755, Recall: 0.9426, Specificity: 0.9778, F1-Score: 0.9588 
20:48:20 : Training Confusion for Epoch 32:
[[1209    7]
 [  14 1222]] 
20:48:21 : Epoch [32/50], Loss: 0.0033, Accuracy: 0.9755, Precision: 0.9547, Recall: 0.9966, Specificity: 0.9557, F1-Score: 0.9752 
20:48:28 : Training Confusion for Epoch 33:
[[1204   12]
 [  14 1222]] 
20:48:29 : Epoch [33/50], Loss: 0.0192, Accuracy: 0.9493, Precision: 0.9682, Recall: 0.9257, Specificity: 0.9715, F1-Score: 0.9465 
20:48:35 : Training Confusion for Epoch 34:
[[1210    6]
 [  15 1221]] 
20:48:36 : Epoch [34/50], Loss: 0.0039, Accuracy: 0.9575, Precision: 0.9891, Recall: 0.9223, Specificity: 0.9905, F1-Score: 0.9545 
20:48:43 : Training Confusion for Epoch 35:
[[1196   20]
 [  23 1213]] 
20:48:44 : Epoch [35/50], Loss: 0.0016, Accuracy: 0.9314, Precision: 0.9922, Recall: 0.8649, Specificity: 0.9937, F1-Score: 0.9242 
20:48:50 : Training Confusion for Epoch 36:
[[1211    5]
 [  11 1225]] 
20:48:51 : Epoch [36/50], Loss: 0.0018, Accuracy: 0.9706, Precision: 0.9793, Recall: 0.9595, Specificity: 0.9810, F1-Score: 0.9693 
20:48:58 : Training Confusion for Epoch 37:
[[1212    4]
 [  11 1225]] 
20:48:59 : Epoch [37/50], Loss: 0.0033, Accuracy: 0.9722, Precision: 0.9457, Recall: 1.0000, Specificity: 0.9462, F1-Score: 0.9721 
20:49:05 : Training Confusion for Epoch 38:
[[1204   12]
 [  18 1218]] 
20:49:06 : Epoch [38/50], Loss: 0.0039, Accuracy: 0.9771, Precision: 0.9578, Recall: 0.9966, Specificity: 0.9589, F1-Score: 0.9768 
20:49:13 : Training Confusion for Epoch 39:
[[1205   11]
 [  18 1218]] 
20:49:14 : Epoch [39/50], Loss: 0.0011, Accuracy: 0.9804, Precision: 0.9830, Recall: 0.9764, Specificity: 0.9842, F1-Score: 0.9797 
20:49:20 : Training Confusion for Epoch 40:
[[1212    4]
 [  11 1225]] 
20:49:21 : Epoch [40/50], Loss: 0.0041, Accuracy: 0.9771, Precision: 0.9669, Recall: 0.9865, Specificity: 0.9684, F1-Score: 0.9766 
20:49:28 : Training Confusion for Epoch 41:
[[1207    9]
 [  15 1221]] 
20:49:29 : Epoch [41/50], Loss: 0.0057, Accuracy: 0.9020, Precision: 0.9958, Recall: 0.8007, Specificity: 0.9968, F1-Score: 0.8876 
20:49:35 : Training Confusion for Epoch 42:
[[1206   10]
 [  16 1220]] 
20:49:36 : Epoch [42/50], Loss: 0.0024, Accuracy: 0.9657, Precision: 0.9791, Recall: 0.9493, Specificity: 0.9810, F1-Score: 0.9640 
20:49:43 : Training Confusion for Epoch 43:
[[1210    6]
 [   8 1228]] 
20:49:44 : Epoch [43/50], Loss: 0.0031, Accuracy: 0.9641, Precision: 0.9724, Recall: 0.9527, Specificity: 0.9747, F1-Score: 0.9625 
20:49:50 : Training Confusion for Epoch 44:
[[1210    6]
 [   9 1227]] 
20:49:51 : Epoch [44/50], Loss: 0.0090, Accuracy: 0.9461, Precision: 0.9713, Recall: 0.9155, Specificity: 0.9747, F1-Score: 0.9426 
20:49:58 : Training Confusion for Epoch 45:
[[1206   10]
 [  18 1218]] 
20:49:59 : Epoch [45/50], Loss: 0.0046, Accuracy: 0.9755, Precision: 0.9607, Recall: 0.9899, Specificity: 0.9620, F1-Score: 0.9750 
20:50:05 : Training Confusion for Epoch 46:
[[1208    8]
 [  12 1224]] 
20:50:06 : Epoch [46/50], Loss: 0.0036, Accuracy: 0.9771, Precision: 0.9578, Recall: 0.9966, Specificity: 0.9589, F1-Score: 0.9768 
20:50:13 : Training Confusion for Epoch 47:
[[1213    3]
 [  12 1224]] 
20:50:14 : Epoch [47/50], Loss: 0.0074, Accuracy: 0.9706, Precision: 0.9633, Recall: 0.9764, Specificity: 0.9652, F1-Score: 0.9698 
20:50:20 : Training Confusion for Epoch 48:
[[1211    5]
 [   9 1227]] 
20:50:21 : Epoch [48/50], Loss: 0.0042, Accuracy: 0.9559, Precision: 0.9786, Recall: 0.9291, Specificity: 0.9810, F1-Score: 0.9532 
20:50:28 : Training Confusion for Epoch 49:
[[1210    6]
 [  14 1222]] 
20:50:29 : Epoch [49/50], Loss: 0.0029, Accuracy: 0.9739, Precision: 0.9636, Recall: 0.9831, Specificity: 0.9652, F1-Score: 0.9732 
20:50:35 : Training Confusion for Epoch 50:
[[1212    4]
 [   7 1229]] 
20:50:36 : Epoch [50/50], Loss: 0.0056, Accuracy: 0.9771, Precision: 0.9608, Recall: 0.9932, Specificity: 0.9620, F1-Score: 0.9767 
20:50:37 : Cross-validation results: 
20:50:37 : Accuracy: 0.9506  0.0353 
20:50:37 : Precision: 0.9599  0.0241 
20:50:37 : Recall: 0.9419  0.0778 
20:50:37 : Specificity: 0.9591  0.0277 
20:50:37 : F1-Score: 0.9483  0.0475 
20:50:37 : Training Loss: 0.0640  0.0475 
20:50:37 : Validation Loss: 0.1866  0.1276 
20:51:44 : GeLUnew 
20:52:37 : Loaded saved model. 
20:54:04 : Test Loss: 0.0922, Test Accuracy: 0.9669, Test Precision: 0.1588, Test Recall: 0.9609, Test Specificity: 0.9670, Test F1-Score: 0.2725 
