11:53:00 : CBAM_SAM_crossval 
11:53:59 : No saved model found. Training a new model. 
11:53:59 : FOLD 0 
11:53:59 : ---------------------------------- 
11:54:07 : Training Confusion for Epoch 1:
[[957 261]
 [691 542]] 
11:54:08 : Epoch [1/50], Loss: 0.4941, Accuracy: 0.6835, Precision: 0.9487, Recall: 0.3712, Specificity: 0.9809, F1-Score: 0.5337 
11:54:15 : Training Confusion for Epoch 2:
[[1115  103]
 [ 627  606]] 
11:54:16 : Epoch [2/50], Loss: 0.4717, Accuracy: 0.7047, Precision: 0.9338, Recall: 0.4247, Specificity: 0.9713, F1-Score: 0.5839 
11:54:24 : Training Confusion for Epoch 3:
[[1110  108]
 [ 615  618]] 
11:54:25 : Epoch [3/50], Loss: 0.5000, Accuracy: 0.7015, Precision: 0.9531, Recall: 0.4080, Specificity: 0.9809, F1-Score: 0.5714 
11:54:33 : Training Confusion for Epoch 4:
[[1108  110]
 [ 525  708]] 
11:54:34 : Epoch [4/50], Loss: 0.4109, Accuracy: 0.7178, Precision: 0.9375, Recall: 0.4515, Specificity: 0.9713, F1-Score: 0.6095 
11:54:42 : Training Confusion for Epoch 5:
[[1125   93]
 [ 522  711]] 
11:54:43 : Epoch [5/50], Loss: 0.3544, Accuracy: 0.7259, Precision: 0.9517, Recall: 0.4615, Specificity: 0.9777, F1-Score: 0.6216 
11:54:50 : Training Confusion for Epoch 6:
[[1136   82]
 [ 495  738]] 
11:54:51 : Epoch [6/50], Loss: 0.4057, Accuracy: 0.7357, Precision: 0.9536, Recall: 0.4816, Specificity: 0.9777, F1-Score: 0.6400 
11:54:59 : Training Confusion for Epoch 7:
[[1114  104]
 [ 414  819]] 
11:55:00 : Epoch [7/50], Loss: 0.3584, Accuracy: 0.7814, Precision: 0.9104, Recall: 0.6120, Specificity: 0.9427, F1-Score: 0.7320 
11:55:08 : Training Confusion for Epoch 8:
[[1125   93]
 [ 359  874]] 
11:55:09 : Epoch [8/50], Loss: 0.2532, Accuracy: 0.8189, Precision: 0.9273, Recall: 0.6823, Specificity: 0.9490, F1-Score: 0.7861 
11:55:17 : Training Confusion for Epoch 9:
[[1114  104]
 [ 237  996]] 
11:55:18 : Epoch [9/50], Loss: 0.0374, Accuracy: 0.7896, Precision: 0.9570, Recall: 0.5953, Specificity: 0.9745, F1-Score: 0.7340 
11:55:25 : Training Confusion for Epoch 10:
[[1117  101]
 [ 109 1124]] 
11:55:26 : Epoch [10/50], Loss: 0.0516, Accuracy: 0.9184, Precision: 0.8854, Recall: 0.9565, Specificity: 0.8822, F1-Score: 0.9196 
11:55:34 : Training Confusion for Epoch 11:
[[1138   80]
 [  81 1152]] 
11:55:35 : Epoch [11/50], Loss: 0.0125, Accuracy: 0.8695, Precision: 0.9398, Recall: 0.7826, Specificity: 0.9522, F1-Score: 0.8540 
11:55:43 : Training Confusion for Epoch 12:
[[1148   70]
 [  67 1166]] 
11:55:44 : Epoch [12/50], Loss: 0.0013, Accuracy: 0.8679, Precision: 0.9698, Recall: 0.7525, Specificity: 0.9777, F1-Score: 0.8475 
11:55:52 : Training Confusion for Epoch 13:
[[1139   79]
 [  67 1166]] 
11:55:53 : Epoch [13/50], Loss: 0.0096, Accuracy: 0.9396, Precision: 0.9309, Recall: 0.9465, Specificity: 0.9331, F1-Score: 0.9386 
11:56:00 : Training Confusion for Epoch 14:
[[1145   73]
 [  59 1174]] 
11:56:01 : Epoch [14/50], Loss: 0.0007, Accuracy: 0.9347, Precision: 0.9390, Recall: 0.9264, Specificity: 0.9427, F1-Score: 0.9327 
11:56:09 : Training Confusion for Epoch 15:
[[1156   62]
 [  49 1184]] 
11:56:10 : Epoch [15/50], Loss: 0.0046, Accuracy: 0.9380, Precision: 0.9196, Recall: 0.9565, Specificity: 0.9204, F1-Score: 0.9377 
11:56:18 : Training Confusion for Epoch 16:
[[1147   71]
 [  48 1185]] 
11:56:19 : Epoch [16/50], Loss: 0.0010, Accuracy: 0.9331, Precision: 0.9418, Recall: 0.9197, Specificity: 0.9459, F1-Score: 0.9306 
11:56:27 : Training Confusion for Epoch 17:
[[1159   59]
 [  42 1191]] 
11:56:28 : Epoch [17/50], Loss: 0.0096, Accuracy: 0.9478, Precision: 0.9377, Recall: 0.9565, Specificity: 0.9395, F1-Score: 0.9470 
11:56:36 : Training Confusion for Epoch 18:
[[1166   52]
 [  52 1181]] 
11:56:36 : Epoch [18/50], Loss: 0.0048, Accuracy: 0.9070, Precision: 0.9481, Recall: 0.8562, Specificity: 0.9554, F1-Score: 0.8998 
11:56:44 : Training Confusion for Epoch 19:
[[1159   59]
 [  42 1191]] 
11:56:45 : Epoch [19/50], Loss: 0.0028, Accuracy: 0.9364, Precision: 0.9276, Recall: 0.9431, Specificity: 0.9299, F1-Score: 0.9353 
11:56:53 : Training Confusion for Epoch 20:
[[1148   70]
 [  61 1172]] 
11:56:54 : Epoch [20/50], Loss: 0.0001, Accuracy: 0.8254, Precision: 0.9800, Recall: 0.6555, Specificity: 0.9873, F1-Score: 0.7856 
11:57:02 : Training Confusion for Epoch 21:
[[1151   67]
 [  50 1183]] 
11:57:03 : Epoch [21/50], Loss: 0.0072, Accuracy: 0.9299, Precision: 0.9076, Recall: 0.9532, Specificity: 0.9076, F1-Score: 0.9299 
11:57:11 : Training Confusion for Epoch 22:
[[1165   53]
 [  41 1192]] 
11:57:12 : Epoch [22/50], Loss: 0.0004, Accuracy: 0.9380, Precision: 0.9547, Recall: 0.9164, Specificity: 0.9586, F1-Score: 0.9352 
11:57:19 : Training Confusion for Epoch 23:
[[1156   62]
 [  30 1203]] 
11:57:20 : Epoch [23/50], Loss: 0.0050, Accuracy: 0.9478, Precision: 0.9349, Recall: 0.9599, Specificity: 0.9363, F1-Score: 0.9472 
11:57:28 : Training Confusion for Epoch 24:
[[1175   43]
 [  35 1198]] 
11:57:29 : Epoch [24/50], Loss: 0.0016, Accuracy: 0.9413, Precision: 0.9201, Recall: 0.9632, Specificity: 0.9204, F1-Score: 0.9412 
11:57:37 : Training Confusion for Epoch 25:
[[1179   39]
 [  24 1209]] 
11:57:38 : Epoch [25/50], Loss: 0.0027, Accuracy: 0.9494, Precision: 0.9437, Recall: 0.9532, Specificity: 0.9459, F1-Score: 0.9484 
11:57:46 : Training Confusion for Epoch 26:
[[1169   49]
 [  28 1205]] 
11:57:47 : Epoch [26/50], Loss: 0.0012, Accuracy: 0.9543, Precision: 0.9472, Recall: 0.9599, Specificity: 0.9490, F1-Score: 0.9535 
11:57:55 : Training Confusion for Epoch 27:
[[1175   43]
 [  34 1199]] 
11:57:56 : Epoch [27/50], Loss: 0.0051, Accuracy: 0.9364, Precision: 0.9483, Recall: 0.9197, Specificity: 0.9522, F1-Score: 0.9338 
11:58:03 : Training Confusion for Epoch 28:
[[1154   64]
 [  54 1179]] 
11:58:04 : Epoch [28/50], Loss: 0.0015, Accuracy: 0.9478, Precision: 0.9465, Recall: 0.9465, Specificity: 0.9490, F1-Score: 0.9465 
11:58:12 : Training Confusion for Epoch 29:
[[1169   49]
 [  36 1197]] 
11:58:13 : Epoch [29/50], Loss: 0.0070, Accuracy: 0.9592, Precision: 0.9477, Recall: 0.9699, Specificity: 0.9490, F1-Score: 0.9587 
11:58:21 : Training Confusion for Epoch 30:
[[1174   44]
 [  31 1202]] 
11:58:22 : Epoch [30/50], Loss: 0.0023, Accuracy: 0.9429, Precision: 0.9177, Recall: 0.9699, Specificity: 0.9172, F1-Score: 0.9431 
11:58:30 : Training Confusion for Epoch 31:
[[1178   40]
 [  37 1196]] 
11:58:30 : Epoch [31/50], Loss: 0.0068, Accuracy: 0.9560, Precision: 0.9503, Recall: 0.9599, Specificity: 0.9522, F1-Score: 0.9551 
11:58:38 : Training Confusion for Epoch 32:
[[1178   40]
 [  26 1207]] 
11:58:39 : Epoch [32/50], Loss: 0.0040, Accuracy: 0.9511, Precision: 0.9559, Recall: 0.9431, Specificity: 0.9586, F1-Score: 0.9495 
11:58:47 : Training Confusion for Epoch 33:
[[1187   31]
 [  24 1209]] 
11:58:48 : Epoch [33/50], Loss: 0.0049, Accuracy: 0.9576, Precision: 0.9535, Recall: 0.9599, Specificity: 0.9554, F1-Score: 0.9567 
11:58:56 : Training Confusion for Epoch 34:
[[1178   40]
 [  26 1207]] 
11:58:57 : Epoch [34/50], Loss: 0.0004, Accuracy: 0.9576, Precision: 0.9627, Recall: 0.9498, Specificity: 0.9650, F1-Score: 0.9562 
11:59:04 : Training Confusion for Epoch 35:
[[1179   39]
 [  25 1208]] 
11:59:05 : Epoch [35/50], Loss: 0.0012, Accuracy: 0.9576, Precision: 0.9475, Recall: 0.9666, Specificity: 0.9490, F1-Score: 0.9570 
11:59:13 : Training Confusion for Epoch 36:
[[1192   26]
 [  17 1216]] 
11:59:14 : Epoch [36/50], Loss: 0.0078, Accuracy: 0.9445, Precision: 0.9402, Recall: 0.9465, Specificity: 0.9427, F1-Score: 0.9433 
11:59:22 : Training Confusion for Epoch 37:
[[1178   40]
 [  27 1206]] 
11:59:23 : Epoch [37/50], Loss: 0.0003, Accuracy: 0.9543, Precision: 0.9625, Recall: 0.9431, Specificity: 0.9650, F1-Score: 0.9527 
11:59:30 : Training Confusion for Epoch 38:
[[1172   46]
 [  23 1210]] 
11:59:31 : Epoch [38/50], Loss: 0.0042, Accuracy: 0.9543, Precision: 0.9443, Recall: 0.9632, Specificity: 0.9459, F1-Score: 0.9536 
11:59:39 : Training Confusion for Epoch 39:
[[1181   37]
 [  20 1213]] 
11:59:40 : Epoch [39/50], Loss: 0.0006, Accuracy: 0.9576, Precision: 0.9475, Recall: 0.9666, Specificity: 0.9490, F1-Score: 0.9570 
11:59:48 : Training Confusion for Epoch 40:
[[1184   34]
 [  16 1217]] 
11:59:49 : Epoch [40/50], Loss: 0.0007, Accuracy: 0.9592, Precision: 0.9419, Recall: 0.9766, Specificity: 0.9427, F1-Score: 0.9589 
11:59:56 : Training Confusion for Epoch 41:
[[1189   29]
 [  14 1219]] 
11:59:57 : Epoch [41/50], Loss: 0.0013, Accuracy: 0.9592, Precision: 0.9628, Recall: 0.9532, Specificity: 0.9650, F1-Score: 0.9580 
12:00:05 : Training Confusion for Epoch 42:
[[1172   46]
 [  34 1199]] 
12:00:06 : Epoch [42/50], Loss: 0.0017, Accuracy: 0.9299, Precision: 0.9604, Recall: 0.8930, Specificity: 0.9650, F1-Score: 0.9255 
12:00:14 : Training Confusion for Epoch 43:
[[1186   32]
 [  32 1201]] 
12:00:15 : Epoch [43/50], Loss: 0.0000, Accuracy: 0.9184, Precision: 0.9734, Recall: 0.8562, Specificity: 0.9777, F1-Score: 0.9110 
12:00:23 : Training Confusion for Epoch 44:
[[1178   40]
 [  37 1196]] 
12:00:23 : Epoch [44/50], Loss: 0.0004, Accuracy: 0.9462, Precision: 0.9555, Recall: 0.9331, Specificity: 0.9586, F1-Score: 0.9442 
12:00:31 : Training Confusion for Epoch 45:
[[1184   34]
 [  29 1204]] 
12:00:32 : Epoch [45/50], Loss: 0.0014, Accuracy: 0.9364, Precision: 0.9676, Recall: 0.8997, Specificity: 0.9713, F1-Score: 0.9324 
12:00:40 : Training Confusion for Epoch 46:
[[1178   40]
 [  30 1203]] 
12:00:41 : Epoch [46/50], Loss: 0.0051, Accuracy: 0.9543, Precision: 0.9502, Recall: 0.9565, Specificity: 0.9522, F1-Score: 0.9533 
12:00:49 : Training Confusion for Epoch 47:
[[1186   32]
 [  16 1217]] 
12:00:50 : Epoch [47/50], Loss: 0.0008, Accuracy: 0.9543, Precision: 0.9562, Recall: 0.9498, Specificity: 0.9586, F1-Score: 0.9530 
12:00:57 : Training Confusion for Epoch 48:
[[1186   32]
 [  17 1216]] 
12:00:58 : Epoch [48/50], Loss: 0.0004, Accuracy: 0.9592, Precision: 0.9692, Recall: 0.9465, Specificity: 0.9713, F1-Score: 0.9577 
12:01:06 : Training Confusion for Epoch 49:
[[1195   23]
 [  15 1218]] 
12:01:07 : Epoch [49/50], Loss: 0.0014, Accuracy: 0.9511, Precision: 0.9381, Recall: 0.9632, Specificity: 0.9395, F1-Score: 0.9505 
12:01:15 : Training Confusion for Epoch 50:
[[1179   39]
 [  19 1214]] 
12:01:16 : Epoch [50/50], Loss: 0.0003, Accuracy: 0.9608, Precision: 0.9568, Recall: 0.9632, Specificity: 0.9586, F1-Score: 0.9600 
12:01:18 : FOLD 1 
12:01:18 : ---------------------------------- 
12:01:26 : Training Confusion for Epoch 1:
[[1141  100]
 [ 773  437]] 
12:01:27 : Epoch [1/50], Loss: 0.4964, Accuracy: 0.6721, Precision: 0.9116, Recall: 0.4161, Specificity: 0.9553, F1-Score: 0.5714 
12:01:34 : Training Confusion for Epoch 2:
[[1172   69]
 [ 658  552]] 
12:01:35 : Epoch [2/50], Loss: 0.3906, Accuracy: 0.6639, Precision: 0.9203, Recall: 0.3944, Specificity: 0.9622, F1-Score: 0.5522 
12:01:43 : Training Confusion for Epoch 3:
[[1088  153]
 [ 542  668]] 
12:01:44 : Epoch [3/50], Loss: 0.5276, Accuracy: 0.6852, Precision: 0.9510, Recall: 0.4224, Specificity: 0.9759, F1-Score: 0.5849 
12:01:52 : Training Confusion for Epoch 4:
[[1188   53]
 [ 563  647]] 
12:01:53 : Epoch [4/50], Loss: 0.4308, Accuracy: 0.7031, Precision: 0.9545, Recall: 0.4565, Specificity: 0.9759, F1-Score: 0.6176 
12:02:01 : Training Confusion for Epoch 5:
[[1135  106]
 [ 441  769]] 
12:02:01 : Epoch [5/50], Loss: 0.2618, Accuracy: 0.7423, Precision: 0.9767, Recall: 0.5217, Specificity: 0.9863, F1-Score: 0.6802 
12:02:09 : Training Confusion for Epoch 6:
[[1158   83]
 [ 352  858]] 
12:02:10 : Epoch [6/50], Loss: 0.1804, Accuracy: 0.7357, Precision: 0.9762, Recall: 0.5093, Specificity: 0.9863, F1-Score: 0.6694 
12:02:18 : Training Confusion for Epoch 7:
[[1149   92]
 [ 295  915]] 
12:02:19 : Epoch [7/50], Loss: 0.1561, Accuracy: 0.8254, Precision: 0.9536, Recall: 0.7019, Specificity: 0.9622, F1-Score: 0.8086 
12:02:27 : Training Confusion for Epoch 8:
[[1140  101]
 [ 204 1006]] 
12:02:27 : Epoch [8/50], Loss: 0.1421, Accuracy: 0.8940, Precision: 0.9446, Recall: 0.8478, Specificity: 0.9450, F1-Score: 0.8936 
12:02:35 : Training Confusion for Epoch 9:
[[1136  105]
 [ 113 1097]] 
12:02:36 : Epoch [9/50], Loss: 0.0729, Accuracy: 0.9266, Precision: 0.9571, Recall: 0.9006, Specificity: 0.9553, F1-Score: 0.9280 
12:02:44 : Training Confusion for Epoch 10:
[[1150   91]
 [  80 1130]] 
12:02:45 : Epoch [10/50], Loss: 0.0350, Accuracy: 0.9168, Precision: 0.9532, Recall: 0.8851, Specificity: 0.9519, F1-Score: 0.9179 
12:02:53 : Training Confusion for Epoch 11:
[[1156   85]
 [  73 1137]] 
12:02:54 : Epoch [11/50], Loss: 0.0164, Accuracy: 0.8728, Precision: 0.9586, Recall: 0.7919, Specificity: 0.9622, F1-Score: 0.8673 
12:03:01 : Training Confusion for Epoch 12:
[[1167   74]
 [  64 1146]] 
12:03:02 : Epoch [12/50], Loss: 0.0190, Accuracy: 0.9429, Precision: 0.9556, Recall: 0.9348, Specificity: 0.9519, F1-Score: 0.9451 
12:03:10 : Training Confusion for Epoch 13:
[[1166   75]
 [  55 1155]] 
12:03:11 : Epoch [13/50], Loss: 0.0090, Accuracy: 0.9429, Precision: 0.9527, Recall: 0.9379, Specificity: 0.9485, F1-Score: 0.9452 
12:03:19 : Training Confusion for Epoch 14:
[[1162   79]
 [  48 1162]] 
12:03:20 : Epoch [14/50], Loss: 0.0051, Accuracy: 0.9119, Precision: 0.9685, Recall: 0.8602, Specificity: 0.9691, F1-Score: 0.9112 
12:03:27 : Training Confusion for Epoch 15:
[[1158   83]
 [  63 1147]] 
12:03:28 : Epoch [15/50], Loss: 0.0507, Accuracy: 0.9299, Precision: 0.9457, Recall: 0.9193, Specificity: 0.9416, F1-Score: 0.9323 
12:03:36 : Training Confusion for Epoch 16:
[[1179   62]
 [  52 1158]] 
12:03:37 : Epoch [16/50], Loss: 0.0033, Accuracy: 0.9266, Precision: 0.9601, Recall: 0.8975, Specificity: 0.9588, F1-Score: 0.9278 
12:03:45 : Training Confusion for Epoch 17:
[[1181   60]
 [  42 1168]] 
12:03:46 : Epoch [17/50], Loss: 0.0314, Accuracy: 0.9494, Precision: 0.9292, Recall: 0.9783, Specificity: 0.9175, F1-Score: 0.9531 
12:03:54 : Training Confusion for Epoch 18:
[[1178   63]
 [  52 1158]] 
12:03:54 : Epoch [18/50], Loss: 0.0039, Accuracy: 0.9347, Precision: 0.9519, Recall: 0.9224, Specificity: 0.9485, F1-Score: 0.9369 
12:04:02 : Training Confusion for Epoch 19:
[[1185   56]
 [  31 1179]] 
12:04:03 : Epoch [19/50], Loss: 0.0020, Accuracy: 0.9315, Precision: 0.9575, Recall: 0.9099, Specificity: 0.9553, F1-Score: 0.9331 
12:04:11 : Training Confusion for Epoch 20:
[[1192   49]
 [  41 1169]] 
12:04:12 : Epoch [20/50], Loss: 0.0046, Accuracy: 0.9462, Precision: 0.9558, Recall: 0.9410, Specificity: 0.9519, F1-Score: 0.9484 
12:04:20 : Training Confusion for Epoch 21:
[[1188   53]
 [  47 1163]] 
12:04:21 : Epoch [21/50], Loss: 0.0122, Accuracy: 0.9413, Precision: 0.9497, Recall: 0.9379, Specificity: 0.9450, F1-Score: 0.9437 
12:04:28 : Training Confusion for Epoch 22:
[[1187   54]
 [  35 1175]] 
12:04:29 : Epoch [22/50], Loss: 0.0040, Accuracy: 0.9429, Precision: 0.9527, Recall: 0.9379, Specificity: 0.9485, F1-Score: 0.9452 
12:04:37 : Training Confusion for Epoch 23:
[[1193   48]
 [  30 1180]] 
12:04:38 : Epoch [23/50], Loss: 0.0023, Accuracy: 0.9511, Precision: 0.9398, Recall: 0.9689, Specificity: 0.9313, F1-Score: 0.9541 
12:04:46 : Training Confusion for Epoch 24:
[[1202   39]
 [  24 1186]] 
12:04:47 : Epoch [24/50], Loss: 0.0014, Accuracy: 0.9217, Precision: 0.9692, Recall: 0.8789, Specificity: 0.9691, F1-Score: 0.9218 
12:04:54 : Training Confusion for Epoch 25:
[[1202   39]
 [  27 1183]] 
12:04:55 : Epoch [25/50], Loss: 0.0055, Accuracy: 0.9462, Precision: 0.9530, Recall: 0.9441, Specificity: 0.9485, F1-Score: 0.9485 
12:05:03 : Training Confusion for Epoch 26:
[[1204   37]
 [  39 1171]] 
12:05:04 : Epoch [26/50], Loss: 0.0048, Accuracy: 0.9038, Precision: 0.9747, Recall: 0.8385, Specificity: 0.9759, F1-Score: 0.9015 
12:05:12 : Training Confusion for Epoch 27:
[[1199   42]
 [  38 1172]] 
12:05:13 : Epoch [27/50], Loss: 0.0016, Accuracy: 0.9266, Precision: 0.9727, Recall: 0.8851, Specificity: 0.9725, F1-Score: 0.9268 
12:05:21 : Training Confusion for Epoch 28:
[[1203   38]
 [  34 1176]] 
12:05:21 : Epoch [28/50], Loss: 0.0145, Accuracy: 0.9478, Precision: 0.9265, Recall: 0.9783, Specificity: 0.9141, F1-Score: 0.9517 
12:05:29 : Training Confusion for Epoch 29:
[[1208   33]
 [  31 1179]] 
12:05:30 : Epoch [29/50], Loss: 0.0029, Accuracy: 0.9445, Precision: 0.9444, Recall: 0.9503, Specificity: 0.9381, F1-Score: 0.9474 
12:05:38 : Training Confusion for Epoch 30:
[[1204   37]
 [  27 1183]] 
12:05:39 : Epoch [30/50], Loss: 0.0035, Accuracy: 0.9478, Precision: 0.9367, Recall: 0.9658, Specificity: 0.9278, F1-Score: 0.9511 
12:05:47 : Training Confusion for Epoch 31:
[[1218   23]
 [  25 1185]] 
12:05:47 : Epoch [31/50], Loss: 0.0013, Accuracy: 0.9250, Precision: 0.9600, Recall: 0.8944, Specificity: 0.9588, F1-Score: 0.9260 
12:05:55 : Training Confusion for Epoch 32:
[[1207   34]
 [  34 1176]] 
12:05:56 : Epoch [32/50], Loss: 0.0118, Accuracy: 0.9396, Precision: 0.9204, Recall: 0.9689, Specificity: 0.9072, F1-Score: 0.9440 
12:06:04 : Training Confusion for Epoch 33:
[[1211   30]
 [  27 1183]] 
12:06:05 : Epoch [33/50], Loss: 0.0007, Accuracy: 0.9413, Precision: 0.9387, Recall: 0.9503, Specificity: 0.9313, F1-Score: 0.9444 
12:06:13 : Training Confusion for Epoch 34:
[[1196   45]
 [  43 1167]] 
12:06:13 : Epoch [34/50], Loss: 0.0049, Accuracy: 0.9445, Precision: 0.9417, Recall: 0.9534, Specificity: 0.9347, F1-Score: 0.9475 
12:06:21 : Training Confusion for Epoch 35:
[[1187   54]
 [  28 1182]] 
12:06:22 : Epoch [35/50], Loss: 0.0014, Accuracy: 0.9511, Precision: 0.9424, Recall: 0.9658, Specificity: 0.9347, F1-Score: 0.9540 
12:06:30 : Training Confusion for Epoch 36:
[[1215   26]
 [  19 1191]] 
12:06:31 : Epoch [36/50], Loss: 0.0016, Accuracy: 0.9396, Precision: 0.9612, Recall: 0.9224, Specificity: 0.9588, F1-Score: 0.9414 
12:06:39 : Training Confusion for Epoch 37:
[[1217   24]
 [  21 1189]] 
12:06:39 : Epoch [37/50], Loss: 0.0008, Accuracy: 0.9266, Precision: 0.9792, Recall: 0.8789, Specificity: 0.9794, F1-Score: 0.9264 
12:06:47 : Training Confusion for Epoch 38:
[[1214   27]
 [  19 1191]] 
12:06:48 : Epoch [38/50], Loss: 0.3747, Accuracy: 0.8858, Precision: 0.8247, Recall: 0.9938, Specificity: 0.7663, F1-Score: 0.9014 
12:06:56 : Training Confusion for Epoch 39:
[[1204   37]
 [  30 1180]] 
12:06:57 : Epoch [39/50], Loss: 0.0006, Accuracy: 0.9429, Precision: 0.9556, Recall: 0.9348, Specificity: 0.9519, F1-Score: 0.9451 
12:07:05 : Training Confusion for Epoch 40:
[[1219   22]
 [  27 1183]] 
12:07:06 : Epoch [40/50], Loss: 0.0042, Accuracy: 0.9429, Precision: 0.9258, Recall: 0.9689, Specificity: 0.9141, F1-Score: 0.9469 
12:07:13 : Training Confusion for Epoch 41:
[[1220   21]
 [  20 1190]] 
12:07:14 : Epoch [41/50], Loss: 0.0012, Accuracy: 0.9511, Precision: 0.9451, Recall: 0.9627, Specificity: 0.9381, F1-Score: 0.9538 
12:07:22 : Training Confusion for Epoch 42:
[[1214   27]
 [  31 1179]] 
12:07:23 : Epoch [42/50], Loss: 0.0009, Accuracy: 0.9347, Precision: 0.9700, Recall: 0.9037, Specificity: 0.9691, F1-Score: 0.9357 
12:07:31 : Training Confusion for Epoch 43:
[[1216   25]
 [  19 1191]] 
12:07:32 : Epoch [43/50], Loss: 0.0007, Accuracy: 0.9070, Precision: 0.9749, Recall: 0.8447, Specificity: 0.9759, F1-Score: 0.9052 
12:07:39 : Training Confusion for Epoch 44:
[[1228   13]
 [  13 1197]] 
12:07:40 : Epoch [44/50], Loss: 0.0007, Accuracy: 0.9184, Precision: 0.9626, Recall: 0.8789, Specificity: 0.9622, F1-Score: 0.9188 
12:07:48 : Training Confusion for Epoch 45:
[[1216   25]
 [  25 1185]] 
12:07:49 : Epoch [45/50], Loss: 0.0004, Accuracy: 0.9364, Precision: 0.9464, Recall: 0.9317, Specificity: 0.9416, F1-Score: 0.9390 
12:07:57 : Training Confusion for Epoch 46:
[[1223   18]
 [  19 1191]] 
12:07:58 : Epoch [46/50], Loss: 0.0024, Accuracy: 0.9347, Precision: 0.9406, Recall: 0.9348, Specificity: 0.9347, F1-Score: 0.9377 
12:08:05 : Training Confusion for Epoch 47:
[[1217   24]
 [  28 1182]] 
12:08:06 : Epoch [47/50], Loss: 0.0008, Accuracy: 0.9184, Precision: 0.9626, Recall: 0.8789, Specificity: 0.9622, F1-Score: 0.9188 
12:08:14 : Training Confusion for Epoch 48:
[[1214   27]
 [  33 1177]] 
12:08:15 : Epoch [48/50], Loss: 0.0038, Accuracy: 0.9462, Precision: 0.9288, Recall: 0.9720, Specificity: 0.9175, F1-Score: 0.9499 
12:08:23 : Training Confusion for Epoch 49:
[[1216   25]
 [  20 1190]] 
12:08:24 : Epoch [49/50], Loss: 0.0005, Accuracy: 0.9331, Precision: 0.9637, Recall: 0.9068, Specificity: 0.9622, F1-Score: 0.9344 
12:08:31 : Training Confusion for Epoch 50:
[[1230   11]
 [  18 1192]] 
12:08:32 : Epoch [50/50], Loss: 0.0021, Accuracy: 0.9478, Precision: 0.9475, Recall: 0.9534, Specificity: 0.9416, F1-Score: 0.9505 
12:08:33 : FOLD 2 
12:08:33 : ---------------------------------- 
12:08:41 : Training Confusion for Epoch 1:
[[939 282]
 [666 564]] 
12:08:42 : Epoch [1/50], Loss: 0.5391, Accuracy: 0.7325, Precision: 0.9481, Recall: 0.4834, Specificity: 0.9743, F1-Score: 0.6404 
12:08:50 : Training Confusion for Epoch 2:
[[1057  164]
 [ 626  604]] 
12:08:51 : Epoch [2/50], Loss: 0.5002, Accuracy: 0.7129, Precision: 0.9632, Recall: 0.4338, Specificity: 0.9839, F1-Score: 0.5982 
12:08:58 : Training Confusion for Epoch 3:
[[1065  156]
 [ 541  689]] 
12:08:59 : Epoch [3/50], Loss: 0.4007, Accuracy: 0.7847, Precision: 0.9048, Recall: 0.6291, Specificity: 0.9357, F1-Score: 0.7422 
12:09:07 : Training Confusion for Epoch 4:
[[1114  107]
 [ 488  742]] 
12:09:08 : Epoch [4/50], Loss: 0.3762, Accuracy: 0.7732, Precision: 0.9711, Recall: 0.5563, Specificity: 0.9839, F1-Score: 0.7074 
12:09:16 : Training Confusion for Epoch 5:
[[1092  129]
 [ 414  816]] 
12:09:17 : Epoch [5/50], Loss: 0.2859, Accuracy: 0.7961, Precision: 0.9585, Recall: 0.6126, Specificity: 0.9743, F1-Score: 0.7475 
12:09:25 : Training Confusion for Epoch 6:
[[1120  101]
 [ 405  825]] 
12:09:25 : Epoch [6/50], Loss: 0.3073, Accuracy: 0.8108, Precision: 0.9559, Recall: 0.6457, Specificity: 0.9711, F1-Score: 0.7708 
12:09:33 : Training Confusion for Epoch 7:
[[1111  110]
 [ 313  917]] 
12:09:34 : Epoch [7/50], Loss: 0.0971, Accuracy: 0.7896, Precision: 0.9779, Recall: 0.5861, Specificity: 0.9871, F1-Score: 0.7329 
12:09:42 : Training Confusion for Epoch 8:
[[1126   95]
 [ 236  994]] 
12:09:43 : Epoch [8/50], Loss: 0.0556, Accuracy: 0.7145, Precision: 1.0000, Recall: 0.4205, Specificity: 1.0000, F1-Score: 0.5921 
12:09:51 : Training Confusion for Epoch 9:
[[1100  121]
 [ 127 1103]] 
12:09:52 : Epoch [9/50], Loss: 0.0282, Accuracy: 0.8989, Precision: 0.9545, Recall: 0.8344, Specificity: 0.9614, F1-Score: 0.8905 
12:09:59 : Training Confusion for Epoch 10:
[[1127   94]
 [ 108 1122]] 
12:10:00 : Epoch [10/50], Loss: 0.0180, Accuracy: 0.8923, Precision: 0.9797, Recall: 0.7980, Specificity: 0.9839, F1-Score: 0.8796 
12:10:08 : Training Confusion for Epoch 11:
[[1138   83]
 [  95 1135]] 
12:10:09 : Epoch [11/50], Loss: 0.0237, Accuracy: 0.9282, Precision: 0.9358, Recall: 0.9172, Specificity: 0.9389, F1-Score: 0.9264 
12:10:17 : Training Confusion for Epoch 12:
[[1138   83]
 [  82 1148]] 
12:10:18 : Epoch [12/50], Loss: 0.0120, Accuracy: 0.9299, Precision: 0.9709, Recall: 0.8841, Specificity: 0.9743, F1-Score: 0.9255 
12:10:25 : Training Confusion for Epoch 13:
[[1147   74]
 [  70 1160]] 
12:10:26 : Epoch [13/50], Loss: 0.0157, Accuracy: 0.9168, Precision: 0.9808, Recall: 0.8477, Specificity: 0.9839, F1-Score: 0.9094 
12:10:34 : Training Confusion for Epoch 14:
[[1160   61]
 [  66 1164]] 
12:10:35 : Epoch [14/50], Loss: 0.0088, Accuracy: 0.9429, Precision: 0.9652, Recall: 0.9172, Specificity: 0.9678, F1-Score: 0.9406 
12:10:43 : Training Confusion for Epoch 15:
[[1159   62]
 [  66 1164]] 
12:10:44 : Epoch [15/50], Loss: 0.0171, Accuracy: 0.9592, Precision: 0.9425, Recall: 0.9768, Specificity: 0.9421, F1-Score: 0.9593 
12:10:51 : Training Confusion for Epoch 16:
[[1155   66]
 [  54 1176]] 
12:10:52 : Epoch [16/50], Loss: 0.0125, Accuracy: 0.9478, Precision: 0.9754, Recall: 0.9172, Specificity: 0.9775, F1-Score: 0.9454 
12:11:00 : Training Confusion for Epoch 17:
[[1163   58]
 [  49 1181]] 
12:11:01 : Epoch [17/50], Loss: 0.0057, Accuracy: 0.9576, Precision: 0.9759, Recall: 0.9371, Specificity: 0.9775, F1-Score: 0.9561 
12:11:09 : Training Confusion for Epoch 18:
[[1162   59]
 [  47 1183]] 
12:11:10 : Epoch [18/50], Loss: 0.0071, Accuracy: 0.9478, Precision: 0.9821, Recall: 0.9106, Specificity: 0.9839, F1-Score: 0.9450 
12:11:17 : Training Confusion for Epoch 19:
[[1158   63]
 [  44 1186]] 
12:11:18 : Epoch [19/50], Loss: 0.0059, Accuracy: 0.9462, Precision: 0.9654, Recall: 0.9238, Specificity: 0.9678, F1-Score: 0.9442 
12:11:26 : Training Confusion for Epoch 20:
[[1159   62]
 [  56 1174]] 
12:11:27 : Epoch [20/50], Loss: 0.0224, Accuracy: 0.9543, Precision: 0.9692, Recall: 0.9371, Specificity: 0.9711, F1-Score: 0.9529 
12:11:35 : Training Confusion for Epoch 21:
[[1168   53]
 [  63 1167]] 
12:11:36 : Epoch [21/50], Loss: 0.0091, Accuracy: 0.8825, Precision: 0.9873, Recall: 0.7715, Specificity: 0.9904, F1-Score: 0.8662 
12:11:44 : Training Confusion for Epoch 22:
[[1177   44]
 [  48 1182]] 
12:11:44 : Epoch [22/50], Loss: 0.0088, Accuracy: 0.9527, Precision: 0.9723, Recall: 0.9305, Specificity: 0.9743, F1-Score: 0.9509 
12:11:52 : Training Confusion for Epoch 23:
[[1170   51]
 [  37 1193]] 
12:11:53 : Epoch [23/50], Loss: 0.0060, Accuracy: 0.9527, Precision: 0.9505, Recall: 0.9536, Specificity: 0.9518, F1-Score: 0.9521 
12:12:01 : Training Confusion for Epoch 24:
[[1168   53]
 [  49 1181]] 
12:12:02 : Epoch [24/50], Loss: 0.0032, Accuracy: 0.9429, Precision: 0.9819, Recall: 0.9007, Specificity: 0.9839, F1-Score: 0.9396 
12:12:10 : Training Confusion for Epoch 25:
[[1175   46]
 [  45 1185]] 
12:12:10 : Epoch [25/50], Loss: 0.0057, Accuracy: 0.9543, Precision: 0.9824, Recall: 0.9238, Specificity: 0.9839, F1-Score: 0.9522 
12:12:18 : Training Confusion for Epoch 26:
[[1181   40]
 [  34 1196]] 
12:12:19 : Epoch [26/50], Loss: 0.0053, Accuracy: 0.9543, Precision: 0.9628, Recall: 0.9437, Specificity: 0.9646, F1-Score: 0.9532 
12:12:27 : Training Confusion for Epoch 27:
[[1167   54]
 [  48 1182]] 
12:12:28 : Epoch [27/50], Loss: 0.0060, Accuracy: 0.9543, Precision: 0.9724, Recall: 0.9338, Specificity: 0.9743, F1-Score: 0.9527 
12:12:36 : Training Confusion for Epoch 28:
[[1181   40]
 [  38 1192]] 
12:12:37 : Epoch [28/50], Loss: 0.0040, Accuracy: 0.9674, Precision: 0.9638, Recall: 0.9702, Specificity: 0.9646, F1-Score: 0.9670 
12:12:44 : Training Confusion for Epoch 29:
[[1183   38]
 [  45 1185]] 
12:12:45 : Epoch [29/50], Loss: 0.0035, Accuracy: 0.9576, Precision: 0.9759, Recall: 0.9371, Specificity: 0.9775, F1-Score: 0.9561 
12:12:53 : Training Confusion for Epoch 30:
[[1181   40]
 [  41 1189]] 
12:12:54 : Epoch [30/50], Loss: 0.0177, Accuracy: 0.9592, Precision: 0.9397, Recall: 0.9801, Specificity: 0.9389, F1-Score: 0.9595 
12:13:02 : Training Confusion for Epoch 31:
[[1162   59]
 [  46 1184]] 
12:13:03 : Epoch [31/50], Loss: 0.0235, Accuracy: 0.9429, Precision: 0.9435, Recall: 0.9404, Specificity: 0.9453, F1-Score: 0.9420 
12:13:10 : Training Confusion for Epoch 32:
[[1164   57]
 [  55 1175]] 
12:13:11 : Epoch [32/50], Loss: 0.0026, Accuracy: 0.9282, Precision: 0.9778, Recall: 0.8742, Specificity: 0.9807, F1-Score: 0.9231 
12:13:19 : Training Confusion for Epoch 33:
[[1169   52]
 [  47 1183]] 
12:13:20 : Epoch [33/50], Loss: 0.0076, Accuracy: 0.9396, Precision: 0.9853, Recall: 0.8907, Specificity: 0.9871, F1-Score: 0.9357 
12:13:28 : Training Confusion for Epoch 34:
[[1182   39]
 [  36 1194]] 
12:13:29 : Epoch [34/50], Loss: 0.0009, Accuracy: 0.9315, Precision: 0.9676, Recall: 0.8907, Specificity: 0.9711, F1-Score: 0.9276 
12:13:36 : Training Confusion for Epoch 35:
[[1174   47]
 [  32 1198]] 
12:13:37 : Epoch [35/50], Loss: 0.0018, Accuracy: 0.9184, Precision: 0.9846, Recall: 0.8477, Specificity: 0.9871, F1-Score: 0.9110 
12:13:45 : Training Confusion for Epoch 36:
[[1180   41]
 [  28 1202]] 
12:13:46 : Epoch [36/50], Loss: 0.0093, Accuracy: 0.9592, Precision: 0.9541, Recall: 0.9636, Specificity: 0.9550, F1-Score: 0.9588 
12:13:54 : Training Confusion for Epoch 37:
[[1188   33]
 [  31 1199]] 
12:13:55 : Epoch [37/50], Loss: 0.0503, Accuracy: 0.9445, Precision: 0.9241, Recall: 0.9669, Specificity: 0.9228, F1-Score: 0.9450 
12:14:02 : Training Confusion for Epoch 38:
[[1184   37]
 [  33 1197]] 
12:14:03 : Epoch [38/50], Loss: 0.0061, Accuracy: 0.9347, Precision: 0.9816, Recall: 0.8841, Specificity: 0.9839, F1-Score: 0.9303 
12:14:11 : Training Confusion for Epoch 39:
[[1195   26]
 [  29 1201]] 
12:14:12 : Epoch [39/50], Loss: 0.0072, Accuracy: 0.9527, Precision: 0.9565, Recall: 0.9470, Specificity: 0.9582, F1-Score: 0.9517 
12:14:20 : Training Confusion for Epoch 40:
[[1181   40]
 [  28 1202]] 
12:14:21 : Epoch [40/50], Loss: 0.0149, Accuracy: 0.9560, Precision: 0.9450, Recall: 0.9669, Specificity: 0.9453, F1-Score: 0.9558 
12:14:28 : Training Confusion for Epoch 41:
[[1194   27]
 [  28 1202]] 
12:14:29 : Epoch [41/50], Loss: 0.0094, Accuracy: 0.8956, Precision: 0.9877, Recall: 0.7980, Specificity: 0.9904, F1-Score: 0.8828 
12:14:37 : Training Confusion for Epoch 42:
[[1185   36]
 [  29 1201]] 
12:14:38 : Epoch [42/50], Loss: 0.0011, Accuracy: 0.9250, Precision: 0.9848, Recall: 0.8609, Specificity: 0.9871, F1-Score: 0.9187 
12:14:46 : Training Confusion for Epoch 43:
[[1188   33]
 [  28 1202]] 
12:14:47 : Epoch [43/50], Loss: 0.0028, Accuracy: 0.9494, Precision: 0.9822, Recall: 0.9139, Specificity: 0.9839, F1-Score: 0.9468 
12:14:55 : Training Confusion for Epoch 44:
[[1190   31]
 [  30 1200]] 
12:14:55 : Epoch [44/50], Loss: 0.1038, Accuracy: 0.9494, Precision: 0.9329, Recall: 0.9669, Specificity: 0.9325, F1-Score: 0.9496 
12:15:03 : Training Confusion for Epoch 45:
[[1192   29]
 [  25 1205]] 
12:15:04 : Epoch [45/50], Loss: 0.0065, Accuracy: 0.9494, Precision: 0.9625, Recall: 0.9338, Specificity: 0.9646, F1-Score: 0.9479 
12:15:12 : Training Confusion for Epoch 46:
[[1189   32]
 [  31 1199]] 
12:15:13 : Epoch [46/50], Loss: 0.0047, Accuracy: 0.9608, Precision: 0.9664, Recall: 0.9536, Specificity: 0.9678, F1-Score: 0.9600 
12:15:21 : Training Confusion for Epoch 47:
[[1188   33]
 [  28 1202]] 
12:15:21 : Epoch [47/50], Loss: 0.0181, Accuracy: 0.9266, Precision: 0.9777, Recall: 0.8709, Specificity: 0.9807, F1-Score: 0.9212 
12:15:29 : Training Confusion for Epoch 48:
[[1192   29]
 [  23 1207]] 
12:15:30 : Epoch [48/50], Loss: 0.0077, Accuracy: 0.9445, Precision: 0.9752, Recall: 0.9106, Specificity: 0.9775, F1-Score: 0.9418 
12:15:38 : Training Confusion for Epoch 49:
[[1199   22]
 [  25 1205]] 
12:15:39 : Epoch [49/50], Loss: 0.0876, Accuracy: 0.9560, Precision: 0.9257, Recall: 0.9901, Specificity: 0.9228, F1-Score: 0.9568 
12:15:47 : Training Confusion for Epoch 50:
[[1194   27]
 [  32 1198]] 
12:15:47 : Epoch [50/50], Loss: 0.0203, Accuracy: 0.9576, Precision: 0.9631, Recall: 0.9503, Specificity: 0.9646, F1-Score: 0.9567 
12:15:48 : FOLD 3 
12:15:48 : ---------------------------------- 
12:15:56 : Training Confusion for Epoch 1:
[[1069  163]
 [ 805  414]] 
12:15:57 : Epoch [1/50], Loss: 0.4776, Accuracy: 0.6868, Precision: 0.9416, Recall: 0.4121, Specificity: 0.9733, F1-Score: 0.5733 
12:16:05 : Training Confusion for Epoch 2:
[[1030  202]
 [ 601  618]] 
12:16:06 : Epoch [2/50], Loss: 0.3944, Accuracy: 0.6998, Precision: 0.9708, Recall: 0.4249, Specificity: 0.9867, F1-Score: 0.5911 
12:16:14 : Training Confusion for Epoch 3:
[[1100  132]
 [ 591  628]] 
12:16:14 : Epoch [3/50], Loss: 0.4452, Accuracy: 0.7357, Precision: 0.9415, Recall: 0.5144, Specificity: 0.9667, F1-Score: 0.6653 
12:16:22 : Training Confusion for Epoch 4:
[[1125  107]
 [ 508  711]] 
12:16:23 : Epoch [4/50], Loss: 0.3210, Accuracy: 0.7357, Precision: 0.9748, Recall: 0.4952, Specificity: 0.9867, F1-Score: 0.6568 
12:16:31 : Training Confusion for Epoch 5:
[[1088  144]
 [ 438  781]] 
12:16:32 : Epoch [5/50], Loss: 0.2949, Accuracy: 0.7635, Precision: 0.9615, Recall: 0.5591, Specificity: 0.9767, F1-Score: 0.7071 
12:16:40 : Training Confusion for Epoch 6:
[[1135   97]
 [ 356  863]] 
12:16:41 : Epoch [6/50], Loss: 0.1380, Accuracy: 0.7961, Precision: 0.9796, Recall: 0.6134, Specificity: 0.9867, F1-Score: 0.7544 
12:16:48 : Training Confusion for Epoch 7:
[[1131  101]
 [ 261  958]] 
12:16:49 : Epoch [7/50], Loss: 0.0471, Accuracy: 0.7879, Precision: 0.9791, Recall: 0.5974, Specificity: 0.9867, F1-Score: 0.7421 
12:16:57 : Training Confusion for Epoch 8:
[[1119  113]
 [ 153 1066]] 
12:16:58 : Epoch [8/50], Loss: 0.3117, Accuracy: 0.9184, Precision: 0.9148, Recall: 0.9265, Specificity: 0.9100, F1-Score: 0.9206 
12:17:06 : Training Confusion for Epoch 9:
[[1144   88]
 [  99 1120]] 
12:17:07 : Epoch [9/50], Loss: 0.0087, Accuracy: 0.8140, Precision: 0.9950, Recall: 0.6390, Specificity: 0.9967, F1-Score: 0.7782 
12:17:14 : Training Confusion for Epoch 10:
[[1156   76]
 [  82 1137]] 
12:17:15 : Epoch [10/50], Loss: 0.2038, Accuracy: 0.9282, Precision: 0.9590, Recall: 0.8978, Specificity: 0.9600, F1-Score: 0.9274 
12:17:23 : Training Confusion for Epoch 11:
[[1151   81]
 [  57 1162]] 
12:17:24 : Epoch [11/50], Loss: 0.0190, Accuracy: 0.9135, Precision: 0.9815, Recall: 0.8466, Specificity: 0.9833, F1-Score: 0.9091 
12:17:32 : Training Confusion for Epoch 12:
[[1141   91]
 [  62 1157]] 
12:17:33 : Epoch [12/50], Loss: 0.0019, Accuracy: 0.8418, Precision: 1.0000, Recall: 0.6901, Specificity: 1.0000, F1-Score: 0.8166 
12:17:40 : Training Confusion for Epoch 13:
[[1167   65]
 [  57 1162]] 
12:17:41 : Epoch [13/50], Loss: 0.1563, Accuracy: 0.9413, Precision: 0.9397, Recall: 0.9457, Specificity: 0.9367, F1-Score: 0.9427 
12:17:49 : Training Confusion for Epoch 14:
[[1170   62]
 [  54 1165]] 
12:17:50 : Epoch [14/50], Loss: 0.0046, Accuracy: 0.9135, Precision: 0.9779, Recall: 0.8498, Specificity: 0.9800, F1-Score: 0.9094 
12:17:58 : Training Confusion for Epoch 15:
[[1167   65]
 [  46 1173]] 
12:17:59 : Epoch [15/50], Loss: 0.0649, Accuracy: 0.9511, Precision: 0.9639, Recall: 0.9393, Specificity: 0.9633, F1-Score: 0.9515 
12:18:07 : Training Confusion for Epoch 16:
[[1167   65]
 [  43 1176]] 
12:18:07 : Epoch [16/50], Loss: 0.1032, Accuracy: 0.9560, Precision: 0.9583, Recall: 0.9553, Specificity: 0.9567, F1-Score: 0.9568 
12:18:15 : Training Confusion for Epoch 17:
[[1175   57]
 [  40 1179]] 
12:18:16 : Epoch [17/50], Loss: 0.0419, Accuracy: 0.9315, Precision: 0.9754, Recall: 0.8882, Specificity: 0.9767, F1-Score: 0.9298 
12:18:24 : Training Confusion for Epoch 18:
[[1176   56]
 [  54 1165]] 
12:18:25 : Epoch [18/50], Loss: 0.1060, Accuracy: 0.9380, Precision: 0.9725, Recall: 0.9042, Specificity: 0.9733, F1-Score: 0.9371 
12:18:33 : Training Confusion for Epoch 19:
[[1165   67]
 [  43 1176]] 
12:18:33 : Epoch [19/50], Loss: 0.0244, Accuracy: 0.9478, Precision: 0.9607, Recall: 0.9361, Specificity: 0.9600, F1-Score: 0.9482 
12:18:41 : Training Confusion for Epoch 20:
[[1177   55]
 [  34 1185]] 
12:18:42 : Epoch [20/50], Loss: 0.0665, Accuracy: 0.9543, Precision: 0.9672, Recall: 0.9425, Specificity: 0.9667, F1-Score: 0.9547 
12:18:50 : Training Confusion for Epoch 21:
[[1191   41]
 [  55 1164]] 
12:18:51 : Epoch [21/50], Loss: 0.0573, Accuracy: 0.9494, Precision: 0.9700, Recall: 0.9297, Specificity: 0.9700, F1-Score: 0.9494 
12:18:59 : Training Confusion for Epoch 22:
[[1184   48]
 [  44 1175]] 
12:18:59 : Epoch [22/50], Loss: 0.0401, Accuracy: 0.9560, Precision: 0.9704, Recall: 0.9425, Specificity: 0.9700, F1-Score: 0.9562 
12:19:07 : Training Confusion for Epoch 23:
[[1182   50]
 [  32 1187]] 
12:19:08 : Epoch [23/50], Loss: 0.0160, Accuracy: 0.9462, Precision: 0.9895, Recall: 0.9042, Specificity: 0.9900, F1-Score: 0.9449 
12:19:16 : Training Confusion for Epoch 24:
[[1189   43]
 [  38 1181]] 
12:19:17 : Epoch [24/50], Loss: 0.0331, Accuracy: 0.9527, Precision: 0.9830, Recall: 0.9233, Specificity: 0.9833, F1-Score: 0.9522 
12:19:25 : Training Confusion for Epoch 25:
[[1179   53]
 [  45 1174]] 
12:19:26 : Epoch [25/50], Loss: 0.0360, Accuracy: 0.9184, Precision: 0.9817, Recall: 0.8562, Specificity: 0.9833, F1-Score: 0.9147 
12:19:33 : Training Confusion for Epoch 26:
[[1162   70]
 [  47 1172]] 
12:19:34 : Epoch [26/50], Loss: 0.0897, Accuracy: 0.9494, Precision: 0.9669, Recall: 0.9329, Specificity: 0.9667, F1-Score: 0.9496 
12:19:42 : Training Confusion for Epoch 27:
[[1189   43]
 [  38 1181]] 
12:19:43 : Epoch [27/50], Loss: 0.0187, Accuracy: 0.9527, Precision: 0.9830, Recall: 0.9233, Specificity: 0.9833, F1-Score: 0.9522 
12:19:51 : Training Confusion for Epoch 28:
[[1176   56]
 [  51 1168]] 
12:19:52 : Epoch [28/50], Loss: 0.0192, Accuracy: 0.9184, Precision: 0.9888, Recall: 0.8498, Specificity: 0.9900, F1-Score: 0.9141 
12:19:59 : Training Confusion for Epoch 29:
[[1190   42]
 [  49 1170]] 
12:20:00 : Epoch [29/50], Loss: 0.0682, Accuracy: 0.9527, Precision: 0.9702, Recall: 0.9361, Specificity: 0.9700, F1-Score: 0.9528 
12:20:08 : Training Confusion for Epoch 30:
[[1189   43]
 [  35 1184]] 
12:20:09 : Epoch [30/50], Loss: 0.0220, Accuracy: 0.9184, Precision: 0.9888, Recall: 0.8498, Specificity: 0.9900, F1-Score: 0.9141 
12:20:17 : Training Confusion for Epoch 31:
[[1196   36]
 [  35 1184]] 
12:20:18 : Epoch [31/50], Loss: 0.2661, Accuracy: 0.9527, Precision: 0.9581, Recall: 0.9489, Specificity: 0.9567, F1-Score: 0.9535 
12:20:25 : Training Confusion for Epoch 32:
[[1194   38]
 [  34 1185]] 
12:20:26 : Epoch [32/50], Loss: 0.0347, Accuracy: 0.9494, Precision: 0.9829, Recall: 0.9169, Specificity: 0.9833, F1-Score: 0.9488 
12:20:34 : Training Confusion for Epoch 33:
[[1195   37]
 [  30 1189]] 
12:20:35 : Epoch [33/50], Loss: 0.0051, Accuracy: 0.8989, Precision: 0.9883, Recall: 0.8115, Specificity: 0.9900, F1-Score: 0.8912 
12:20:43 : Training Confusion for Epoch 34:
[[1192   40]
 [  27 1192]] 
12:20:44 : Epoch [34/50], Loss: 0.0344, Accuracy: 0.9511, Precision: 0.9797, Recall: 0.9233, Specificity: 0.9800, F1-Score: 0.9507 
12:20:51 : Training Confusion for Epoch 35:
[[1197   35]
 [  28 1191]] 
12:20:52 : Epoch [35/50], Loss: 0.0427, Accuracy: 0.9527, Precision: 0.9702, Recall: 0.9361, Specificity: 0.9700, F1-Score: 0.9528 
12:21:00 : Training Confusion for Epoch 36:
[[1197   35]
 [  29 1190]] 
12:21:01 : Epoch [36/50], Loss: 0.1420, Accuracy: 0.9527, Precision: 0.9702, Recall: 0.9361, Specificity: 0.9700, F1-Score: 0.9528 
12:21:09 : Training Confusion for Epoch 37:
[[1203   29]
 [  31 1188]] 
12:21:10 : Epoch [37/50], Loss: 0.4018, Accuracy: 0.9478, Precision: 0.9271, Recall: 0.9744, Specificity: 0.9200, F1-Score: 0.9502 
12:21:18 : Training Confusion for Epoch 38:
[[1190   42]
 [  33 1186]] 
12:21:18 : Epoch [38/50], Loss: 0.0483, Accuracy: 0.9494, Precision: 0.9700, Recall: 0.9297, Specificity: 0.9700, F1-Score: 0.9494 
12:21:26 : Training Confusion for Epoch 39:
[[1183   49]
 [  31 1188]] 
12:21:27 : Epoch [39/50], Loss: 0.0254, Accuracy: 0.9527, Precision: 0.9733, Recall: 0.9329, Specificity: 0.9733, F1-Score: 0.9527 
12:21:35 : Training Confusion for Epoch 40:
[[1198   34]
 [  27 1192]] 
12:21:36 : Epoch [40/50], Loss: 0.0436, Accuracy: 0.9543, Precision: 0.9734, Recall: 0.9361, Specificity: 0.9733, F1-Score: 0.9544 
12:21:44 : Training Confusion for Epoch 41:
[[1197   35]
 [  30 1189]] 
12:21:45 : Epoch [41/50], Loss: 0.0653, Accuracy: 0.9543, Precision: 0.9672, Recall: 0.9425, Specificity: 0.9667, F1-Score: 0.9547 
12:21:52 : Training Confusion for Epoch 42:
[[1207   25]
 [  26 1193]] 
12:21:53 : Epoch [42/50], Loss: 0.0093, Accuracy: 0.9478, Precision: 0.9828, Recall: 0.9137, Specificity: 0.9833, F1-Score: 0.9470 
12:22:01 : Training Confusion for Epoch 43:
[[1193   39]
 [  38 1181]] 
12:22:02 : Epoch [43/50], Loss: 0.0592, Accuracy: 0.9543, Precision: 0.9734, Recall: 0.9361, Specificity: 0.9733, F1-Score: 0.9544 
12:22:10 : Training Confusion for Epoch 44:
[[1204   28]
 [  34 1185]] 
12:22:11 : Epoch [44/50], Loss: 0.1405, Accuracy: 0.9543, Precision: 0.9553, Recall: 0.9553, Specificity: 0.9533, F1-Score: 0.9553 
12:22:18 : Training Confusion for Epoch 45:
[[1203   29]
 [  27 1192]] 
12:22:19 : Epoch [45/50], Loss: 0.0053, Accuracy: 0.9380, Precision: 0.9893, Recall: 0.8882, Specificity: 0.9900, F1-Score: 0.9360 
12:22:27 : Training Confusion for Epoch 46:
[[1202   30]
 [  26 1193]] 
12:22:28 : Epoch [46/50], Loss: 0.0749, Accuracy: 0.9560, Precision: 0.9735, Recall: 0.9393, Specificity: 0.9733, F1-Score: 0.9561 
12:22:36 : Training Confusion for Epoch 47:
[[1205   27]
 [  31 1188]] 
12:22:37 : Epoch [47/50], Loss: 0.4385, Accuracy: 0.9462, Precision: 0.9294, Recall: 0.9681, Specificity: 0.9233, F1-Score: 0.9484 
12:22:45 : Training Confusion for Epoch 48:
[[1191   41]
 [  42 1177]] 
12:22:45 : Epoch [48/50], Loss: 0.0110, Accuracy: 0.9527, Precision: 0.9830, Recall: 0.9233, Specificity: 0.9833, F1-Score: 0.9522 
12:22:53 : Training Confusion for Epoch 49:
[[1193   39]
 [  35 1184]] 
12:22:54 : Epoch [49/50], Loss: 0.0078, Accuracy: 0.9217, Precision: 0.9926, Recall: 0.8530, Specificity: 0.9933, F1-Score: 0.9175 
12:23:02 : Training Confusion for Epoch 50:
[[1189   43]
 [  27 1192]] 
12:23:03 : Epoch [50/50], Loss: 0.0073, Accuracy: 0.9462, Precision: 0.9895, Recall: 0.9042, Specificity: 0.9900, F1-Score: 0.9449 
12:23:04 : FOLD 4 
12:23:04 : ---------------------------------- 
12:23:11 : Training Confusion for Epoch 1:
[[883 333]
 [620 616]] 
12:23:12 : Epoch [1/50], Loss: 0.5584, Accuracy: 0.6650, Precision: 0.9789, Recall: 0.3142, Specificity: 0.9937, F1-Score: 0.4757 
12:23:20 : Training Confusion for Epoch 2:
[[1092  124]
 [ 649  587]] 
12:23:21 : Epoch [2/50], Loss: 0.4619, Accuracy: 0.7042, Precision: 0.9600, Recall: 0.4054, Specificity: 0.9842, F1-Score: 0.5701 
12:23:29 : Training Confusion for Epoch 3:
[[1054  162]
 [ 656  580]] 
12:23:30 : Epoch [3/50], Loss: 0.4456, Accuracy: 0.6781, Precision: 0.9806, Recall: 0.3412, Specificity: 0.9937, F1-Score: 0.5063 
12:23:38 : Training Confusion for Epoch 4:
[[1084  132]
 [ 581  655]] 
12:23:38 : Epoch [4/50], Loss: 0.4209, Accuracy: 0.6961, Precision: 0.9825, Recall: 0.3784, Specificity: 0.9937, F1-Score: 0.5463 
12:23:46 : Training Confusion for Epoch 5:
[[1113  103]
 [ 569  667]] 
12:23:47 : Epoch [5/50], Loss: 0.4268, Accuracy: 0.7533, Precision: 0.9801, Recall: 0.5000, Specificity: 0.9905, F1-Score: 0.6622 
12:23:55 : Training Confusion for Epoch 6:
[[1096  120]
 [ 470  766]] 
12:23:56 : Epoch [6/50], Loss: 0.3848, Accuracy: 0.8137, Precision: 0.9375, Recall: 0.6588, Specificity: 0.9589, F1-Score: 0.7738 
12:24:04 : Training Confusion for Epoch 7:
[[1124   92]
 [ 493  743]] 
12:24:04 : Epoch [7/50], Loss: 0.3966, Accuracy: 0.7533, Precision: 0.9560, Recall: 0.5135, Specificity: 0.9778, F1-Score: 0.6681 
12:24:12 : Training Confusion for Epoch 8:
[[1103  113]
 [ 463  773]] 
12:24:13 : Epoch [8/50], Loss: 0.4153, Accuracy: 0.7402, Precision: 0.9660, Recall: 0.4797, Specificity: 0.9842, F1-Score: 0.6411 
12:24:21 : Training Confusion for Epoch 9:
[[1120   96]
 [ 480  756]] 
12:24:22 : Epoch [9/50], Loss: 0.3556, Accuracy: 0.8366, Precision: 0.9623, Recall: 0.6892, Specificity: 0.9747, F1-Score: 0.8031 
12:24:30 : Training Confusion for Epoch 10:
[[1134   82]
 [ 384  852]] 
12:24:31 : Epoch [10/50], Loss: 0.2694, Accuracy: 0.8644, Precision: 0.8989, Recall: 0.8108, Specificity: 0.9146, F1-Score: 0.8526 
12:24:38 : Training Confusion for Epoch 11:
[[1113  103]
 [ 366  870]] 
12:24:39 : Epoch [11/50], Loss: 0.2314, Accuracy: 0.8660, Precision: 0.9652, Recall: 0.7500, Specificity: 0.9747, F1-Score: 0.8441 
12:24:47 : Training Confusion for Epoch 12:
[[1068  148]
 [ 226 1010]] 
12:24:48 : Epoch [12/50], Loss: 0.1172, Accuracy: 0.8987, Precision: 0.9795, Recall: 0.8074, Specificity: 0.9842, F1-Score: 0.8852 
12:24:56 : Training Confusion for Epoch 13:
[[1076  140]
 [ 143 1093]] 
12:24:57 : Epoch [13/50], Loss: 0.0538, Accuracy: 0.9559, Precision: 0.9439, Recall: 0.9662, Specificity: 0.9462, F1-Score: 0.9549 
12:25:05 : Training Confusion for Epoch 14:
[[1088  128]
 [ 100 1136]] 
12:25:05 : Epoch [14/50], Loss: 0.0451, Accuracy: 0.9477, Precision: 0.9204, Recall: 0.9764, Specificity: 0.9209, F1-Score: 0.9475 
12:25:13 : Training Confusion for Epoch 15:
[[1114  102]
 [ 119 1117]] 
12:25:14 : Epoch [15/50], Loss: 0.0271, Accuracy: 0.9592, Precision: 0.9721, Recall: 0.9426, Specificity: 0.9747, F1-Score: 0.9571 
12:25:22 : Training Confusion for Epoch 16:
[[1102  114]
 [  89 1147]] 
12:25:23 : Epoch [16/50], Loss: 0.0196, Accuracy: 0.9608, Precision: 0.9387, Recall: 0.9831, Specificity: 0.9399, F1-Score: 0.9604 
12:25:31 : Training Confusion for Epoch 17:
[[1140   76]
 [  69 1167]] 
12:25:31 : Epoch [17/50], Loss: 0.0127, Accuracy: 0.9657, Precision: 0.9538, Recall: 0.9764, Specificity: 0.9557, F1-Score: 0.9649 
12:25:39 : Training Confusion for Epoch 18:
[[1131   85]
 [  66 1170]] 
12:25:40 : Epoch [18/50], Loss: 0.0261, Accuracy: 0.9559, Precision: 0.9216, Recall: 0.9932, Specificity: 0.9209, F1-Score: 0.9561 
12:25:48 : Training Confusion for Epoch 19:
[[1130   86]
 [  65 1171]] 
12:25:49 : Epoch [19/50], Loss: 0.0193, Accuracy: 0.9657, Precision: 0.9393, Recall: 0.9932, Specificity: 0.9399, F1-Score: 0.9655 
12:25:57 : Training Confusion for Epoch 20:
[[1155   61]
 [  63 1173]] 
12:25:58 : Epoch [20/50], Loss: 0.0044, Accuracy: 0.9428, Precision: 0.9851, Recall: 0.8953, Specificity: 0.9873, F1-Score: 0.9381 
12:26:05 : Training Confusion for Epoch 21:
[[1133   83]
 [  60 1176]] 
12:26:06 : Epoch [21/50], Loss: 0.0049, Accuracy: 0.9755, Precision: 0.9577, Recall: 0.9932, Specificity: 0.9589, F1-Score: 0.9751 
12:26:14 : Training Confusion for Epoch 22:
[[1147   69]
 [  50 1186]] 
12:26:15 : Epoch [22/50], Loss: 0.0045, Accuracy: 0.9739, Precision: 0.9698, Recall: 0.9764, Specificity: 0.9715, F1-Score: 0.9731 
12:26:23 : Training Confusion for Epoch 23:
[[1155   61]
 [  45 1191]] 
12:26:24 : Epoch [23/50], Loss: 0.0152, Accuracy: 0.9771, Precision: 0.9796, Recall: 0.9730, Specificity: 0.9810, F1-Score: 0.9763 
12:26:31 : Training Confusion for Epoch 24:
[[1155   61]
 [  49 1187]] 
12:26:32 : Epoch [24/50], Loss: 0.0111, Accuracy: 0.9641, Precision: 0.9335, Recall: 0.9966, Specificity: 0.9335, F1-Score: 0.9641 
12:26:40 : Training Confusion for Epoch 25:
[[1145   71]
 [  61 1175]] 
12:26:41 : Epoch [25/50], Loss: 0.0041, Accuracy: 0.9820, Precision: 0.9734, Recall: 0.9899, Specificity: 0.9747, F1-Score: 0.9816 
12:26:49 : Training Confusion for Epoch 26:
[[1150   66]
 [  39 1197]] 
12:26:50 : Epoch [26/50], Loss: 0.0037, Accuracy: 0.9673, Precision: 0.9792, Recall: 0.9527, Specificity: 0.9810, F1-Score: 0.9658 
12:26:58 : Training Confusion for Epoch 27:
[[1154   62]
 [  42 1194]] 
12:26:58 : Epoch [27/50], Loss: 0.0153, Accuracy: 0.9788, Precision: 0.9764, Recall: 0.9797, Specificity: 0.9778, F1-Score: 0.9781 
12:27:06 : Training Confusion for Epoch 28:
[[1164   52]
 [  57 1179]] 
12:27:07 : Epoch [28/50], Loss: 0.0037, Accuracy: 0.9771, Precision: 0.9796, Recall: 0.9730, Specificity: 0.9810, F1-Score: 0.9763 
12:27:15 : Training Confusion for Epoch 29:
[[1163   53]
 [  46 1190]] 
12:27:16 : Epoch [29/50], Loss: 0.0008, Accuracy: 0.9542, Precision: 0.9718, Recall: 0.9324, Specificity: 0.9747, F1-Score: 0.9517 
12:27:24 : Training Confusion for Epoch 30:
[[1167   49]
 [  40 1196]] 
12:27:25 : Epoch [30/50], Loss: 0.0050, Accuracy: 0.9755, Precision: 0.9577, Recall: 0.9932, Specificity: 0.9589, F1-Score: 0.9751 
12:27:32 : Training Confusion for Epoch 31:
[[1170   46]
 [  37 1199]] 
12:27:33 : Epoch [31/50], Loss: 0.0028, Accuracy: 0.9804, Precision: 0.9733, Recall: 0.9865, Specificity: 0.9747, F1-Score: 0.9799 
12:27:41 : Training Confusion for Epoch 32:
[[1175   41]
 [  36 1200]] 
12:27:42 : Epoch [32/50], Loss: 0.0099, Accuracy: 0.9739, Precision: 0.9605, Recall: 0.9865, Specificity: 0.9620, F1-Score: 0.9733 
12:27:50 : Training Confusion for Epoch 33:
[[1157   59]
 [  39 1197]] 
12:27:51 : Epoch [33/50], Loss: 0.0087, Accuracy: 0.9804, Precision: 0.9733, Recall: 0.9865, Specificity: 0.9747, F1-Score: 0.9799 
12:27:58 : Training Confusion for Epoch 34:
[[1168   48]
 [  37 1199]] 
12:27:59 : Epoch [34/50], Loss: 0.0015, Accuracy: 0.9771, Precision: 0.9732, Recall: 0.9797, Specificity: 0.9747, F1-Score: 0.9764 
12:28:07 : Training Confusion for Epoch 35:
[[1164   52]
 [  34 1202]] 
12:28:08 : Epoch [35/50], Loss: 0.0018, Accuracy: 0.9739, Precision: 0.9795, Recall: 0.9662, Specificity: 0.9810, F1-Score: 0.9728 
12:28:16 : Training Confusion for Epoch 36:
[[1159   57]
 [  35 1201]] 
12:28:17 : Epoch [36/50], Loss: 0.0023, Accuracy: 0.9788, Precision: 0.9732, Recall: 0.9831, Specificity: 0.9747, F1-Score: 0.9782 
12:28:24 : Training Confusion for Epoch 37:
[[1174   42]
 [  31 1205]] 
12:28:25 : Epoch [37/50], Loss: 0.0045, Accuracy: 0.9641, Precision: 0.9757, Recall: 0.9493, Specificity: 0.9778, F1-Score: 0.9623 
12:28:33 : Training Confusion for Epoch 38:
[[1175   41]
 [  33 1203]] 
12:28:34 : Epoch [38/50], Loss: 0.0024, Accuracy: 0.9673, Precision: 0.9759, Recall: 0.9561, Specificity: 0.9778, F1-Score: 0.9659 
12:28:42 : Training Confusion for Epoch 39:
[[1167   49]
 [  40 1196]] 
12:28:43 : Epoch [39/50], Loss: 0.0014, Accuracy: 0.9542, Precision: 0.9891, Recall: 0.9155, Specificity: 0.9905, F1-Score: 0.9509 
12:28:51 : Training Confusion for Epoch 40:
[[1178   38]
 [  32 1204]] 
12:28:51 : Epoch [40/50], Loss: 0.0049, Accuracy: 0.9755, Precision: 0.9795, Recall: 0.9696, Specificity: 0.9810, F1-Score: 0.9745 
12:28:59 : Training Confusion for Epoch 41:
[[1181   35]
 [  34 1202]] 
12:29:00 : Epoch [41/50], Loss: 0.0038, Accuracy: 0.9739, Precision: 0.9828, Recall: 0.9628, Specificity: 0.9842, F1-Score: 0.9727 
12:29:08 : Training Confusion for Epoch 42:
[[1163   53]
 [  44 1192]] 
12:29:09 : Epoch [42/50], Loss: 0.0010, Accuracy: 0.9461, Precision: 0.9852, Recall: 0.9020, Specificity: 0.9873, F1-Score: 0.9418 
12:29:17 : Training Confusion for Epoch 43:
[[1169   47]
 [  27 1209]] 
12:29:18 : Epoch [43/50], Loss: 0.0050, Accuracy: 0.9788, Precision: 0.9764, Recall: 0.9797, Specificity: 0.9778, F1-Score: 0.9781 
12:29:25 : Training Confusion for Epoch 44:
[[1176   40]
 [  33 1203]] 
12:29:26 : Epoch [44/50], Loss: 0.0004, Accuracy: 0.9722, Precision: 0.9761, Recall: 0.9662, Specificity: 0.9778, F1-Score: 0.9711 
12:29:34 : Training Confusion for Epoch 45:
[[1170   46]
 [  29 1207]] 
12:29:35 : Epoch [45/50], Loss: 0.0213, Accuracy: 0.9314, Precision: 0.8757, Recall: 1.0000, Specificity: 0.8671, F1-Score: 0.9338 
12:29:43 : Training Confusion for Epoch 46:
[[1183   33]
 [  23 1213]] 
12:29:44 : Epoch [46/50], Loss: 0.0038, Accuracy: 0.9820, Precision: 0.9703, Recall: 0.9932, Specificity: 0.9715, F1-Score: 0.9816 
12:29:51 : Training Confusion for Epoch 47:
[[1178   38]
 [  32 1204]] 
12:29:52 : Epoch [47/50], Loss: 0.0007, Accuracy: 0.9739, Precision: 0.9698, Recall: 0.9764, Specificity: 0.9715, F1-Score: 0.9731 
12:30:00 : Training Confusion for Epoch 48:
[[1172   44]
 [  27 1209]] 
12:30:01 : Epoch [48/50], Loss: 0.0023, Accuracy: 0.9641, Precision: 0.9724, Recall: 0.9527, Specificity: 0.9747, F1-Score: 0.9625 
12:30:09 : Training Confusion for Epoch 49:
[[1186   30]
 [  27 1209]] 
12:30:10 : Epoch [49/50], Loss: 0.0009, Accuracy: 0.9788, Precision: 0.9670, Recall: 0.9899, Specificity: 0.9684, F1-Score: 0.9783 
12:30:17 : Training Confusion for Epoch 50:
[[1190   26]
 [  24 1212]] 
12:30:18 : Epoch [50/50], Loss: 0.0021, Accuracy: 0.9706, Precision: 0.9760, Recall: 0.9628, Specificity: 0.9778, F1-Score: 0.9694 
12:30:19 : Cross-validation results: 
12:30:19 : Accuracy: 0.9097  0.0798 
12:30:19 : Precision: 0.9588  0.0226 
12:30:19 : Recall: 0.8572  0.1681 
12:30:19 : Specificity: 0.9621  0.0253 
12:30:19 : F1-Score: 0.8943  0.1138 
12:30:19 : Training Loss: 0.1857  0.1593 
12:30:19 : Validation Loss: 17.1210  48.6392 
12:31:24 : CBAM_SAM_crossval 
12:32:18 : Loaded saved model. 
12:33:44 : Test Loss: 987.8326, Test Accuracy: 0.9371, Test Precision: 0.0913, Test Recall: 0.9792, Test Specificity: 0.9368, Test F1-Score: 0.1671 
