00:02:16 : Sequential 
00:03:13 : No saved model found. Training a new model. 
00:03:13 : FOLD 0 
00:03:13 : ---------------------------------- 
00:03:23 : Training Confusion for Epoch 1:
[[1106  112]
 [ 161 1072]] 
00:03:24 : Epoch [1/50], Loss: 0.0063, Accuracy: 0.9331, Precision: 0.9674, Recall: 0.8930, Specificity: 0.9713, F1-Score: 0.9287 
00:03:31 : Training Confusion for Epoch 2:
[[1161   57]
 [  76 1157]] 
00:03:32 : Epoch [2/50], Loss: 0.0044, Accuracy: 0.8711, Precision: 0.9741, Recall: 0.7559, Specificity: 0.9809, F1-Score: 0.8512 
00:03:38 : Training Confusion for Epoch 3:
[[1153   65]
 [  55 1178]] 
00:03:39 : Epoch [3/50], Loss: 0.0066, Accuracy: 0.9543, Precision: 0.9414, Recall: 0.9666, Specificity: 0.9427, F1-Score: 0.9538 
00:03:46 : Training Confusion for Epoch 4:
[[1171   47]
 [  55 1178]] 
00:03:47 : Epoch [4/50], Loss: 0.0072, Accuracy: 0.9560, Precision: 0.9444, Recall: 0.9666, Specificity: 0.9459, F1-Score: 0.9554 
00:03:53 : Training Confusion for Epoch 5:
[[1178   40]
 [  42 1191]] 
00:03:54 : Epoch [5/50], Loss: 0.0080, Accuracy: 0.9560, Precision: 0.9444, Recall: 0.9666, Specificity: 0.9459, F1-Score: 0.9554 
00:04:01 : Training Confusion for Epoch 6:
[[1173   45]
 [  40 1193]] 
00:04:02 : Epoch [6/50], Loss: 0.0071, Accuracy: 0.9478, Precision: 0.9265, Recall: 0.9699, Specificity: 0.9268, F1-Score: 0.9477 
00:04:08 : Training Confusion for Epoch 7:
[[1180   38]
 [  27 1206]] 
00:04:09 : Epoch [7/50], Loss: 0.0015, Accuracy: 0.9641, Precision: 0.9541, Recall: 0.9732, Specificity: 0.9554, F1-Score: 0.9636 
00:04:16 : Training Confusion for Epoch 8:
[[1189   29]
 [  35 1198]] 
00:04:17 : Epoch [8/50], Loss: 0.0059, Accuracy: 0.9429, Precision: 0.9074, Recall: 0.9833, Specificity: 0.9045, F1-Score: 0.9438 
00:04:23 : Training Confusion for Epoch 9:
[[1190   28]
 [  31 1202]] 
00:04:24 : Epoch [9/50], Loss: 0.0019, Accuracy: 0.9592, Precision: 0.9692, Recall: 0.9465, Specificity: 0.9713, F1-Score: 0.9577 
00:04:31 : Training Confusion for Epoch 10:
[[1180   38]
 [  30 1203]] 
00:04:32 : Epoch [10/50], Loss: 0.0052, Accuracy: 0.9494, Precision: 0.9685, Recall: 0.9264, Specificity: 0.9713, F1-Score: 0.9470 
00:04:38 : Training Confusion for Epoch 11:
[[1184   34]
 [  25 1208]] 
00:04:39 : Epoch [11/50], Loss: 0.0030, Accuracy: 0.9641, Precision: 0.9601, Recall: 0.9666, Specificity: 0.9618, F1-Score: 0.9633 
00:04:46 : Training Confusion for Epoch 12:
[[1188   30]
 [  25 1208]] 
00:04:47 : Epoch [12/50], Loss: 0.0037, Accuracy: 0.9592, Precision: 0.9391, Recall: 0.9799, Specificity: 0.9395, F1-Score: 0.9591 
00:04:53 : Training Confusion for Epoch 13:
[[1183   35]
 [  24 1209]] 
00:04:54 : Epoch [13/50], Loss: 0.0014, Accuracy: 0.9641, Precision: 0.9541, Recall: 0.9732, Specificity: 0.9554, F1-Score: 0.9636 
00:05:01 : Training Confusion for Epoch 14:
[[1188   30]
 [  22 1211]] 
00:05:02 : Epoch [14/50], Loss: 0.0107, Accuracy: 0.9641, Precision: 0.9482, Recall: 0.9799, Specificity: 0.9490, F1-Score: 0.9638 
00:05:08 : Training Confusion for Epoch 15:
[[1196   22]
 [  19 1214]] 
00:05:09 : Epoch [15/50], Loss: 0.0025, Accuracy: 0.9527, Precision: 0.9688, Recall: 0.9331, Specificity: 0.9713, F1-Score: 0.9506 
00:05:16 : Training Confusion for Epoch 16:
[[1192   26]
 [  22 1211]] 
00:05:17 : Epoch [16/50], Loss: 0.0054, Accuracy: 0.9576, Precision: 0.9446, Recall: 0.9699, Specificity: 0.9459, F1-Score: 0.9571 
00:05:23 : Training Confusion for Epoch 17:
[[1194   24]
 [  17 1216]] 
00:05:24 : Epoch [17/50], Loss: 0.0028, Accuracy: 0.9331, Precision: 0.8909, Recall: 0.9833, Specificity: 0.8854, F1-Score: 0.9348 
00:05:31 : Training Confusion for Epoch 18:
[[1201   17]
 [  12 1221]] 
00:05:32 : Epoch [18/50], Loss: 0.0016, Accuracy: 0.9690, Precision: 0.9636, Recall: 0.9732, Specificity: 0.9650, F1-Score: 0.9684 
00:05:39 : Training Confusion for Epoch 19:
[[1197   21]
 [  19 1214]] 
00:05:39 : Epoch [19/50], Loss: 0.0046, Accuracy: 0.9429, Precision: 0.9648, Recall: 0.9164, Specificity: 0.9682, F1-Score: 0.9400 
00:05:46 : Training Confusion for Epoch 20:
[[1202   16]
 [  19 1214]] 
00:05:47 : Epoch [20/50], Loss: 0.0020, Accuracy: 0.9364, Precision: 0.9012, Recall: 0.9766, Specificity: 0.8981, F1-Score: 0.9374 
00:05:54 : Training Confusion for Epoch 21:
[[1195   23]
 [  19 1214]] 
00:05:55 : Epoch [21/50], Loss: 0.0050, Accuracy: 0.9576, Precision: 0.9446, Recall: 0.9699, Specificity: 0.9459, F1-Score: 0.9571 
00:06:01 : Training Confusion for Epoch 22:
[[1197   21]
 [  18 1215]] 
00:06:02 : Epoch [22/50], Loss: 0.0017, Accuracy: 0.9494, Precision: 0.9653, Recall: 0.9298, Specificity: 0.9682, F1-Score: 0.9472 
00:06:09 : Training Confusion for Epoch 23:
[[1205   13]
 [  21 1212]] 
00:06:10 : Epoch [23/50], Loss: 0.0009, Accuracy: 0.9592, Precision: 0.9660, Recall: 0.9498, Specificity: 0.9682, F1-Score: 0.9578 
00:06:16 : Training Confusion for Epoch 24:
[[1209    9]
 [   9 1224]] 
00:06:17 : Epoch [24/50], Loss: 0.0003, Accuracy: 0.9608, Precision: 0.9450, Recall: 0.9766, Specificity: 0.9459, F1-Score: 0.9605 
00:06:24 : Training Confusion for Epoch 25:
[[1200   18]
 [  20 1213]] 
00:06:25 : Epoch [25/50], Loss: 0.0024, Accuracy: 0.9560, Precision: 0.9533, Recall: 0.9565, Specificity: 0.9554, F1-Score: 0.9549 
00:06:31 : Training Confusion for Epoch 26:
[[1201   17]
 [  17 1216]] 
00:06:32 : Epoch [26/50], Loss: 0.0006, Accuracy: 0.9380, Precision: 0.9815, Recall: 0.8896, Specificity: 0.9841, F1-Score: 0.9333 
00:06:39 : Training Confusion for Epoch 27:
[[1205   13]
 [  10 1223]] 
00:06:40 : Epoch [27/50], Loss: 0.0054, Accuracy: 0.9560, Precision: 0.9503, Recall: 0.9599, Specificity: 0.9522, F1-Score: 0.9551 
00:06:46 : Training Confusion for Epoch 28:
[[1209    9]
 [  15 1218]] 
00:06:47 : Epoch [28/50], Loss: 0.0066, Accuracy: 0.9380, Precision: 0.9547, Recall: 0.9164, Specificity: 0.9586, F1-Score: 0.9352 
00:06:54 : Training Confusion for Epoch 29:
[[1203   15]
 [  18 1215]] 
00:06:55 : Epoch [29/50], Loss: 0.0034, Accuracy: 0.9445, Precision: 0.9617, Recall: 0.9231, Specificity: 0.9650, F1-Score: 0.9420 
00:07:02 : Training Confusion for Epoch 30:
[[1205   13]
 [  16 1217]] 
00:07:03 : Epoch [30/50], Loss: 0.0033, Accuracy: 0.9608, Precision: 0.9661, Recall: 0.9532, Specificity: 0.9682, F1-Score: 0.9596 
00:07:09 : Training Confusion for Epoch 31:
[[1208   10]
 [  11 1222]] 
00:07:10 : Epoch [31/50], Loss: 0.0029, Accuracy: 0.9608, Precision: 0.9725, Recall: 0.9465, Specificity: 0.9745, F1-Score: 0.9593 
00:07:17 : Training Confusion for Epoch 32:
[[1210    8]
 [  15 1218]] 
00:07:18 : Epoch [32/50], Loss: 0.0042, Accuracy: 0.9641, Precision: 0.9541, Recall: 0.9732, Specificity: 0.9554, F1-Score: 0.9636 
00:07:24 : Training Confusion for Epoch 33:
[[1211    7]
 [  12 1221]] 
00:07:25 : Epoch [33/50], Loss: 0.0013, Accuracy: 0.9625, Precision: 0.9631, Recall: 0.9599, Specificity: 0.9650, F1-Score: 0.9615 
00:07:32 : Training Confusion for Epoch 34:
[[1212    6]
 [   9 1224]] 
00:07:33 : Epoch [34/50], Loss: 0.0008, Accuracy: 0.9690, Precision: 0.9636, Recall: 0.9732, Specificity: 0.9650, F1-Score: 0.9684 
00:07:39 : Training Confusion for Epoch 35:
[[1211    7]
 [   9 1224]] 
00:07:40 : Epoch [35/50], Loss: 0.0045, Accuracy: 0.9576, Precision: 0.9475, Recall: 0.9666, Specificity: 0.9490, F1-Score: 0.9570 
00:07:47 : Training Confusion for Epoch 36:
[[1214    4]
 [  10 1223]] 
00:07:48 : Epoch [36/50], Loss: 0.0169, Accuracy: 0.9560, Precision: 0.9387, Recall: 0.9732, Specificity: 0.9395, F1-Score: 0.9557 
00:07:55 : Training Confusion for Epoch 37:
[[1212    6]
 [   9 1224]] 
00:07:55 : Epoch [37/50], Loss: 0.0027, Accuracy: 0.9543, Precision: 0.9625, Recall: 0.9431, Specificity: 0.9650, F1-Score: 0.9527 
00:08:02 : Training Confusion for Epoch 38:
[[1207   11]
 [  15 1218]] 
00:08:03 : Epoch [38/50], Loss: 0.0032, Accuracy: 0.9576, Precision: 0.9475, Recall: 0.9666, Specificity: 0.9490, F1-Score: 0.9570 
00:08:10 : Training Confusion for Epoch 39:
[[1208   10]
 [  10 1223]] 
00:08:11 : Epoch [39/50], Loss: 0.0013, Accuracy: 0.9560, Precision: 0.9416, Recall: 0.9699, Specificity: 0.9427, F1-Score: 0.9555 
00:08:17 : Training Confusion for Epoch 40:
[[1212    6]
 [  10 1223]] 
00:08:18 : Epoch [40/50], Loss: 0.0028, Accuracy: 0.9543, Precision: 0.9329, Recall: 0.9766, Specificity: 0.9331, F1-Score: 0.9542 
00:08:25 : Training Confusion for Epoch 41:
[[1207   11]
 [  12 1221]] 
00:08:26 : Epoch [41/50], Loss: 0.0077, Accuracy: 0.9641, Precision: 0.9511, Recall: 0.9766, Specificity: 0.9522, F1-Score: 0.9637 
00:08:32 : Training Confusion for Epoch 42:
[[1214    4]
 [   6 1227]] 
00:08:33 : Epoch [42/50], Loss: 0.0022, Accuracy: 0.9674, Precision: 0.9635, Recall: 0.9699, Specificity: 0.9650, F1-Score: 0.9667 
00:08:40 : Training Confusion for Epoch 43:
[[1215    3]
 [   6 1227]] 
00:08:41 : Epoch [43/50], Loss: 0.0049, Accuracy: 0.9625, Precision: 0.9539, Recall: 0.9699, Specificity: 0.9554, F1-Score: 0.9619 
00:08:48 : Training Confusion for Epoch 44:
[[1210    8]
 [  13 1220]] 
00:08:49 : Epoch [44/50], Loss: 0.0015, Accuracy: 0.8450, Precision: 0.9811, Recall: 0.6957, Specificity: 0.9873, F1-Score: 0.8141 
00:08:55 : Training Confusion for Epoch 45:
[[1212    6]
 [  10 1223]] 
00:08:56 : Epoch [45/50], Loss: 0.0015, Accuracy: 0.9608, Precision: 0.9630, Recall: 0.9565, Specificity: 0.9650, F1-Score: 0.9597 
00:09:03 : Training Confusion for Epoch 46:
[[1214    4]
 [   7 1226]] 
00:09:04 : Epoch [46/50], Loss: 0.0009, Accuracy: 0.9380, Precision: 0.9711, Recall: 0.8997, Specificity: 0.9745, F1-Score: 0.9340 
00:09:10 : Training Confusion for Epoch 47:
[[1211    7]
 [  10 1223]] 
00:09:11 : Epoch [47/50], Loss: 0.0047, Accuracy: 0.9641, Precision: 0.9571, Recall: 0.9699, Specificity: 0.9586, F1-Score: 0.9635 
00:09:29 : Training Confusion for Epoch 48:
[[1217    1]
 [   8 1225]] 
00:09:30 : Epoch [48/50], Loss: 0.0035, Accuracy: 0.9608, Precision: 0.9630, Recall: 0.9565, Specificity: 0.9650, F1-Score: 0.9597 
00:09:37 : Training Confusion for Epoch 49:
[[1208   10]
 [  11 1222]] 
00:09:38 : Epoch [49/50], Loss: 0.0073, Accuracy: 0.9315, Precision: 0.9573, Recall: 0.8997, Specificity: 0.9618, F1-Score: 0.9276 
00:09:44 : Training Confusion for Epoch 50:
[[1212    6]
 [  12 1221]] 
00:09:45 : Epoch [50/50], Loss: 0.0030, Accuracy: 0.9543, Precision: 0.9329, Recall: 0.9766, Specificity: 0.9331, F1-Score: 0.9542 
00:09:47 : FOLD 1 
00:09:47 : ---------------------------------- 
00:09:55 : Training Confusion for Epoch 1:
[[1132  109]
 [ 148 1062]] 
00:09:56 : Epoch [1/50], Loss: 0.0106, Accuracy: 0.8777, Precision: 0.9920, Recall: 0.7733, Specificity: 0.9931, F1-Score: 0.8691 
00:10:03 : Training Confusion for Epoch 2:
[[1171   70]
 [  60 1150]] 
00:10:04 : Epoch [2/50], Loss: 0.0095, Accuracy: 0.9054, Precision: 0.9818, Recall: 0.8354, Specificity: 0.9828, F1-Score: 0.9027 
00:10:10 : Training Confusion for Epoch 3:
[[1181   60]
 [  57 1153]] 
00:10:11 : Epoch [3/50], Loss: 0.0847, Accuracy: 0.9201, Precision: 0.8802, Recall: 0.9814, Specificity: 0.8522, F1-Score: 0.9280 
00:10:18 : Training Confusion for Epoch 4:
[[1201   40]
 [  43 1167]] 
00:10:19 : Epoch [4/50], Loss: 0.0034, Accuracy: 0.9576, Precision: 0.9774, Recall: 0.9410, Specificity: 0.9759, F1-Score: 0.9589 
00:10:26 : Training Confusion for Epoch 5:
[[1198   43]
 [  39 1171]] 
00:10:27 : Epoch [5/50], Loss: 0.0212, Accuracy: 0.9527, Precision: 0.9347, Recall: 0.9783, Specificity: 0.9244, F1-Score: 0.9560 
00:10:33 : Training Confusion for Epoch 6:
[[1200   41]
 [  30 1180]] 
00:10:34 : Epoch [6/50], Loss: 0.0061, Accuracy: 0.9494, Precision: 0.9318, Recall: 0.9752, Specificity: 0.9210, F1-Score: 0.9530 
00:10:41 : Training Confusion for Epoch 7:
[[1205   36]
 [  32 1178]] 
00:10:42 : Epoch [7/50], Loss: 0.0065, Accuracy: 0.9608, Precision: 0.9715, Recall: 0.9534, Specificity: 0.9691, F1-Score: 0.9624 
00:10:49 : Training Confusion for Epoch 8:
[[1200   41]
 [  29 1181]] 
00:10:50 : Epoch [8/50], Loss: 0.0048, Accuracy: 0.9592, Precision: 0.9714, Recall: 0.9503, Specificity: 0.9691, F1-Score: 0.9608 
00:10:56 : Training Confusion for Epoch 9:
[[1200   41]
 [  28 1182]] 
00:10:57 : Epoch [9/50], Loss: 0.0250, Accuracy: 0.9543, Precision: 0.9375, Recall: 0.9783, Specificity: 0.9278, F1-Score: 0.9574 
00:11:04 : Training Confusion for Epoch 10:
[[1198   43]
 [  38 1172]] 
00:11:05 : Epoch [10/50], Loss: 0.0038, Accuracy: 0.9560, Precision: 0.9567, Recall: 0.9596, Specificity: 0.9519, F1-Score: 0.9581 
00:11:12 : Training Confusion for Epoch 11:
[[1207   34]
 [  23 1187]] 
00:11:12 : Epoch [11/50], Loss: 0.0032, Accuracy: 0.9560, Precision: 0.9653, Recall: 0.9503, Specificity: 0.9622, F1-Score: 0.9577 
00:11:19 : Training Confusion for Epoch 12:
[[1209   32]
 [  20 1190]] 
00:11:20 : Epoch [12/50], Loss: 0.0030, Accuracy: 0.9494, Precision: 0.9649, Recall: 0.9379, Specificity: 0.9622, F1-Score: 0.9512 
00:11:27 : Training Confusion for Epoch 13:
[[1217   24]
 [  16 1194]] 
00:11:28 : Epoch [13/50], Loss: 0.0010, Accuracy: 0.9625, Precision: 0.9544, Recall: 0.9752, Specificity: 0.9485, F1-Score: 0.9647 
00:11:34 : Training Confusion for Epoch 14:
[[1215   26]
 [  17 1193]] 
00:11:35 : Epoch [14/50], Loss: 0.0027, Accuracy: 0.9135, Precision: 0.9891, Recall: 0.8447, Specificity: 0.9897, F1-Score: 0.9112 
00:11:42 : Training Confusion for Epoch 15:
[[1207   34]
 [  25 1185]] 
00:11:43 : Epoch [15/50], Loss: 0.0008, Accuracy: 0.9592, Precision: 0.9655, Recall: 0.9565, Specificity: 0.9622, F1-Score: 0.9610 
00:11:49 : Training Confusion for Epoch 16:
[[1219   22]
 [  21 1189]] 
00:11:50 : Epoch [16/50], Loss: 0.0009, Accuracy: 0.9560, Precision: 0.9773, Recall: 0.9379, Specificity: 0.9759, F1-Score: 0.9572 
00:11:57 : Training Confusion for Epoch 17:
[[1217   24]
 [  22 1188]] 
00:11:58 : Epoch [17/50], Loss: 0.0065, Accuracy: 0.9608, Precision: 0.9627, Recall: 0.9627, Specificity: 0.9588, F1-Score: 0.9627 
00:12:05 : Training Confusion for Epoch 18:
[[1222   19]
 [  20 1190]] 
00:12:05 : Epoch [18/50], Loss: 0.0041, Accuracy: 0.9625, Precision: 0.9600, Recall: 0.9689, Specificity: 0.9553, F1-Score: 0.9645 
00:12:12 : Training Confusion for Epoch 19:
[[1216   25]
 [  18 1192]] 
00:12:13 : Epoch [19/50], Loss: 0.0010, Accuracy: 0.9038, Precision: 0.9817, Recall: 0.8323, Specificity: 0.9828, F1-Score: 0.9008 
00:12:20 : Training Confusion for Epoch 20:
[[1222   19]
 [  23 1187]] 
00:12:21 : Epoch [20/50], Loss: 0.0065, Accuracy: 0.9625, Precision: 0.9544, Recall: 0.9752, Specificity: 0.9485, F1-Score: 0.9647 
00:12:27 : Training Confusion for Epoch 21:
[[1217   24]
 [  12 1198]] 
00:12:28 : Epoch [21/50], Loss: 0.0048, Accuracy: 0.9641, Precision: 0.9573, Recall: 0.9752, Specificity: 0.9519, F1-Score: 0.9662 
00:12:35 : Training Confusion for Epoch 22:
[[1224   17]
 [  15 1195]] 
00:12:36 : Epoch [22/50], Loss: 0.0017, Accuracy: 0.9625, Precision: 0.9657, Recall: 0.9627, Specificity: 0.9622, F1-Score: 0.9642 
00:12:42 : Training Confusion for Epoch 23:
[[1225   16]
 [  21 1189]] 
00:12:43 : Epoch [23/50], Loss: 0.0005, Accuracy: 0.9396, Precision: 0.9672, Recall: 0.9161, Specificity: 0.9656, F1-Score: 0.9410 
00:12:50 : Training Confusion for Epoch 24:
[[1226   15]
 [  16 1194]] 
00:12:51 : Epoch [24/50], Loss: 0.0039, Accuracy: 0.9478, Precision: 0.9618, Recall: 0.9379, Specificity: 0.9588, F1-Score: 0.9497 
00:13:15 : Training Confusion for Epoch 25:
[[1232    9]
 [   9 1201]] 
00:13:16 : Epoch [25/50], Loss: 0.0024, Accuracy: 0.9560, Precision: 0.9624, Recall: 0.9534, Specificity: 0.9588, F1-Score: 0.9579 
00:13:23 : Training Confusion for Epoch 26:
[[1218   23]
 [  12 1198]] 
00:13:24 : Epoch [26/50], Loss: 0.0028, Accuracy: 0.8777, Precision: 0.9557, Recall: 0.8043, Specificity: 0.9588, F1-Score: 0.8735 
00:13:30 : Training Confusion for Epoch 27:
[[1223   18]
 [  21 1189]] 
00:13:31 : Epoch [27/50], Loss: 0.0025, Accuracy: 0.9364, Precision: 0.9701, Recall: 0.9068, Specificity: 0.9691, F1-Score: 0.9374 
00:13:38 : Training Confusion for Epoch 28:
[[1227   14]
 [  11 1199]] 
00:13:39 : Epoch [28/50], Loss: 0.0003, Accuracy: 0.9576, Precision: 0.9485, Recall: 0.9720, Specificity: 0.9416, F1-Score: 0.9601 
00:13:46 : Training Confusion for Epoch 29:
[[1233    8]
 [  10 1200]] 
00:13:46 : Epoch [29/50], Loss: 0.0024, Accuracy: 0.9674, Precision: 0.9494, Recall: 0.9907, Specificity: 0.9416, F1-Score: 0.9696 
00:13:53 : Training Confusion for Epoch 30:
[[1229   12]
 [  13 1197]] 
00:13:54 : Epoch [30/50], Loss: 0.0063, Accuracy: 0.9527, Precision: 0.9453, Recall: 0.9658, Specificity: 0.9381, F1-Score: 0.9555 
00:14:01 : Training Confusion for Epoch 31:
[[1233    8]
 [   8 1202]] 
00:14:01 : Epoch [31/50], Loss: 0.0012, Accuracy: 0.8418, Precision: 0.9913, Recall: 0.7050, Specificity: 0.9931, F1-Score: 0.8240 
00:14:08 : Training Confusion for Epoch 32:
[[1233    8]
 [   8 1202]] 
00:14:09 : Epoch [32/50], Loss: 0.0006, Accuracy: 0.9608, Precision: 0.9571, Recall: 0.9689, Specificity: 0.9519, F1-Score: 0.9630 
00:14:16 : Training Confusion for Epoch 33:
[[1235    6]
 [  13 1197]] 
00:14:17 : Epoch [33/50], Loss: 0.0016, Accuracy: 0.9543, Precision: 0.9652, Recall: 0.9472, Specificity: 0.9622, F1-Score: 0.9561 
00:14:23 : Training Confusion for Epoch 34:
[[1234    7]
 [  12 1198]] 
00:14:24 : Epoch [34/50], Loss: 0.0009, Accuracy: 0.9641, Precision: 0.9545, Recall: 0.9783, Specificity: 0.9485, F1-Score: 0.9663 
00:14:31 : Training Confusion for Epoch 35:
[[1235    6]
 [   7 1203]] 
00:14:32 : Epoch [35/50], Loss: 0.0012, Accuracy: 0.9625, Precision: 0.9628, Recall: 0.9658, Specificity: 0.9588, F1-Score: 0.9643 
00:14:38 : Training Confusion for Epoch 36:
[[1225   16]
 [  19 1191]] 
00:14:39 : Epoch [36/50], Loss: 0.0020, Accuracy: 0.9560, Precision: 0.9683, Recall: 0.9472, Specificity: 0.9656, F1-Score: 0.9576 
00:14:46 : Training Confusion for Epoch 37:
[[1230   11]
 [  12 1198]] 
00:14:47 : Epoch [37/50], Loss: 0.0015, Accuracy: 0.9576, Precision: 0.9596, Recall: 0.9596, Specificity: 0.9553, F1-Score: 0.9596 
00:14:53 : Training Confusion for Epoch 38:
[[1236    5]
 [  10 1200]] 
00:14:54 : Epoch [38/50], Loss: 0.0041, Accuracy: 0.9690, Precision: 0.9550, Recall: 0.9876, Specificity: 0.9485, F1-Score: 0.9710 
00:15:01 : Training Confusion for Epoch 39:
[[1232    9]
 [  10 1200]] 
00:15:02 : Epoch [39/50], Loss: 0.0058, Accuracy: 0.9576, Precision: 0.9327, Recall: 0.9907, Specificity: 0.9210, F1-Score: 0.9608 
00:15:08 : Training Confusion for Epoch 40:
[[1234    7]
 [  10 1200]] 
00:15:09 : Epoch [40/50], Loss: 0.0008, Accuracy: 0.9608, Precision: 0.9599, Recall: 0.9658, Specificity: 0.9553, F1-Score: 0.9628 
00:15:16 : Training Confusion for Epoch 41:
[[1237    4]
 [   5 1205]] 
00:15:17 : Epoch [41/50], Loss: 0.0012, Accuracy: 0.9608, Precision: 0.9408, Recall: 0.9876, Specificity: 0.9313, F1-Score: 0.9636 
00:15:24 : Training Confusion for Epoch 42:
[[1234    7]
 [  11 1199]] 
00:15:25 : Epoch [42/50], Loss: 0.0018, Accuracy: 0.9560, Precision: 0.9429, Recall: 0.9752, Specificity: 0.9347, F1-Score: 0.9588 
00:15:31 : Training Confusion for Epoch 43:
[[1227   14]
 [  11 1199]] 
00:15:32 : Epoch [43/50], Loss: 0.0023, Accuracy: 0.9560, Precision: 0.9624, Recall: 0.9534, Specificity: 0.9588, F1-Score: 0.9579 
00:15:50 : Training Confusion for Epoch 44:
[[1234    7]
 [   7 1203]] 
00:15:51 : Epoch [44/50], Loss: 0.0025, Accuracy: 0.9641, Precision: 0.9545, Recall: 0.9783, Specificity: 0.9485, F1-Score: 0.9663 
00:15:57 : Training Confusion for Epoch 45:
[[1234    7]
 [  10 1200]] 
00:15:58 : Epoch [45/50], Loss: 0.0040, Accuracy: 0.9494, Precision: 0.9678, Recall: 0.9348, Specificity: 0.9656, F1-Score: 0.9510 
00:16:05 : Training Confusion for Epoch 46:
[[1237    4]
 [   6 1204]] 
00:16:06 : Epoch [46/50], Loss: 0.0013, Accuracy: 0.9641, Precision: 0.9688, Recall: 0.9627, Specificity: 0.9656, F1-Score: 0.9657 
00:16:13 : Training Confusion for Epoch 47:
[[1240    1]
 [   6 1204]] 
00:16:14 : Epoch [47/50], Loss: 0.0021, Accuracy: 0.9608, Precision: 0.9599, Recall: 0.9658, Specificity: 0.9553, F1-Score: 0.9628 
00:16:20 : Training Confusion for Epoch 48:
[[1241    0]
 [   4 1206]] 
00:16:21 : Epoch [48/50], Loss: 0.0013, Accuracy: 0.9657, Precision: 0.9631, Recall: 0.9720, Specificity: 0.9588, F1-Score: 0.9675 
00:16:28 : Training Confusion for Epoch 49:
[[1238    3]
 [   8 1202]] 
00:16:29 : Epoch [49/50], Loss: 0.0023, Accuracy: 0.9625, Precision: 0.9517, Recall: 0.9783, Specificity: 0.9450, F1-Score: 0.9648 
00:16:35 : Training Confusion for Epoch 50:
[[1240    1]
 [   4 1206]] 
00:16:36 : Epoch [50/50], Loss: 0.0018, Accuracy: 0.9625, Precision: 0.9600, Recall: 0.9689, Specificity: 0.9553, F1-Score: 0.9645 
00:16:37 : FOLD 2 
00:16:37 : ---------------------------------- 
00:16:44 : Training Confusion for Epoch 1:
[[1116  105]
 [ 141 1089]] 
00:16:45 : Epoch [1/50], Loss: 0.0096, Accuracy: 0.9086, Precision: 0.9843, Recall: 0.8278, Specificity: 0.9871, F1-Score: 0.8993 
00:16:51 : Training Confusion for Epoch 2:
[[1159   62]
 [  72 1158]] 
00:16:52 : Epoch [2/50], Loss: 0.0294, Accuracy: 0.9560, Precision: 0.9599, Recall: 0.9503, Specificity: 0.9614, F1-Score: 0.9551 
00:16:59 : Training Confusion for Epoch 3:
[[1162   59]
 [  58 1172]] 
00:16:59 : Epoch [3/50], Loss: 0.0696, Accuracy: 0.9494, Precision: 0.9822, Recall: 0.9139, Specificity: 0.9839, F1-Score: 0.9468 
00:17:06 : Training Confusion for Epoch 4:
[[1173   48]
 [  46 1184]] 
00:17:07 : Epoch [4/50], Loss: 0.0593, Accuracy: 0.9445, Precision: 0.9718, Recall: 0.9139, Specificity: 0.9743, F1-Score: 0.9420 
00:17:14 : Training Confusion for Epoch 5:
[[1172   49]
 [  42 1188]] 
00:17:14 : Epoch [5/50], Loss: 0.0219, Accuracy: 0.8646, Precision: 0.9824, Recall: 0.7384, Specificity: 0.9871, F1-Score: 0.8431 
00:17:21 : Training Confusion for Epoch 6:
[[1182   39]
 [  36 1194]] 
00:17:22 : Epoch [6/50], Loss: 0.6305, Accuracy: 0.9560, Precision: 0.9257, Recall: 0.9901, Specificity: 0.9228, F1-Score: 0.9568 
00:17:29 : Training Confusion for Epoch 7:
[[1176   45]
 [  41 1189]] 
00:17:30 : Epoch [7/50], Loss: 0.3930, Accuracy: 0.9315, Precision: 0.8801, Recall: 0.9967, Specificity: 0.8682, F1-Score: 0.9348 
00:17:36 : Training Confusion for Epoch 8:
[[1184   37]
 [  28 1202]] 
00:17:37 : Epoch [8/50], Loss: 0.1160, Accuracy: 0.9755, Precision: 0.9705, Recall: 0.9801, Specificity: 0.9711, F1-Score: 0.9753 
00:17:44 : Training Confusion for Epoch 9:
[[1178   43]
 [  33 1197]] 
00:17:45 : Epoch [9/50], Loss: 0.0564, Accuracy: 0.9478, Precision: 0.9821, Recall: 0.9106, Specificity: 0.9839, F1-Score: 0.9450 
00:17:51 : Training Confusion for Epoch 10:
[[1190   31]
 [  23 1207]] 
00:17:52 : Epoch [10/50], Loss: 0.3342, Accuracy: 0.9413, Precision: 0.8958, Recall: 0.9967, Specificity: 0.8875, F1-Score: 0.9436 
00:17:59 : Training Confusion for Epoch 11:
[[1190   31]
 [  21 1209]] 
00:18:00 : Epoch [11/50], Loss: 0.2386, Accuracy: 0.9690, Precision: 0.9609, Recall: 0.9768, Specificity: 0.9614, F1-Score: 0.9688 
00:18:07 : Training Confusion for Epoch 12:
[[1190   31]
 [  35 1195]] 
00:18:08 : Epoch [12/50], Loss: 0.0178, Accuracy: 0.9152, Precision: 0.9845, Recall: 0.8411, Specificity: 0.9871, F1-Score: 0.9071 
00:18:14 : Training Confusion for Epoch 13:
[[1188   33]
 [  29 1201]] 
00:18:15 : Epoch [13/50], Loss: 0.3522, Accuracy: 0.9560, Precision: 0.9205, Recall: 0.9967, Specificity: 0.9164, F1-Score: 0.9571 
00:18:22 : Training Confusion for Epoch 14:
[[1190   31]
 [  29 1201]] 
00:18:23 : Epoch [14/50], Loss: 0.0059, Accuracy: 0.9315, Precision: 0.9924, Recall: 0.8675, Specificity: 0.9936, F1-Score: 0.9258 
00:18:29 : Training Confusion for Epoch 15:
[[1188   33]
 [  27 1203]] 
00:18:30 : Epoch [15/50], Loss: 0.1104, Accuracy: 0.9739, Precision: 0.9673, Recall: 0.9801, Specificity: 0.9678, F1-Score: 0.9737 
00:18:37 : Training Confusion for Epoch 16:
[[1191   30]
 [  24 1206]] 
00:18:38 : Epoch [16/50], Loss: 0.0053, Accuracy: 0.9396, Precision: 0.9783, Recall: 0.8974, Specificity: 0.9807, F1-Score: 0.9361 
00:18:44 : Training Confusion for Epoch 17:
[[1184   37]
 [  34 1196]] 
00:18:45 : Epoch [17/50], Loss: 0.2484, Accuracy: 0.9592, Precision: 0.9262, Recall: 0.9967, Specificity: 0.9228, F1-Score: 0.9601 
00:18:52 : Training Confusion for Epoch 18:
[[1195   26]
 [  31 1199]] 
00:18:53 : Epoch [18/50], Loss: 0.2628, Accuracy: 0.9690, Precision: 0.9609, Recall: 0.9768, Specificity: 0.9614, F1-Score: 0.9688 
00:19:00 : Training Confusion for Epoch 19:
[[1197   24]
 [  20 1210]] 
00:19:01 : Epoch [19/50], Loss: 0.0628, Accuracy: 0.9739, Precision: 0.9799, Recall: 0.9669, Specificity: 0.9807, F1-Score: 0.9733 
00:19:07 : Training Confusion for Epoch 20:
[[1205   16]
 [  16 1214]] 
00:19:08 : Epoch [20/50], Loss: 0.1712, Accuracy: 0.9625, Precision: 0.9373, Recall: 0.9901, Specificity: 0.9357, F1-Score: 0.9630 
00:19:15 : Training Confusion for Epoch 21:
[[1209   12]
 [  17 1213]] 
00:19:16 : Epoch [21/50], Loss: 0.0174, Accuracy: 0.9560, Precision: 0.9725, Recall: 0.9371, Specificity: 0.9743, F1-Score: 0.9545 
00:19:22 : Training Confusion for Epoch 22:
[[1202   19]
 [  19 1211]] 
00:19:23 : Epoch [22/50], Loss: 0.2643, Accuracy: 0.9625, Precision: 0.9429, Recall: 0.9834, Specificity: 0.9421, F1-Score: 0.9627 
00:19:30 : Training Confusion for Epoch 23:
[[1204   17]
 [  19 1211]] 
00:19:31 : Epoch [23/50], Loss: 0.1677, Accuracy: 0.9755, Precision: 0.9556, Recall: 0.9967, Specificity: 0.9550, F1-Score: 0.9757 
00:19:38 : Training Confusion for Epoch 24:
[[1202   19]
 [  14 1216]] 
00:19:38 : Epoch [24/50], Loss: 0.0543, Accuracy: 0.9543, Precision: 0.9790, Recall: 0.9272, Specificity: 0.9807, F1-Score: 0.9524 
00:20:17 : Training Confusion for Epoch 25:
[[1214    7]
 [   8 1222]] 
00:20:18 : Epoch [25/50], Loss: 0.1560, Accuracy: 0.9625, Precision: 0.9794, Recall: 0.9437, Specificity: 0.9807, F1-Score: 0.9612 
00:20:24 : Training Confusion for Epoch 26:
[[1209   12]
 [  14 1216]] 
00:20:25 : Epoch [26/50], Loss: 0.2388, Accuracy: 0.9576, Precision: 0.9233, Recall: 0.9967, Specificity: 0.9196, F1-Score: 0.9586 
00:20:32 : Training Confusion for Epoch 27:
[[1205   16]
 [  22 1208]] 
00:20:33 : Epoch [27/50], Loss: 0.7277, Accuracy: 0.9233, Precision: 0.8674, Recall: 0.9967, Specificity: 0.8521, F1-Score: 0.9276 
00:20:40 : Training Confusion for Epoch 28:
[[1199   22]
 [  21 1209]] 
00:20:41 : Epoch [28/50], Loss: 0.0332, Accuracy: 0.9706, Precision: 0.9702, Recall: 0.9702, Specificity: 0.9711, F1-Score: 0.9702 
00:20:47 : Training Confusion for Epoch 29:
[[1212    9]
 [  12 1218]] 
00:20:48 : Epoch [29/50], Loss: 0.0131, Accuracy: 0.9608, Precision: 0.9760, Recall: 0.9437, Specificity: 0.9775, F1-Score: 0.9596 
00:20:55 : Training Confusion for Epoch 30:
[[1207   14]
 [  12 1218]] 
00:20:56 : Epoch [30/50], Loss: 0.0084, Accuracy: 0.9608, Precision: 0.9728, Recall: 0.9470, Specificity: 0.9743, F1-Score: 0.9597 
00:21:02 : Training Confusion for Epoch 31:
[[1212    9]
 [   9 1221]] 
00:21:03 : Epoch [31/50], Loss: 0.9373, Accuracy: 0.9299, Precision: 0.8776, Recall: 0.9967, Specificity: 0.8650, F1-Score: 0.9333 
00:21:10 : Training Confusion for Epoch 32:
[[1213    8]
 [  15 1215]] 
00:21:11 : Epoch [32/50], Loss: 0.0214, Accuracy: 0.9690, Precision: 0.9764, Recall: 0.9603, Specificity: 0.9775, F1-Score: 0.9683 
00:21:17 : Training Confusion for Epoch 33:
[[1212    9]
 [  12 1218]] 
00:21:18 : Epoch [33/50], Loss: 0.3053, Accuracy: 0.9543, Precision: 0.9724, Recall: 0.9338, Specificity: 0.9743, F1-Score: 0.9527 
00:21:25 : Training Confusion for Epoch 34:
[[1215    6]
 [   8 1222]] 
00:21:26 : Epoch [34/50], Loss: 0.0095, Accuracy: 0.9657, Precision: 0.9795, Recall: 0.9503, Specificity: 0.9807, F1-Score: 0.9647 
00:21:32 : Training Confusion for Epoch 35:
[[1213    8]
 [  11 1219]] 
00:21:33 : Epoch [35/50], Loss: 0.2533, Accuracy: 0.9657, Precision: 0.9577, Recall: 0.9735, Specificity: 0.9582, F1-Score: 0.9655 
00:21:40 : Training Confusion for Epoch 36:
[[1214    7]
 [   8 1222]] 
00:21:41 : Epoch [36/50], Loss: 0.0038, Accuracy: 0.9641, Precision: 0.9730, Recall: 0.9536, Specificity: 0.9743, F1-Score: 0.9632 
00:21:47 : Training Confusion for Epoch 37:
[[1219    2]
 [   7 1223]] 
00:21:48 : Epoch [37/50], Loss: 0.0036, Accuracy: 0.8874, Precision: 0.9834, Recall: 0.7848, Specificity: 0.9871, F1-Score: 0.8729 
00:21:55 : Training Confusion for Epoch 38:
[[1208   13]
 [  13 1217]] 
00:21:56 : Epoch [38/50], Loss: 0.5230, Accuracy: 0.9527, Precision: 0.9565, Recall: 0.9470, Specificity: 0.9582, F1-Score: 0.9517 
00:22:02 : Training Confusion for Epoch 39:
[[1213    8]
 [  12 1218]] 
00:22:03 : Epoch [39/50], Loss: 0.4328, Accuracy: 0.9657, Precision: 0.9547, Recall: 0.9768, Specificity: 0.9550, F1-Score: 0.9656 
00:22:10 : Training Confusion for Epoch 40:
[[1207   14]
 [  17 1213]] 
00:22:11 : Epoch [40/50], Loss: 0.0108, Accuracy: 0.9657, Precision: 0.9699, Recall: 0.9603, Specificity: 0.9711, F1-Score: 0.9651 
00:22:17 : Training Confusion for Epoch 41:
[[1214    7]
 [   9 1221]] 
00:22:18 : Epoch [41/50], Loss: 0.0138, Accuracy: 0.9723, Precision: 0.9582, Recall: 0.9868, Specificity: 0.9582, F1-Score: 0.9723 
00:22:25 : Training Confusion for Epoch 42:
[[1218    3]
 [   7 1223]] 
00:22:26 : Epoch [42/50], Loss: 0.0656, Accuracy: 0.9788, Precision: 0.9707, Recall: 0.9868, Specificity: 0.9711, F1-Score: 0.9787 
00:22:33 : Training Confusion for Epoch 43:
[[1212    9]
 [  15 1215]] 
00:22:33 : Epoch [43/50], Loss: 0.0031, Accuracy: 0.9625, Precision: 0.9761, Recall: 0.9470, Specificity: 0.9775, F1-Score: 0.9613 
00:22:40 : Training Confusion for Epoch 44:
[[1215    6]
 [   8 1222]] 
00:22:41 : Epoch [44/50], Loss: 1.7592, Accuracy: 0.9168, Precision: 0.8575, Recall: 0.9967, Specificity: 0.8392, F1-Score: 0.9219 
00:23:19 : Training Confusion for Epoch 45:
[[1217    4]
 [   9 1221]] 
00:23:20 : Epoch [45/50], Loss: 0.0140, Accuracy: 0.9625, Precision: 0.9666, Recall: 0.9570, Specificity: 0.9678, F1-Score: 0.9617 
00:23:27 : Training Confusion for Epoch 46:
[[1217    4]
 [  16 1214]] 
00:23:28 : Epoch [46/50], Loss: 0.0267, Accuracy: 0.9462, Precision: 0.9821, Recall: 0.9073, Specificity: 0.9839, F1-Score: 0.9432 
00:23:35 : Training Confusion for Epoch 47:
[[1200   21]
 [  24 1206]] 
00:23:36 : Epoch [47/50], Loss: 0.2207, Accuracy: 0.9706, Precision: 0.9522, Recall: 0.9901, Specificity: 0.9518, F1-Score: 0.9708 
00:23:42 : Training Confusion for Epoch 48:
[[1219    2]
 [   6 1224]] 
00:23:43 : Epoch [48/50], Loss: 0.0400, Accuracy: 0.9723, Precision: 0.9766, Recall: 0.9669, Specificity: 0.9775, F1-Score: 0.9717 
00:23:50 : Training Confusion for Epoch 49:
[[1217    4]
 [   7 1223]] 
00:23:51 : Epoch [49/50], Loss: 0.2244, Accuracy: 0.9723, Precision: 0.9734, Recall: 0.9702, Specificity: 0.9743, F1-Score: 0.9718 
00:23:57 : Training Confusion for Epoch 50:
[[1212    9]
 [  15 1215]] 
00:23:58 : Epoch [50/50], Loss: 0.8658, Accuracy: 0.9723, Precision: 0.9553, Recall: 0.9901, Specificity: 0.9550, F1-Score: 0.9724 
00:23:59 : FOLD 3 
00:23:59 : ---------------------------------- 
00:24:06 : Training Confusion for Epoch 1:
[[1099  133]
 [ 131 1088]] 
00:24:07 : Epoch [1/50], Loss: 0.0172, Accuracy: 0.9103, Precision: 0.9813, Recall: 0.8403, Specificity: 0.9833, F1-Score: 0.9053 
00:24:13 : Training Confusion for Epoch 2:
[[1171   61]
 [  60 1159]] 
00:24:14 : Epoch [2/50], Loss: 0.0184, Accuracy: 0.9560, Precision: 0.9583, Recall: 0.9553, Specificity: 0.9567, F1-Score: 0.9568 
00:24:21 : Training Confusion for Epoch 3:
[[1186   46]
 [  55 1164]] 
00:24:22 : Epoch [3/50], Loss: 0.0187, Accuracy: 0.9576, Precision: 0.9736, Recall: 0.9425, Specificity: 0.9733, F1-Score: 0.9578 
00:24:28 : Training Confusion for Epoch 4:
[[1181   51]
 [  42 1177]] 
00:24:29 : Epoch [4/50], Loss: 0.2114, Accuracy: 0.9478, Precision: 0.9271, Recall: 0.9744, Specificity: 0.9200, F1-Score: 0.9502 
00:24:36 : Training Confusion for Epoch 5:
[[1185   47]
 [  37 1182]] 
00:24:37 : Epoch [5/50], Loss: 0.0180, Accuracy: 0.9576, Precision: 0.9498, Recall: 0.9681, Specificity: 0.9467, F1-Score: 0.9589 
00:24:43 : Training Confusion for Epoch 6:
[[1188   44]
 [  47 1172]] 
00:24:44 : Epoch [6/50], Loss: 0.0091, Accuracy: 0.9429, Precision: 0.9826, Recall: 0.9042, Specificity: 0.9833, F1-Score: 0.9418 
00:24:51 : Training Confusion for Epoch 7:
[[1196   36]
 [  28 1191]] 
00:24:52 : Epoch [7/50], Loss: 0.0139, Accuracy: 0.9445, Precision: 0.9697, Recall: 0.9201, Specificity: 0.9700, F1-Score: 0.9443 
00:24:59 : Training Confusion for Epoch 8:
[[1188   44]
 [  41 1178]] 
00:25:00 : Epoch [8/50], Loss: 0.0196, Accuracy: 0.9641, Precision: 0.9709, Recall: 0.9585, Specificity: 0.9700, F1-Score: 0.9646 
00:25:06 : Training Confusion for Epoch 9:
[[1191   41]
 [  29 1190]] 
00:25:07 : Epoch [9/50], Loss: 0.0072, Accuracy: 0.9625, Precision: 0.9677, Recall: 0.9585, Specificity: 0.9667, F1-Score: 0.9631 
00:25:14 : Training Confusion for Epoch 10:
[[1205   27]
 [  20 1199]] 
00:25:15 : Epoch [10/50], Loss: 0.0028, Accuracy: 0.9674, Precision: 0.9803, Recall: 0.9553, Specificity: 0.9800, F1-Score: 0.9676 
00:25:21 : Training Confusion for Epoch 11:
[[1188   44]
 [  32 1187]] 
00:25:22 : Epoch [11/50], Loss: 0.0099, Accuracy: 0.9576, Precision: 0.9470, Recall: 0.9712, Specificity: 0.9433, F1-Score: 0.9590 
00:25:29 : Training Confusion for Epoch 12:
[[1199   33]
 [  25 1194]] 
00:25:30 : Epoch [12/50], Loss: 0.0055, Accuracy: 0.9641, Precision: 0.9590, Recall: 0.9712, Specificity: 0.9567, F1-Score: 0.9651 
00:25:37 : Training Confusion for Epoch 13:
[[1204   28]
 [  22 1197]] 
00:25:38 : Epoch [13/50], Loss: 0.0073, Accuracy: 0.9625, Precision: 0.9618, Recall: 0.9649, Specificity: 0.9600, F1-Score: 0.9633 
00:25:44 : Training Confusion for Epoch 14:
[[1206   26]
 [  19 1200]] 
00:25:45 : Epoch [14/50], Loss: 0.0106, Accuracy: 0.9657, Precision: 0.9591, Recall: 0.9744, Specificity: 0.9567, F1-Score: 0.9667 
00:25:52 : Training Confusion for Epoch 15:
[[1206   26]
 [  24 1195]] 
00:25:53 : Epoch [15/50], Loss: 0.0219, Accuracy: 0.9739, Precision: 0.9655, Recall: 0.9840, Specificity: 0.9633, F1-Score: 0.9747 
00:25:59 : Training Confusion for Epoch 16:
[[1206   26]
 [  18 1201]] 
00:26:00 : Epoch [16/50], Loss: 0.0012, Accuracy: 0.9086, Precision: 0.9849, Recall: 0.8339, Specificity: 0.9867, F1-Score: 0.9031 
00:26:07 : Training Confusion for Epoch 17:
[[1210   22]
 [  25 1194]] 
00:26:08 : Epoch [17/50], Loss: 0.0015, Accuracy: 0.9331, Precision: 0.9857, Recall: 0.8818, Specificity: 0.9867, F1-Score: 0.9309 
00:26:15 : Training Confusion for Epoch 18:
[[1203   29]
 [  20 1199]] 
00:26:16 : Epoch [18/50], Loss: 0.0194, Accuracy: 0.9690, Precision: 0.9682, Recall: 0.9712, Specificity: 0.9667, F1-Score: 0.9697 
00:26:22 : Training Confusion for Epoch 19:
[[1212   20]
 [  22 1197]] 
00:26:23 : Epoch [19/50], Loss: 0.0195, Accuracy: 0.9723, Precision: 0.9512, Recall: 0.9968, Specificity: 0.9467, F1-Score: 0.9735 
00:26:30 : Training Confusion for Epoch 20:
[[1211   21]
 [  19 1200]] 
00:26:31 : Epoch [20/50], Loss: 0.0037, Accuracy: 0.9690, Precision: 0.9682, Recall: 0.9712, Specificity: 0.9667, F1-Score: 0.9697 
00:26:37 : Training Confusion for Epoch 21:
[[1212   20]
 [  14 1205]] 
00:26:38 : Epoch [21/50], Loss: 0.0055, Accuracy: 0.9674, Precision: 0.9711, Recall: 0.9649, Specificity: 0.9700, F1-Score: 0.9679 
00:26:45 : Training Confusion for Epoch 22:
[[1218   14]
 [  18 1201]] 
00:26:46 : Epoch [22/50], Loss: 0.0023, Accuracy: 0.8989, Precision: 0.9846, Recall: 0.8147, Specificity: 0.9867, F1-Score: 0.8916 
00:26:52 : Training Confusion for Epoch 23:
[[1221   11]
 [  15 1204]] 
00:26:53 : Epoch [23/50], Loss: 0.0014, Accuracy: 0.9641, Precision: 0.9649, Recall: 0.9649, Specificity: 0.9633, F1-Score: 0.9649 
00:27:00 : Training Confusion for Epoch 24:
[[1216   16]
 [  14 1205]] 
00:27:01 : Epoch [24/50], Loss: 0.0017, Accuracy: 0.9576, Precision: 0.9705, Recall: 0.9457, Specificity: 0.9700, F1-Score: 0.9579 
00:27:08 : Training Confusion for Epoch 25:
[[1208   24]
 [  25 1194]] 
00:27:09 : Epoch [25/50], Loss: 0.0402, Accuracy: 0.9299, Precision: 0.8971, Recall: 0.9744, Specificity: 0.8833, F1-Score: 0.9342 
00:27:15 : Training Confusion for Epoch 26:
[[1218   14]
 [  15 1204]] 
00:27:16 : Epoch [26/50], Loss: 0.0019, Accuracy: 0.9641, Precision: 0.9770, Recall: 0.9521, Specificity: 0.9767, F1-Score: 0.9644 
00:27:23 : Training Confusion for Epoch 27:
[[1216   16]
 [  14 1205]] 
00:27:24 : Epoch [27/50], Loss: 0.0014, Accuracy: 0.8385, Precision: 0.9908, Recall: 0.6901, Specificity: 0.9933, F1-Score: 0.8136 
00:27:30 : Training Confusion for Epoch 28:
[[1227    5]
 [   9 1210]] 
00:27:31 : Epoch [28/50], Loss: 0.0027, Accuracy: 0.9739, Precision: 0.9714, Recall: 0.9776, Specificity: 0.9700, F1-Score: 0.9745 
00:27:38 : Training Confusion for Epoch 29:
[[1216   16]
 [  17 1202]] 
00:27:39 : Epoch [29/50], Loss: 0.0024, Accuracy: 0.9674, Precision: 0.9711, Recall: 0.9649, Specificity: 0.9700, F1-Score: 0.9679 
00:27:46 : Training Confusion for Epoch 30:
[[1217   15]
 [  13 1206]] 
00:27:46 : Epoch [30/50], Loss: 0.0012, Accuracy: 0.9608, Precision: 0.9865, Recall: 0.9361, Specificity: 0.9867, F1-Score: 0.9607 
00:27:53 : Training Confusion for Epoch 31:
[[1223    9]
 [  12 1207]] 
00:27:54 : Epoch [31/50], Loss: 0.0020, Accuracy: 0.9625, Precision: 0.9560, Recall: 0.9712, Specificity: 0.9533, F1-Score: 0.9635 
00:28:01 : Training Confusion for Epoch 32:
[[1227    5]
 [  12 1207]] 
00:28:02 : Epoch [32/50], Loss: 0.4242, Accuracy: 0.9560, Precision: 0.9525, Recall: 0.9617, Specificity: 0.9500, F1-Score: 0.9571 
00:28:08 : Training Confusion for Epoch 33:
[[1224    8]
 [  14 1205]] 
00:28:09 : Epoch [33/50], Loss: 0.6022, Accuracy: 0.9445, Precision: 0.9091, Recall: 0.9904, Specificity: 0.8967, F1-Score: 0.9480 
00:28:16 : Training Confusion for Epoch 34:
[[1218   14]
 [  16 1203]] 
00:28:17 : Epoch [34/50], Loss: 0.0071, Accuracy: 0.9723, Precision: 0.9596, Recall: 0.9872, Specificity: 0.9567, F1-Score: 0.9732 
00:28:23 : Training Confusion for Epoch 35:
[[1221   11]
 [  13 1206]] 
00:28:24 : Epoch [35/50], Loss: 0.0050, Accuracy: 0.9217, Precision: 0.9889, Recall: 0.8562, Specificity: 0.9900, F1-Score: 0.9178 
00:28:31 : Training Confusion for Epoch 36:
[[1224    8]
 [  12 1207]] 
00:28:32 : Epoch [36/50], Loss: 0.0028, Accuracy: 0.9674, Precision: 0.9536, Recall: 0.9840, Specificity: 0.9500, F1-Score: 0.9686 
00:28:39 : Training Confusion for Epoch 37:
[[1229    3]
 [   6 1213]] 
00:28:39 : Epoch [37/50], Loss: 0.0010, Accuracy: 0.9576, Precision: 0.9767, Recall: 0.9393, Specificity: 0.9767, F1-Score: 0.9577 
00:29:19 : Training Confusion for Epoch 38:
[[1230    2]
 [   6 1213]] 
00:29:20 : Epoch [38/50], Loss: 0.0011, Accuracy: 0.9657, Precision: 0.9803, Recall: 0.9521, Specificity: 0.9800, F1-Score: 0.9660 
00:29:26 : Training Confusion for Epoch 39:
[[1229    3]
 [   7 1212]] 
00:29:27 : Epoch [39/50], Loss: 0.0031, Accuracy: 0.9625, Precision: 0.9647, Recall: 0.9617, Specificity: 0.9633, F1-Score: 0.9632 
00:29:34 : Training Confusion for Epoch 40:
[[1224    8]
 [  11 1208]] 
00:29:35 : Epoch [40/50], Loss: 0.0015, Accuracy: 0.9527, Precision: 0.9797, Recall: 0.9265, Specificity: 0.9800, F1-Score: 0.9524 
00:29:42 : Training Confusion for Epoch 41:
[[1228    4]
 [   8 1211]] 
00:29:43 : Epoch [41/50], Loss: 0.0055, Accuracy: 0.9723, Precision: 0.9540, Recall: 0.9936, Specificity: 0.9500, F1-Score: 0.9734 
00:29:49 : Training Confusion for Epoch 42:
[[1229    3]
 [  11 1208]] 
00:29:50 : Epoch [42/50], Loss: 0.9774, Accuracy: 0.9005, Precision: 0.8387, Recall: 0.9968, Specificity: 0.8000, F1-Score: 0.9109 
00:29:57 : Training Confusion for Epoch 43:
[[1229    3]
 [   6 1213]] 
00:29:58 : Epoch [43/50], Loss: 0.0024, Accuracy: 0.9674, Precision: 0.9681, Recall: 0.9681, Specificity: 0.9667, F1-Score: 0.9681 
00:30:04 : Training Confusion for Epoch 44:
[[1232    0]
 [   5 1214]] 
00:30:05 : Epoch [44/50], Loss: 0.0018, Accuracy: 0.9657, Precision: 0.9679, Recall: 0.9649, Specificity: 0.9667, F1-Score: 0.9664 
00:30:12 : Training Confusion for Epoch 45:
[[1227    5]
 [   6 1213]] 
00:30:13 : Epoch [45/50], Loss: 0.0057, Accuracy: 0.9543, Precision: 0.9331, Recall: 0.9808, Specificity: 0.9267, F1-Score: 0.9564 
00:30:19 : Training Confusion for Epoch 46:
[[1223    9]
 [  15 1204]] 
00:30:20 : Epoch [46/50], Loss: 0.0035, Accuracy: 0.9608, Precision: 0.9587, Recall: 0.9649, Specificity: 0.9567, F1-Score: 0.9618 
00:30:27 : Training Confusion for Epoch 47:
[[1226    6]
 [   6 1213]] 
00:30:28 : Epoch [47/50], Loss: 0.0020, Accuracy: 0.9592, Precision: 0.9645, Recall: 0.9553, Specificity: 0.9633, F1-Score: 0.9599 
00:30:34 : Training Confusion for Epoch 48:
[[1231    1]
 [   4 1215]] 
00:30:35 : Epoch [48/50], Loss: 0.0010, Accuracy: 0.9608, Precision: 0.9707, Recall: 0.9521, Specificity: 0.9700, F1-Score: 0.9613 
00:30:42 : Training Confusion for Epoch 49:
[[1231    1]
 [   4 1215]] 
00:30:43 : Epoch [49/50], Loss: 0.0009, Accuracy: 0.9723, Precision: 0.9684, Recall: 0.9776, Specificity: 0.9667, F1-Score: 0.9730 
00:30:49 : Training Confusion for Epoch 50:
[[1223    9]
 [  15 1204]] 
00:30:50 : Epoch [50/50], Loss: 0.0015, Accuracy: 0.9543, Precision: 0.9863, Recall: 0.9233, Specificity: 0.9867, F1-Score: 0.9538 
00:30:51 : FOLD 4 
00:30:51 : ---------------------------------- 
00:30:58 : Training Confusion for Epoch 1:
[[1092  124]
 [ 189 1047]] 
00:30:59 : Epoch [1/50], Loss: 0.0129, Accuracy: 0.8693, Precision: 0.9954, Recall: 0.7331, Specificity: 0.9968, F1-Score: 0.8444 
00:31:05 : Training Confusion for Epoch 2:
[[1144   72]
 [  76 1160]] 
00:31:06 : Epoch [2/50], Loss: 0.0063, Accuracy: 0.9379, Precision: 0.9743, Recall: 0.8953, Specificity: 0.9778, F1-Score: 0.9331 
00:31:13 : Training Confusion for Epoch 3:
[[1155   61]
 [  59 1177]] 
00:31:14 : Epoch [3/50], Loss: 0.0160, Accuracy: 0.9722, Precision: 0.9697, Recall: 0.9730, Specificity: 0.9715, F1-Score: 0.9713 
00:31:20 : Training Confusion for Epoch 4:
[[1162   54]
 [  65 1171]] 
00:31:21 : Epoch [4/50], Loss: 0.0082, Accuracy: 0.9706, Precision: 0.9572, Recall: 0.9831, Specificity: 0.9589, F1-Score: 0.9700 
00:31:28 : Training Confusion for Epoch 5:
[[1166   50]
 [  61 1175]] 
00:31:29 : Epoch [5/50], Loss: 0.0387, Accuracy: 0.9542, Precision: 0.9187, Recall: 0.9932, Specificity: 0.9177, F1-Score: 0.9545 
00:31:35 : Training Confusion for Epoch 6:
[[1166   50]
 [  67 1169]] 
00:31:36 : Epoch [6/50], Loss: 0.0122, Accuracy: 0.9739, Precision: 0.9667, Recall: 0.9797, Specificity: 0.9684, F1-Score: 0.9732 
00:32:07 : Training Confusion for Epoch 7:
[[1172   44]
 [  51 1185]] 
00:32:08 : Epoch [7/50], Loss: 0.0050, Accuracy: 0.9739, Precision: 0.9762, Recall: 0.9696, Specificity: 0.9778, F1-Score: 0.9729 
00:32:14 : Training Confusion for Epoch 8:
[[1166   50]
 [  42 1194]] 
00:32:15 : Epoch [8/50], Loss: 0.0126, Accuracy: 0.9690, Precision: 0.9759, Recall: 0.9595, Specificity: 0.9778, F1-Score: 0.9676 
00:32:22 : Training Confusion for Epoch 9:
[[1175   41]
 [  31 1205]] 
00:32:23 : Epoch [9/50], Loss: 0.0042, Accuracy: 0.9673, Precision: 0.9792, Recall: 0.9527, Specificity: 0.9810, F1-Score: 0.9658 
00:32:30 : Training Confusion for Epoch 10:
[[1174   42]
 [  33 1203]] 
00:32:31 : Epoch [10/50], Loss: 0.0043, Accuracy: 0.9608, Precision: 0.9823, Recall: 0.9358, Specificity: 0.9842, F1-Score: 0.9585 
00:32:39 : Training Confusion for Epoch 11:
[[1180   36]
 [  33 1203]] 
00:32:40 : Epoch [11/50], Loss: 0.0041, Accuracy: 0.9788, Precision: 0.9732, Recall: 0.9831, Specificity: 0.9747, F1-Score: 0.9782 
00:32:47 : Training Confusion for Epoch 12:
[[1172   44]
 [  40 1196]] 
00:32:48 : Epoch [12/50], Loss: 0.0025, Accuracy: 0.9641, Precision: 0.9363, Recall: 0.9932, Specificity: 0.9367, F1-Score: 0.9639 
00:32:55 : Training Confusion for Epoch 13:
[[1172   44]
 [  29 1207]] 
00:32:56 : Epoch [13/50], Loss: 0.0039, Accuracy: 0.9673, Precision: 0.9894, Recall: 0.9426, Specificity: 0.9905, F1-Score: 0.9654 
00:33:02 : Training Confusion for Epoch 14:
[[1181   35]
 [  29 1207]] 
00:33:03 : Epoch [14/50], Loss: 0.0071, Accuracy: 0.9493, Precision: 0.9077, Recall: 0.9966, Specificity: 0.9051, F1-Score: 0.9501 
00:33:10 : Training Confusion for Epoch 15:
[[1182   34]
 [  32 1204]] 
00:33:11 : Epoch [15/50], Loss: 0.0065, Accuracy: 0.9722, Precision: 0.9457, Recall: 1.0000, Specificity: 0.9462, F1-Score: 0.9721 
00:33:17 : Training Confusion for Epoch 16:
[[1193   23]
 [  22 1214]] 
00:33:18 : Epoch [16/50], Loss: 0.0043, Accuracy: 0.9788, Precision: 0.9764, Recall: 0.9797, Specificity: 0.9778, F1-Score: 0.9781 
00:33:25 : Training Confusion for Epoch 17:
[[1199   17]
 [  23 1213]] 
00:33:26 : Epoch [17/50], Loss: 0.0066, Accuracy: 0.9608, Precision: 0.9690, Recall: 0.9493, Specificity: 0.9715, F1-Score: 0.9590 
00:33:32 : Training Confusion for Epoch 18:
[[1194   22]
 [  18 1218]] 
00:33:33 : Epoch [18/50], Loss: 0.0074, Accuracy: 0.9608, Precision: 0.9250, Recall: 1.0000, Specificity: 0.9241, F1-Score: 0.9610 
00:33:40 : Training Confusion for Epoch 19:
[[1191   25]
 [  23 1213]] 
00:33:41 : Epoch [19/50], Loss: 0.0083, Accuracy: 0.9510, Precision: 0.9236, Recall: 0.9797, Specificity: 0.9241, F1-Score: 0.9508 
00:33:47 : Training Confusion for Epoch 20:
[[1183   33]
 [  15 1221]] 
00:33:48 : Epoch [20/50], Loss: 0.0058, Accuracy: 0.9232, Precision: 0.8630, Recall: 1.0000, Specificity: 0.8513, F1-Score: 0.9264 
00:33:55 : Training Confusion for Epoch 21:
[[1195   21]
 [  24 1212]] 
00:33:56 : Epoch [21/50], Loss: 0.0049, Accuracy: 0.9771, Precision: 0.9638, Recall: 0.9899, Specificity: 0.9652, F1-Score: 0.9767 
00:34:02 : Training Confusion for Epoch 22:
[[1188   28]
 [  24 1212]] 
00:34:03 : Epoch [22/50], Loss: 0.0022, Accuracy: 0.9739, Precision: 0.9828, Recall: 0.9628, Specificity: 0.9842, F1-Score: 0.9727 
00:34:10 : Training Confusion for Epoch 23:
[[1190   26]
 [  22 1214]] 
00:34:11 : Epoch [23/50], Loss: 0.0018, Accuracy: 0.9755, Precision: 0.9668, Recall: 0.9831, Specificity: 0.9684, F1-Score: 0.9749 
00:34:17 : Training Confusion for Epoch 24:
[[1197   19]
 [  15 1221]] 
00:34:18 : Epoch [24/50], Loss: 0.0076, Accuracy: 0.9722, Precision: 0.9697, Recall: 0.9730, Specificity: 0.9715, F1-Score: 0.9713 
00:34:25 : Training Confusion for Epoch 25:
[[1193   23]
 [  19 1217]] 
00:34:26 : Epoch [25/50], Loss: 0.0051, Accuracy: 0.9134, Precision: 0.9880, Recall: 0.8311, Specificity: 0.9905, F1-Score: 0.9028 
00:34:33 : Training Confusion for Epoch 26:
[[1196   20]
 [  19 1217]] 
00:34:33 : Epoch [26/50], Loss: 0.0037, Accuracy: 0.9706, Precision: 0.9760, Recall: 0.9628, Specificity: 0.9778, F1-Score: 0.9694 
00:34:40 : Training Confusion for Epoch 27:
[[1199   17]
 [  14 1222]] 
00:34:41 : Epoch [27/50], Loss: 0.0008, Accuracy: 0.9673, Precision: 0.9759, Recall: 0.9561, Specificity: 0.9778, F1-Score: 0.9659 
00:34:48 : Training Confusion for Epoch 28:
[[1200   16]
 [  14 1222]] 
00:34:49 : Epoch [28/50], Loss: 0.0034, Accuracy: 0.9788, Precision: 0.9732, Recall: 0.9831, Specificity: 0.9747, F1-Score: 0.9782 
00:34:55 : Training Confusion for Epoch 29:
[[1197   19]
 [  23 1213]] 
00:34:56 : Epoch [29/50], Loss: 0.0191, Accuracy: 0.9608, Precision: 0.9722, Recall: 0.9459, Specificity: 0.9747, F1-Score: 0.9589 
00:35:03 : Training Confusion for Epoch 30:
[[1197   19]
 [  17 1219]] 
00:35:37 : Epoch [30/50], Loss: 0.0023, Accuracy: 0.9461, Precision: 0.9888, Recall: 0.8986, Specificity: 0.9905, F1-Score: 0.9416 
00:35:44 : Training Confusion for Epoch 31:
[[1205   11]
 [  18 1218]] 
00:35:45 : Epoch [31/50], Loss: 0.0076, Accuracy: 0.9575, Precision: 0.9219, Recall: 0.9966, Specificity: 0.9209, F1-Score: 0.9578 
00:35:51 : Training Confusion for Epoch 32:
[[1204   12]
 [  14 1222]] 
00:35:52 : Epoch [32/50], Loss: 0.0012, Accuracy: 0.7124, Precision: 0.9688, Recall: 0.4189, Specificity: 0.9873, F1-Score: 0.5849 
00:35:59 : Training Confusion for Epoch 33:
[[1204   12]
 [  15 1221]] 
00:36:00 : Epoch [33/50], Loss: 0.0018, Accuracy: 0.9592, Precision: 0.9892, Recall: 0.9257, Specificity: 0.9905, F1-Score: 0.9564 
00:36:07 : Training Confusion for Epoch 34:
[[1191   25]
 [  21 1215]] 
00:36:07 : Epoch [34/50], Loss: 0.0030, Accuracy: 0.9820, Precision: 0.9798, Recall: 0.9831, Specificity: 0.9810, F1-Score: 0.9815 
00:36:14 : Training Confusion for Epoch 35:
[[1203   13]
 [  13 1223]] 
00:36:15 : Epoch [35/50], Loss: 0.0035, Accuracy: 0.9624, Precision: 0.9858, Recall: 0.9358, Specificity: 0.9873, F1-Score: 0.9601 
00:36:21 : Training Confusion for Epoch 36:
[[1200   16]
 [  18 1218]] 
00:36:22 : Epoch [36/50], Loss: 0.0086, Accuracy: 0.9379, Precision: 0.9850, Recall: 0.8851, Specificity: 0.9873, F1-Score: 0.9324 
00:36:29 : Training Confusion for Epoch 37:
[[1197   19]
 [  19 1217]] 
00:36:30 : Epoch [37/50], Loss: 0.0013, Accuracy: 0.9788, Precision: 0.9670, Recall: 0.9899, Specificity: 0.9684, F1-Score: 0.9783 
00:36:36 : Training Confusion for Epoch 38:
[[1208    8]
 [  14 1222]] 
00:36:37 : Epoch [38/50], Loss: 0.0044, Accuracy: 0.9788, Precision: 0.9670, Recall: 0.9899, Specificity: 0.9684, F1-Score: 0.9783 
00:36:44 : Training Confusion for Epoch 39:
[[1208    8]
 [   8 1228]] 
00:36:45 : Epoch [39/50], Loss: 0.0054, Accuracy: 0.9739, Precision: 0.9762, Recall: 0.9696, Specificity: 0.9778, F1-Score: 0.9729 
00:36:51 : Training Confusion for Epoch 40:
[[1210    6]
 [   8 1228]] 
00:36:52 : Epoch [40/50], Loss: 0.0010, Accuracy: 0.9493, Precision: 0.9818, Recall: 0.9122, Specificity: 0.9842, F1-Score: 0.9457 
00:36:59 : Training Confusion for Epoch 41:
[[1209    7]
 [   9 1227]] 
00:37:00 : Epoch [41/50], Loss: 0.0013, Accuracy: 0.9788, Precision: 0.9670, Recall: 0.9899, Specificity: 0.9684, F1-Score: 0.9783 
00:37:06 : Training Confusion for Epoch 42:
[[1208    8]
 [  16 1220]] 
00:37:07 : Epoch [42/50], Loss: 0.0014, Accuracy: 0.9755, Precision: 0.9795, Recall: 0.9696, Specificity: 0.9810, F1-Score: 0.9745 
00:37:14 : Training Confusion for Epoch 43:
[[1203   13]
 [  17 1219]] 
00:37:15 : Epoch [43/50], Loss: 0.0053, Accuracy: 0.9739, Precision: 0.9828, Recall: 0.9628, Specificity: 0.9842, F1-Score: 0.9727 
00:37:21 : Training Confusion for Epoch 44:
[[1208    8]
 [  14 1222]] 
00:37:22 : Epoch [44/50], Loss: 0.0011, Accuracy: 0.9673, Precision: 0.9481, Recall: 0.9865, Specificity: 0.9494, F1-Score: 0.9669 
00:37:29 : Training Confusion for Epoch 45:
[[1202   14]
 [  19 1217]] 
00:37:30 : Epoch [45/50], Loss: 0.0123, Accuracy: 0.9739, Precision: 0.9575, Recall: 0.9899, Specificity: 0.9589, F1-Score: 0.9734 
00:37:37 : Training Confusion for Epoch 46:
[[1206   10]
 [  14 1222]] 
00:37:38 : Epoch [46/50], Loss: 0.0038, Accuracy: 0.9804, Precision: 0.9765, Recall: 0.9831, Specificity: 0.9778, F1-Score: 0.9798 
00:37:44 : Training Confusion for Epoch 47:
[[1207    9]
 [  12 1224]] 
00:37:45 : Epoch [47/50], Loss: 0.0022, Accuracy: 0.9771, Precision: 0.9700, Recall: 0.9831, Specificity: 0.9715, F1-Score: 0.9765 
00:37:52 : Training Confusion for Epoch 48:
[[1209    7]
 [   9 1227]] 
00:37:53 : Epoch [48/50], Loss: 0.0049, Accuracy: 0.9248, Precision: 0.9771, Recall: 0.8649, Specificity: 0.9810, F1-Score: 0.9176 
00:37:59 : Training Confusion for Epoch 49:
[[1211    5]
 [   6 1230]] 
00:38:00 : Epoch [49/50], Loss: 0.0026, Accuracy: 0.9624, Precision: 0.9858, Recall: 0.9358, Specificity: 0.9873, F1-Score: 0.9601 
00:38:40 : Training Confusion for Epoch 50:
[[1211    5]
 [  13 1223]] 
00:38:41 : Epoch [50/50], Loss: 0.0047, Accuracy: 0.9739, Precision: 0.9698, Recall: 0.9764, Specificity: 0.9715, F1-Score: 0.9731 
00:38:42 : Cross-validation results: 
00:38:42 : Accuracy: 0.9525  0.0281 
00:38:42 : Precision: 0.9596  0.0246 
00:38:42 : Recall: 0.9464  0.0635 
00:38:42 : Specificity: 0.9586  0.0283 
00:38:42 : F1-Score: 0.9512  0.0354 
00:38:42 : Training Loss: 0.0588  0.0448 
00:38:42 : Validation Loss: 0.1612  0.0972 
00:40:05 : Sequential 
00:40:59 : Loaded saved model. 
00:43:16 : Test Loss: 0.1296, Test Accuracy: 0.9608, Test Precision: 0.1360, Test Recall: 0.9505, Test Specificity: 0.9608, Test F1-Score: 0.2379 
