10:40:59 : SAM 
10:41:27 : No saved model found. Training a new model. 
10:41:27 : FOLD 0 
10:41:27 : ---------------------------------- 
10:41:39 : Training Confusion for Epoch 1:
[[1152   66]
 [ 895  338]] 
10:41:40 : Epoch [1/50], Loss: 0.5328, Accuracy: 0.6900, Precision: 0.9360, Recall: 0.3913, Specificity: 0.9745, F1-Score: 0.5519 
10:41:50 : Training Confusion for Epoch 2:
[[1072  146]
 [ 655  578]] 
10:41:51 : Epoch [2/50], Loss: 0.4961, Accuracy: 0.6998, Precision: 0.9389, Recall: 0.4114, Specificity: 0.9745, F1-Score: 0.5721 
10:42:01 : Training Confusion for Epoch 3:
[[1154   64]
 [ 639  594]] 
10:42:02 : Epoch [3/50], Loss: 0.5136, Accuracy: 0.7602, Precision: 0.8918, Recall: 0.5786, Specificity: 0.9331, F1-Score: 0.7018 
10:42:12 : Training Confusion for Epoch 4:
[[1030  188]
 [ 519  714]] 
10:42:13 : Epoch [4/50], Loss: 0.4350, Accuracy: 0.7471, Precision: 0.9444, Recall: 0.5117, Specificity: 0.9713, F1-Score: 0.6638 
10:42:23 : Training Confusion for Epoch 5:
[[1099  119]
 [ 456  777]] 
10:42:25 : Epoch [5/50], Loss: 0.3189, Accuracy: 0.7439, Precision: 0.9551, Recall: 0.4983, Specificity: 0.9777, F1-Score: 0.6549 
10:42:35 : Training Confusion for Epoch 6:
[[1105  113]
 [ 370  863]] 
10:42:36 : Epoch [6/50], Loss: 0.1688, Accuracy: 0.7406, Precision: 0.9667, Recall: 0.4849, Specificity: 0.9841, F1-Score: 0.6459 
10:42:46 : Training Confusion for Epoch 7:
[[1122   96]
 [ 261  972]] 
10:42:47 : Epoch [7/50], Loss: 0.1702, Accuracy: 0.8940, Precision: 0.8953, Recall: 0.8863, Specificity: 0.9013, F1-Score: 0.8908 
10:42:57 : Training Confusion for Epoch 8:
[[1130   88]
 [ 174 1059]] 
10:42:58 : Epoch [8/50], Loss: 0.0180, Accuracy: 0.8858, Precision: 0.9046, Recall: 0.8562, Specificity: 0.9140, F1-Score: 0.8797 
10:43:08 : Training Confusion for Epoch 9:
[[1132   86]
 [ 121 1112]] 
10:43:09 : Epoch [9/50], Loss: 0.0364, Accuracy: 0.9005, Precision: 0.8563, Recall: 0.9565, Specificity: 0.8471, F1-Score: 0.9036 
10:43:19 : Training Confusion for Epoch 10:
[[1151   67]
 [ 102 1131]] 
10:43:21 : Epoch [10/50], Loss: 0.0134, Accuracy: 0.9005, Precision: 0.9474, Recall: 0.8428, Specificity: 0.9554, F1-Score: 0.8920 
10:43:31 : Training Confusion for Epoch 11:
[[1150   68]
 [  96 1137]] 
10:43:32 : Epoch [11/50], Loss: 0.0017, Accuracy: 0.8728, Precision: 0.9623, Recall: 0.7692, Specificity: 0.9713, F1-Score: 0.8550 
10:43:42 : Training Confusion for Epoch 12:
[[1156   62]
 [  79 1154]] 
10:43:43 : Epoch [12/50], Loss: 0.0019, Accuracy: 0.8940, Precision: 0.9570, Recall: 0.8194, Specificity: 0.9650, F1-Score: 0.8829 
10:43:53 : Training Confusion for Epoch 13:
[[1143   75]
 [  78 1155]] 
10:43:54 : Epoch [13/50], Loss: 0.0039, Accuracy: 0.9152, Precision: 0.9591, Recall: 0.8629, Specificity: 0.9650, F1-Score: 0.9085 
10:44:04 : Training Confusion for Epoch 14:
[[1158   60]
 [  73 1160]] 
10:44:05 : Epoch [14/50], Loss: 0.0003, Accuracy: 0.7863, Precision: 0.9828, Recall: 0.5719, Specificity: 0.9904, F1-Score: 0.7230 
10:44:15 : Training Confusion for Epoch 15:
[[1159   59]
 [  64 1169]] 
10:44:17 : Epoch [15/50], Loss: 0.0013, Accuracy: 0.9005, Precision: 0.9722, Recall: 0.8194, Specificity: 0.9777, F1-Score: 0.8893 
10:44:27 : Training Confusion for Epoch 16:
[[1158   60]
 [  63 1170]] 
10:44:28 : Epoch [16/50], Loss: 0.0030, Accuracy: 0.9282, Precision: 0.9208, Recall: 0.9331, Specificity: 0.9236, F1-Score: 0.9269 
10:44:38 : Training Confusion for Epoch 17:
[[1164   54]
 [  60 1173]] 
10:44:39 : Epoch [17/50], Loss: 0.0066, Accuracy: 0.9135, Precision: 0.9731, Recall: 0.8462, Specificity: 0.9777, F1-Score: 0.9052 
10:44:49 : Training Confusion for Epoch 18:
[[1171   47]
 [  54 1179]] 
10:44:50 : Epoch [18/50], Loss: 0.0056, Accuracy: 0.8874, Precision: 0.9713, Recall: 0.7926, Specificity: 0.9777, F1-Score: 0.8729 
10:45:00 : Training Confusion for Epoch 19:
[[1166   52]
 [  50 1183]] 
10:45:02 : Epoch [19/50], Loss: 0.0092, Accuracy: 0.9315, Precision: 0.9386, Recall: 0.9197, Specificity: 0.9427, F1-Score: 0.9291 
10:45:12 : Training Confusion for Epoch 20:
[[1158   60]
 [  56 1177]] 
10:45:13 : Epoch [20/50], Loss: 0.0002, Accuracy: 0.7765, Precision: 0.9939, Recall: 0.5452, Specificity: 0.9968, F1-Score: 0.7041 
10:45:23 : Training Confusion for Epoch 21:
[[1172   46]
 [  57 1176]] 
10:45:24 : Epoch [21/50], Loss: 0.0017, Accuracy: 0.9364, Precision: 0.9422, Recall: 0.9264, Specificity: 0.9459, F1-Score: 0.9342 
10:45:34 : Training Confusion for Epoch 22:
[[1181   37]
 [  50 1183]] 
10:45:36 : Epoch [22/50], Loss: 0.0001, Accuracy: 0.8434, Precision: 0.9856, Recall: 0.6890, Specificity: 0.9904, F1-Score: 0.8110 
10:45:46 : Training Confusion for Epoch 23:
[[1161   57]
 [  44 1189]] 
10:45:47 : Epoch [23/50], Loss: 0.0082, Accuracy: 0.9364, Precision: 0.9012, Recall: 0.9766, Specificity: 0.8981, F1-Score: 0.9374 
10:45:57 : Training Confusion for Epoch 24:
[[1174   44]
 [  46 1187]] 
10:45:58 : Epoch [24/50], Loss: 0.0032, Accuracy: 0.9364, Precision: 0.9333, Recall: 0.9365, Specificity: 0.9363, F1-Score: 0.9349 
10:46:08 : Training Confusion for Epoch 25:
[[1172   46]
 [  37 1196]] 
10:46:09 : Epoch [25/50], Loss: 0.0005, Accuracy: 0.9413, Precision: 0.9458, Recall: 0.9331, Specificity: 0.9490, F1-Score: 0.9394 
10:46:19 : Training Confusion for Epoch 26:
[[1169   49]
 [  42 1191]] 
10:46:21 : Epoch [26/50], Loss: 0.0010, Accuracy: 0.9478, Precision: 0.9556, Recall: 0.9365, Specificity: 0.9586, F1-Score: 0.9459 
10:46:31 : Training Confusion for Epoch 27:
[[1177   41]
 [  60 1173]] 
10:46:32 : Epoch [27/50], Loss: 0.0124, Accuracy: 0.8271, Precision: 0.9707, Recall: 0.6656, Specificity: 0.9809, F1-Score: 0.7897 
10:46:42 : Training Confusion for Epoch 28:
[[1169   49]
 [  44 1189]] 
10:46:43 : Epoch [28/50], Loss: 0.0005, Accuracy: 0.9429, Precision: 0.9552, Recall: 0.9264, Specificity: 0.9586, F1-Score: 0.9406 
10:46:53 : Training Confusion for Epoch 29:
[[1181   37]
 [  40 1193]] 
10:46:54 : Epoch [29/50], Loss: 0.0023, Accuracy: 0.9364, Precision: 0.9610, Recall: 0.9064, Specificity: 0.9650, F1-Score: 0.9329 
10:47:05 : Training Confusion for Epoch 30:
[[1173   45]
 [  44 1189]] 
10:47:06 : Epoch [30/50], Loss: 0.0028, Accuracy: 0.9429, Precision: 0.9314, Recall: 0.9532, Specificity: 0.9331, F1-Score: 0.9421 
10:47:16 : Training Confusion for Epoch 31:
[[1178   40]
 [  45 1188]] 
10:47:17 : Epoch [31/50], Loss: 0.0022, Accuracy: 0.9413, Precision: 0.9614, Recall: 0.9164, Specificity: 0.9650, F1-Score: 0.9384 
10:47:27 : Training Confusion for Epoch 32:
[[1182   36]
 [  34 1199]] 
10:47:28 : Epoch [32/50], Loss: 0.0074, Accuracy: 0.9331, Precision: 0.9708, Recall: 0.8896, Specificity: 0.9745, F1-Score: 0.9284 
10:47:38 : Training Confusion for Epoch 33:
[[1178   40]
 [  45 1188]] 
10:47:40 : Epoch [33/50], Loss: 0.0024, Accuracy: 0.9266, Precision: 0.9704, Recall: 0.8763, Specificity: 0.9745, F1-Score: 0.9209 
10:47:50 : Training Confusion for Epoch 34:
[[1178   40]
 [  39 1194]] 
10:47:51 : Epoch [34/50], Loss: 0.0025, Accuracy: 0.9168, Precision: 0.9593, Recall: 0.8662, Specificity: 0.9650, F1-Score: 0.9104 
10:48:01 : Training Confusion for Epoch 35:
[[1182   36]
 [  39 1194]] 
10:48:02 : Epoch [35/50], Loss: 0.0022, Accuracy: 0.9494, Precision: 0.9621, Recall: 0.9331, Specificity: 0.9650, F1-Score: 0.9474 
10:48:12 : Training Confusion for Epoch 36:
[[1190   28]
 [  28 1205]] 
10:48:13 : Epoch [36/50], Loss: 0.0007, Accuracy: 0.9070, Precision: 0.9727, Recall: 0.8328, Specificity: 0.9777, F1-Score: 0.8973 
10:48:23 : Training Confusion for Epoch 37:
[[1184   34]
 [  34 1199]] 
10:48:25 : Epoch [37/50], Loss: 0.0014, Accuracy: 0.9380, Precision: 0.9711, Recall: 0.8997, Specificity: 0.9745, F1-Score: 0.9340 
10:48:35 : Training Confusion for Epoch 38:
[[1185   33]
 [  24 1209]] 
10:48:36 : Epoch [38/50], Loss: 0.0007, Accuracy: 0.9282, Precision: 0.9670, Recall: 0.8829, Specificity: 0.9713, F1-Score: 0.9231 
10:48:46 : Training Confusion for Epoch 39:
[[1189   29]
 [  40 1193]] 
10:48:47 : Epoch [39/50], Loss: 0.0139, Accuracy: 0.9168, Precision: 0.9247, Recall: 0.9030, Specificity: 0.9299, F1-Score: 0.9137 
10:48:57 : Training Confusion for Epoch 40:
[[1180   38]
 [  29 1204]] 
10:48:58 : Epoch [40/50], Loss: 0.0003, Accuracy: 0.8874, Precision: 0.9832, Recall: 0.7826, Specificity: 0.9873, F1-Score: 0.8715 
10:49:08 : Training Confusion for Epoch 41:
[[1188   30]
 [  23 1210]] 
10:49:10 : Epoch [41/50], Loss: 0.0005, Accuracy: 0.9494, Precision: 0.9497, Recall: 0.9465, Specificity: 0.9522, F1-Score: 0.9481 
10:49:20 : Training Confusion for Epoch 42:
[[1190   28]
 [  29 1204]] 
10:49:21 : Epoch [42/50], Loss: 0.0006, Accuracy: 0.9413, Precision: 0.9713, Recall: 0.9064, Specificity: 0.9745, F1-Score: 0.9377 
10:49:31 : Training Confusion for Epoch 43:
[[1190   28]
 [  29 1204]] 
10:49:32 : Epoch [43/50], Loss: 0.0036, Accuracy: 0.9511, Precision: 0.9529, Recall: 0.9465, Specificity: 0.9554, F1-Score: 0.9497 
10:49:42 : Training Confusion for Epoch 44:
[[1180   38]
 [  33 1200]] 
10:49:43 : Epoch [44/50], Loss: 0.0246, Accuracy: 0.9380, Precision: 0.9015, Recall: 0.9799, Specificity: 0.8981, F1-Score: 0.9391 
10:49:53 : Training Confusion for Epoch 45:
[[1195   23]
 [  21 1212]] 
10:49:55 : Epoch [45/50], Loss: 0.0002, Accuracy: 0.9429, Precision: 0.9286, Recall: 0.9565, Specificity: 0.9299, F1-Score: 0.9423 
10:50:05 : Training Confusion for Epoch 46:
[[1198   20]
 [  26 1207]] 
10:50:06 : Epoch [46/50], Loss: 0.0010, Accuracy: 0.9168, Precision: 0.9559, Recall: 0.8696, Specificity: 0.9618, F1-Score: 0.9107 
10:50:16 : Training Confusion for Epoch 47:
[[1175   43]
 [  28 1205]] 
10:50:17 : Epoch [47/50], Loss: 0.0004, Accuracy: 0.8842, Precision: 0.9711, Recall: 0.7860, Specificity: 0.9777, F1-Score: 0.8688 
10:50:28 : Training Confusion for Epoch 48:
[[1187   31]
 [  30 1203]] 
10:50:29 : Epoch [48/50], Loss: 0.0003, Accuracy: 0.9429, Precision: 0.9615, Recall: 0.9197, Specificity: 0.9650, F1-Score: 0.9402 
10:50:39 : Training Confusion for Epoch 49:
[[1192   26]
 [  23 1210]] 
10:50:40 : Epoch [49/50], Loss: 0.0020, Accuracy: 0.9511, Precision: 0.9529, Recall: 0.9465, Specificity: 0.9554, F1-Score: 0.9497 
10:50:50 : Training Confusion for Epoch 50:
[[1183   35]
 [  38 1195]] 
10:50:51 : Epoch [50/50], Loss: 0.0014, Accuracy: 0.9462, Precision: 0.9236, Recall: 0.9699, Specificity: 0.9236, F1-Score: 0.9462 
10:50:53 : FOLD 1 
10:50:53 : ---------------------------------- 
10:51:03 : Training Confusion for Epoch 1:
[[1182   59]
 [ 860  350]] 
10:51:04 : Epoch [1/50], Loss: 0.5807, Accuracy: 0.6574, Precision: 0.9118, Recall: 0.3851, Specificity: 0.9588, F1-Score: 0.5415 
10:51:14 : Training Confusion for Epoch 2:
[[1163   78]
 [ 684  526]] 
10:51:15 : Epoch [2/50], Loss: 0.4175, Accuracy: 0.6509, Precision: 0.9426, Recall: 0.3571, Specificity: 0.9759, F1-Score: 0.5180 
10:51:25 : Training Confusion for Epoch 3:
[[1047  194]
 [ 511  699]] 
10:51:27 : Epoch [3/50], Loss: 0.5300, Accuracy: 0.7308, Precision: 0.9153, Recall: 0.5373, Specificity: 0.9450, F1-Score: 0.6771 
10:51:37 : Training Confusion for Epoch 4:
[[1182   59]
 [ 473  737]] 
10:51:38 : Epoch [4/50], Loss: 0.2736, Accuracy: 0.7488, Precision: 0.9516, Recall: 0.5497, Specificity: 0.9691, F1-Score: 0.6969 
10:51:48 : Training Confusion for Epoch 5:
[[1186   55]
 [ 368  842]] 
10:51:49 : Epoch [5/50], Loss: 0.0855, Accuracy: 0.7928, Precision: 0.9665, Recall: 0.6273, Specificity: 0.9759, F1-Score: 0.7608 
10:51:59 : Training Confusion for Epoch 6:
[[1158   83]
 [ 274  936]] 
10:52:01 : Epoch [6/50], Loss: 0.1233, Accuracy: 0.8124, Precision: 0.9481, Recall: 0.6801, Specificity: 0.9588, F1-Score: 0.7920 
10:52:11 : Training Confusion for Epoch 7:
[[1155   86]
 [ 180 1030]] 
10:52:12 : Epoch [7/50], Loss: 0.0544, Accuracy: 0.8303, Precision: 0.9739, Recall: 0.6957, Specificity: 0.9794, F1-Score: 0.8116 
10:52:22 : Training Confusion for Epoch 8:
[[1161   80]
 [ 137 1073]] 
10:52:23 : Epoch [8/50], Loss: 0.0702, Accuracy: 0.9315, Precision: 0.9403, Recall: 0.9286, Specificity: 0.9347, F1-Score: 0.9344 
10:52:33 : Training Confusion for Epoch 9:
[[1169   72]
 [  79 1131]] 
10:52:34 : Epoch [9/50], Loss: 0.0138, Accuracy: 0.9233, Precision: 0.9599, Recall: 0.8913, Specificity: 0.9588, F1-Score: 0.9243 
10:52:45 : Training Confusion for Epoch 10:
[[1178   63]
 [  75 1135]] 
10:52:46 : Epoch [10/50], Loss: 0.0034, Accuracy: 0.9217, Precision: 0.9628, Recall: 0.8851, Specificity: 0.9622, F1-Score: 0.9223 
10:52:56 : Training Confusion for Epoch 11:
[[1177   64]
 [  72 1138]] 
10:52:57 : Epoch [11/50], Loss: 0.0122, Accuracy: 0.9184, Precision: 0.9690, Recall: 0.8727, Specificity: 0.9691, F1-Score: 0.9183 
10:53:07 : Training Confusion for Epoch 12:
[[1173   68]
 [  57 1153]] 
10:53:08 : Epoch [12/50], Loss: 0.0018, Accuracy: 0.9054, Precision: 0.9681, Recall: 0.8478, Specificity: 0.9691, F1-Score: 0.9040 
10:53:18 : Training Confusion for Epoch 13:
[[1190   51]
 [  57 1153]] 
10:53:20 : Epoch [13/50], Loss: 0.0132, Accuracy: 0.9396, Precision: 0.9467, Recall: 0.9379, Specificity: 0.9416, F1-Score: 0.9423 
10:53:30 : Training Confusion for Epoch 14:
[[1178   63]
 [  56 1154]] 
10:53:31 : Epoch [14/50], Loss: 0.0051, Accuracy: 0.9413, Precision: 0.9613, Recall: 0.9255, Specificity: 0.9588, F1-Score: 0.9430 
10:53:41 : Training Confusion for Epoch 15:
[[1187   54]
 [  46 1164]] 
10:53:42 : Epoch [15/50], Loss: 0.0087, Accuracy: 0.9413, Precision: 0.9613, Recall: 0.9255, Specificity: 0.9588, F1-Score: 0.9430 
10:53:52 : Training Confusion for Epoch 16:
[[1189   52]
 [  51 1159]] 
10:53:54 : Epoch [16/50], Loss: 0.0399, Accuracy: 0.9347, Precision: 0.9099, Recall: 0.9720, Specificity: 0.8935, F1-Score: 0.9399 
10:54:04 : Training Confusion for Epoch 17:
[[1194   47]
 [  37 1173]] 
10:54:05 : Epoch [17/50], Loss: 0.0056, Accuracy: 0.9429, Precision: 0.9527, Recall: 0.9379, Specificity: 0.9485, F1-Score: 0.9452 
10:54:15 : Training Confusion for Epoch 18:
[[1196   45]
 [  42 1168]] 
10:54:16 : Epoch [18/50], Loss: 0.0021, Accuracy: 0.9347, Precision: 0.9669, Recall: 0.9068, Specificity: 0.9656, F1-Score: 0.9359 
10:54:26 : Training Confusion for Epoch 19:
[[1206   35]
 [  33 1177]] 
10:54:27 : Epoch [19/50], Loss: 0.0070, Accuracy: 0.9543, Precision: 0.9594, Recall: 0.9534, Specificity: 0.9553, F1-Score: 0.9564 
10:54:38 : Training Confusion for Epoch 20:
[[1200   41]
 [  36 1174]] 
10:54:39 : Epoch [20/50], Loss: 0.0035, Accuracy: 0.9478, Precision: 0.9677, Recall: 0.9317, Specificity: 0.9656, F1-Score: 0.9494 
10:54:49 : Training Confusion for Epoch 21:
[[1194   47]
 [  55 1155]] 
10:54:50 : Epoch [21/50], Loss: 0.0503, Accuracy: 0.9445, Precision: 0.9557, Recall: 0.9379, Specificity: 0.9519, F1-Score: 0.9467 
10:55:00 : Training Confusion for Epoch 22:
[[1200   41]
 [  35 1175]] 
10:55:01 : Epoch [22/50], Loss: 0.0203, Accuracy: 0.9445, Precision: 0.9337, Recall: 0.9627, Specificity: 0.9244, F1-Score: 0.9480 
10:55:11 : Training Confusion for Epoch 23:
[[1205   36]
 [  36 1174]] 
10:55:13 : Epoch [23/50], Loss: 0.0348, Accuracy: 0.9494, Precision: 0.9422, Recall: 0.9627, Specificity: 0.9347, F1-Score: 0.9524 
10:55:23 : Training Confusion for Epoch 24:
[[1209   32]
 [  32 1178]] 
10:55:24 : Epoch [24/50], Loss: 0.0042, Accuracy: 0.9413, Precision: 0.9704, Recall: 0.9161, Specificity: 0.9691, F1-Score: 0.9425 
10:55:34 : Training Confusion for Epoch 25:
[[1207   34]
 [  29 1181]] 
10:55:35 : Epoch [25/50], Loss: 0.0039, Accuracy: 0.9494, Precision: 0.9396, Recall: 0.9658, Specificity: 0.9313, F1-Score: 0.9525 
10:55:45 : Training Confusion for Epoch 26:
[[1210   31]
 [  44 1166]] 
10:55:46 : Epoch [26/50], Loss: 0.0184, Accuracy: 0.9527, Precision: 0.9536, Recall: 0.9565, Specificity: 0.9485, F1-Score: 0.9550 
10:55:57 : Training Confusion for Epoch 27:
[[1206   35]
 [  42 1168]] 
10:55:58 : Epoch [27/50], Loss: 0.0002, Accuracy: 0.8352, Precision: 0.9825, Recall: 0.6988, Specificity: 0.9863, F1-Score: 0.8167 
10:56:08 : Training Confusion for Epoch 28:
[[1205   36]
 [  40 1170]] 
10:56:09 : Epoch [28/50], Loss: 0.0138, Accuracy: 0.9364, Precision: 0.9764, Recall: 0.9006, Specificity: 0.9759, F1-Score: 0.9370 
10:56:19 : Training Confusion for Epoch 29:
[[1210   31]
 [  30 1180]] 
10:56:20 : Epoch [29/50], Loss: 0.0162, Accuracy: 0.9429, Precision: 0.9208, Recall: 0.9752, Specificity: 0.9072, F1-Score: 0.9472 
10:56:30 : Training Confusion for Epoch 30:
[[1216   25]
 [  26 1184]] 
10:56:32 : Epoch [30/50], Loss: 0.0025, Accuracy: 0.9201, Precision: 0.9691, Recall: 0.8758, Specificity: 0.9691, F1-Score: 0.9201 
10:56:42 : Training Confusion for Epoch 31:
[[1221   20]
 [  26 1184]] 
10:56:43 : Epoch [31/50], Loss: 0.0003, Accuracy: 0.8564, Precision: 0.9835, Recall: 0.7391, Specificity: 0.9863, F1-Score: 0.8440 
10:56:53 : Training Confusion for Epoch 32:
[[1208   33]
 [  40 1170]] 
10:56:54 : Epoch [32/50], Loss: 0.4527, Accuracy: 0.8972, Precision: 0.8417, Recall: 0.9907, Specificity: 0.7938, F1-Score: 0.9101 
10:57:04 : Training Confusion for Epoch 33:
[[1210   31]
 [  24 1186]] 
10:57:06 : Epoch [33/50], Loss: 0.0539, Accuracy: 0.9282, Precision: 0.8927, Recall: 0.9814, Specificity: 0.8694, F1-Score: 0.9349 
10:57:16 : Training Confusion for Epoch 34:
[[1210   31]
 [  30 1180]] 
10:57:17 : Epoch [34/50], Loss: 0.0036, Accuracy: 0.9445, Precision: 0.9615, Recall: 0.9317, Specificity: 0.9588, F1-Score: 0.9464 
10:57:27 : Training Confusion for Epoch 35:
[[1211   30]
 [  26 1184]] 
10:57:28 : Epoch [35/50], Loss: 0.0043, Accuracy: 0.9364, Precision: 0.9701, Recall: 0.9068, Specificity: 0.9691, F1-Score: 0.9374 
10:57:38 : Training Confusion for Epoch 36:
[[1222   19]
 [  25 1185]] 
10:57:39 : Epoch [36/50], Loss: 0.0029, Accuracy: 0.9331, Precision: 0.9731, Recall: 0.8975, Specificity: 0.9725, F1-Score: 0.9338 
10:57:49 : Training Confusion for Epoch 37:
[[1220   21]
 [  23 1187]] 
10:57:51 : Epoch [37/50], Loss: 0.0041, Accuracy: 0.9494, Precision: 0.9477, Recall: 0.9565, Specificity: 0.9416, F1-Score: 0.9521 
10:58:01 : Training Confusion for Epoch 38:
[[1224   17]
 [  23 1187]] 
10:58:02 : Epoch [38/50], Loss: 0.0020, Accuracy: 0.9380, Precision: 0.9356, Recall: 0.9472, Specificity: 0.9278, F1-Score: 0.9414 
10:58:12 : Training Confusion for Epoch 39:
[[1221   20]
 [  23 1187]] 
10:58:13 : Epoch [39/50], Loss: 0.0041, Accuracy: 0.9429, Precision: 0.9585, Recall: 0.9317, Specificity: 0.9553, F1-Score: 0.9449 
10:58:23 : Training Confusion for Epoch 40:
[[1224   17]
 [  26 1184]] 
10:58:25 : Epoch [40/50], Loss: 0.0419, Accuracy: 0.9413, Precision: 0.9206, Recall: 0.9720, Specificity: 0.9072, F1-Score: 0.9456 
10:58:35 : Training Confusion for Epoch 41:
[[1226   15]
 [  21 1189]] 
10:58:36 : Epoch [41/50], Loss: 0.0008, Accuracy: 0.9429, Precision: 0.9614, Recall: 0.9286, Specificity: 0.9588, F1-Score: 0.9447 
10:58:46 : Training Confusion for Epoch 42:
[[1218   23]
 [  34 1176]] 
10:58:47 : Epoch [42/50], Loss: 0.0101, Accuracy: 0.9380, Precision: 0.9581, Recall: 0.9224, Specificity: 0.9553, F1-Score: 0.9399 
10:58:57 : Training Confusion for Epoch 43:
[[1219   22]
 [  25 1185]] 
10:58:58 : Epoch [43/50], Loss: 0.0489, Accuracy: 0.9413, Precision: 0.9206, Recall: 0.9720, Specificity: 0.9072, F1-Score: 0.9456 
10:59:08 : Training Confusion for Epoch 44:
[[1216   25]
 [  25 1185]] 
10:59:10 : Epoch [44/50], Loss: 0.0010, Accuracy: 0.9494, Precision: 0.9739, Recall: 0.9286, Specificity: 0.9725, F1-Score: 0.9507 
10:59:20 : Training Confusion for Epoch 45:
[[1219   22]
 [  22 1188]] 
10:59:21 : Epoch [45/50], Loss: 0.0030, Accuracy: 0.9445, Precision: 0.9364, Recall: 0.9596, Specificity: 0.9278, F1-Score: 0.9479 
10:59:31 : Training Confusion for Epoch 46:
[[1230   11]
 [  18 1192]] 
10:59:32 : Epoch [46/50], Loss: 0.0067, Accuracy: 0.9478, Precision: 0.9341, Recall: 0.9689, Specificity: 0.9244, F1-Score: 0.9512 
10:59:42 : Training Confusion for Epoch 47:
[[1226   15]
 [  16 1194]] 
10:59:44 : Epoch [47/50], Loss: 0.0003, Accuracy: 0.9315, Precision: 0.9636, Recall: 0.9037, Specificity: 0.9622, F1-Score: 0.9327 
10:59:54 : Training Confusion for Epoch 48:
[[1228   13]
 [  24 1186]] 
10:59:55 : Epoch [48/50], Loss: 0.0133, Accuracy: 0.9396, Precision: 0.9083, Recall: 0.9845, Specificity: 0.8900, F1-Score: 0.9449 
11:00:05 : Training Confusion for Epoch 49:
[[1210   31]
 [  31 1179]] 
11:00:06 : Epoch [49/50], Loss: 0.0007, Accuracy: 0.9282, Precision: 0.9728, Recall: 0.8882, Specificity: 0.9725, F1-Score: 0.9286 
11:00:16 : Training Confusion for Epoch 50:
[[1228   13]
 [  18 1192]] 
11:00:17 : Epoch [50/50], Loss: 0.0001, Accuracy: 0.9445, Precision: 0.9675, Recall: 0.9255, Specificity: 0.9656, F1-Score: 0.9460 
11:00:18 : FOLD 2 
11:00:18 : ---------------------------------- 
11:00:28 : Training Confusion for Epoch 1:
[[1113  108]
 [ 823  407]] 
11:00:30 : Epoch [1/50], Loss: 0.5203, Accuracy: 0.6998, Precision: 0.9538, Recall: 0.4106, Specificity: 0.9807, F1-Score: 0.5741 
11:00:40 : Training Confusion for Epoch 2:
[[1080  141]
 [ 661  569]] 
11:00:41 : Epoch [2/50], Loss: 0.4901, Accuracy: 0.6982, Precision: 0.9756, Recall: 0.3974, Specificity: 0.9904, F1-Score: 0.5647 
11:00:51 : Training Confusion for Epoch 3:
[[1100  121]
 [ 596  634]] 
11:00:52 : Epoch [3/50], Loss: 0.5482, Accuracy: 0.7602, Precision: 0.9586, Recall: 0.5364, Specificity: 0.9775, F1-Score: 0.6879 
11:01:02 : Training Confusion for Epoch 4:
[[1098  123]
 [ 537  693]] 
11:01:04 : Epoch [4/50], Loss: 0.3454, Accuracy: 0.7308, Precision: 0.9790, Recall: 0.4636, Specificity: 0.9904, F1-Score: 0.6292 
11:01:14 : Training Confusion for Epoch 5:
[[1125   96]
 [ 538  692]] 
11:01:15 : Epoch [5/50], Loss: 0.4294, Accuracy: 0.7341, Precision: 0.9603, Recall: 0.4801, Specificity: 0.9807, F1-Score: 0.6402 
11:01:25 : Training Confusion for Epoch 6:
[[1114  107]
 [ 374  856]] 
11:01:26 : Epoch [6/50], Loss: 1.8293, Accuracy: 0.4976, Precision: 0.4951, Recall: 1.0000, Specificity: 0.0096, F1-Score: 0.6623 
11:01:36 : Training Confusion for Epoch 7:
[[1066  155]
 [ 268  962]] 
11:01:38 : Epoch [7/50], Loss: 0.4071, Accuracy: 0.8777, Precision: 0.8650, Recall: 0.8907, Specificity: 0.8650, F1-Score: 0.8777 
11:01:48 : Training Confusion for Epoch 8:
[[1122   99]
 [ 227 1003]] 
11:01:49 : Epoch [8/50], Loss: 0.1373, Accuracy: 0.8744, Precision: 0.9344, Recall: 0.8013, Specificity: 0.9453, F1-Score: 0.8627 
11:01:59 : Training Confusion for Epoch 9:
[[1109  112]
 [ 151 1079]] 
11:02:00 : Epoch [9/50], Loss: 0.2028, Accuracy: 0.8972, Precision: 0.8997, Recall: 0.8907, Specificity: 0.9035, F1-Score: 0.8952 
11:02:10 : Training Confusion for Epoch 10:
[[1149   72]
 [ 107 1123]] 
11:02:11 : Epoch [10/50], Loss: 0.0089, Accuracy: 0.9038, Precision: 0.9728, Recall: 0.8278, Specificity: 0.9775, F1-Score: 0.8945 
11:02:21 : Training Confusion for Epoch 11:
[[1145   76]
 [ 108 1122]] 
11:02:23 : Epoch [11/50], Loss: 0.0056, Accuracy: 0.9086, Precision: 0.9767, Recall: 0.8344, Specificity: 0.9807, F1-Score: 0.9000 
11:02:33 : Training Confusion for Epoch 12:
[[1147   74]
 [  82 1148]] 
11:02:34 : Epoch [12/50], Loss: 0.0311, Accuracy: 0.9462, Precision: 0.9654, Recall: 0.9238, Specificity: 0.9678, F1-Score: 0.9442 
11:02:44 : Training Confusion for Epoch 13:
[[1158   63]
 [  71 1159]] 
11:02:45 : Epoch [13/50], Loss: 0.0067, Accuracy: 0.9478, Precision: 0.9720, Recall: 0.9205, Specificity: 0.9743, F1-Score: 0.9456 
11:02:55 : Training Confusion for Epoch 14:
[[1164   57]
 [  68 1162]] 
11:02:57 : Epoch [14/50], Loss: 0.1049, Accuracy: 0.9380, Precision: 0.9049, Recall: 0.9768, Specificity: 0.9003, F1-Score: 0.9395 
11:03:07 : Training Confusion for Epoch 15:
[[1152   69]
 [  64 1166]] 
11:03:08 : Epoch [15/50], Loss: 0.0365, Accuracy: 0.9592, Precision: 0.9727, Recall: 0.9437, Specificity: 0.9743, F1-Score: 0.9580 
11:03:18 : Training Confusion for Epoch 16:
[[1162   59]
 [  62 1168]] 
11:03:19 : Epoch [16/50], Loss: 0.0069, Accuracy: 0.9429, Precision: 0.9751, Recall: 0.9073, Specificity: 0.9775, F1-Score: 0.9400 
11:03:29 : Training Confusion for Epoch 17:
[[1169   52]
 [  53 1177]] 
11:03:31 : Epoch [17/50], Loss: 0.0083, Accuracy: 0.9478, Precision: 0.9821, Recall: 0.9106, Specificity: 0.9839, F1-Score: 0.9450 
11:03:41 : Training Confusion for Epoch 18:
[[1168   53]
 [  50 1180]] 
11:03:42 : Epoch [18/50], Loss: 0.0118, Accuracy: 0.9543, Precision: 0.9790, Recall: 0.9272, Specificity: 0.9807, F1-Score: 0.9524 
11:03:52 : Training Confusion for Epoch 19:
[[1170   51]
 [  51 1179]] 
11:03:53 : Epoch [19/50], Loss: 0.0002, Accuracy: 0.9299, Precision: 0.9744, Recall: 0.8808, Specificity: 0.9775, F1-Score: 0.9252 
11:04:03 : Training Confusion for Epoch 20:
[[1165   56]
 [  59 1171]] 
11:04:05 : Epoch [20/50], Loss: 0.1293, Accuracy: 0.9625, Precision: 0.9635, Recall: 0.9603, Specificity: 0.9646, F1-Score: 0.9619 
11:04:15 : Training Confusion for Epoch 21:
[[1169   52]
 [  46 1184]] 
11:04:16 : Epoch [21/50], Loss: 0.0368, Accuracy: 0.9674, Precision: 0.9669, Recall: 0.9669, Specificity: 0.9678, F1-Score: 0.9669 
11:04:26 : Training Confusion for Epoch 22:
[[1178   43]
 [  48 1182]] 
11:04:27 : Epoch [22/50], Loss: 0.0325, Accuracy: 0.9396, Precision: 0.9818, Recall: 0.8940, Specificity: 0.9839, F1-Score: 0.9359 
11:04:37 : Training Confusion for Epoch 23:
[[1179   42]
 [  35 1195]] 
11:04:38 : Epoch [23/50], Loss: 0.0166, Accuracy: 0.9527, Precision: 0.9789, Recall: 0.9238, Specificity: 0.9807, F1-Score: 0.9506 
11:04:48 : Training Confusion for Epoch 24:
[[1177   44]
 [  44 1186]] 
11:04:50 : Epoch [24/50], Loss: 0.6046, Accuracy: 0.9396, Precision: 0.9052, Recall: 0.9801, Specificity: 0.9003, F1-Score: 0.9412 
11:05:00 : Training Confusion for Epoch 25:
[[1171   50]
 [  65 1165]] 
11:05:01 : Epoch [25/50], Loss: 0.0196, Accuracy: 0.9608, Precision: 0.9793, Recall: 0.9404, Specificity: 0.9807, F1-Score: 0.9595 
11:05:11 : Training Confusion for Epoch 26:
[[1176   45]
 [  33 1197]] 
11:05:12 : Epoch [26/50], Loss: 0.0384, Accuracy: 0.9641, Precision: 0.9698, Recall: 0.9570, Specificity: 0.9711, F1-Score: 0.9633 
11:05:22 : Training Confusion for Epoch 27:
[[1177   44]
 [  44 1186]] 
11:05:23 : Epoch [27/50], Loss: 0.0948, Accuracy: 0.9543, Precision: 0.9597, Recall: 0.9470, Specificity: 0.9614, F1-Score: 0.9533 
11:05:34 : Training Confusion for Epoch 28:
[[1174   47]
 [  36 1194]] 
11:05:35 : Epoch [28/50], Loss: 0.1688, Accuracy: 0.9576, Precision: 0.9395, Recall: 0.9768, Specificity: 0.9389, F1-Score: 0.9578 
11:05:45 : Training Confusion for Epoch 29:
[[1177   44]
 [  37 1193]] 
11:05:46 : Epoch [29/50], Loss: 0.0306, Accuracy: 0.9657, Precision: 0.9763, Recall: 0.9536, Specificity: 0.9775, F1-Score: 0.9648 
11:05:56 : Training Confusion for Epoch 30:
[[1179   42]
 [  35 1195]] 
11:05:57 : Epoch [30/50], Loss: 0.0803, Accuracy: 0.9494, Precision: 0.9788, Recall: 0.9172, Specificity: 0.9807, F1-Score: 0.9470 
11:06:07 : Training Confusion for Epoch 31:
[[1172   49]
 [  33 1197]] 
11:06:09 : Epoch [31/50], Loss: 0.1633, Accuracy: 0.9494, Precision: 0.9788, Recall: 0.9172, Specificity: 0.9807, F1-Score: 0.9470 
11:06:19 : Training Confusion for Epoch 32:
[[1178   43]
 [  35 1195]] 
11:06:20 : Epoch [32/50], Loss: 0.1413, Accuracy: 0.9560, Precision: 0.9508, Recall: 0.9603, Specificity: 0.9518, F1-Score: 0.9555 
11:06:30 : Training Confusion for Epoch 33:
[[1186   35]
 [  30 1200]] 
11:06:31 : Epoch [33/50], Loss: 0.0017, Accuracy: 0.8532, Precision: 0.9907, Recall: 0.7086, Specificity: 0.9936, F1-Score: 0.8263 
11:06:41 : Training Confusion for Epoch 34:
[[1178   43]
 [  27 1203]] 
11:06:43 : Epoch [34/50], Loss: 0.0181, Accuracy: 0.9511, Precision: 0.9857, Recall: 0.9139, Specificity: 0.9871, F1-Score: 0.9485 
11:06:53 : Training Confusion for Epoch 35:
[[1186   35]
 [  27 1203]] 
11:06:54 : Epoch [35/50], Loss: 0.1180, Accuracy: 0.9560, Precision: 0.9859, Recall: 0.9238, Specificity: 0.9871, F1-Score: 0.9538 
11:07:04 : Training Confusion for Epoch 36:
[[1195   26]
 [  25 1205]] 
11:07:05 : Epoch [36/50], Loss: 0.1399, Accuracy: 0.9657, Precision: 0.9828, Recall: 0.9470, Specificity: 0.9839, F1-Score: 0.9646 
11:07:15 : Training Confusion for Epoch 37:
[[1186   35]
 [  28 1202]] 
11:07:16 : Epoch [37/50], Loss: 0.0309, Accuracy: 0.9560, Precision: 0.9758, Recall: 0.9338, Specificity: 0.9775, F1-Score: 0.9543 
11:07:26 : Training Confusion for Epoch 38:
[[1183   38]
 [  30 1200]] 
11:07:28 : Epoch [38/50], Loss: 0.3329, Accuracy: 0.9592, Precision: 0.9511, Recall: 0.9669, Specificity: 0.9518, F1-Score: 0.9589 
11:07:38 : Training Confusion for Epoch 39:
[[1188   33]
 [  36 1194]] 
11:07:39 : Epoch [39/50], Loss: 0.4950, Accuracy: 0.9560, Precision: 0.9421, Recall: 0.9702, Specificity: 0.9421, F1-Score: 0.9560 
11:07:49 : Training Confusion for Epoch 40:
[[1190   31]
 [  25 1205]] 
11:07:50 : Epoch [40/50], Loss: 0.5392, Accuracy: 0.9592, Precision: 0.9541, Recall: 0.9636, Specificity: 0.9550, F1-Score: 0.9588 
11:08:00 : Training Confusion for Epoch 41:
[[1200   21]
 [  19 1211]] 
11:08:02 : Epoch [41/50], Loss: 0.1227, Accuracy: 0.9429, Precision: 0.9751, Recall: 0.9073, Specificity: 0.9775, F1-Score: 0.9400 
11:08:12 : Training Confusion for Epoch 42:
[[1190   31]
 [  35 1195]] 
11:08:13 : Epoch [42/50], Loss: 2.3120, Accuracy: 0.5008, Precision: 0.4967, Recall: 0.9967, Specificity: 0.0193, F1-Score: 0.6630 
11:08:23 : Training Confusion for Epoch 43:
[[1173   48]
 [  51 1179]] 
11:08:24 : Epoch [43/50], Loss: 0.0326, Accuracy: 0.9070, Precision: 0.9880, Recall: 0.8212, Specificity: 0.9904, F1-Score: 0.8969 
11:08:34 : Training Confusion for Epoch 44:
[[1189   32]
 [  34 1196]] 
11:08:35 : Epoch [44/50], Loss: 0.6586, Accuracy: 0.9560, Precision: 0.9257, Recall: 0.9901, Specificity: 0.9228, F1-Score: 0.9568 
11:08:45 : Training Confusion for Epoch 45:
[[1190   31]
 [  35 1195]] 
11:08:47 : Epoch [45/50], Loss: 0.3134, Accuracy: 0.9576, Precision: 0.9570, Recall: 0.9570, Specificity: 0.9582, F1-Score: 0.9570 
11:08:57 : Training Confusion for Epoch 46:
[[1190   31]
 [  19 1211]] 
11:08:58 : Epoch [46/50], Loss: 0.5637, Accuracy: 0.9462, Precision: 0.9113, Recall: 0.9868, Specificity: 0.9068, F1-Score: 0.9475 
11:09:08 : Training Confusion for Epoch 47:
[[1192   29]
 [  25 1205]] 
11:09:09 : Epoch [47/50], Loss: 0.1172, Accuracy: 0.8222, Precision: 0.9949, Recall: 0.6424, Specificity: 0.9968, F1-Score: 0.7807 
11:09:19 : Training Confusion for Epoch 48:
[[1189   32]
 [  29 1201]] 
11:09:21 : Epoch [48/50], Loss: 0.0684, Accuracy: 0.9364, Precision: 0.9925, Recall: 0.8775, Specificity: 0.9936, F1-Score: 0.9315 
11:09:31 : Training Confusion for Epoch 49:
[[1197   24]
 [  27 1203]] 
11:09:32 : Epoch [49/50], Loss: 0.1021, Accuracy: 0.9576, Precision: 0.9452, Recall: 0.9702, Specificity: 0.9453, F1-Score: 0.9575 
11:09:42 : Training Confusion for Epoch 50:
[[1198   23]
 [  23 1207]] 
11:09:43 : Epoch [50/50], Loss: 0.6254, Accuracy: 0.9527, Precision: 0.9306, Recall: 0.9768, Specificity: 0.9293, F1-Score: 0.9532 
11:09:44 : FOLD 3 
11:09:44 : ---------------------------------- 
11:09:54 : Training Confusion for Epoch 1:
[[1144   88]
 [ 867  352]] 
11:09:55 : Epoch [1/50], Loss: 0.5043, Accuracy: 0.6754, Precision: 0.9318, Recall: 0.3930, Specificity: 0.9700, F1-Score: 0.5528 
11:10:05 : Training Confusion for Epoch 2:
[[1125  107]
 [ 681  538]] 
11:10:07 : Epoch [2/50], Loss: 0.4506, Accuracy: 0.6411, Precision: 0.9794, Recall: 0.3035, Specificity: 0.9933, F1-Score: 0.4634 
11:10:17 : Training Confusion for Epoch 3:
[[1110  122]
 [ 612  607]] 
11:10:18 : Epoch [3/50], Loss: 0.5018, Accuracy: 0.7243, Precision: 0.9615, Recall: 0.4792, Specificity: 0.9800, F1-Score: 0.6397 
11:10:28 : Training Confusion for Epoch 4:
[[1085  147]
 [ 487  732]] 
11:10:29 : Epoch [4/50], Loss: 0.3273, Accuracy: 0.7145, Precision: 0.9859, Recall: 0.4473, Specificity: 0.9933, F1-Score: 0.6154 
11:10:39 : Training Confusion for Epoch 5:
[[1089  143]
 [ 398  821]] 
11:10:40 : Epoch [5/50], Loss: 0.2555, Accuracy: 0.7993, Precision: 0.9612, Recall: 0.6326, Specificity: 0.9733, F1-Score: 0.7630 
11:10:51 : Training Confusion for Epoch 6:
[[1162   70]
 [ 331  888]] 
11:10:52 : Epoch [6/50], Loss: 0.1715, Accuracy: 0.8206, Precision: 0.9721, Recall: 0.6677, Specificity: 0.9800, F1-Score: 0.7917 
11:11:02 : Training Confusion for Epoch 7:
[[1134   98]
 [ 244  975]] 
11:11:03 : Epoch [7/50], Loss: 0.0405, Accuracy: 0.8075, Precision: 0.9710, Recall: 0.6422, Specificity: 0.9800, F1-Score: 0.7731 
11:11:13 : Training Confusion for Epoch 8:
[[1154   78]
 [ 160 1059]] 
11:11:14 : Epoch [8/50], Loss: 0.0206, Accuracy: 0.8499, Precision: 0.9825, Recall: 0.7188, Specificity: 0.9867, F1-Score: 0.8303 
11:11:24 : Training Confusion for Epoch 9:
[[1159   73]
 [  93 1126]] 
11:11:26 : Epoch [9/50], Loss: 0.0008, Accuracy: 0.8287, Precision: 0.9952, Recall: 0.6677, Specificity: 0.9967, F1-Score: 0.7992 
11:11:36 : Training Confusion for Epoch 10:
[[1171   61]
 [  81 1138]] 
11:11:37 : Epoch [10/50], Loss: 0.0149, Accuracy: 0.9103, Precision: 0.9743, Recall: 0.8466, Specificity: 0.9767, F1-Score: 0.9060 
11:11:47 : Training Confusion for Epoch 11:
[[1172   60]
 [  72 1147]] 
11:11:48 : Epoch [11/50], Loss: 0.0111, Accuracy: 0.8320, Precision: 0.9953, Recall: 0.6741, Specificity: 0.9967, F1-Score: 0.8038 
11:11:58 : Training Confusion for Epoch 12:
[[1169   63]
 [  61 1158]] 
11:12:00 : Epoch [12/50], Loss: 0.0003, Accuracy: 0.8222, Precision: 0.9951, Recall: 0.6550, Specificity: 0.9967, F1-Score: 0.7900 
11:12:10 : Training Confusion for Epoch 13:
[[1174   58]
 [  65 1154]] 
11:12:11 : Epoch [13/50], Loss: 0.0098, Accuracy: 0.9315, Precision: 0.9788, Recall: 0.8850, Specificity: 0.9800, F1-Score: 0.9295 
11:12:21 : Training Confusion for Epoch 14:
[[1175   57]
 [  53 1166]] 
11:12:22 : Epoch [14/50], Loss: 0.0018, Accuracy: 0.9364, Precision: 0.9858, Recall: 0.8882, Specificity: 0.9867, F1-Score: 0.9345 
11:12:32 : Training Confusion for Epoch 15:
[[1183   49]
 [  46 1173]] 
11:12:34 : Epoch [15/50], Loss: 0.0094, Accuracy: 0.9494, Precision: 0.9700, Recall: 0.9297, Specificity: 0.9700, F1-Score: 0.9494 
11:12:44 : Training Confusion for Epoch 16:
[[1182   50]
 [  48 1171]] 
11:12:45 : Epoch [16/50], Loss: 0.0291, Accuracy: 0.9608, Precision: 0.9707, Recall: 0.9521, Specificity: 0.9700, F1-Score: 0.9613 
11:12:55 : Training Confusion for Epoch 17:
[[1189   43]
 [  42 1177]] 
11:12:56 : Epoch [17/50], Loss: 0.0107, Accuracy: 0.9380, Precision: 0.9859, Recall: 0.8914, Specificity: 0.9867, F1-Score: 0.9362 
11:13:06 : Training Confusion for Epoch 18:
[[1177   55]
 [  47 1172]] 
11:13:08 : Epoch [18/50], Loss: 0.0902, Accuracy: 0.9625, Precision: 0.9647, Recall: 0.9617, Specificity: 0.9633, F1-Score: 0.9632 
11:13:18 : Training Confusion for Epoch 19:
[[1183   49]
 [  40 1179]] 
11:13:19 : Epoch [19/50], Loss: 0.0121, Accuracy: 0.9543, Precision: 0.9703, Recall: 0.9393, Specificity: 0.9700, F1-Score: 0.9545 
11:13:29 : Training Confusion for Epoch 20:
[[1187   45]
 [  36 1183]] 
11:13:30 : Epoch [20/50], Loss: 0.0001, Accuracy: 0.7945, Precision: 0.9947, Recall: 0.6006, Specificity: 0.9967, F1-Score: 0.7490 
11:13:40 : Training Confusion for Epoch 21:
[[1179   53]
 [  47 1172]] 
11:13:41 : Epoch [21/50], Loss: 0.0045, Accuracy: 0.8989, Precision: 0.9960, Recall: 0.8051, Specificity: 0.9967, F1-Score: 0.8905 
11:13:51 : Training Confusion for Epoch 22:
[[1194   38]
 [  43 1176]] 
11:13:53 : Epoch [22/50], Loss: 0.0124, Accuracy: 0.9462, Precision: 0.9698, Recall: 0.9233, Specificity: 0.9700, F1-Score: 0.9460 
11:14:03 : Training Confusion for Epoch 23:
[[1193   39]
 [  37 1182]] 
11:14:04 : Epoch [23/50], Loss: 0.0068, Accuracy: 0.9527, Precision: 0.9897, Recall: 0.9169, Specificity: 0.9900, F1-Score: 0.9519 
11:14:14 : Training Confusion for Epoch 24:
[[1196   36]
 [  35 1184]] 
11:14:15 : Epoch [24/50], Loss: 0.0022, Accuracy: 0.8891, Precision: 0.9960, Recall: 0.7859, Specificity: 0.9967, F1-Score: 0.8786 
11:14:25 : Training Confusion for Epoch 25:
[[1169   63]
 [  47 1172]] 
11:14:27 : Epoch [25/50], Loss: 0.0217, Accuracy: 0.8972, Precision: 0.9921, Recall: 0.8051, Specificity: 0.9933, F1-Score: 0.8889 
11:14:37 : Training Confusion for Epoch 26:
[[1193   39]
 [  38 1181]] 
11:14:38 : Epoch [26/50], Loss: 0.0290, Accuracy: 0.9592, Precision: 0.9706, Recall: 0.9489, Specificity: 0.9700, F1-Score: 0.9596 
11:14:48 : Training Confusion for Epoch 27:
[[1188   44]
 [  40 1179]] 
11:14:49 : Epoch [27/50], Loss: 0.0062, Accuracy: 0.9543, Precision: 0.9863, Recall: 0.9233, Specificity: 0.9867, F1-Score: 0.9538 
11:14:59 : Training Confusion for Epoch 28:
[[1191   41]
 [  39 1180]] 
11:15:00 : Epoch [28/50], Loss: 0.3985, Accuracy: 0.9364, Precision: 0.9177, Recall: 0.9617, Specificity: 0.9100, F1-Score: 0.9392 
11:15:10 : Training Confusion for Epoch 29:
[[1195   37]
 [  33 1186]] 
11:15:12 : Epoch [29/50], Loss: 0.0301, Accuracy: 0.9494, Precision: 0.9700, Recall: 0.9297, Specificity: 0.9700, F1-Score: 0.9494 
11:15:22 : Training Confusion for Epoch 30:
[[1189   43]
 [  34 1185]] 
11:15:23 : Epoch [30/50], Loss: 0.0006, Accuracy: 0.9168, Precision: 0.9852, Recall: 0.8498, Specificity: 0.9867, F1-Score: 0.9125 
11:15:33 : Training Confusion for Epoch 31:
[[1196   36]
 [  37 1182]] 
11:15:34 : Epoch [31/50], Loss: 0.0066, Accuracy: 0.9494, Precision: 0.9638, Recall: 0.9361, Specificity: 0.9633, F1-Score: 0.9498 
11:15:44 : Training Confusion for Epoch 32:
[[1203   29]
 [  28 1191]] 
11:15:46 : Epoch [32/50], Loss: 0.0007, Accuracy: 0.9527, Precision: 0.9830, Recall: 0.9233, Specificity: 0.9833, F1-Score: 0.9522 
11:15:56 : Training Confusion for Epoch 33:
[[1200   32]
 [  30 1189]] 
11:15:57 : Epoch [33/50], Loss: 0.0052, Accuracy: 0.9299, Precision: 0.9821, Recall: 0.8786, Specificity: 0.9833, F1-Score: 0.9275 
11:16:07 : Training Confusion for Epoch 34:
[[1194   38]
 [  27 1192]] 
11:16:08 : Epoch [34/50], Loss: 0.0170, Accuracy: 0.9625, Precision: 0.9708, Recall: 0.9553, Specificity: 0.9700, F1-Score: 0.9630 
11:16:18 : Training Confusion for Epoch 35:
[[1208   24]
 [  31 1188]] 
11:16:19 : Epoch [35/50], Loss: 0.0174, Accuracy: 0.9494, Precision: 0.9379, Recall: 0.9649, Specificity: 0.9333, F1-Score: 0.9512 
11:16:30 : Training Confusion for Epoch 36:
[[1198   34]
 [  31 1188]] 
11:16:31 : Epoch [36/50], Loss: 0.0061, Accuracy: 0.9511, Precision: 0.9732, Recall: 0.9297, Specificity: 0.9733, F1-Score: 0.9510 
11:16:41 : Training Confusion for Epoch 37:
[[1203   29]
 [  22 1197]] 
11:16:42 : Epoch [37/50], Loss: 0.0028, Accuracy: 0.9429, Precision: 0.9793, Recall: 0.9073, Specificity: 0.9800, F1-Score: 0.9420 
11:16:52 : Training Confusion for Epoch 38:
[[1209   23]
 [  29 1190]] 
11:16:53 : Epoch [38/50], Loss: 0.0010, Accuracy: 0.9413, Precision: 0.9860, Recall: 0.8978, Specificity: 0.9867, F1-Score: 0.9398 
11:17:03 : Training Confusion for Epoch 39:
[[1200   32]
 [  23 1196]] 
11:17:05 : Epoch [39/50], Loss: 0.0020, Accuracy: 0.9152, Precision: 0.9888, Recall: 0.8435, Specificity: 0.9900, F1-Score: 0.9103 
11:17:15 : Training Confusion for Epoch 40:
[[1207   25]
 [  25 1194]] 
11:17:16 : Epoch [40/50], Loss: 0.0834, Accuracy: 0.9560, Precision: 0.9414, Recall: 0.9744, Specificity: 0.9367, F1-Score: 0.9576 
11:17:26 : Training Confusion for Epoch 41:
[[1208   24]
 [  29 1190]] 
11:17:27 : Epoch [41/50], Loss: 0.0045, Accuracy: 0.9494, Precision: 0.9930, Recall: 0.9073, Specificity: 0.9933, F1-Score: 0.9482 
11:17:37 : Training Confusion for Epoch 42:
[[1214   18]
 [  21 1198]] 
11:17:39 : Epoch [42/50], Loss: 0.0005, Accuracy: 0.9413, Precision: 0.9727, Recall: 0.9105, Specificity: 0.9733, F1-Score: 0.9406 
11:17:49 : Training Confusion for Epoch 43:
[[1210   22]
 [  31 1188]] 
11:17:50 : Epoch [43/50], Loss: 0.0038, Accuracy: 0.9511, Precision: 0.9732, Recall: 0.9297, Specificity: 0.9733, F1-Score: 0.9510 
11:18:00 : Training Confusion for Epoch 44:
[[1206   26]
 [  32 1187]] 
11:18:01 : Epoch [44/50], Loss: 0.0333, Accuracy: 0.9592, Precision: 0.9444, Recall: 0.9776, Specificity: 0.9400, F1-Score: 0.9608 
11:18:11 : Training Confusion for Epoch 45:
[[1198   34]
 [  24 1195]] 
11:18:12 : Epoch [45/50], Loss: 0.0012, Accuracy: 0.9152, Precision: 0.9962, Recall: 0.8371, Specificity: 0.9967, F1-Score: 0.9097 
11:18:22 : Training Confusion for Epoch 46:
[[1193   39]
 [  43 1176]] 
11:18:24 : Epoch [46/50], Loss: 0.0122, Accuracy: 0.9413, Precision: 0.9759, Recall: 0.9073, Specificity: 0.9767, F1-Score: 0.9404 
11:18:34 : Training Confusion for Epoch 47:
[[1209   23]
 [  24 1195]] 
11:18:35 : Epoch [47/50], Loss: 0.0061, Accuracy: 0.9576, Precision: 0.9767, Recall: 0.9393, Specificity: 0.9767, F1-Score: 0.9577 
11:18:45 : Training Confusion for Epoch 48:
[[1215   17]
 [  21 1198]] 
11:18:46 : Epoch [48/50], Loss: 0.0151, Accuracy: 0.9608, Precision: 0.9646, Recall: 0.9585, Specificity: 0.9633, F1-Score: 0.9615 
11:18:56 : Training Confusion for Epoch 49:
[[1206   26]
 [  31 1188]] 
11:18:58 : Epoch [49/50], Loss: 0.0027, Accuracy: 0.9347, Precision: 0.9858, Recall: 0.8850, Specificity: 0.9867, F1-Score: 0.9327 
11:19:08 : Training Confusion for Epoch 50:
[[1212   20]
 [  26 1193]] 
11:19:09 : Epoch [50/50], Loss: 0.0015, Accuracy: 0.8352, Precision: 0.9953, Recall: 0.6805, Specificity: 0.9967, F1-Score: 0.8083 
11:19:10 : FOLD 4 
11:19:10 : ---------------------------------- 
11:19:20 : Training Confusion for Epoch 1:
[[1090  126]
 [ 824  412]] 
11:19:21 : Epoch [1/50], Loss: 0.5952, Accuracy: 0.6634, Precision: 0.9891, Recall: 0.3074, Specificity: 0.9968, F1-Score: 0.4691 
11:19:31 : Training Confusion for Epoch 2:
[[1179   37]
 [ 755  481]] 
11:19:32 : Epoch [2/50], Loss: 0.5157, Accuracy: 0.6912, Precision: 0.9573, Recall: 0.3784, Specificity: 0.9842, F1-Score: 0.5424 
11:19:42 : Training Confusion for Epoch 3:
[[1050  166]
 [ 646  590]] 
11:19:44 : Epoch [3/50], Loss: 0.4638, Accuracy: 0.6634, Precision: 0.9891, Recall: 0.3074, Specificity: 0.9968, F1-Score: 0.4691 
11:19:54 : Training Confusion for Epoch 4:
[[1124   92]
 [ 632  604]] 
11:19:55 : Epoch [4/50], Loss: 0.4655, Accuracy: 0.6879, Precision: 0.9907, Recall: 0.3581, Specificity: 0.9968, F1-Score: 0.5261 
11:20:05 : Training Confusion for Epoch 5:
[[1122   94]
 [ 614  622]] 
11:20:06 : Epoch [5/50], Loss: 0.4942, Accuracy: 0.7124, Precision: 0.9839, Recall: 0.4122, Specificity: 0.9937, F1-Score: 0.5810 
11:20:16 : Training Confusion for Epoch 6:
[[1078  138]
 [ 563  673]] 
11:20:18 : Epoch [6/50], Loss: 0.4193, Accuracy: 0.7467, Precision: 0.9732, Recall: 0.4899, Specificity: 0.9873, F1-Score: 0.6517 
11:20:28 : Training Confusion for Epoch 7:
[[1112  104]
 [ 602  634]] 
11:20:29 : Epoch [7/50], Loss: 0.4679, Accuracy: 0.7026, Precision: 1.0000, Recall: 0.3851, Specificity: 1.0000, F1-Score: 0.5561 
11:20:39 : Training Confusion for Epoch 8:
[[1100  116]
 [ 533  703]] 
11:20:40 : Epoch [8/50], Loss: 0.4513, Accuracy: 0.7778, Precision: 0.9706, Recall: 0.5574, Specificity: 0.9842, F1-Score: 0.7082 
11:20:50 : Training Confusion for Epoch 9:
[[1090  126]
 [ 487  749]] 
11:20:51 : Epoch [9/50], Loss: 0.4258, Accuracy: 0.8121, Precision: 0.9641, Recall: 0.6351, Specificity: 0.9778, F1-Score: 0.7658 
11:21:01 : Training Confusion for Epoch 10:
[[1099  117]
 [ 368  868]] 
11:21:03 : Epoch [10/50], Loss: 0.2625, Accuracy: 0.8431, Precision: 0.9673, Recall: 0.6993, Specificity: 0.9778, F1-Score: 0.8118 
11:21:13 : Training Confusion for Epoch 11:
[[1122   94]
 [ 412  824]] 
11:21:14 : Epoch [11/50], Loss: 0.2217, Accuracy: 0.8219, Precision: 0.9698, Recall: 0.6520, Specificity: 0.9810, F1-Score: 0.7798 
11:21:24 : Training Confusion for Epoch 12:
[[1117   99]
 [ 282  954]] 
11:21:25 : Epoch [12/50], Loss: 0.1356, Accuracy: 0.9101, Precision: 0.9446, Recall: 0.8649, Specificity: 0.9525, F1-Score: 0.9030 
11:21:36 : Training Confusion for Epoch 13:
[[1116  100]
 [ 183 1053]] 
11:21:37 : Epoch [13/50], Loss: 0.2003, Accuracy: 0.9167, Precision: 0.8571, Recall: 0.9932, Specificity: 0.8449, F1-Score: 0.9202 
11:21:47 : Training Confusion for Epoch 14:
[[1110  106]
 [ 102 1134]] 
11:21:48 : Epoch [14/50], Loss: 0.0424, Accuracy: 0.9526, Precision: 0.9717, Recall: 0.9291, Specificity: 0.9747, F1-Score: 0.9499 
11:21:58 : Training Confusion for Epoch 15:
[[1138   78]
 [  93 1143]] 
11:21:59 : Epoch [15/50], Loss: 0.0081, Accuracy: 0.9461, Precision: 0.9747, Recall: 0.9122, Specificity: 0.9778, F1-Score: 0.9424 
11:22:09 : Training Confusion for Epoch 16:
[[1130   86]
 [  73 1163]] 
11:22:11 : Epoch [16/50], Loss: 0.0034, Accuracy: 0.9346, Precision: 0.9848, Recall: 0.8784, Specificity: 0.9873, F1-Score: 0.9286 
11:22:21 : Training Confusion for Epoch 17:
[[1148   68]
 [  76 1160]] 
11:22:22 : Epoch [17/50], Loss: 0.0148, Accuracy: 0.9722, Precision: 0.9635, Recall: 0.9797, Specificity: 0.9652, F1-Score: 0.9715 
11:22:32 : Training Confusion for Epoch 18:
[[1126   90]
 [  73 1163]] 
11:22:33 : Epoch [18/50], Loss: 0.0014, Accuracy: 0.9575, Precision: 0.9655, Recall: 0.9459, Specificity: 0.9684, F1-Score: 0.9556 
11:22:43 : Training Confusion for Epoch 19:
[[1133   83]
 [  58 1178]] 
11:22:45 : Epoch [19/50], Loss: 0.0043, Accuracy: 0.9363, Precision: 0.9849, Recall: 0.8818, Specificity: 0.9873, F1-Score: 0.9305 
11:22:55 : Training Confusion for Epoch 20:
[[1157   59]
 [  65 1171]] 
11:22:56 : Epoch [20/50], Loss: 0.0036, Accuracy: 0.9690, Precision: 0.9727, Recall: 0.9628, Specificity: 0.9747, F1-Score: 0.9677 
11:23:06 : Training Confusion for Epoch 21:
[[1137   79]
 [  64 1172]] 
11:23:07 : Epoch [21/50], Loss: 0.0041, Accuracy: 0.9493, Precision: 0.9649, Recall: 0.9291, Specificity: 0.9684, F1-Score: 0.9466 
11:23:17 : Training Confusion for Epoch 22:
[[1153   63]
 [  74 1162]] 
11:23:18 : Epoch [22/50], Loss: 0.0129, Accuracy: 0.9722, Precision: 0.9486, Recall: 0.9966, Specificity: 0.9494, F1-Score: 0.9720 
11:23:28 : Training Confusion for Epoch 23:
[[1157   59]
 [  51 1185]] 
11:23:30 : Epoch [23/50], Loss: 0.0193, Accuracy: 0.9608, Precision: 0.9755, Recall: 0.9426, Specificity: 0.9778, F1-Score: 0.9588 
11:23:40 : Training Confusion for Epoch 24:
[[1160   56]
 [  50 1186]] 
11:23:41 : Epoch [24/50], Loss: 0.0051, Accuracy: 0.9755, Precision: 0.9607, Recall: 0.9899, Specificity: 0.9620, F1-Score: 0.9750 
11:23:51 : Training Confusion for Epoch 25:
[[1155   61]
 [  53 1183]] 
11:23:52 : Epoch [25/50], Loss: 0.0031, Accuracy: 0.9722, Precision: 0.9729, Recall: 0.9696, Specificity: 0.9747, F1-Score: 0.9712 
11:24:02 : Training Confusion for Epoch 26:
[[1168   48]
 [  43 1193]] 
11:24:04 : Epoch [26/50], Loss: 0.0043, Accuracy: 0.9722, Precision: 0.9729, Recall: 0.9696, Specificity: 0.9747, F1-Score: 0.9712 
11:24:14 : Training Confusion for Epoch 27:
[[1169   47]
 [  39 1197]] 
11:24:15 : Epoch [27/50], Loss: 0.0054, Accuracy: 0.9477, Precision: 0.9783, Recall: 0.9122, Specificity: 0.9810, F1-Score: 0.9441 
11:24:25 : Training Confusion for Epoch 28:
[[1159   57]
 [  47 1189]] 
11:24:26 : Epoch [28/50], Loss: 0.0053, Accuracy: 0.9690, Precision: 0.9695, Recall: 0.9662, Specificity: 0.9715, F1-Score: 0.9679 
11:24:36 : Training Confusion for Epoch 29:
[[1157   59]
 [  48 1188]] 
11:24:37 : Epoch [29/50], Loss: 0.0056, Accuracy: 0.9510, Precision: 0.9683, Recall: 0.9291, Specificity: 0.9715, F1-Score: 0.9483 
11:24:48 : Training Confusion for Epoch 30:
[[1157   59]
 [  51 1185]] 
11:24:49 : Epoch [30/50], Loss: 0.0037, Accuracy: 0.9624, Precision: 0.9723, Recall: 0.9493, Specificity: 0.9747, F1-Score: 0.9607 
11:24:59 : Training Confusion for Epoch 31:
[[1169   47]
 [  37 1199]] 
11:25:00 : Epoch [31/50], Loss: 0.0010, Accuracy: 0.9363, Precision: 0.9813, Recall: 0.8851, Specificity: 0.9842, F1-Score: 0.9307 
11:25:10 : Training Confusion for Epoch 32:
[[1166   50]
 [  43 1193]] 
11:25:11 : Epoch [32/50], Loss: 0.0138, Accuracy: 0.9706, Precision: 0.9793, Recall: 0.9595, Specificity: 0.9810, F1-Score: 0.9693 
11:25:21 : Training Confusion for Epoch 33:
[[1164   52]
 [  43 1193]] 
11:25:23 : Epoch [33/50], Loss: 0.0011, Accuracy: 0.9657, Precision: 0.9791, Recall: 0.9493, Specificity: 0.9810, F1-Score: 0.9640 
11:25:33 : Training Confusion for Epoch 34:
[[1169   47]
 [  42 1194]] 
11:25:34 : Epoch [34/50], Loss: 0.0011, Accuracy: 0.9575, Precision: 0.9856, Recall: 0.9257, Specificity: 0.9873, F1-Score: 0.9547 
11:25:44 : Training Confusion for Epoch 35:
[[1170   46]
 [  29 1207]] 
11:25:45 : Epoch [35/50], Loss: 0.0001, Accuracy: 0.9559, Precision: 0.9654, Recall: 0.9426, Specificity: 0.9684, F1-Score: 0.9538 
11:25:55 : Training Confusion for Epoch 36:
[[1179   37]
 [  33 1203]] 
11:25:57 : Epoch [36/50], Loss: 0.0005, Accuracy: 0.9477, Precision: 0.9681, Recall: 0.9223, Specificity: 0.9715, F1-Score: 0.9446 
11:26:07 : Training Confusion for Epoch 37:
[[1171   45]
 [  30 1206]] 
11:26:08 : Epoch [37/50], Loss: 0.0351, Accuracy: 0.9722, Precision: 0.9515, Recall: 0.9932, Specificity: 0.9525, F1-Score: 0.9719 
11:26:18 : Training Confusion for Epoch 38:
[[1176   40]
 [  38 1198]] 
11:26:19 : Epoch [38/50], Loss: 0.0027, Accuracy: 0.9559, Precision: 0.9590, Recall: 0.9493, Specificity: 0.9620, F1-Score: 0.9542 
11:26:29 : Training Confusion for Epoch 39:
[[1174   42]
 [  44 1192]] 
11:26:30 : Epoch [39/50], Loss: 0.0031, Accuracy: 0.9755, Precision: 0.9828, Recall: 0.9662, Specificity: 0.9842, F1-Score: 0.9744 
11:26:41 : Training Confusion for Epoch 40:
[[1175   41]
 [  27 1209]] 
11:26:42 : Epoch [40/50], Loss: 0.0023, Accuracy: 0.9690, Precision: 0.9695, Recall: 0.9662, Specificity: 0.9715, F1-Score: 0.9679 
11:26:52 : Training Confusion for Epoch 41:
[[1180   36]
 [  42 1194]] 
11:26:53 : Epoch [41/50], Loss: 0.0012, Accuracy: 0.9281, Precision: 0.9846, Recall: 0.8649, Specificity: 0.9873, F1-Score: 0.9209 
11:27:03 : Training Confusion for Epoch 42:
[[1174   42]
 [  37 1199]] 
11:27:04 : Epoch [42/50], Loss: 0.0008, Accuracy: 0.8611, Precision: 0.9907, Recall: 0.7196, Specificity: 0.9937, F1-Score: 0.8337 
11:27:14 : Training Confusion for Epoch 43:
[[1176   40]
 [  39 1197]] 
11:27:16 : Epoch [43/50], Loss: 0.0081, Accuracy: 0.9804, Precision: 0.9733, Recall: 0.9865, Specificity: 0.9747, F1-Score: 0.9799 
11:27:26 : Training Confusion for Epoch 44:
[[1174   42]
 [  36 1200]] 
11:27:27 : Epoch [44/50], Loss: 0.0024, Accuracy: 0.9722, Precision: 0.9697, Recall: 0.9730, Specificity: 0.9715, F1-Score: 0.9713 
11:27:37 : Training Confusion for Epoch 45:
[[1175   41]
 [  39 1197]] 
11:27:38 : Epoch [45/50], Loss: 0.0102, Accuracy: 0.9673, Precision: 0.9510, Recall: 0.9831, Specificity: 0.9525, F1-Score: 0.9668 
11:27:48 : Training Confusion for Epoch 46:
[[1173   43]
 [  29 1207]] 
11:27:49 : Epoch [46/50], Loss: 0.0072, Accuracy: 0.9641, Precision: 0.9628, Recall: 0.9628, Specificity: 0.9652, F1-Score: 0.9628 
11:28:00 : Training Confusion for Epoch 47:
[[1166   50]
 [  64 1172]] 
11:28:01 : Epoch [47/50], Loss: 0.0123, Accuracy: 0.9690, Precision: 0.9571, Recall: 0.9797, Specificity: 0.9589, F1-Score: 0.9683 
11:28:11 : Training Confusion for Epoch 48:
[[1176   40]
 [  34 1202]] 
11:28:12 : Epoch [48/50], Loss: 0.0040, Accuracy: 0.9722, Precision: 0.9635, Recall: 0.9797, Specificity: 0.9652, F1-Score: 0.9715 
11:28:22 : Training Confusion for Epoch 49:
[[1180   36]
 [  32 1204]] 
11:28:23 : Epoch [49/50], Loss: 0.0173, Accuracy: 0.9624, Precision: 0.9389, Recall: 0.9865, Specificity: 0.9399, F1-Score: 0.9621 
11:28:33 : Training Confusion for Epoch 50:
[[1182   34]
 [  33 1203]] 
11:28:35 : Epoch [50/50], Loss: 0.0016, Accuracy: 0.9804, Precision: 0.9797, Recall: 0.9797, Specificity: 0.9810, F1-Score: 0.9797 
11:28:35 : Cross-validation results: 
11:28:35 : Accuracy: 0.9011  0.0871 
11:28:35 : Precision: 0.9571  0.0490 
11:28:35 : Recall: 0.8460  0.1697 
11:28:35 : Specificity: 0.9561  0.0894 
11:28:35 : F1-Score: 0.8856  0.1172 
11:28:35 : Training Loss: 0.1777  0.1568 
11:28:35 : Validation Loss: 19.2373  105.5803 
11:29:14 : SAM 
11:29:43 : Loaded saved model. 
11:31:40 : Test Loss: 0.2690, Test Accuracy: 0.9427, Test Precision: 0.0986, Test Recall: 0.9688, Test Specificity: 0.9425, Test F1-Score: 0.1789 
