08:16:04 : CBAM 
08:17:01 : No saved model found. Training a new model. 
08:17:01 : FOLD 0 
08:17:01 : ---------------------------------- 
08:17:24 : Training Confusion for Epoch 1:
[[1123   95]
 [ 291  942]] 
08:17:28 : Epoch [1/50], Loss: 0.0074, Accuracy: 0.6721, Precision: 0.9900, Recall: 0.3311, Specificity: 0.9968, F1-Score: 0.4962 
08:17:50 : Training Confusion for Epoch 2:
[[1121   97]
 [ 124 1109]] 
08:17:54 : Epoch [2/50], Loss: 0.0085, Accuracy: 0.9054, Precision: 0.9689, Recall: 0.8328, Specificity: 0.9745, F1-Score: 0.8957 
08:18:17 : Training Confusion for Epoch 3:
[[1141   77]
 [  78 1155]] 
08:18:21 : Epoch [3/50], Loss: 0.0060, Accuracy: 0.9282, Precision: 0.9636, Recall: 0.8863, Specificity: 0.9682, F1-Score: 0.9233 
08:18:43 : Training Confusion for Epoch 4:
[[1155   63]
 [  54 1179]] 
08:18:47 : Epoch [4/50], Loss: 0.0071, Accuracy: 0.9445, Precision: 0.9344, Recall: 0.9532, Specificity: 0.9363, F1-Score: 0.9437 
08:19:09 : Training Confusion for Epoch 5:
[[1173   45]
 [  56 1177]] 
08:19:13 : Epoch [5/50], Loss: 0.0030, Accuracy: 0.9429, Precision: 0.9342, Recall: 0.9498, Specificity: 0.9363, F1-Score: 0.9420 
08:19:35 : Training Confusion for Epoch 6:
[[1171   47]
 [  58 1175]] 
08:19:39 : Epoch [6/50], Loss: 0.0041, Accuracy: 0.9217, Precision: 0.8746, Recall: 0.9799, Specificity: 0.8662, F1-Score: 0.9243 
08:20:01 : Training Confusion for Epoch 7:
[[1173   45]
 [  43 1190]] 
08:20:05 : Epoch [7/50], Loss: 0.0085, Accuracy: 0.9576, Precision: 0.9475, Recall: 0.9666, Specificity: 0.9490, F1-Score: 0.9570 
08:20:27 : Training Confusion for Epoch 8:
[[1179   39]
 [  37 1196]] 
08:20:31 : Epoch [8/50], Loss: 0.0101, Accuracy: 0.9494, Precision: 0.9351, Recall: 0.9632, Specificity: 0.9363, F1-Score: 0.9489 
08:20:55 : Training Confusion for Epoch 9:
[[1176   42]
 [  51 1182]] 
08:20:59 : Epoch [9/50], Loss: 0.0041, Accuracy: 0.9445, Precision: 0.9316, Recall: 0.9565, Specificity: 0.9331, F1-Score: 0.9439 
08:21:21 : Training Confusion for Epoch 10:
[[1172   46]
 [  41 1192]] 
08:21:25 : Epoch [10/50], Loss: 0.0043, Accuracy: 0.9331, Precision: 0.9813, Recall: 0.8796, Specificity: 0.9841, F1-Score: 0.9277 
08:21:47 : Training Confusion for Epoch 11:
[[1184   34]
 [  38 1195]] 
08:21:51 : Epoch [11/50], Loss: 0.0021, Accuracy: 0.9592, Precision: 0.9507, Recall: 0.9666, Specificity: 0.9522, F1-Score: 0.9585 
08:22:14 : Training Confusion for Epoch 12:
[[1186   32]
 [  28 1205]] 
08:22:18 : Epoch [12/50], Loss: 0.0023, Accuracy: 0.9527, Precision: 0.9470, Recall: 0.9565, Specificity: 0.9490, F1-Score: 0.9517 
08:22:40 : Training Confusion for Epoch 13:
[[1171   47]
 [  50 1183]] 
08:22:44 : Epoch [13/50], Loss: 0.0056, Accuracy: 0.9478, Precision: 0.9349, Recall: 0.9599, Specificity: 0.9363, F1-Score: 0.9472 
08:23:07 : Training Confusion for Epoch 14:
[[1176   42]
 [  41 1192]] 
08:23:10 : Epoch [14/50], Loss: 0.0050, Accuracy: 0.9331, Precision: 0.9329, Recall: 0.9298, Specificity: 0.9363, F1-Score: 0.9313 
08:23:33 : Training Confusion for Epoch 15:
[[1184   34]
 [  39 1194]] 
08:23:37 : Epoch [15/50], Loss: 0.0043, Accuracy: 0.9462, Precision: 0.9156, Recall: 0.9799, Specificity: 0.9140, F1-Score: 0.9467 
08:23:59 : Training Confusion for Epoch 16:
[[1180   38]
 [  42 1191]] 
08:24:03 : Epoch [16/50], Loss: 0.0022, Accuracy: 0.9511, Precision: 0.9622, Recall: 0.9365, Specificity: 0.9650, F1-Score: 0.9492 
08:24:26 : Training Confusion for Epoch 17:
[[1186   32]
 [  32 1201]] 
08:24:30 : Epoch [17/50], Loss: 0.0014, Accuracy: 0.9527, Precision: 0.9592, Recall: 0.9431, Specificity: 0.9618, F1-Score: 0.9511 
08:24:52 : Training Confusion for Epoch 18:
[[1173   45]
 [  54 1179]] 
08:24:56 : Epoch [18/50], Loss: 0.0337, Accuracy: 0.8744, Precision: 0.8049, Recall: 0.9799, Specificity: 0.7739, F1-Score: 0.8839 
08:25:18 : Training Confusion for Epoch 19:
[[1160   58]
 [  62 1171]] 
08:25:22 : Epoch [19/50], Loss: 0.0080, Accuracy: 0.9592, Precision: 0.9628, Recall: 0.9532, Specificity: 0.9650, F1-Score: 0.9580 
08:25:45 : Training Confusion for Epoch 20:
[[1165   53]
 [  34 1199]] 
08:25:49 : Epoch [20/50], Loss: 0.0049, Accuracy: 0.9527, Precision: 0.9561, Recall: 0.9465, Specificity: 0.9586, F1-Score: 0.9513 
08:26:11 : Training Confusion for Epoch 21:
[[1192   26]
 [  32 1201]] 
08:26:15 : Epoch [21/50], Loss: 0.0012, Accuracy: 0.9494, Precision: 0.9408, Recall: 0.9565, Specificity: 0.9427, F1-Score: 0.9486 
08:26:38 : Training Confusion for Epoch 22:
[[1190   28]
 [  28 1205]] 
08:26:41 : Epoch [22/50], Loss: 0.0027, Accuracy: 0.9543, Precision: 0.9443, Recall: 0.9632, Specificity: 0.9459, F1-Score: 0.9536 
08:27:04 : Training Confusion for Epoch 23:
[[1195   23]
 [  17 1216]] 
08:27:08 : Epoch [23/50], Loss: 0.0018, Accuracy: 0.9657, Precision: 0.9728, Recall: 0.9565, Specificity: 0.9745, F1-Score: 0.9646 
08:27:31 : Training Confusion for Epoch 24:
[[1195   23]
 [  23 1210]] 
08:27:34 : Epoch [24/50], Loss: 0.0043, Accuracy: 0.9054, Precision: 0.9653, Recall: 0.8361, Specificity: 0.9713, F1-Score: 0.8961 
08:27:57 : Training Confusion for Epoch 25:
[[1190   28]
 [  23 1210]] 
08:28:01 : Epoch [25/50], Loss: 0.0017, Accuracy: 0.9511, Precision: 0.9270, Recall: 0.9766, Specificity: 0.9268, F1-Score: 0.9511 
08:28:23 : Training Confusion for Epoch 26:
[[1185   33]
 [  34 1199]] 
08:28:27 : Epoch [26/50], Loss: 0.0003, Accuracy: 0.9494, Precision: 0.9718, Recall: 0.9231, Specificity: 0.9745, F1-Score: 0.9468 
08:28:50 : Training Confusion for Epoch 27:
[[1177   41]
 [  42 1191]] 
08:28:53 : Epoch [27/50], Loss: 0.0037, Accuracy: 0.9527, Precision: 0.9592, Recall: 0.9431, Specificity: 0.9618, F1-Score: 0.9511 
08:29:16 : Training Confusion for Epoch 28:
[[1188   30]
 [  32 1201]] 
08:29:20 : Epoch [28/50], Loss: 0.0017, Accuracy: 0.9543, Precision: 0.9562, Recall: 0.9498, Specificity: 0.9586, F1-Score: 0.9530 
08:29:42 : Training Confusion for Epoch 29:
[[1192   26]
 [  22 1211]] 
08:29:46 : Epoch [29/50], Loss: 0.0039, Accuracy: 0.9511, Precision: 0.9439, Recall: 0.9565, Specificity: 0.9459, F1-Score: 0.9502 
08:30:08 : Training Confusion for Epoch 30:
[[1191   27]
 [  29 1204]] 
08:30:12 : Epoch [30/50], Loss: 0.0091, Accuracy: 0.9543, Precision: 0.9562, Recall: 0.9498, Specificity: 0.9586, F1-Score: 0.9530 
08:30:35 : Training Confusion for Epoch 31:
[[1200   18]
 [  23 1210]] 
08:30:39 : Epoch [31/50], Loss: 0.0028, Accuracy: 0.9592, Precision: 0.9628, Recall: 0.9532, Specificity: 0.9650, F1-Score: 0.9580 
08:31:01 : Training Confusion for Epoch 32:
[[1192   26]
 [  23 1210]] 
08:31:05 : Epoch [32/50], Loss: 0.0015, Accuracy: 0.9527, Precision: 0.9327, Recall: 0.9732, Specificity: 0.9331, F1-Score: 0.9525 
08:31:28 : Training Confusion for Epoch 33:
[[1202   16]
 [  21 1212]] 
08:31:31 : Epoch [33/50], Loss: 0.0008, Accuracy: 0.9494, Precision: 0.9621, Recall: 0.9331, Specificity: 0.9650, F1-Score: 0.9474 
08:31:54 : Training Confusion for Epoch 34:
[[1206   12]
 [  18 1215]] 
08:31:58 : Epoch [34/50], Loss: 0.0029, Accuracy: 0.9641, Precision: 0.9632, Recall: 0.9632, Specificity: 0.9650, F1-Score: 0.9632 
08:32:20 : Training Confusion for Epoch 35:
[[1195   23]
 [  17 1216]] 
08:32:24 : Epoch [35/50], Loss: 0.0026, Accuracy: 0.9560, Precision: 0.9444, Recall: 0.9666, Specificity: 0.9459, F1-Score: 0.9554 
08:32:47 : Training Confusion for Epoch 36:
[[1211    7]
 [  13 1220]] 
08:32:50 : Epoch [36/50], Loss: 0.0024, Accuracy: 0.9576, Precision: 0.9535, Recall: 0.9599, Specificity: 0.9554, F1-Score: 0.9567 
08:33:13 : Training Confusion for Epoch 37:
[[1208   10]
 [  15 1218]] 
08:33:17 : Epoch [37/50], Loss: 0.0021, Accuracy: 0.9331, Precision: 0.9778, Recall: 0.8829, Specificity: 0.9809, F1-Score: 0.9279 
08:33:39 : Training Confusion for Epoch 38:
[[1206   12]
 [  19 1214]] 
08:33:43 : Epoch [38/50], Loss: 0.0050, Accuracy: 0.9527, Precision: 0.9623, Recall: 0.9398, Specificity: 0.9650, F1-Score: 0.9509 
08:34:06 : Training Confusion for Epoch 39:
[[1204   14]
 [  28 1205]] 
08:34:09 : Epoch [39/50], Loss: 0.0033, Accuracy: 0.9560, Precision: 0.9690, Recall: 0.9398, Specificity: 0.9713, F1-Score: 0.9542 
08:34:32 : Training Confusion for Epoch 40:
[[1205   13]
 [  17 1216]] 
08:34:36 : Epoch [40/50], Loss: 0.0039, Accuracy: 0.9494, Precision: 0.9295, Recall: 0.9699, Specificity: 0.9299, F1-Score: 0.9493 
08:34:58 : Training Confusion for Epoch 41:
[[1191   27]
 [  45 1188]] 
08:35:02 : Epoch [41/50], Loss: 0.0029, Accuracy: 0.9560, Precision: 0.9503, Recall: 0.9599, Specificity: 0.9522, F1-Score: 0.9551 
08:35:24 : Training Confusion for Epoch 42:
[[1191   27]
 [  44 1189]] 
08:35:28 : Epoch [42/50], Loss: 0.0017, Accuracy: 0.9608, Precision: 0.9450, Recall: 0.9766, Specificity: 0.9459, F1-Score: 0.9605 
08:35:51 : Training Confusion for Epoch 43:
[[1199   19]
 [  26 1207]] 
08:35:55 : Epoch [43/50], Loss: 0.0006, Accuracy: 0.9592, Precision: 0.9597, Recall: 0.9565, Specificity: 0.9618, F1-Score: 0.9581 
08:36:17 : Training Confusion for Epoch 44:
[[1211    7]
 [  12 1221]] 
08:36:21 : Epoch [44/50], Loss: 0.0007, Accuracy: 0.9576, Precision: 0.9691, Recall: 0.9431, Specificity: 0.9713, F1-Score: 0.9559 
08:36:43 : Training Confusion for Epoch 45:
[[1209    9]
 [  10 1223]] 
08:36:47 : Epoch [45/50], Loss: 0.0007, Accuracy: 0.9511, Precision: 0.9325, Recall: 0.9699, Specificity: 0.9331, F1-Score: 0.9508 
08:37:10 : Training Confusion for Epoch 46:
[[1210    8]
 [  14 1219]] 
08:37:14 : Epoch [46/50], Loss: 0.0015, Accuracy: 0.9625, Precision: 0.9570, Recall: 0.9666, Specificity: 0.9586, F1-Score: 0.9617 
08:37:36 : Training Confusion for Epoch 47:
[[1210    8]
 [  19 1214]] 
08:37:40 : Epoch [47/50], Loss: 0.0014, Accuracy: 0.9543, Precision: 0.9532, Recall: 0.9532, Specificity: 0.9554, F1-Score: 0.9532 
08:38:03 : Training Confusion for Epoch 48:
[[1205   13]
 [  22 1211]] 
08:38:06 : Epoch [48/50], Loss: 0.0026, Accuracy: 0.9527, Precision: 0.9470, Recall: 0.9565, Specificity: 0.9490, F1-Score: 0.9517 
08:38:29 : Training Confusion for Epoch 49:
[[1208   10]
 [  14 1219]] 
08:38:33 : Epoch [49/50], Loss: 0.0054, Accuracy: 0.9543, Precision: 0.9532, Recall: 0.9532, Specificity: 0.9554, F1-Score: 0.9532 
08:38:55 : Training Confusion for Epoch 50:
[[1202   16]
 [  15 1218]] 
08:38:59 : Epoch [50/50], Loss: 0.0009, Accuracy: 0.9592, Precision: 0.9724, Recall: 0.9431, Specificity: 0.9745, F1-Score: 0.9576 
08:39:01 : FOLD 1 
08:39:01 : ---------------------------------- 
08:39:24 : Training Confusion for Epoch 1:
[[1125  116]
 [ 229  981]] 
08:39:28 : Epoch [1/50], Loss: 0.5251, Accuracy: 0.8597, Precision: 0.8089, Recall: 0.9596, Specificity: 0.7491, F1-Score: 0.8778 
08:39:50 : Training Confusion for Epoch 2:
[[1161   80]
 [  80 1130]] 
08:39:54 : Epoch [2/50], Loss: 0.0183, Accuracy: 0.9396, Precision: 0.9642, Recall: 0.9193, Specificity: 0.9622, F1-Score: 0.9412 
08:40:17 : Training Confusion for Epoch 3:
[[1167   74]
 [  73 1137]] 
08:40:20 : Epoch [3/50], Loss: 0.0308, Accuracy: 0.9413, Precision: 0.9525, Recall: 0.9348, Specificity: 0.9485, F1-Score: 0.9436 
08:40:43 : Training Confusion for Epoch 4:
[[1172   69]
 [  58 1152]] 
08:40:47 : Epoch [4/50], Loss: 0.0119, Accuracy: 0.8467, Precision: 0.9872, Recall: 0.7174, Specificity: 0.9897, F1-Score: 0.8309 
08:41:09 : Training Confusion for Epoch 5:
[[1190   51]
 [  53 1157]] 
08:41:13 : Epoch [5/50], Loss: 0.0243, Accuracy: 0.9413, Precision: 0.9613, Recall: 0.9255, Specificity: 0.9588, F1-Score: 0.9430 
08:41:35 : Training Confusion for Epoch 6:
[[1194   47]
 [  56 1154]] 
08:41:39 : Epoch [6/50], Loss: 0.2116, Accuracy: 0.9184, Precision: 0.8908, Recall: 0.9627, Specificity: 0.8694, F1-Score: 0.9254 
08:42:02 : Training Confusion for Epoch 7:
[[1183   58]
 [  61 1149]] 
08:42:06 : Epoch [7/50], Loss: 0.1163, Accuracy: 0.9380, Precision: 0.9226, Recall: 0.9627, Specificity: 0.9107, F1-Score: 0.9422 
08:42:28 : Training Confusion for Epoch 8:
[[1177   64]
 [  59 1151]] 
08:42:32 : Epoch [8/50], Loss: 0.0153, Accuracy: 0.9429, Precision: 0.9644, Recall: 0.9255, Specificity: 0.9622, F1-Score: 0.9445 
08:42:54 : Training Confusion for Epoch 9:
[[1195   46]
 [  59 1151]] 
08:42:58 : Epoch [9/50], Loss: 0.0227, Accuracy: 0.9462, Precision: 0.9446, Recall: 0.9534, Specificity: 0.9381, F1-Score: 0.9490 
08:43:21 : Training Confusion for Epoch 10:
[[1197   44]
 [  44 1166]] 
08:43:25 : Epoch [10/50], Loss: 0.0178, Accuracy: 0.9511, Precision: 0.9479, Recall: 0.9596, Specificity: 0.9416, F1-Score: 0.9537 
08:43:47 : Training Confusion for Epoch 11:
[[1197   44]
 [  40 1170]] 
08:43:51 : Epoch [11/50], Loss: 0.0060, Accuracy: 0.9625, Precision: 0.9776, Recall: 0.9503, Specificity: 0.9759, F1-Score: 0.9638 
08:44:13 : Training Confusion for Epoch 12:
[[1208   33]
 [  40 1170]] 
08:44:17 : Epoch [12/50], Loss: 0.0528, Accuracy: 0.9494, Precision: 0.9533, Recall: 0.9503, Specificity: 0.9485, F1-Score: 0.9518 
08:44:40 : Training Confusion for Epoch 13:
[[1206   35]
 [  29 1181]] 
08:44:44 : Epoch [13/50], Loss: 0.0038, Accuracy: 0.9543, Precision: 0.9652, Recall: 0.9472, Specificity: 0.9622, F1-Score: 0.9561 
08:45:06 : Training Confusion for Epoch 14:
[[1200   41]
 [  31 1179]] 
08:45:10 : Epoch [14/50], Loss: 0.0009, Accuracy: 0.8793, Precision: 0.9882, Recall: 0.7795, Specificity: 0.9897, F1-Score: 0.8715 
08:45:32 : Training Confusion for Epoch 15:
[[1207   34]
 [  42 1168]] 
08:45:36 : Epoch [15/50], Loss: 0.0133, Accuracy: 0.9494, Precision: 0.9739, Recall: 0.9286, Specificity: 0.9725, F1-Score: 0.9507 
08:45:59 : Training Confusion for Epoch 16:
[[1202   39]
 [  48 1162]] 
08:46:03 : Epoch [16/50], Loss: 0.0067, Accuracy: 0.9315, Precision: 0.9762, Recall: 0.8913, Specificity: 0.9759, F1-Score: 0.9318 
08:46:25 : Training Confusion for Epoch 17:
[[1205   36]
 [  28 1182]] 
08:46:29 : Epoch [17/50], Loss: 0.0057, Accuracy: 0.9233, Precision: 0.9725, Recall: 0.8789, Specificity: 0.9725, F1-Score: 0.9233 
08:46:51 : Training Confusion for Epoch 18:
[[1208   33]
 [  42 1168]] 
08:46:55 : Epoch [18/50], Loss: 0.0084, Accuracy: 0.9478, Precision: 0.9531, Recall: 0.9472, Specificity: 0.9485, F1-Score: 0.9502 
08:47:18 : Training Confusion for Epoch 19:
[[1213   28]
 [  27 1183]] 
08:47:22 : Epoch [19/50], Loss: 0.0026, Accuracy: 0.9119, Precision: 0.9891, Recall: 0.8416, Specificity: 0.9897, F1-Score: 0.9094 
08:47:44 : Training Confusion for Epoch 20:
[[1196   45]
 [  36 1174]] 
08:47:48 : Epoch [20/50], Loss: 0.0013, Accuracy: 0.9543, Precision: 0.9712, Recall: 0.9410, Specificity: 0.9691, F1-Score: 0.9558 
08:48:10 : Training Confusion for Epoch 21:
[[1208   33]
 [  23 1187]] 
08:48:14 : Epoch [21/50], Loss: 0.0022, Accuracy: 0.9478, Precision: 0.9475, Recall: 0.9534, Specificity: 0.9416, F1-Score: 0.9505 
08:48:37 : Training Confusion for Epoch 22:
[[1218   23]
 [  27 1183]] 
08:48:41 : Epoch [22/50], Loss: 0.0016, Accuracy: 0.9511, Precision: 0.9479, Recall: 0.9596, Specificity: 0.9416, F1-Score: 0.9537 
08:49:03 : Training Confusion for Epoch 23:
[[1201   40]
 [  42 1168]] 
08:49:07 : Epoch [23/50], Loss: 0.0061, Accuracy: 0.9445, Precision: 0.9645, Recall: 0.9286, Specificity: 0.9622, F1-Score: 0.9462 
08:49:29 : Training Confusion for Epoch 24:
[[1201   40]
 [  36 1174]] 
08:49:33 : Epoch [24/50], Loss: 0.0019, Accuracy: 0.9396, Precision: 0.9831, Recall: 0.9006, Specificity: 0.9828, F1-Score: 0.9400 
08:49:56 : Training Confusion for Epoch 25:
[[1218   23]
 [  28 1182]] 
08:49:59 : Epoch [25/50], Loss: 0.0001, Accuracy: 0.9168, Precision: 0.9822, Recall: 0.8571, Specificity: 0.9828, F1-Score: 0.9154 
08:50:22 : Training Confusion for Epoch 26:
[[1214   27]
 [  31 1179]] 
08:50:26 : Epoch [26/50], Loss: 0.0017, Accuracy: 0.9592, Precision: 0.9655, Recall: 0.9565, Specificity: 0.9622, F1-Score: 0.9610 
08:50:48 : Training Confusion for Epoch 27:
[[1215   26]
 [  28 1182]] 
08:50:52 : Epoch [27/50], Loss: 0.0034, Accuracy: 0.9413, Precision: 0.9799, Recall: 0.9068, Specificity: 0.9794, F1-Score: 0.9419 
08:51:15 : Training Confusion for Epoch 28:
[[1220   21]
 [  15 1195]] 
08:51:18 : Epoch [28/50], Loss: 0.0006, Accuracy: 0.9543, Precision: 0.9712, Recall: 0.9410, Specificity: 0.9691, F1-Score: 0.9558 
08:51:41 : Training Confusion for Epoch 29:
[[1229   12]
 [  17 1193]] 
08:51:45 : Epoch [29/50], Loss: 0.0008, Accuracy: 0.9511, Precision: 0.9650, Recall: 0.9410, Specificity: 0.9622, F1-Score: 0.9528 
08:52:07 : Training Confusion for Epoch 30:
[[1224   17]
 [  28 1182]] 
08:52:11 : Epoch [30/50], Loss: 0.0009, Accuracy: 0.9396, Precision: 0.9672, Recall: 0.9161, Specificity: 0.9656, F1-Score: 0.9410 
08:52:34 : Training Confusion for Epoch 31:
[[1228   13]
 [  18 1192]] 
08:52:37 : Epoch [31/50], Loss: 0.0010, Accuracy: 0.9070, Precision: 0.9818, Recall: 0.8385, Specificity: 0.9828, F1-Score: 0.9045 
08:53:00 : Training Confusion for Epoch 32:
[[1226   15]
 [  27 1183]] 
08:53:04 : Epoch [32/50], Loss: 0.0006, Accuracy: 0.8630, Precision: 0.9877, Recall: 0.7484, Specificity: 0.9897, F1-Score: 0.8516 
08:53:26 : Training Confusion for Epoch 33:
[[1218   23]
 [  28 1182]] 
08:53:30 : Epoch [33/50], Loss: 0.0027, Accuracy: 0.9413, Precision: 0.9735, Recall: 0.9130, Specificity: 0.9725, F1-Score: 0.9423 
08:53:53 : Training Confusion for Epoch 34:
[[1226   15]
 [  15 1195]] 
08:53:56 : Epoch [34/50], Loss: 0.0008, Accuracy: 0.9657, Precision: 0.9574, Recall: 0.9783, Specificity: 0.9519, F1-Score: 0.9677 
08:54:19 : Training Confusion for Epoch 35:
[[1230   11]
 [  16 1194]] 
08:54:23 : Epoch [35/50], Loss: 0.0019, Accuracy: 0.9380, Precision: 0.9522, Recall: 0.9286, Specificity: 0.9485, F1-Score: 0.9403 
08:54:45 : Training Confusion for Epoch 36:
[[1223   18]
 [  27 1183]] 
08:54:49 : Epoch [36/50], Loss: 0.0010, Accuracy: 0.9511, Precision: 0.9679, Recall: 0.9379, Specificity: 0.9656, F1-Score: 0.9527 
08:55:11 : Training Confusion for Epoch 37:
[[1225   16]
 [  20 1190]] 
08:55:15 : Epoch [37/50], Loss: 0.0017, Accuracy: 0.9445, Precision: 0.9768, Recall: 0.9161, Specificity: 0.9759, F1-Score: 0.9455 
08:55:38 : Training Confusion for Epoch 38:
[[1231   10]
 [  12 1198]] 
08:55:42 : Epoch [38/50], Loss: 0.1522, Accuracy: 0.9462, Precision: 0.9339, Recall: 0.9658, Specificity: 0.9244, F1-Score: 0.9496 
08:56:04 : Training Confusion for Epoch 39:
[[1238    3]
 [  12 1198]] 
08:56:08 : Epoch [39/50], Loss: 0.0005, Accuracy: 0.9315, Precision: 0.9762, Recall: 0.8913, Specificity: 0.9759, F1-Score: 0.9318 
08:56:30 : Training Confusion for Epoch 40:
[[1236    5]
 [  14 1196]] 
08:56:34 : Epoch [40/50], Loss: 0.0012, Accuracy: 0.8989, Precision: 0.9745, Recall: 0.8292, Specificity: 0.9759, F1-Score: 0.8960 
08:56:57 : Training Confusion for Epoch 41:
[[1229   12]
 [  16 1194]] 
08:57:01 : Epoch [41/50], Loss: 0.0003, Accuracy: 0.9494, Precision: 0.9802, Recall: 0.9224, Specificity: 0.9794, F1-Score: 0.9504 
08:57:23 : Training Confusion for Epoch 42:
[[1235    6]
 [  12 1198]] 
08:57:27 : Epoch [42/50], Loss: 0.0020, Accuracy: 0.9103, Precision: 0.9619, Recall: 0.8634, Specificity: 0.9622, F1-Score: 0.9100 
08:57:49 : Training Confusion for Epoch 43:
[[1228   13]
 [  27 1183]] 
08:57:53 : Epoch [43/50], Loss: 0.0021, Accuracy: 0.9396, Precision: 0.9703, Recall: 0.9130, Specificity: 0.9691, F1-Score: 0.9408 
08:58:16 : Training Confusion for Epoch 44:
[[1232    9]
 [  10 1200]] 
08:58:19 : Epoch [44/50], Loss: 0.0056, Accuracy: 0.9576, Precision: 0.9596, Recall: 0.9596, Specificity: 0.9553, F1-Score: 0.9596 
08:58:42 : Training Confusion for Epoch 45:
[[1232    9]
 [   9 1201]] 
08:58:46 : Epoch [45/50], Loss: 0.0054, Accuracy: 0.9462, Precision: 0.9288, Recall: 0.9720, Specificity: 0.9175, F1-Score: 0.9499 
08:59:08 : Training Confusion for Epoch 46:
[[1230   11]
 [  20 1190]] 
08:59:12 : Epoch [46/50], Loss: 0.0009, Accuracy: 0.7912, Precision: 0.9755, Recall: 0.6180, Specificity: 0.9828, F1-Score: 0.7567 
08:59:35 : Training Confusion for Epoch 47:
[[1213   28]
 [  33 1177]] 
08:59:38 : Epoch [47/50], Loss: 0.1190, Accuracy: 0.9315, Precision: 0.9516, Recall: 0.9161, Specificity: 0.9485, F1-Score: 0.9335 
09:00:01 : Training Confusion for Epoch 48:
[[1223   18]
 [  24 1186]] 
09:00:05 : Epoch [48/50], Loss: 0.3279, Accuracy: 0.9462, Precision: 0.9446, Recall: 0.9534, Specificity: 0.9381, F1-Score: 0.9490 
09:00:27 : Training Confusion for Epoch 49:
[[1233    8]
 [  10 1200]] 
09:00:31 : Epoch [49/50], Loss: 0.0073, Accuracy: 0.9511, Precision: 0.9424, Recall: 0.9658, Specificity: 0.9347, F1-Score: 0.9540 
09:00:53 : Training Confusion for Epoch 50:
[[1234    7]
 [   6 1204]] 
09:00:57 : Epoch [50/50], Loss: 0.0078, Accuracy: 0.9462, Precision: 0.9474, Recall: 0.9503, Specificity: 0.9416, F1-Score: 0.9488 
09:00:58 : FOLD 2 
09:00:58 : ---------------------------------- 
09:01:21 : Training Confusion for Epoch 1:
[[1051  170]
 [ 365  865]] 
09:01:24 : Epoch [1/50], Loss: 0.0325, Accuracy: 0.9005, Precision: 0.9617, Recall: 0.8311, Specificity: 0.9678, F1-Score: 0.8917 
09:01:47 : Training Confusion for Epoch 2:
[[1132   89]
 [  66 1164]] 
09:01:51 : Epoch [2/50], Loss: 0.0203, Accuracy: 0.8728, Precision: 0.9706, Recall: 0.7649, Specificity: 0.9775, F1-Score: 0.8556 
09:02:13 : Training Confusion for Epoch 3:
[[1150   71]
 [  65 1165]] 
09:02:17 : Epoch [3/50], Loss: 0.0147, Accuracy: 0.9527, Precision: 0.9535, Recall: 0.9503, Specificity: 0.9550, F1-Score: 0.9519 
09:02:40 : Training Confusion for Epoch 4:
[[1148   73]
 [  70 1160]] 
09:02:43 : Epoch [4/50], Loss: 0.0939, Accuracy: 0.8972, Precision: 0.9135, Recall: 0.8742, Specificity: 0.9196, F1-Score: 0.8934 
09:03:06 : Training Confusion for Epoch 5:
[[1146   75]
 [  57 1173]] 
09:03:10 : Epoch [5/50], Loss: 0.0311, Accuracy: 0.9494, Precision: 0.9656, Recall: 0.9305, Specificity: 0.9678, F1-Score: 0.9477 
09:03:32 : Training Confusion for Epoch 6:
[[1153   68]
 [  57 1173]] 
09:03:36 : Epoch [6/50], Loss: 0.0693, Accuracy: 0.9608, Precision: 0.9633, Recall: 0.9570, Specificity: 0.9646, F1-Score: 0.9601 
09:03:59 : Training Confusion for Epoch 7:
[[1164   57]
 [  46 1184]] 
09:04:02 : Epoch [7/50], Loss: 0.0343, Accuracy: 0.9543, Precision: 0.9692, Recall: 0.9371, Specificity: 0.9711, F1-Score: 0.9529 
09:04:25 : Training Confusion for Epoch 8:
[[1176   45]
 [  49 1181]] 
09:04:29 : Epoch [8/50], Loss: 0.0548, Accuracy: 0.9625, Precision: 0.9697, Recall: 0.9536, Specificity: 0.9711, F1-Score: 0.9616 
09:04:51 : Training Confusion for Epoch 9:
[[1174   47]
 [  49 1181]] 
09:04:55 : Epoch [9/50], Loss: 0.0810, Accuracy: 0.9299, Precision: 0.9060, Recall: 0.9570, Specificity: 0.9035, F1-Score: 0.9308 
09:05:18 : Training Confusion for Epoch 10:
[[1172   49]
 [  56 1174]] 
09:05:21 : Epoch [10/50], Loss: 0.0497, Accuracy: 0.9478, Precision: 0.9720, Recall: 0.9205, Specificity: 0.9743, F1-Score: 0.9456 
09:05:44 : Training Confusion for Epoch 11:
[[1169   52]
 [  44 1186]] 
09:05:48 : Epoch [11/50], Loss: 0.2260, Accuracy: 0.9657, Precision: 0.9607, Recall: 0.9702, Specificity: 0.9614, F1-Score: 0.9654 
09:06:10 : Training Confusion for Epoch 12:
[[1188   33]
 [  31 1199]] 
09:06:14 : Epoch [12/50], Loss: 0.1781, Accuracy: 0.9608, Precision: 0.9664, Recall: 0.9536, Specificity: 0.9678, F1-Score: 0.9600 
09:06:37 : Training Confusion for Epoch 13:
[[1181   40]
 [  38 1192]] 
09:06:40 : Epoch [13/50], Loss: 0.1954, Accuracy: 0.9576, Precision: 0.9694, Recall: 0.9437, Specificity: 0.9711, F1-Score: 0.9564 
09:07:03 : Training Confusion for Epoch 14:
[[1176   45]
 [  47 1183]] 
09:07:07 : Epoch [14/50], Loss: 0.0128, Accuracy: 0.9315, Precision: 0.9887, Recall: 0.8709, Specificity: 0.9904, F1-Score: 0.9261 
09:07:29 : Training Confusion for Epoch 15:
[[1183   38]
 [  22 1208]] 
09:07:33 : Epoch [15/50], Loss: 0.2436, Accuracy: 0.9674, Precision: 0.9548, Recall: 0.9801, Specificity: 0.9550, F1-Score: 0.9673 
09:07:56 : Training Confusion for Epoch 16:
[[1190   31]
 [  23 1207]] 
09:07:59 : Epoch [16/50], Loss: 0.2195, Accuracy: 0.9657, Precision: 0.9668, Recall: 0.9636, Specificity: 0.9678, F1-Score: 0.9652 
09:08:22 : Training Confusion for Epoch 17:
[[1193   28]
 [  25 1205]] 
09:08:26 : Epoch [17/50], Loss: 0.3792, Accuracy: 0.9560, Precision: 0.9205, Recall: 0.9967, Specificity: 0.9164, F1-Score: 0.9571 
09:08:48 : Training Confusion for Epoch 18:
[[1181   40]
 [  42 1188]] 
09:08:52 : Epoch [18/50], Loss: 0.1237, Accuracy: 0.9608, Precision: 0.9793, Recall: 0.9404, Specificity: 0.9807, F1-Score: 0.9595 
09:09:15 : Training Confusion for Epoch 19:
[[1177   44]
 [  33 1197]] 
09:09:18 : Epoch [19/50], Loss: 0.1690, Accuracy: 0.9674, Precision: 0.9519, Recall: 0.9834, Specificity: 0.9518, F1-Score: 0.9674 
09:09:41 : Training Confusion for Epoch 20:
[[1176   45]
 [  41 1189]] 
09:09:45 : Epoch [20/50], Loss: 0.1206, Accuracy: 0.9560, Precision: 0.9758, Recall: 0.9338, Specificity: 0.9775, F1-Score: 0.9543 
09:10:07 : Training Confusion for Epoch 21:
[[1192   29]
 [  20 1210]] 
09:10:11 : Epoch [21/50], Loss: 0.2099, Accuracy: 0.9543, Precision: 0.9507, Recall: 0.9570, Specificity: 0.9518, F1-Score: 0.9538 
09:10:34 : Training Confusion for Epoch 22:
[[1192   29]
 [  36 1194]] 
09:10:37 : Epoch [22/50], Loss: 0.0718, Accuracy: 0.9625, Precision: 0.9697, Recall: 0.9536, Specificity: 0.9711, F1-Score: 0.9616 
09:11:00 : Training Confusion for Epoch 23:
[[1185   36]
 [  34 1196]] 
09:11:04 : Epoch [23/50], Loss: 0.0966, Accuracy: 0.9560, Precision: 0.9758, Recall: 0.9338, Specificity: 0.9775, F1-Score: 0.9543 
09:11:26 : Training Confusion for Epoch 24:
[[1191   30]
 [  37 1193]] 
09:11:30 : Epoch [24/50], Loss: 0.3793, Accuracy: 0.9511, Precision: 0.9503, Recall: 0.9503, Specificity: 0.9518, F1-Score: 0.9503 
09:11:53 : Training Confusion for Epoch 25:
[[1189   32]
 [  28 1202]] 
09:11:57 : Epoch [25/50], Loss: 0.2768, Accuracy: 0.9674, Precision: 0.9700, Recall: 0.9636, Specificity: 0.9711, F1-Score: 0.9668 
09:12:19 : Training Confusion for Epoch 26:
[[1202   19]
 [  24 1206]] 
09:12:23 : Epoch [26/50], Loss: 0.3057, Accuracy: 0.9560, Precision: 0.9283, Recall: 0.9868, Specificity: 0.9260, F1-Score: 0.9567 
09:12:45 : Training Confusion for Epoch 27:
[[1198   23]
 [  19 1211]] 
09:12:49 : Epoch [27/50], Loss: 0.6212, Accuracy: 0.9560, Precision: 0.9310, Recall: 0.9834, Specificity: 0.9293, F1-Score: 0.9565 
09:13:12 : Training Confusion for Epoch 28:
[[1207   14]
 [  18 1212]] 
09:13:16 : Epoch [28/50], Loss: 0.1813, Accuracy: 0.9576, Precision: 0.9570, Recall: 0.9570, Specificity: 0.9582, F1-Score: 0.9570 
09:13:38 : Training Confusion for Epoch 29:
[[1201   20]
 [  26 1204]] 
09:13:42 : Epoch [29/50], Loss: 0.4066, Accuracy: 0.9608, Precision: 0.9728, Recall: 0.9470, Specificity: 0.9743, F1-Score: 0.9597 
09:14:04 : Training Confusion for Epoch 30:
[[1202   19]
 [  28 1202]] 
09:14:08 : Epoch [30/50], Loss: 0.1534, Accuracy: 0.9657, Precision: 0.9637, Recall: 0.9669, Specificity: 0.9646, F1-Score: 0.9653 
09:14:31 : Training Confusion for Epoch 31:
[[1203   18]
 [  19 1211]] 
09:14:35 : Epoch [31/50], Loss: 0.2136, Accuracy: 0.9706, Precision: 0.9551, Recall: 0.9868, Specificity: 0.9550, F1-Score: 0.9707 
09:14:57 : Training Confusion for Epoch 32:
[[1201   20]
 [  30 1200]] 
09:15:01 : Epoch [32/50], Loss: 0.1253, Accuracy: 0.9674, Precision: 0.9578, Recall: 0.9768, Specificity: 0.9582, F1-Score: 0.9672 
09:15:23 : Training Confusion for Epoch 33:
[[1201   20]
 [  23 1207]] 
09:15:27 : Epoch [33/50], Loss: 0.0083, Accuracy: 0.9168, Precision: 0.9846, Recall: 0.8444, Specificity: 0.9871, F1-Score: 0.9091 
09:15:50 : Training Confusion for Epoch 34:
[[1206   15]
 [  18 1212]] 
09:15:54 : Epoch [34/50], Loss: 0.4918, Accuracy: 0.9657, Precision: 0.9577, Recall: 0.9735, Specificity: 0.9582, F1-Score: 0.9655 
09:16:16 : Training Confusion for Epoch 35:
[[1205   16]
 [  15 1215]] 
09:16:20 : Epoch [35/50], Loss: 0.6349, Accuracy: 0.9657, Precision: 0.9577, Recall: 0.9735, Specificity: 0.9582, F1-Score: 0.9655 
09:16:42 : Training Confusion for Epoch 36:
[[1184   37]
 [  64 1166]] 
09:16:46 : Epoch [36/50], Loss: 0.1176, Accuracy: 0.9380, Precision: 0.9583, Recall: 0.9139, Specificity: 0.9614, F1-Score: 0.9356 
09:17:09 : Training Confusion for Epoch 37:
[[1168   53]
 [  51 1179]] 
09:17:12 : Epoch [37/50], Loss: 0.1405, Accuracy: 0.9543, Precision: 0.9628, Recall: 0.9437, Specificity: 0.9646, F1-Score: 0.9532 
09:17:35 : Training Confusion for Epoch 38:
[[1187   34]
 [  35 1195]] 
09:17:39 : Epoch [38/50], Loss: 0.0430, Accuracy: 0.9413, Precision: 0.9130, Recall: 0.9735, Specificity: 0.9100, F1-Score: 0.9423 
09:18:01 : Training Confusion for Epoch 39:
[[1198   23]
 [  31 1199]] 
09:18:05 : Epoch [39/50], Loss: 0.0497, Accuracy: 0.9445, Precision: 0.9558, Recall: 0.9305, Specificity: 0.9582, F1-Score: 0.9430 
09:18:28 : Training Confusion for Epoch 40:
[[1207   14]
 [  21 1209]] 
09:18:31 : Epoch [40/50], Loss: 0.0569, Accuracy: 0.9657, Precision: 0.9763, Recall: 0.9536, Specificity: 0.9775, F1-Score: 0.9648 
09:18:54 : Training Confusion for Epoch 41:
[[1205   16]
 [  18 1212]] 
09:18:58 : Epoch [41/50], Loss: 0.1420, Accuracy: 0.9657, Precision: 0.9577, Recall: 0.9735, Specificity: 0.9582, F1-Score: 0.9655 
09:19:20 : Training Confusion for Epoch 42:
[[1207   14]
 [  23 1207]] 
09:19:24 : Epoch [42/50], Loss: 0.0232, Accuracy: 0.9592, Precision: 0.9727, Recall: 0.9437, Specificity: 0.9743, F1-Score: 0.9580 
09:19:46 : Training Confusion for Epoch 43:
[[1214    7]
 [  14 1216]] 
09:19:50 : Epoch [43/50], Loss: 0.0040, Accuracy: 0.9641, Precision: 0.9698, Recall: 0.9570, Specificity: 0.9711, F1-Score: 0.9633 
09:20:13 : Training Confusion for Epoch 44:
[[1214    7]
 [  14 1216]] 
09:20:17 : Epoch [44/50], Loss: 0.0071, Accuracy: 0.9592, Precision: 0.9511, Recall: 0.9669, Specificity: 0.9518, F1-Score: 0.9589 
09:20:39 : Training Confusion for Epoch 45:
[[1195   26]
 [  33 1197]] 
09:20:43 : Epoch [45/50], Loss: 0.0337, Accuracy: 0.9543, Precision: 0.9363, Recall: 0.9735, Specificity: 0.9357, F1-Score: 0.9545 
09:21:05 : Training Confusion for Epoch 46:
[[1212    9]
 [  12 1218]] 
09:21:09 : Epoch [46/50], Loss: 0.0636, Accuracy: 0.9641, Precision: 0.9698, Recall: 0.9570, Specificity: 0.9711, F1-Score: 0.9633 
09:21:32 : Training Confusion for Epoch 47:
[[1209   12]
 [  21 1209]] 
09:21:36 : Epoch [47/50], Loss: 0.0437, Accuracy: 0.9657, Precision: 0.9763, Recall: 0.9536, Specificity: 0.9775, F1-Score: 0.9648 
09:21:58 : Training Confusion for Epoch 48:
[[1213    8]
 [  14 1216]] 
09:22:02 : Epoch [48/50], Loss: 0.8703, Accuracy: 0.9592, Precision: 0.9369, Recall: 0.9834, Specificity: 0.9357, F1-Score: 0.9596 
09:22:24 : Training Confusion for Epoch 49:
[[1209   12]
 [  17 1213]] 
09:22:28 : Epoch [49/50], Loss: 0.6218, Accuracy: 0.9723, Precision: 0.9672, Recall: 0.9768, Specificity: 0.9678, F1-Score: 0.9720 
09:22:51 : Training Confusion for Epoch 50:
[[1206   15]
 [  20 1210]] 
09:22:54 : Epoch [50/50], Loss: 0.2556, Accuracy: 0.9674, Precision: 0.9548, Recall: 0.9801, Specificity: 0.9550, F1-Score: 0.9673 
09:22:55 : FOLD 3 
09:22:55 : ---------------------------------- 
09:23:18 : Training Confusion for Epoch 1:
[[1113  119]
 [ 397  822]] 
09:23:22 : Epoch [1/50], Loss: 0.1412, Accuracy: 0.9152, Precision: 0.9579, Recall: 0.8722, Specificity: 0.9600, F1-Score: 0.9130 
09:23:44 : Training Confusion for Epoch 2:
[[1139   93]
 [  89 1130]] 
09:23:48 : Epoch [2/50], Loss: 0.1005, Accuracy: 0.9250, Precision: 0.9785, Recall: 0.8722, Specificity: 0.9800, F1-Score: 0.9223 
09:24:11 : Training Confusion for Epoch 3:
[[1145   87]
 [  72 1147]] 
09:24:14 : Epoch [3/50], Loss: 0.0313, Accuracy: 0.9168, Precision: 0.9816, Recall: 0.8530, Specificity: 0.9833, F1-Score: 0.9128 
09:24:37 : Training Confusion for Epoch 4:
[[1161   71]
 [  62 1157]] 
09:24:41 : Epoch [4/50], Loss: 0.2042, Accuracy: 0.9478, Precision: 0.9432, Recall: 0.9553, Specificity: 0.9400, F1-Score: 0.9492 
09:25:03 : Training Confusion for Epoch 5:
[[1170   62]
 [  47 1172]] 
09:25:07 : Epoch [5/50], Loss: 0.0980, Accuracy: 0.9608, Precision: 0.9646, Recall: 0.9585, Specificity: 0.9633, F1-Score: 0.9615 
09:25:30 : Training Confusion for Epoch 6:
[[1189   43]
 [  48 1171]] 
09:25:33 : Epoch [6/50], Loss: 0.0580, Accuracy: 0.9543, Precision: 0.9582, Recall: 0.9521, Specificity: 0.9567, F1-Score: 0.9551 
09:25:56 : Training Confusion for Epoch 7:
[[1175   57]
 [  45 1174]] 
09:26:00 : Epoch [7/50], Loss: 0.1525, Accuracy: 0.9608, Precision: 0.9646, Recall: 0.9585, Specificity: 0.9633, F1-Score: 0.9615 
09:26:22 : Training Confusion for Epoch 8:
[[1188   44]
 [  39 1180]] 
09:26:26 : Epoch [8/50], Loss: 0.0324, Accuracy: 0.9462, Precision: 0.9795, Recall: 0.9137, Specificity: 0.9800, F1-Score: 0.9455 
09:26:49 : Training Confusion for Epoch 9:
[[1191   41]
 [  35 1184]] 
09:26:52 : Epoch [9/50], Loss: 0.4695, Accuracy: 0.9560, Precision: 0.9673, Recall: 0.9457, Specificity: 0.9667, F1-Score: 0.9564 
09:27:15 : Training Confusion for Epoch 10:
[[1184   48]
 [  35 1184]] 
09:27:19 : Epoch [10/50], Loss: 0.1042, Accuracy: 0.9657, Precision: 0.9740, Recall: 0.9585, Specificity: 0.9733, F1-Score: 0.9662 
09:27:41 : Training Confusion for Epoch 11:
[[1194   38]
 [  33 1186]] 
09:27:45 : Epoch [11/50], Loss: 0.0131, Accuracy: 0.9576, Precision: 0.9799, Recall: 0.9361, Specificity: 0.9800, F1-Score: 0.9575 
09:28:08 : Training Confusion for Epoch 12:
[[1192   40]
 [  50 1169]] 
09:28:11 : Epoch [12/50], Loss: 0.0097, Accuracy: 0.9201, Precision: 0.9889, Recall: 0.8530, Specificity: 0.9900, F1-Score: 0.9160 
09:28:34 : Training Confusion for Epoch 13:
[[1186   46]
 [  36 1183]] 
09:28:38 : Epoch [13/50], Loss: 0.0408, Accuracy: 0.9396, Precision: 0.9859, Recall: 0.8946, Specificity: 0.9867, F1-Score: 0.9380 
09:29:00 : Training Confusion for Epoch 14:
[[1192   40]
 [  60 1159]] 
09:29:04 : Epoch [14/50], Loss: 0.0714, Accuracy: 0.9380, Precision: 0.9825, Recall: 0.8946, Specificity: 0.9833, F1-Score: 0.9365 
09:29:27 : Training Confusion for Epoch 15:
[[1196   36]
 [  29 1190]] 
09:29:30 : Epoch [15/50], Loss: 0.0682, Accuracy: 0.9576, Precision: 0.9705, Recall: 0.9457, Specificity: 0.9700, F1-Score: 0.9579 
09:29:53 : Training Confusion for Epoch 16:
[[1190   42]
 [  54 1165]] 
09:29:57 : Epoch [16/50], Loss: 0.4313, Accuracy: 0.9462, Precision: 0.9575, Recall: 0.9361, Specificity: 0.9567, F1-Score: 0.9467 
09:30:19 : Training Confusion for Epoch 17:
[[1196   36]
 [  43 1176]] 
09:30:23 : Epoch [17/50], Loss: 0.0318, Accuracy: 0.9560, Precision: 0.9735, Recall: 0.9393, Specificity: 0.9733, F1-Score: 0.9561 
09:30:46 : Training Confusion for Epoch 18:
[[1197   35]
 [  34 1185]] 
09:30:49 : Epoch [18/50], Loss: 0.3408, Accuracy: 0.9592, Precision: 0.9586, Recall: 0.9617, Specificity: 0.9567, F1-Score: 0.9601 
09:31:12 : Training Confusion for Epoch 19:
[[1204   28]
 [  27 1192]] 
09:31:16 : Epoch [19/50], Loss: 0.0037, Accuracy: 0.9576, Precision: 0.9674, Recall: 0.9489, Specificity: 0.9667, F1-Score: 0.9581 
09:31:38 : Training Confusion for Epoch 20:
[[1198   34]
 [  32 1187]] 
09:31:42 : Epoch [20/50], Loss: 0.0016, Accuracy: 0.9494, Precision: 0.9796, Recall: 0.9201, Specificity: 0.9800, F1-Score: 0.9489 
09:32:05 : Training Confusion for Epoch 21:
[[1201   31]
 [  22 1197]] 
09:32:08 : Epoch [21/50], Loss: 0.3552, Accuracy: 0.9511, Precision: 0.9492, Recall: 0.9553, Specificity: 0.9467, F1-Score: 0.9522 
09:32:31 : Training Confusion for Epoch 22:
[[1195   37]
 [  29 1190]] 
09:32:35 : Epoch [22/50], Loss: 0.0071, Accuracy: 0.9576, Precision: 0.9736, Recall: 0.9425, Specificity: 0.9733, F1-Score: 0.9578 
09:32:57 : Training Confusion for Epoch 23:
[[1207   25]
 [  22 1197]] 
09:33:01 : Epoch [23/50], Loss: 0.0072, Accuracy: 0.9543, Precision: 0.9672, Recall: 0.9425, Specificity: 0.9667, F1-Score: 0.9547 
09:33:24 : Training Confusion for Epoch 24:
[[1203   29]
 [  25 1194]] 
09:33:27 : Epoch [24/50], Loss: 0.1912, Accuracy: 0.9592, Precision: 0.9675, Recall: 0.9521, Specificity: 0.9667, F1-Score: 0.9597 
09:33:50 : Training Confusion for Epoch 25:
[[1204   28]
 [  24 1195]] 
09:33:54 : Epoch [25/50], Loss: 0.1256, Accuracy: 0.9674, Precision: 0.9536, Recall: 0.9840, Specificity: 0.9500, F1-Score: 0.9686 
09:34:16 : Training Confusion for Epoch 26:
[[1205   27]
 [  21 1198]] 
09:34:20 : Epoch [26/50], Loss: 0.5092, Accuracy: 0.9576, Precision: 0.9415, Recall: 0.9776, Specificity: 0.9367, F1-Score: 0.9592 
09:34:43 : Training Confusion for Epoch 27:
[[1206   26]
 [  20 1199]] 
09:34:46 : Epoch [27/50], Loss: 0.0023, Accuracy: 0.9250, Precision: 0.9890, Recall: 0.8626, Specificity: 0.9900, F1-Score: 0.9215 
09:35:09 : Training Confusion for Epoch 28:
[[1212   20]
 [  29 1190]] 
09:35:13 : Epoch [28/50], Loss: 0.1010, Accuracy: 0.9543, Precision: 0.9642, Recall: 0.9457, Specificity: 0.9633, F1-Score: 0.9548 
09:35:35 : Training Confusion for Epoch 29:
[[1202   30]
 [  34 1185]] 
09:35:39 : Epoch [29/50], Loss: 1.1160, Accuracy: 0.9266, Precision: 0.8988, Recall: 0.9649, Specificity: 0.8867, F1-Score: 0.9307 
09:36:02 : Training Confusion for Epoch 30:
[[1204   28]
 [  38 1181]] 
09:36:05 : Epoch [30/50], Loss: 0.0072, Accuracy: 0.9250, Precision: 0.9963, Recall: 0.8562, Specificity: 0.9967, F1-Score: 0.9210 
09:36:28 : Training Confusion for Epoch 31:
[[1207   25]
 [  18 1201]] 
09:36:32 : Epoch [31/50], Loss: 0.0836, Accuracy: 0.9560, Precision: 0.9643, Recall: 0.9489, Specificity: 0.9633, F1-Score: 0.9565 
09:36:54 : Training Confusion for Epoch 32:
[[1212   20]
 [  26 1193]] 
09:36:58 : Epoch [32/50], Loss: 0.0833, Accuracy: 0.9592, Precision: 0.9557, Recall: 0.9649, Specificity: 0.9533, F1-Score: 0.9603 
09:37:21 : Training Confusion for Epoch 33:
[[1217   15]
 [  19 1200]] 
09:37:24 : Epoch [33/50], Loss: 0.0045, Accuracy: 0.9429, Precision: 0.9860, Recall: 0.9010, Specificity: 0.9867, F1-Score: 0.9416 
09:37:47 : Training Confusion for Epoch 34:
[[1206   26]
 [  26 1193]] 
09:37:51 : Epoch [34/50], Loss: 0.0145, Accuracy: 0.9543, Precision: 0.9766, Recall: 0.9329, Specificity: 0.9767, F1-Score: 0.9542 
09:38:13 : Training Confusion for Epoch 35:
[[1218   14]
 [  16 1203]] 
09:38:17 : Epoch [35/50], Loss: 0.1482, Accuracy: 0.9462, Precision: 0.9430, Recall: 0.9521, Specificity: 0.9400, F1-Score: 0.9475 
09:38:40 : Training Confusion for Epoch 36:
[[1210   22]
 [  31 1188]] 
09:38:43 : Epoch [36/50], Loss: 0.1543, Accuracy: 0.9625, Precision: 0.9618, Recall: 0.9649, Specificity: 0.9600, F1-Score: 0.9633 
09:39:06 : Training Confusion for Epoch 37:
[[1217   15]
 [  16 1203]] 
09:39:10 : Epoch [37/50], Loss: 0.0220, Accuracy: 0.9543, Precision: 0.9703, Recall: 0.9393, Specificity: 0.9700, F1-Score: 0.9545 
09:39:32 : Training Confusion for Epoch 38:
[[1220   12]
 [  15 1204]] 
09:39:36 : Epoch [38/50], Loss: 0.0770, Accuracy: 0.9592, Precision: 0.9706, Recall: 0.9489, Specificity: 0.9700, F1-Score: 0.9596 
09:39:58 : Training Confusion for Epoch 39:
[[1217   15]
 [  18 1201]] 
09:40:02 : Epoch [39/50], Loss: 0.0257, Accuracy: 0.9445, Precision: 0.9794, Recall: 0.9105, Specificity: 0.9800, F1-Score: 0.9437 
09:40:25 : Training Confusion for Epoch 40:
[[1219   13]
 [  18 1201]] 
09:40:29 : Epoch [40/50], Loss: 0.2288, Accuracy: 0.9445, Precision: 0.9544, Recall: 0.9361, Specificity: 0.9533, F1-Score: 0.9452 
09:40:51 : Training Confusion for Epoch 41:
[[1213   19]
 [  20 1199]] 
09:40:55 : Epoch [41/50], Loss: 0.0057, Accuracy: 0.9527, Precision: 0.9733, Recall: 0.9329, Specificity: 0.9733, F1-Score: 0.9527 
09:41:17 : Training Confusion for Epoch 42:
[[1220   12]
 [  17 1202]] 
09:41:21 : Epoch [42/50], Loss: 0.0291, Accuracy: 0.9511, Precision: 0.9701, Recall: 0.9329, Specificity: 0.9700, F1-Score: 0.9511 
09:41:44 : Training Confusion for Epoch 43:
[[1219   13]
 [  17 1202]] 
09:41:48 : Epoch [43/50], Loss: 0.0056, Accuracy: 0.9396, Precision: 0.9825, Recall: 0.8978, Specificity: 0.9833, F1-Score: 0.9382 
09:42:10 : Training Confusion for Epoch 44:
[[1223    9]
 [  15 1204]] 
09:42:14 : Epoch [44/50], Loss: 0.0062, Accuracy: 0.9543, Precision: 0.9672, Recall: 0.9425, Specificity: 0.9667, F1-Score: 0.9547 
09:42:36 : Training Confusion for Epoch 45:
[[1228    4]
 [   7 1212]] 
09:42:40 : Epoch [45/50], Loss: 0.0094, Accuracy: 0.9576, Precision: 0.9832, Recall: 0.9329, Specificity: 0.9833, F1-Score: 0.9574 
09:43:03 : Training Confusion for Epoch 46:
[[1228    4]
 [  15 1204]] 
09:43:07 : Epoch [46/50], Loss: 0.0031, Accuracy: 0.9543, Precision: 0.9798, Recall: 0.9297, Specificity: 0.9800, F1-Score: 0.9541 
09:43:29 : Training Confusion for Epoch 47:
[[1225    7]
 [  13 1206]] 
09:43:33 : Epoch [47/50], Loss: 0.5438, Accuracy: 0.9511, Precision: 0.9408, Recall: 0.9649, Specificity: 0.9367, F1-Score: 0.9527 
09:43:55 : Training Confusion for Epoch 48:
[[1209   23]
 [  30 1189]] 
09:43:59 : Epoch [48/50], Loss: 0.0078, Accuracy: 0.9445, Precision: 0.9697, Recall: 0.9201, Specificity: 0.9700, F1-Score: 0.9443 
09:44:22 : Training Confusion for Epoch 49:
[[1220   12]
 [  18 1201]] 
09:44:26 : Epoch [49/50], Loss: 0.0711, Accuracy: 0.9347, Precision: 0.9149, Recall: 0.9617, Specificity: 0.9067, F1-Score: 0.9377 
09:44:48 : Training Confusion for Epoch 50:
[[1215   17]
 [  30 1189]] 
09:44:52 : Epoch [50/50], Loss: 0.0115, Accuracy: 0.9462, Precision: 0.9605, Recall: 0.9329, Specificity: 0.9600, F1-Score: 0.9465 
09:44:53 : FOLD 4 
09:44:53 : ---------------------------------- 
09:45:15 : Training Confusion for Epoch 1:
[[1033  183]
 [ 204 1032]] 
09:45:19 : Epoch [1/50], Loss: 0.0078, Accuracy: 0.8971, Precision: 0.9299, Recall: 0.8514, Specificity: 0.9399, F1-Score: 0.8889 
09:45:42 : Training Confusion for Epoch 2:
[[1120   96]
 [  96 1140]] 
09:45:45 : Epoch [2/50], Loss: 0.0404, Accuracy: 0.9575, Precision: 0.9787, Recall: 0.9324, Specificity: 0.9810, F1-Score: 0.9550 
09:46:08 : Training Confusion for Epoch 3:
[[1151   65]
 [  69 1167]] 
09:46:12 : Epoch [3/50], Loss: 0.0146, Accuracy: 0.8382, Precision: 0.9668, Recall: 0.6892, Specificity: 0.9778, F1-Score: 0.8047 
09:46:34 : Training Confusion for Epoch 4:
[[1143   73]
 [  65 1171]] 
09:46:38 : Epoch [4/50], Loss: 0.0044, Accuracy: 0.9232, Precision: 0.9770, Recall: 0.8615, Specificity: 0.9810, F1-Score: 0.9156 
09:47:01 : Training Confusion for Epoch 5:
[[1155   61]
 [  64 1172]] 
09:47:05 : Epoch [5/50], Loss: 0.0090, Accuracy: 0.8840, Precision: 0.9870, Recall: 0.7703, Specificity: 0.9905, F1-Score: 0.8653 
09:47:27 : Training Confusion for Epoch 6:
[[1149   67]
 [  60 1176]] 
09:47:31 : Epoch [6/50], Loss: 0.0094, Accuracy: 0.9673, Precision: 0.9570, Recall: 0.9764, Specificity: 0.9589, F1-Score: 0.9666 
09:47:53 : Training Confusion for Epoch 7:
[[1153   63]
 [  40 1196]] 
09:47:57 : Epoch [7/50], Loss: 0.0013, Accuracy: 0.9559, Precision: 0.9821, Recall: 0.9257, Specificity: 0.9842, F1-Score: 0.9530 
09:48:20 : Training Confusion for Epoch 8:
[[1160   56]
 [  37 1199]] 
09:48:24 : Epoch [8/50], Loss: 0.0015, Accuracy: 0.9788, Precision: 0.9670, Recall: 0.9899, Specificity: 0.9684, F1-Score: 0.9783 
09:48:47 : Training Confusion for Epoch 9:
[[1167   49]
 [  34 1202]] 
09:48:50 : Epoch [9/50], Loss: 0.0058, Accuracy: 0.9706, Precision: 0.9826, Recall: 0.9561, Specificity: 0.9842, F1-Score: 0.9692 
09:49:13 : Training Confusion for Epoch 10:
[[1169   47]
 [  44 1192]] 
09:49:17 : Epoch [10/50], Loss: 0.0026, Accuracy: 0.9281, Precision: 0.9773, Recall: 0.8716, Specificity: 0.9810, F1-Score: 0.9214 
09:49:39 : Training Confusion for Epoch 11:
[[1164   52]
 [  36 1200]] 
09:49:43 : Epoch [11/50], Loss: 0.0060, Accuracy: 0.9771, Precision: 0.9700, Recall: 0.9831, Specificity: 0.9715, F1-Score: 0.9765 
09:50:06 : Training Confusion for Epoch 12:
[[1179   37]
 [  34 1202]] 
09:50:10 : Epoch [12/50], Loss: 0.0018, Accuracy: 0.9412, Precision: 0.9815, Recall: 0.8953, Specificity: 0.9842, F1-Score: 0.9364 
09:50:32 : Training Confusion for Epoch 13:
[[1171   45]
 [  32 1204]] 
09:50:36 : Epoch [13/50], Loss: 0.0002, Accuracy: 0.9755, Precision: 0.9828, Recall: 0.9662, Specificity: 0.9842, F1-Score: 0.9744 
09:50:58 : Training Confusion for Epoch 14:
[[1173   43]
 [  30 1206]] 
09:51:02 : Epoch [14/50], Loss: 0.0038, Accuracy: 0.9657, Precision: 0.9365, Recall: 0.9966, Specificity: 0.9367, F1-Score: 0.9656 
09:51:25 : Training Confusion for Epoch 15:
[[1184   32]
 [  24 1212]] 
09:51:29 : Epoch [15/50], Loss: 0.0030, Accuracy: 0.9771, Precision: 0.9732, Recall: 0.9797, Specificity: 0.9747, F1-Score: 0.9764 
09:51:51 : Training Confusion for Epoch 16:
[[1181   35]
 [  27 1209]] 
09:51:55 : Epoch [16/50], Loss: 0.0017, Accuracy: 0.9755, Precision: 0.9699, Recall: 0.9797, Specificity: 0.9715, F1-Score: 0.9748 
09:52:17 : Training Confusion for Epoch 17:
[[1184   32]
 [  29 1207]] 
09:52:21 : Epoch [17/50], Loss: 0.0035, Accuracy: 0.9755, Precision: 0.9699, Recall: 0.9797, Specificity: 0.9715, F1-Score: 0.9748 
09:52:44 : Training Confusion for Epoch 18:
[[1184   32]
 [  39 1197]] 
09:52:48 : Epoch [18/50], Loss: 0.0013, Accuracy: 0.9690, Precision: 0.9727, Recall: 0.9628, Specificity: 0.9747, F1-Score: 0.9677 
09:53:10 : Training Confusion for Epoch 19:
[[1186   30]
 [  20 1216]] 
09:53:14 : Epoch [19/50], Loss: 0.0019, Accuracy: 0.9657, Precision: 0.9825, Recall: 0.9459, Specificity: 0.9842, F1-Score: 0.9639 
09:53:37 : Training Confusion for Epoch 20:
[[1189   27]
 [  21 1215]] 
09:53:40 : Epoch [20/50], Loss: 0.0021, Accuracy: 0.9510, Precision: 0.9784, Recall: 0.9189, Specificity: 0.9810, F1-Score: 0.9477 
09:54:03 : Training Confusion for Epoch 21:
[[1174   42]
 [  34 1202]] 
09:54:07 : Epoch [21/50], Loss: 0.0062, Accuracy: 0.9690, Precision: 0.9571, Recall: 0.9797, Specificity: 0.9589, F1-Score: 0.9683 
09:54:29 : Training Confusion for Epoch 22:
[[1141   75]
 [  86 1150]] 
09:54:33 : Epoch [22/50], Loss: 0.0099, Accuracy: 0.9493, Precision: 0.9649, Recall: 0.9291, Specificity: 0.9684, F1-Score: 0.9466 
09:54:56 : Training Confusion for Epoch 23:
[[1158   58]
 [  63 1173]] 
09:55:00 : Epoch [23/50], Loss: 0.0026, Accuracy: 0.9722, Precision: 0.9794, Recall: 0.9628, Specificity: 0.9810, F1-Score: 0.9710 
09:55:22 : Training Confusion for Epoch 24:
[[1158   58]
 [  38 1198]] 
09:55:26 : Epoch [24/50], Loss: 0.0029, Accuracy: 0.9722, Precision: 0.9635, Recall: 0.9797, Specificity: 0.9652, F1-Score: 0.9715 
09:55:48 : Training Confusion for Epoch 25:
[[1177   39]
 [  34 1202]] 
09:55:52 : Epoch [25/50], Loss: 0.0083, Accuracy: 0.9788, Precision: 0.9829, Recall: 0.9730, Specificity: 0.9842, F1-Score: 0.9779 
09:56:15 : Training Confusion for Epoch 26:
[[1166   50]
 [  41 1195]] 
09:56:19 : Epoch [26/50], Loss: 0.0026, Accuracy: 0.9706, Precision: 0.9696, Recall: 0.9696, Specificity: 0.9715, F1-Score: 0.9696 
09:56:41 : Training Confusion for Epoch 27:
[[1174   42]
 [  39 1197]] 
09:56:45 : Epoch [27/50], Loss: 0.0036, Accuracy: 0.9592, Precision: 0.9385, Recall: 0.9797, Specificity: 0.9399, F1-Score: 0.9587 
09:57:08 : Training Confusion for Epoch 28:
[[1183   33]
 [  40 1196]] 
09:57:11 : Epoch [28/50], Loss: 0.0024, Accuracy: 0.9592, Precision: 0.9822, Recall: 0.9324, Specificity: 0.9842, F1-Score: 0.9567 
09:57:34 : Training Confusion for Epoch 29:
[[1187   29]
 [  25 1211]] 
09:57:38 : Epoch [29/50], Loss: 0.0033, Accuracy: 0.9690, Precision: 0.9792, Recall: 0.9561, Specificity: 0.9810, F1-Score: 0.9675 
09:58:00 : Training Confusion for Epoch 30:
[[1181   35]
 [  29 1207]] 
09:58:04 : Epoch [30/50], Loss: 0.0050, Accuracy: 0.9788, Precision: 0.9764, Recall: 0.9797, Specificity: 0.9778, F1-Score: 0.9781 
09:58:27 : Training Confusion for Epoch 31:
[[1189   27]
 [  23 1213]] 
09:58:31 : Epoch [31/50], Loss: 0.0079, Accuracy: 0.9739, Precision: 0.9636, Recall: 0.9831, Specificity: 0.9652, F1-Score: 0.9732 
09:58:53 : Training Confusion for Epoch 32:
[[1190   26]
 [  23 1213]] 
09:58:57 : Epoch [32/50], Loss: 0.0088, Accuracy: 0.9755, Precision: 0.9731, Recall: 0.9764, Specificity: 0.9747, F1-Score: 0.9747 
09:59:20 : Training Confusion for Epoch 33:
[[1184   32]
 [  28 1208]] 
09:59:24 : Epoch [33/50], Loss: 0.0021, Accuracy: 0.9722, Precision: 0.9729, Recall: 0.9696, Specificity: 0.9747, F1-Score: 0.9712 
09:59:46 : Training Confusion for Epoch 34:
[[1192   24]
 [  18 1218]] 
09:59:50 : Epoch [34/50], Loss: 0.0014, Accuracy: 0.9755, Precision: 0.9763, Recall: 0.9730, Specificity: 0.9778, F1-Score: 0.9746 
10:00:12 : Training Confusion for Epoch 35:
[[1189   27]
 [  23 1213]] 
10:00:16 : Epoch [35/50], Loss: 0.0025, Accuracy: 0.9641, Precision: 0.9824, Recall: 0.9426, Specificity: 0.9842, F1-Score: 0.9621 
10:00:39 : Training Confusion for Epoch 36:
[[1199   17]
 [  20 1216]] 
10:00:43 : Epoch [36/50], Loss: 0.0024, Accuracy: 0.9641, Precision: 0.9790, Recall: 0.9459, Specificity: 0.9810, F1-Score: 0.9622 
10:01:05 : Training Confusion for Epoch 37:
[[1190   26]
 [  24 1212]] 
10:01:09 : Epoch [37/50], Loss: 0.0020, Accuracy: 0.9755, Precision: 0.9828, Recall: 0.9662, Specificity: 0.9842, F1-Score: 0.9744 
10:01:32 : Training Confusion for Epoch 38:
[[1196   20]
 [  15 1221]] 
10:01:35 : Epoch [38/50], Loss: 0.0052, Accuracy: 0.9755, Precision: 0.9731, Recall: 0.9764, Specificity: 0.9747, F1-Score: 0.9747 
10:01:58 : Training Confusion for Epoch 39:
[[1190   26]
 [  31 1205]] 
10:02:02 : Epoch [39/50], Loss: 0.0025, Accuracy: 0.9183, Precision: 0.9881, Recall: 0.8412, Specificity: 0.9905, F1-Score: 0.9088 
10:02:24 : Training Confusion for Epoch 40:
[[1198   18]
 [  18 1218]] 
10:02:28 : Epoch [40/50], Loss: 0.0011, Accuracy: 0.9624, Precision: 0.9858, Recall: 0.9358, Specificity: 0.9873, F1-Score: 0.9601 
10:02:51 : Training Confusion for Epoch 41:
[[1198   18]
 [  22 1214]] 
10:02:54 : Epoch [41/50], Loss: 0.0056, Accuracy: 0.9673, Precision: 0.9859, Recall: 0.9459, Specificity: 0.9873, F1-Score: 0.9655 
10:03:17 : Training Confusion for Epoch 42:
[[1203   13]
 [  20 1216]] 
10:03:21 : Epoch [42/50], Loss: 0.0004, Accuracy: 0.9526, Precision: 0.9819, Recall: 0.9189, Specificity: 0.9842, F1-Score: 0.9494 
10:03:43 : Training Confusion for Epoch 43:
[[1188   28]
 [  27 1209]] 
10:03:47 : Epoch [43/50], Loss: 0.0039, Accuracy: 0.9755, Precision: 0.9862, Recall: 0.9628, Specificity: 0.9873, F1-Score: 0.9744 
10:04:10 : Training Confusion for Epoch 44:
[[1198   18]
 [  17 1219]] 
10:04:14 : Epoch [44/50], Loss: 0.0023, Accuracy: 0.9771, Precision: 0.9796, Recall: 0.9730, Specificity: 0.9810, F1-Score: 0.9763 
10:04:36 : Training Confusion for Epoch 45:
[[1203   13]
 [  12 1224]] 
10:04:40 : Epoch [45/50], Loss: 0.0006, Accuracy: 0.9706, Precision: 0.9793, Recall: 0.9595, Specificity: 0.9810, F1-Score: 0.9693 
10:05:02 : Training Confusion for Epoch 46:
[[1208    8]
 [  21 1215]] 
10:05:06 : Epoch [46/50], Loss: 0.0100, Accuracy: 0.9690, Precision: 0.9453, Recall: 0.9932, Specificity: 0.9462, F1-Score: 0.9687 
10:05:29 : Training Confusion for Epoch 47:
[[1189   27]
 [  24 1212]] 
10:05:33 : Epoch [47/50], Loss: 0.0035, Accuracy: 0.9739, Precision: 0.9762, Recall: 0.9696, Specificity: 0.9778, F1-Score: 0.9729 
10:05:55 : Training Confusion for Epoch 48:
[[1212    4]
 [  14 1222]] 
10:05:59 : Epoch [48/50], Loss: 0.0026, Accuracy: 0.9673, Precision: 0.9726, Recall: 0.9595, Specificity: 0.9747, F1-Score: 0.9660 
10:06:21 : Training Confusion for Epoch 49:
[[1206   10]
 [  19 1217]] 
10:06:25 : Epoch [49/50], Loss: 0.0021, Accuracy: 0.9804, Precision: 0.9797, Recall: 0.9797, Specificity: 0.9810, F1-Score: 0.9797 
10:06:48 : Training Confusion for Epoch 50:
[[1193   23]
 [  26 1210]] 
10:06:52 : Epoch [50/50], Loss: 0.0072, Accuracy: 0.9690, Precision: 0.9511, Recall: 0.9865, Specificity: 0.9525, F1-Score: 0.9685 
10:06:53 : Cross-validation results: 
10:06:53 : Accuracy: 0.9472  0.0301 
10:06:53 : Precision: 0.9611  0.0234 
10:06:53 : Recall: 0.9337  0.0636 
10:06:53 : Specificity: 0.9610  0.0274 
10:06:53 : F1-Score: 0.9455  0.0394 
10:06:53 : Training Loss: 0.0883  0.0597 
10:06:53 : Validation Loss: 0.2579  0.7105 
10:07:56 : CBAM 
10:08:53 : Loaded saved model. 
10:15:08 : Test Loss: 73.9927, Test Accuracy: 0.9581, Test Precision: 0.1296, Test Recall: 0.9609, Test Specificity: 0.9581, Test F1-Score: 0.2283 
