22:10:50 : CBAM_crossval 
22:11:17 : No saved model found. Training a new model. 
22:11:17 : FOLD 0 
22:11:17 : ---------------------------------- 
22:11:30 : Training Confusion for Epoch 1:
[[1099  119]
 [ 272  961]] 
22:14:20 : CBAM_crossval 
22:14:49 : No saved model found. Training a new model. 
22:14:49 : FOLD 0 
22:14:49 : ---------------------------------- 
22:15:01 : Training Confusion for Epoch 1:
[[1099  119]
 [ 272  961]] 
22:15:03 : Epoch [1/50], Loss: 0.0101, Accuracy: 0.7977, Precision: 0.9630, Recall: 0.6087, Specificity: 0.9777, F1-Score: 0.7459 
22:15:15 : Training Confusion for Epoch 2:
[[1120   98]
 [  77 1156]] 
22:15:16 : Epoch [2/50], Loss: 0.0039, Accuracy: 0.9380, Precision: 0.9547, Recall: 0.9164, Specificity: 0.9586, F1-Score: 0.9352 
22:15:28 : Training Confusion for Epoch 3:
[[1143   75]
 [  72 1161]] 
22:15:30 : Epoch [3/50], Loss: 0.0045, Accuracy: 0.9364, Precision: 0.9452, Recall: 0.9231, Specificity: 0.9490, F1-Score: 0.9340 
22:15:42 : Training Confusion for Epoch 4:
[[1138   80]
 [  67 1166]] 
22:15:43 : Epoch [4/50], Loss: 0.0061, Accuracy: 0.9070, Precision: 0.9481, Recall: 0.8562, Specificity: 0.9554, F1-Score: 0.8998 
22:15:55 : Training Confusion for Epoch 5:
[[1146   72]
 [  59 1174]] 
22:15:57 : Epoch [5/50], Loss: 0.0015, Accuracy: 0.9462, Precision: 0.9404, Recall: 0.9498, Specificity: 0.9427, F1-Score: 0.9451 
22:16:09 : Training Confusion for Epoch 6:
[[1154   64]
 [  56 1177]] 
22:16:10 : Epoch [6/50], Loss: 0.0023, Accuracy: 0.9413, Precision: 0.9175, Recall: 0.9666, Specificity: 0.9172, F1-Score: 0.9414 
22:16:23 : Training Confusion for Epoch 7:
[[1168   50]
 [  48 1185]] 
22:16:24 : Epoch [7/50], Loss: 0.0051, Accuracy: 0.9413, Precision: 0.9122, Recall: 0.9732, Specificity: 0.9108, F1-Score: 0.9417 
22:16:36 : Training Confusion for Epoch 8:
[[1173   45]
 [  43 1190]] 
22:16:38 : Epoch [8/50], Loss: 0.0050, Accuracy: 0.9445, Precision: 0.9233, Recall: 0.9666, Specificity: 0.9236, F1-Score: 0.9444 
22:16:50 : Training Confusion for Epoch 9:
[[1184   34]
 [  40 1193]] 
22:16:51 : Epoch [9/50], Loss: 0.0023, Accuracy: 0.9478, Precision: 0.9349, Recall: 0.9599, Specificity: 0.9363, F1-Score: 0.9472 
22:17:03 : Training Confusion for Epoch 10:
[[1168   50]
 [  56 1177]] 
22:17:05 : Epoch [10/50], Loss: 0.0039, Accuracy: 0.9266, Precision: 0.9410, Recall: 0.9064, Specificity: 0.9459, F1-Score: 0.9233 
22:17:17 : Training Confusion for Epoch 11:
[[1169   49]
 [  39 1194]] 
22:17:18 : Epoch [11/50], Loss: 0.0017, Accuracy: 0.9331, Precision: 0.8957, Recall: 0.9766, Specificity: 0.8917, F1-Score: 0.9344 
22:17:30 : Training Confusion for Epoch 12:
[[1175   43]
 [  48 1185]] 
22:17:32 : Epoch [12/50], Loss: 0.0258, Accuracy: 0.8874, Precision: 0.8286, Recall: 0.9699, Specificity: 0.8089, F1-Score: 0.8937 
22:17:44 : Training Confusion for Epoch 13:
[[1143   75]
 [  76 1157]] 
22:17:45 : Epoch [13/50], Loss: 0.0082, Accuracy: 0.9347, Precision: 0.9191, Recall: 0.9498, Specificity: 0.9204, F1-Score: 0.9342 
22:17:58 : Training Confusion for Epoch 14:
[[1169   49]
 [  44 1189]] 
22:17:59 : Epoch [14/50], Loss: 0.0156, Accuracy: 0.9364, Precision: 0.9422, Recall: 0.9264, Specificity: 0.9459, F1-Score: 0.9342 
22:18:11 : Training Confusion for Epoch 15:
[[1166   52]
 [  58 1175]] 
22:18:13 : Epoch [15/50], Loss: 0.0049, Accuracy: 0.9396, Precision: 0.9396, Recall: 0.9365, Specificity: 0.9427, F1-Score: 0.9380 
22:18:25 : Training Confusion for Epoch 16:
[[1180   38]
 [  41 1192]] 
22:18:26 : Epoch [16/50], Loss: 0.0028, Accuracy: 0.9250, Precision: 0.9347, Recall: 0.9097, Specificity: 0.9395, F1-Score: 0.9220 
22:18:39 : Training Confusion for Epoch 17:
[[1167   51]
 [  43 1190]] 
22:18:40 : Epoch [17/50], Loss: 0.0066, Accuracy: 0.9413, Precision: 0.9311, Recall: 0.9498, Specificity: 0.9331, F1-Score: 0.9404 
22:18:52 : Training Confusion for Epoch 18:
[[1174   44]
 [  40 1193]] 
22:18:54 : Epoch [18/50], Loss: 0.0018, Accuracy: 0.9413, Precision: 0.9311, Recall: 0.9498, Specificity: 0.9331, F1-Score: 0.9404 
22:19:06 : Training Confusion for Epoch 19:
[[1183   35]
 [  28 1205]] 
22:19:07 : Epoch [19/50], Loss: 0.0012, Accuracy: 0.9282, Precision: 0.9636, Recall: 0.8863, Specificity: 0.9682, F1-Score: 0.9233 
22:19:20 : Training Confusion for Epoch 20:
[[1191   27]
 [  31 1202]] 
22:19:21 : Epoch [20/50], Loss: 0.0098, Accuracy: 0.9413, Precision: 0.9369, Recall: 0.9431, Specificity: 0.9395, F1-Score: 0.9400 
22:19:33 : Training Confusion for Epoch 21:
[[1189   29]
 [  28 1205]] 
22:19:35 : Epoch [21/50], Loss: 0.0010, Accuracy: 0.9315, Precision: 0.8906, Recall: 0.9799, Specificity: 0.8854, F1-Score: 0.9331 
22:19:47 : Training Confusion for Epoch 22:
[[1187   31]
 [  21 1212]] 
22:19:48 : Epoch [22/50], Loss: 0.0011, Accuracy: 0.9494, Precision: 0.9379, Recall: 0.9599, Specificity: 0.9395, F1-Score: 0.9488 
22:20:01 : Training Confusion for Epoch 23:
[[1199   19]
 [  22 1211]] 
22:20:02 : Epoch [23/50], Loss: 0.0041, Accuracy: 0.9347, Precision: 0.9709, Recall: 0.8930, Specificity: 0.9745, F1-Score: 0.9303 
22:20:14 : Training Confusion for Epoch 24:
[[1192   26]
 [  19 1214]] 
22:20:16 : Epoch [24/50], Loss: 0.0063, Accuracy: 0.9511, Precision: 0.9529, Recall: 0.9465, Specificity: 0.9554, F1-Score: 0.9497 
22:20:28 : Training Confusion for Epoch 25:
[[1189   29]
 [  27 1206]] 
22:20:29 : Epoch [25/50], Loss: 0.0006, Accuracy: 0.9445, Precision: 0.9233, Recall: 0.9666, Specificity: 0.9236, F1-Score: 0.9444 
22:20:42 : Training Confusion for Epoch 26:
[[1192   26]
 [  28 1205]] 
22:20:43 : Epoch [26/50], Loss: 0.0006, Accuracy: 0.9494, Precision: 0.9437, Recall: 0.9532, Specificity: 0.9459, F1-Score: 0.9484 
22:20:55 : Training Confusion for Epoch 27:
[[1190   28]
 [  23 1210]] 
22:20:57 : Epoch [27/50], Loss: 0.0013, Accuracy: 0.9527, Precision: 0.9655, Recall: 0.9365, Specificity: 0.9682, F1-Score: 0.9508 
22:21:09 : Training Confusion for Epoch 28:
[[1195   23]
 [  15 1218]] 
22:21:10 : Epoch [28/50], Loss: 0.0018, Accuracy: 0.9462, Precision: 0.9290, Recall: 0.9632, Specificity: 0.9299, F1-Score: 0.9458 
22:21:23 : Training Confusion for Epoch 29:
[[1191   27]
 [  21 1212]] 
22:21:24 : Epoch [29/50], Loss: 0.0038, Accuracy: 0.9511, Precision: 0.9468, Recall: 0.9532, Specificity: 0.9490, F1-Score: 0.9500 
22:21:36 : Training Confusion for Epoch 30:
[[1189   29]
 [  29 1204]] 
22:21:38 : Epoch [30/50], Loss: 0.0067, Accuracy: 0.9511, Precision: 0.9686, Recall: 0.9298, Specificity: 0.9713, F1-Score: 0.9488 
22:21:50 : Training Confusion for Epoch 31:
[[1202   16]
 [  16 1217]] 
22:21:51 : Epoch [31/50], Loss: 0.0031, Accuracy: 0.9543, Precision: 0.9562, Recall: 0.9498, Specificity: 0.9586, F1-Score: 0.9530 
22:22:04 : Training Confusion for Epoch 32:
[[1195   23]
 [  22 1211]] 
22:22:05 : Epoch [32/50], Loss: 0.0027, Accuracy: 0.9445, Precision: 0.9344, Recall: 0.9532, Specificity: 0.9363, F1-Score: 0.9437 
22:22:17 : Training Confusion for Epoch 33:
[[1208   10]
 [  19 1214]] 
22:22:19 : Epoch [33/50], Loss: 0.0008, Accuracy: 0.9413, Precision: 0.9148, Recall: 0.9699, Specificity: 0.9140, F1-Score: 0.9416 
22:22:31 : Training Confusion for Epoch 34:
[[1200   18]
 [  20 1213]] 
22:22:32 : Epoch [34/50], Loss: 0.0079, Accuracy: 0.9560, Precision: 0.9503, Recall: 0.9599, Specificity: 0.9522, F1-Score: 0.9551 
22:22:45 : Training Confusion for Epoch 35:
[[1199   19]
 [  17 1216]] 
22:22:46 : Epoch [35/50], Loss: 0.0031, Accuracy: 0.9527, Precision: 0.9592, Recall: 0.9431, Specificity: 0.9618, F1-Score: 0.9511 
22:22:58 : Training Confusion for Epoch 36:
[[1203   15]
 [  16 1217]] 
22:23:00 : Epoch [36/50], Loss: 0.0040, Accuracy: 0.9380, Precision: 0.9454, Recall: 0.9264, Specificity: 0.9490, F1-Score: 0.9358 
22:23:12 : Training Confusion for Epoch 37:
[[1197   21]
 [  34 1199]] 
22:23:13 : Epoch [37/50], Loss: 0.0035, Accuracy: 0.9201, Precision: 0.8743, Recall: 0.9766, Specificity: 0.8662, F1-Score: 0.9226 
22:23:26 : Training Confusion for Epoch 38:
[[1193   25]
 [  30 1203]] 
22:23:27 : Epoch [38/50], Loss: 0.0015, Accuracy: 0.9494, Precision: 0.9323, Recall: 0.9666, Specificity: 0.9331, F1-Score: 0.9491 
22:23:39 : Training Confusion for Epoch 39:
[[1200   18]
 [  13 1220]] 
22:23:41 : Epoch [39/50], Loss: 0.0020, Accuracy: 0.9527, Precision: 0.9412, Recall: 0.9632, Specificity: 0.9427, F1-Score: 0.9521 
22:23:53 : Training Confusion for Epoch 40:
[[1207   11]
 [  16 1217]] 
22:23:54 : Epoch [40/50], Loss: 0.0041, Accuracy: 0.9445, Precision: 0.9715, Recall: 0.9130, Specificity: 0.9745, F1-Score: 0.9414 
22:24:07 : Training Confusion for Epoch 41:
[[1205   13]
 [  13 1220]] 
22:24:08 : Epoch [41/50], Loss: 0.0021, Accuracy: 0.9462, Precision: 0.9433, Recall: 0.9465, Specificity: 0.9459, F1-Score: 0.9449 
22:24:20 : Training Confusion for Epoch 42:
[[1209    9]
 [  12 1221]] 
22:24:22 : Epoch [42/50], Loss: 0.0007, Accuracy: 0.9429, Precision: 0.9371, Recall: 0.9465, Specificity: 0.9395, F1-Score: 0.9418 
22:24:34 : Training Confusion for Epoch 43:
[[1205   13]
 [  22 1211]] 
22:24:35 : Epoch [43/50], Loss: 0.0009, Accuracy: 0.9511, Precision: 0.9529, Recall: 0.9465, Specificity: 0.9554, F1-Score: 0.9497 
22:24:48 : Training Confusion for Epoch 44:
[[1210    8]
 [  14 1219]] 
22:24:49 : Epoch [44/50], Loss: 0.0029, Accuracy: 0.9462, Precision: 0.9263, Recall: 0.9666, Specificity: 0.9268, F1-Score: 0.9460 
22:25:01 : Training Confusion for Epoch 45:
[[1190   28]
 [  24 1209]] 
22:25:03 : Epoch [45/50], Loss: 0.0018, Accuracy: 0.9429, Precision: 0.9583, Recall: 0.9231, Specificity: 0.9618, F1-Score: 0.9404 
22:25:15 : Training Confusion for Epoch 46:
[[1208   10]
 [   8 1225]] 
22:25:16 : Epoch [46/50], Loss: 0.0009, Accuracy: 0.9445, Precision: 0.9260, Recall: 0.9632, Specificity: 0.9268, F1-Score: 0.9443 
22:25:29 : Training Confusion for Epoch 47:
[[1204   14]
 [  16 1217]] 
22:25:30 : Epoch [47/50], Loss: 0.0012, Accuracy: 0.9494, Precision: 0.9467, Recall: 0.9498, Specificity: 0.9490, F1-Score: 0.9482 
22:25:42 : Training Confusion for Epoch 48:
[[1214    4]
 [   8 1225]] 
22:25:44 : Epoch [48/50], Loss: 0.0047, Accuracy: 0.9543, Precision: 0.9593, Recall: 0.9465, Specificity: 0.9618, F1-Score: 0.9529 
22:25:56 : Training Confusion for Epoch 49:
[[1204   14]
 [  18 1215]] 
22:25:57 : Epoch [49/50], Loss: 0.0029, Accuracy: 0.9445, Precision: 0.9402, Recall: 0.9465, Specificity: 0.9427, F1-Score: 0.9433 
22:26:09 : Training Confusion for Epoch 50:
[[1210    8]
 [  10 1223]] 
22:26:11 : Epoch [50/50], Loss: 0.0029, Accuracy: 0.8989, Precision: 0.9575, Recall: 0.8294, Specificity: 0.9650, F1-Score: 0.8889 
22:26:13 : FOLD 1 
22:26:13 : ---------------------------------- 
22:26:25 : Training Confusion for Epoch 1:
[[1082  159]
 [ 200 1010]] 
22:26:27 : Epoch [1/50], Loss: 0.0920, Accuracy: 0.8940, Precision: 0.8640, Recall: 0.9472, Specificity: 0.8351, F1-Score: 0.9037 
22:26:39 : Training Confusion for Epoch 2:
[[1166   75]
 [  73 1137]] 
22:26:41 : Epoch [2/50], Loss: 0.0128, Accuracy: 0.9331, Precision: 0.9377, Recall: 0.9348, Specificity: 0.9313, F1-Score: 0.9362 
22:26:53 : Training Confusion for Epoch 3:
[[1161   80]
 [  66 1144]] 
22:26:54 : Epoch [3/50], Loss: 0.0890, Accuracy: 0.9331, Precision: 0.9245, Recall: 0.9503, Specificity: 0.9141, F1-Score: 0.9372 
22:27:07 : Training Confusion for Epoch 4:
[[1173   68]
 [  45 1165]] 
22:27:08 : Epoch [4/50], Loss: 0.0097, Accuracy: 0.9494, Precision: 0.9678, Recall: 0.9348, Specificity: 0.9656, F1-Score: 0.9510 
22:27:20 : Training Confusion for Epoch 5:
[[1185   56]
 [  44 1166]] 
22:27:22 : Epoch [5/50], Loss: 0.0094, Accuracy: 0.9380, Precision: 0.9702, Recall: 0.9099, Specificity: 0.9691, F1-Score: 0.9391 
22:27:34 : Training Confusion for Epoch 6:
[[1189   52]
 [  53 1157]] 
22:27:35 : Epoch [6/50], Loss: 0.0147, Accuracy: 0.9462, Precision: 0.9446, Recall: 0.9534, Specificity: 0.9381, F1-Score: 0.9490 
22:27:47 : Training Confusion for Epoch 7:
[[1185   56]
 [  37 1173]] 
22:27:49 : Epoch [7/50], Loss: 0.0674, Accuracy: 0.9543, Precision: 0.9375, Recall: 0.9783, Specificity: 0.9278, F1-Score: 0.9574 
22:28:01 : Training Confusion for Epoch 8:
[[1185   56]
 [  45 1165]] 
22:28:03 : Epoch [8/50], Loss: 0.0153, Accuracy: 0.9494, Precision: 0.9770, Recall: 0.9255, Specificity: 0.9759, F1-Score: 0.9506 
22:28:15 : Training Confusion for Epoch 9:
[[1186   55]
 [  44 1166]] 
22:28:16 : Epoch [9/50], Loss: 0.0153, Accuracy: 0.9625, Precision: 0.9716, Recall: 0.9565, Specificity: 0.9691, F1-Score: 0.9640 
22:28:28 : Training Confusion for Epoch 10:
[[1183   58]
 [  45 1165]] 
22:28:30 : Epoch [10/50], Loss: 0.0795, Accuracy: 0.9527, Precision: 0.9296, Recall: 0.9845, Specificity: 0.9175, F1-Score: 0.9563 
22:28:42 : Training Confusion for Epoch 11:
[[1191   50]
 [  26 1184]] 
22:28:44 : Epoch [11/50], Loss: 0.0042, Accuracy: 0.9674, Precision: 0.9689, Recall: 0.9689, Specificity: 0.9656, F1-Score: 0.9689 
22:28:56 : Training Confusion for Epoch 12:
[[1193   48]
 [  33 1177]] 
22:28:57 : Epoch [12/50], Loss: 0.0017, Accuracy: 0.9380, Precision: 0.9863, Recall: 0.8944, Specificity: 0.9863, F1-Score: 0.9381 
22:29:09 : Training Confusion for Epoch 13:
[[1193   48]
 [  31 1179]] 
22:29:11 : Epoch [13/50], Loss: 0.0038, Accuracy: 0.9674, Precision: 0.9660, Recall: 0.9720, Specificity: 0.9622, F1-Score: 0.9690 
22:29:23 : Training Confusion for Epoch 14:
[[1203   38]
 [  26 1184]] 
22:29:25 : Epoch [14/50], Loss: 0.0011, Accuracy: 0.9527, Precision: 0.9835, Recall: 0.9255, Specificity: 0.9828, F1-Score: 0.9536 
22:29:37 : Training Confusion for Epoch 15:
[[1196   45]
 [  24 1186]] 
22:29:38 : Epoch [15/50], Loss: 0.0019, Accuracy: 0.8907, Precision: 0.9885, Recall: 0.8012, Specificity: 0.9897, F1-Score: 0.8851 
22:29:50 : Training Confusion for Epoch 16:
[[1194   47]
 [  38 1172]] 
22:29:52 : Epoch [16/50], Loss: 0.0087, Accuracy: 0.9543, Precision: 0.9682, Recall: 0.9441, Specificity: 0.9656, F1-Score: 0.9560 
22:30:04 : Training Confusion for Epoch 17:
[[1200   41]
 [  29 1181]] 
22:30:06 : Epoch [17/50], Loss: 0.0049, Accuracy: 0.9608, Precision: 0.9435, Recall: 0.9845, Specificity: 0.9347, F1-Score: 0.9635 
22:30:18 : Training Confusion for Epoch 18:
[[1202   39]
 [  38 1172]] 
22:30:19 : Epoch [18/50], Loss: 0.0028, Accuracy: 0.9657, Precision: 0.9688, Recall: 0.9658, Specificity: 0.9656, F1-Score: 0.9673 
22:30:31 : Training Confusion for Epoch 19:
[[1205   36]
 [  24 1186]] 
22:30:33 : Epoch [19/50], Loss: 0.0023, Accuracy: 0.9184, Precision: 0.9823, Recall: 0.8602, Specificity: 0.9828, F1-Score: 0.9172 
22:30:45 : Training Confusion for Epoch 20:
[[1196   45]
 [  27 1183]] 
22:30:47 : Epoch [20/50], Loss: 0.0029, Accuracy: 0.9527, Precision: 0.9835, Recall: 0.9255, Specificity: 0.9828, F1-Score: 0.9536 
22:31:00 : Training Confusion for Epoch 21:
[[1201   40]
 [  21 1189]] 
22:31:01 : Epoch [21/50], Loss: 0.0142, Accuracy: 0.9560, Precision: 0.9483, Recall: 0.9689, Specificity: 0.9416, F1-Score: 0.9585 
22:31:15 : Training Confusion for Epoch 22:
[[1210   31]
 [  29 1181]] 
22:31:16 : Epoch [22/50], Loss: 0.0011, Accuracy: 0.9266, Precision: 0.9826, Recall: 0.8758, Specificity: 0.9828, F1-Score: 0.9261 
22:31:28 : Training Confusion for Epoch 23:
[[1198   43]
 [  29 1181]] 
22:31:30 : Epoch [23/50], Loss: 0.1733, Accuracy: 0.9364, Precision: 0.9101, Recall: 0.9752, Specificity: 0.8935, F1-Score: 0.9415 
22:31:42 : Training Confusion for Epoch 24:
[[1184   57]
 [  49 1161]] 
22:31:43 : Epoch [24/50], Loss: 0.0095, Accuracy: 0.9543, Precision: 0.9742, Recall: 0.9379, Specificity: 0.9725, F1-Score: 0.9557 
22:31:56 : Training Confusion for Epoch 25:
[[1200   41]
 [  39 1171]] 
22:31:57 : Epoch [25/50], Loss: 0.0044, Accuracy: 0.9494, Precision: 0.9770, Recall: 0.9255, Specificity: 0.9759, F1-Score: 0.9506 
22:32:09 : Training Confusion for Epoch 26:
[[1203   38]
 [  34 1176]] 
22:32:11 : Epoch [26/50], Loss: 0.0035, Accuracy: 0.9560, Precision: 0.9743, Recall: 0.9410, Specificity: 0.9725, F1-Score: 0.9573 
22:32:23 : Training Confusion for Epoch 27:
[[1208   33]
 [  23 1187]] 
22:32:24 : Epoch [27/50], Loss: 0.0022, Accuracy: 0.9527, Precision: 0.9711, Recall: 0.9379, Specificity: 0.9691, F1-Score: 0.9542 
22:32:37 : Training Confusion for Epoch 28:
[[1211   30]
 [  22 1188]] 
22:32:38 : Epoch [28/50], Loss: 0.0010, Accuracy: 0.9560, Precision: 0.9624, Recall: 0.9534, Specificity: 0.9588, F1-Score: 0.9579 
22:32:50 : Training Confusion for Epoch 29:
[[1213   28]
 [  14 1196]] 
22:32:52 : Epoch [29/50], Loss: 0.0054, Accuracy: 0.9592, Precision: 0.9598, Recall: 0.9627, Specificity: 0.9553, F1-Score: 0.9612 
22:33:04 : Training Confusion for Epoch 30:
[[1220   21]
 [  24 1186]] 
22:33:05 : Epoch [30/50], Loss: 0.0012, Accuracy: 0.9560, Precision: 0.9653, Recall: 0.9503, Specificity: 0.9622, F1-Score: 0.9577 
22:33:18 : Training Confusion for Epoch 31:
[[1208   33]
 [  29 1181]] 
22:33:19 : Epoch [31/50], Loss: 0.0011, Accuracy: 0.9054, Precision: 0.9889, Recall: 0.8292, Specificity: 0.9897, F1-Score: 0.9020 
22:33:31 : Training Confusion for Epoch 32:
[[1215   26]
 [  29 1181]] 
22:33:33 : Epoch [32/50], Loss: 0.0027, Accuracy: 0.9674, Precision: 0.9660, Recall: 0.9720, Specificity: 0.9622, F1-Score: 0.9690 
22:33:45 : Training Confusion for Epoch 33:
[[1205   36]
 [  24 1186]] 
22:33:46 : Epoch [33/50], Loss: 0.0011, Accuracy: 0.9494, Precision: 0.9770, Recall: 0.9255, Specificity: 0.9759, F1-Score: 0.9506 
22:33:59 : Training Confusion for Epoch 34:
[[1214   27]
 [  24 1186]] 
22:34:00 : Epoch [34/50], Loss: 0.0005, Accuracy: 0.9527, Precision: 0.9711, Recall: 0.9379, Specificity: 0.9691, F1-Score: 0.9542 
22:34:12 : Training Confusion for Epoch 35:
[[1221   20]
 [  13 1197]] 
22:34:14 : Epoch [35/50], Loss: 0.0038, Accuracy: 0.9608, Precision: 0.9656, Recall: 0.9596, Specificity: 0.9622, F1-Score: 0.9626 
22:34:26 : Training Confusion for Epoch 36:
[[1219   22]
 [  26 1184]] 
22:34:27 : Epoch [36/50], Loss: 0.0084, Accuracy: 0.9560, Precision: 0.9624, Recall: 0.9534, Specificity: 0.9588, F1-Score: 0.9579 
22:34:40 : Training Confusion for Epoch 37:
[[1226   15]
 [  13 1197]] 
22:34:41 : Epoch [37/50], Loss: 0.0007, Accuracy: 0.9429, Precision: 0.9736, Recall: 0.9161, Specificity: 0.9725, F1-Score: 0.9440 
22:34:53 : Training Confusion for Epoch 38:
[[1227   14]
 [  12 1198]] 
22:34:55 : Epoch [38/50], Loss: 0.0009, Accuracy: 0.9543, Precision: 0.9682, Recall: 0.9441, Specificity: 0.9656, F1-Score: 0.9560 
22:35:07 : Training Confusion for Epoch 39:
[[1226   15]
 [  20 1190]] 
22:35:08 : Epoch [39/50], Loss: 0.0014, Accuracy: 0.9396, Precision: 0.9672, Recall: 0.9161, Specificity: 0.9656, F1-Score: 0.9410 
22:35:21 : Training Confusion for Epoch 40:
[[1226   15]
 [  13 1197]] 
22:35:22 : Epoch [40/50], Loss: 0.0020, Accuracy: 0.9380, Precision: 0.9733, Recall: 0.9068, Specificity: 0.9725, F1-Score: 0.9389 
22:35:34 : Training Confusion for Epoch 41:
[[1229   12]
 [  13 1197]] 
22:35:36 : Epoch [41/50], Loss: 0.0020, Accuracy: 0.9592, Precision: 0.9486, Recall: 0.9752, Specificity: 0.9416, F1-Score: 0.9617 
22:35:48 : Training Confusion for Epoch 42:
[[1224   17]
 [  17 1193]] 
22:35:49 : Epoch [42/50], Loss: 0.0123, Accuracy: 0.9576, Precision: 0.9744, Recall: 0.9441, Specificity: 0.9725, F1-Score: 0.9590 
22:36:02 : Training Confusion for Epoch 43:
[[1231   10]
 [  12 1198]] 
22:36:03 : Epoch [43/50], Loss: 0.0008, Accuracy: 0.9364, Precision: 0.9639, Recall: 0.9130, Specificity: 0.9622, F1-Score: 0.9378 
22:36:15 : Training Confusion for Epoch 44:
[[1220   21]
 [  12 1198]] 
22:36:17 : Epoch [44/50], Loss: 0.0174, Accuracy: 0.9625, Precision: 0.9544, Recall: 0.9752, Specificity: 0.9485, F1-Score: 0.9647 
22:36:29 : Training Confusion for Epoch 45:
[[1231   10]
 [  13 1197]] 
22:36:30 : Epoch [45/50], Loss: 0.0016, Accuracy: 0.9560, Precision: 0.9653, Recall: 0.9503, Specificity: 0.9622, F1-Score: 0.9577 
22:36:43 : Training Confusion for Epoch 46:
[[1229   12]
 [  13 1197]] 
22:36:44 : Epoch [46/50], Loss: 0.0072, Accuracy: 0.9396, Precision: 0.9179, Recall: 0.9720, Specificity: 0.9038, F1-Score: 0.9442 
22:36:56 : Training Confusion for Epoch 47:
[[1214   27]
 [  29 1181]] 
22:36:58 : Epoch [47/50], Loss: 0.0113, Accuracy: 0.9462, Precision: 0.9587, Recall: 0.9379, Specificity: 0.9553, F1-Score: 0.9482 
22:37:10 : Training Confusion for Epoch 48:
[[1232    9]
 [  19 1191]] 
22:37:11 : Epoch [48/50], Loss: 0.0028, Accuracy: 0.9608, Precision: 0.9686, Recall: 0.9565, Specificity: 0.9656, F1-Score: 0.9625 
22:37:24 : Training Confusion for Epoch 49:
[[1233    8]
 [  11 1199]] 
22:37:25 : Epoch [49/50], Loss: 0.0060, Accuracy: 0.9592, Precision: 0.9569, Recall: 0.9658, Specificity: 0.9519, F1-Score: 0.9614 
22:37:37 : Training Confusion for Epoch 50:
[[1239    2]
 [   6 1204]] 
22:37:39 : Epoch [50/50], Loss: 0.0007, Accuracy: 0.9576, Precision: 0.9596, Recall: 0.9596, Specificity: 0.9553, F1-Score: 0.9596 
22:37:40 : FOLD 2 
22:37:40 : ---------------------------------- 
22:37:52 : Training Confusion for Epoch 1:
[[1017  204]
 [ 269  961]] 
22:37:54 : Epoch [1/50], Loss: 0.0064, Accuracy: 0.6917, Precision: 0.9669, Recall: 0.3874, Specificity: 0.9871, F1-Score: 0.5532 
22:38:06 : Training Confusion for Epoch 2:
[[1144   77]
 [  70 1160]] 
22:38:07 : Epoch [2/50], Loss: 0.0238, Accuracy: 0.9494, Precision: 0.9502, Recall: 0.9470, Specificity: 0.9518, F1-Score: 0.9486 
22:38:19 : Training Confusion for Epoch 3:
[[1149   72]
 [  61 1169]] 
22:38:21 : Epoch [3/50], Loss: 0.0225, Accuracy: 0.9478, Precision: 0.9530, Recall: 0.9404, Specificity: 0.9550, F1-Score: 0.9467 
22:38:33 : Training Confusion for Epoch 4:
[[1142   79]
 [  71 1159]] 
22:38:35 : Epoch [4/50], Loss: 0.0667, Accuracy: 0.9625, Precision: 0.9515, Recall: 0.9735, Specificity: 0.9518, F1-Score: 0.9624 
22:38:47 : Training Confusion for Epoch 5:
[[1158   63]
 [  38 1192]] 
22:38:48 : Epoch [5/50], Loss: 0.2083, Accuracy: 0.9560, Precision: 0.9393, Recall: 0.9735, Specificity: 0.9389, F1-Score: 0.9561 
22:39:00 : Training Confusion for Epoch 6:
[[1155   66]
 [  47 1183]] 
22:39:02 : Epoch [6/50], Loss: 0.1093, Accuracy: 0.9657, Precision: 0.9577, Recall: 0.9735, Specificity: 0.9582, F1-Score: 0.9655 
22:39:14 : Training Confusion for Epoch 7:
[[1162   59]
 [  34 1196]] 
22:39:16 : Epoch [7/50], Loss: 0.0613, Accuracy: 0.9462, Precision: 0.9353, Recall: 0.9570, Specificity: 0.9357, F1-Score: 0.9460 
22:39:28 : Training Confusion for Epoch 8:
[[1173   48]
 [  40 1190]] 
22:39:29 : Epoch [8/50], Loss: 0.0283, Accuracy: 0.9625, Precision: 0.9697, Recall: 0.9536, Specificity: 0.9711, F1-Score: 0.9616 
22:39:41 : Training Confusion for Epoch 9:
[[1178   43]
 [  41 1189]] 
22:39:43 : Epoch [9/50], Loss: 0.0320, Accuracy: 0.9608, Precision: 0.9760, Recall: 0.9437, Specificity: 0.9775, F1-Score: 0.9596 
22:39:55 : Training Confusion for Epoch 10:
[[1179   42]
 [  38 1192]] 
22:39:57 : Epoch [10/50], Loss: 0.1336, Accuracy: 0.9723, Precision: 0.9703, Recall: 0.9735, Specificity: 0.9711, F1-Score: 0.9719 
22:40:09 : Training Confusion for Epoch 11:
[[1168   53]
 [  29 1201]] 
22:40:10 : Epoch [11/50], Loss: 0.1927, Accuracy: 0.9592, Precision: 0.9342, Recall: 0.9868, Specificity: 0.9325, F1-Score: 0.9597 
22:40:23 : Training Confusion for Epoch 12:
[[1179   42]
 [  27 1203]] 
22:40:24 : Epoch [12/50], Loss: 0.0974, Accuracy: 0.9690, Precision: 0.9829, Recall: 0.9536, Specificity: 0.9839, F1-Score: 0.9681 
22:40:36 : Training Confusion for Epoch 13:
[[1175   46]
 [  28 1202]] 
22:40:38 : Epoch [13/50], Loss: 0.2701, Accuracy: 0.9641, Precision: 0.9575, Recall: 0.9702, Specificity: 0.9582, F1-Score: 0.9638 
22:40:50 : Training Confusion for Epoch 14:
[[1179   42]
 [  28 1202]] 
22:40:51 : Epoch [14/50], Loss: 0.3508, Accuracy: 0.9641, Precision: 0.9459, Recall: 0.9834, Specificity: 0.9453, F1-Score: 0.9643 
22:41:04 : Training Confusion for Epoch 15:
[[1176   45]
 [  23 1207]] 
22:41:05 : Epoch [15/50], Loss: 0.2895, Accuracy: 0.9674, Precision: 0.9548, Recall: 0.9801, Specificity: 0.9550, F1-Score: 0.9673 
22:41:17 : Training Confusion for Epoch 16:
[[1187   34]
 [  28 1202]] 
22:41:19 : Epoch [16/50], Loss: 0.1051, Accuracy: 0.9625, Precision: 0.9666, Recall: 0.9570, Specificity: 0.9678, F1-Score: 0.9617 
22:41:31 : Training Confusion for Epoch 17:
[[1185   36]
 [  29 1201]] 
22:41:32 : Epoch [17/50], Loss: 0.3366, Accuracy: 0.9527, Precision: 0.9417, Recall: 0.9636, Specificity: 0.9421, F1-Score: 0.9525 
22:41:45 : Training Confusion for Epoch 18:
[[1185   36]
 [  31 1199]] 
22:41:46 : Epoch [18/50], Loss: 0.3638, Accuracy: 0.9478, Precision: 0.9299, Recall: 0.9669, Specificity: 0.9293, F1-Score: 0.9481 
22:41:58 : Training Confusion for Epoch 19:
[[1167   54]
 [  35 1195]] 
22:42:00 : Epoch [19/50], Loss: 0.2194, Accuracy: 0.9511, Precision: 0.9198, Recall: 0.9868, Specificity: 0.9164, F1-Score: 0.9521 
22:42:12 : Training Confusion for Epoch 20:
[[1188   33]
 [  22 1208]] 
22:42:13 : Epoch [20/50], Loss: 0.1979, Accuracy: 0.9608, Precision: 0.9603, Recall: 0.9603, Specificity: 0.9614, F1-Score: 0.9603 
22:42:26 : Training Confusion for Epoch 21:
[[1199   22]
 [  18 1212]] 
22:42:27 : Epoch [21/50], Loss: 0.3546, Accuracy: 0.9543, Precision: 0.9507, Recall: 0.9570, Specificity: 0.9518, F1-Score: 0.9538 
22:42:39 : Training Confusion for Epoch 22:
[[1191   30]
 [  25 1205]] 
22:42:41 : Epoch [22/50], Loss: 0.0566, Accuracy: 0.9723, Precision: 0.9642, Recall: 0.9801, Specificity: 0.9646, F1-Score: 0.9721 
22:42:53 : Training Confusion for Epoch 23:
[[1186   35]
 [  27 1203]] 
22:42:55 : Epoch [23/50], Loss: 0.2080, Accuracy: 0.9608, Precision: 0.9455, Recall: 0.9768, Specificity: 0.9453, F1-Score: 0.9609 
22:43:07 : Training Confusion for Epoch 24:
[[1189   32]
 [  22 1208]] 
22:43:08 : Epoch [24/50], Loss: 0.0399, Accuracy: 0.9494, Precision: 0.9857, Recall: 0.9106, Specificity: 0.9871, F1-Score: 0.9466 
22:43:20 : Training Confusion for Epoch 25:
[[1190   31]
 [  29 1201]] 
22:43:22 : Epoch [25/50], Loss: 0.1284, Accuracy: 0.9674, Precision: 0.9764, Recall: 0.9570, Specificity: 0.9775, F1-Score: 0.9666 
22:43:34 : Training Confusion for Epoch 26:
[[1199   22]
 [  18 1212]] 
22:43:36 : Epoch [26/50], Loss: 0.4053, Accuracy: 0.9641, Precision: 0.9348, Recall: 0.9967, Specificity: 0.9325, F1-Score: 0.9647 
22:43:48 : Training Confusion for Epoch 27:
[[1186   35]
 [  24 1206]] 
22:43:49 : Epoch [27/50], Loss: 0.1342, Accuracy: 0.9690, Precision: 0.9464, Recall: 0.9934, Specificity: 0.9453, F1-Score: 0.9693 
22:44:01 : Training Confusion for Epoch 28:
[[1201   20]
 [  23 1207]] 
22:44:03 : Epoch [28/50], Loss: 0.2800, Accuracy: 0.9723, Precision: 0.9495, Recall: 0.9967, Specificity: 0.9486, F1-Score: 0.9725 
22:44:15 : Training Confusion for Epoch 29:
[[1198   23]
 [  18 1212]] 
22:44:17 : Epoch [29/50], Loss: 0.1691, Accuracy: 0.9641, Precision: 0.9459, Recall: 0.9834, Specificity: 0.9453, F1-Score: 0.9643 
22:44:29 : Training Confusion for Epoch 30:
[[1209   12]
 [  11 1219]] 
22:44:30 : Epoch [30/50], Loss: 0.0085, Accuracy: 0.9657, Precision: 0.9763, Recall: 0.9536, Specificity: 0.9775, F1-Score: 0.9648 
22:44:42 : Training Confusion for Epoch 31:
[[1205   16]
 [  15 1215]] 
22:44:44 : Epoch [31/50], Loss: 0.0187, Accuracy: 0.9706, Precision: 0.9494, Recall: 0.9934, Specificity: 0.9486, F1-Score: 0.9709 
22:44:56 : Training Confusion for Epoch 32:
[[1184   37]
 [  29 1201]] 
22:44:58 : Epoch [32/50], Loss: 0.0148, Accuracy: 0.9657, Precision: 0.9862, Recall: 0.9437, Specificity: 0.9871, F1-Score: 0.9645 
22:45:10 : Training Confusion for Epoch 33:
[[1211   10]
 [  16 1214]] 
22:45:11 : Epoch [33/50], Loss: 0.1060, Accuracy: 0.9690, Precision: 0.9670, Recall: 0.9702, Specificity: 0.9678, F1-Score: 0.9686 
22:45:24 : Training Confusion for Epoch 34:
[[1209   12]
 [  13 1217]] 
22:45:25 : Epoch [34/50], Loss: 0.2531, Accuracy: 0.9657, Precision: 0.9547, Recall: 0.9768, Specificity: 0.9550, F1-Score: 0.9656 
22:45:37 : Training Confusion for Epoch 35:
[[1209   12]
 [  14 1216]] 
22:45:39 : Epoch [35/50], Loss: 0.0102, Accuracy: 0.9560, Precision: 0.9693, Recall: 0.9404, Specificity: 0.9711, F1-Score: 0.9546 
22:45:51 : Training Confusion for Epoch 36:
[[1195   26]
 [  25 1205]] 
22:45:52 : Epoch [36/50], Loss: 0.0687, Accuracy: 0.9674, Precision: 0.9434, Recall: 0.9934, Specificity: 0.9421, F1-Score: 0.9677 
22:46:05 : Training Confusion for Epoch 37:
[[1214    7]
 [   9 1221]] 
22:46:06 : Epoch [37/50], Loss: 0.0065, Accuracy: 0.9657, Precision: 0.9404, Recall: 0.9934, Specificity: 0.9389, F1-Score: 0.9662 
22:46:18 : Training Confusion for Epoch 38:
[[1196   25]
 [  22 1208]] 
22:46:20 : Epoch [38/50], Loss: 0.0144, Accuracy: 0.9527, Precision: 0.9627, Recall: 0.9404, Specificity: 0.9646, F1-Score: 0.9514 
22:46:32 : Training Confusion for Epoch 39:
[[1187   34]
 [  22 1208]] 
22:46:33 : Epoch [39/50], Loss: 0.0566, Accuracy: 0.9657, Precision: 0.9489, Recall: 0.9834, Specificity: 0.9486, F1-Score: 0.9659 
22:46:46 : Training Confusion for Epoch 40:
[[1210   11]
 [  13 1217]] 
22:46:47 : Epoch [40/50], Loss: 0.6618, Accuracy: 0.9560, Precision: 0.9231, Recall: 0.9934, Specificity: 0.9196, F1-Score: 0.9569 
22:46:59 : Training Confusion for Epoch 41:
[[1212    9]
 [  20 1210]] 
22:47:01 : Epoch [41/50], Loss: 0.0083, Accuracy: 0.9641, Precision: 0.9861, Recall: 0.9404, Specificity: 0.9871, F1-Score: 0.9627 
22:47:13 : Training Confusion for Epoch 42:
[[1206   15]
 [   8 1222]] 
22:47:15 : Epoch [42/50], Loss: 0.0063, Accuracy: 0.9527, Precision: 0.9892, Recall: 0.9139, Specificity: 0.9904, F1-Score: 0.9501 
22:47:27 : Training Confusion for Epoch 43:
[[1217    4]
 [   8 1222]] 
22:47:28 : Epoch [43/50], Loss: 0.2180, Accuracy: 0.9674, Precision: 0.9608, Recall: 0.9735, Specificity: 0.9614, F1-Score: 0.9671 
22:47:40 : Training Confusion for Epoch 44:
[[1217    4]
 [   7 1223]] 
22:47:42 : Epoch [44/50], Loss: 0.0150, Accuracy: 0.9706, Precision: 0.9522, Recall: 0.9901, Specificity: 0.9518, F1-Score: 0.9708 
22:47:54 : Training Confusion for Epoch 45:
[[1196   25]
 [  19 1211]] 
22:47:56 : Epoch [45/50], Loss: 0.0038, Accuracy: 0.9625, Precision: 0.9635, Recall: 0.9603, Specificity: 0.9646, F1-Score: 0.9619 
22:48:08 : Training Confusion for Epoch 46:
[[1205   16]
 [  13 1217]] 
22:48:09 : Epoch [46/50], Loss: 0.0136, Accuracy: 0.9641, Precision: 0.9575, Recall: 0.9702, Specificity: 0.9582, F1-Score: 0.9638 
22:48:21 : Training Confusion for Epoch 47:
[[1217    4]
 [  10 1220]] 
22:48:23 : Epoch [47/50], Loss: 0.0293, Accuracy: 0.9641, Precision: 0.9516, Recall: 0.9768, Specificity: 0.9518, F1-Score: 0.9641 
22:48:35 : Training Confusion for Epoch 48:
[[1216    5]
 [   6 1224]] 
22:48:37 : Epoch [48/50], Loss: 0.4478, Accuracy: 0.9641, Precision: 0.9667, Recall: 0.9603, Specificity: 0.9678, F1-Score: 0.9635 
22:48:49 : Training Confusion for Epoch 49:
[[1206   15]
 [  17 1213]] 
22:48:50 : Epoch [49/50], Loss: 0.0304, Accuracy: 0.9543, Precision: 0.9858, Recall: 0.9205, Specificity: 0.9871, F1-Score: 0.9521 
22:49:02 : Training Confusion for Epoch 50:
[[1213    8]
 [  10 1220]] 
22:49:04 : Epoch [50/50], Loss: 0.8569, Accuracy: 0.9690, Precision: 0.9609, Recall: 0.9768, Specificity: 0.9614, F1-Score: 0.9688 
22:49:05 : FOLD 3 
22:49:05 : ---------------------------------- 
22:49:17 : Training Confusion for Epoch 1:
[[1061  171]
 [ 358  861]] 
22:49:19 : Epoch [1/50], Loss: 0.2738, Accuracy: 0.9233, Precision: 0.9055, Recall: 0.9489, Specificity: 0.8967, F1-Score: 0.9267 
22:49:31 : Training Confusion for Epoch 2:
[[1131  101]
 [  78 1141]] 
22:49:32 : Epoch [2/50], Loss: 0.0543, Accuracy: 0.9462, Precision: 0.9636, Recall: 0.9297, Specificity: 0.9633, F1-Score: 0.9463 
22:49:44 : Training Confusion for Epoch 3:
[[1158   74]
 [  54 1165]] 
22:49:46 : Epoch [3/50], Loss: 0.0272, Accuracy: 0.9347, Precision: 0.9659, Recall: 0.9042, Specificity: 0.9667, F1-Score: 0.9340 
22:49:58 : Training Confusion for Epoch 4:
[[1148   84]
 [  53 1166]] 
22:50:00 : Epoch [4/50], Loss: 0.0292, Accuracy: 0.9543, Precision: 0.9642, Recall: 0.9457, Specificity: 0.9633, F1-Score: 0.9548 
22:50:12 : Training Confusion for Epoch 5:
[[1174   58]
 [  43 1176]] 
22:50:13 : Epoch [5/50], Loss: 0.0517, Accuracy: 0.9625, Precision: 0.9560, Recall: 0.9712, Specificity: 0.9533, F1-Score: 0.9635 
22:50:25 : Training Confusion for Epoch 6:
[[1167   65]
 [  51 1168]] 
22:50:27 : Epoch [6/50], Loss: 0.1201, Accuracy: 0.9478, Precision: 0.9323, Recall: 0.9681, Specificity: 0.9267, F1-Score: 0.9498 
22:50:39 : Training Confusion for Epoch 7:
[[1172   60]
 [  44 1175]] 
22:50:41 : Epoch [7/50], Loss: 0.0061, Accuracy: 0.9641, Precision: 0.9678, Recall: 0.9617, Specificity: 0.9667, F1-Score: 0.9647 
22:50:53 : Training Confusion for Epoch 8:
[[1182   50]
 [  36 1183]] 
22:50:54 : Epoch [8/50], Loss: 0.0031, Accuracy: 0.9413, Precision: 0.9826, Recall: 0.9010, Specificity: 0.9833, F1-Score: 0.9400 
22:51:07 : Training Confusion for Epoch 9:
[[1180   52]
 [  35 1184]] 
22:51:08 : Epoch [9/50], Loss: 0.0602, Accuracy: 0.9576, Precision: 0.9527, Recall: 0.9649, Specificity: 0.9500, F1-Score: 0.9587 
22:51:20 : Training Confusion for Epoch 10:
[[1184   48]
 [  34 1185]] 
22:51:22 : Epoch [10/50], Loss: 0.0049, Accuracy: 0.9494, Precision: 0.9732, Recall: 0.9265, Specificity: 0.9733, F1-Score: 0.9493 
22:51:34 : Training Confusion for Epoch 11:
[[1191   41]
 [  34 1185]] 
22:51:35 : Epoch [11/50], Loss: 0.0163, Accuracy: 0.9576, Precision: 0.9585, Recall: 0.9585, Specificity: 0.9567, F1-Score: 0.9585 
22:51:48 : Training Confusion for Epoch 12:
[[1193   39]
 [  40 1179]] 
22:51:49 : Epoch [12/50], Loss: 0.0118, Accuracy: 0.9168, Precision: 0.9852, Recall: 0.8498, Specificity: 0.9867, F1-Score: 0.9125 
22:52:01 : Training Confusion for Epoch 13:
[[1192   40]
 [  30 1189]] 
22:52:03 : Epoch [13/50], Loss: 0.0096, Accuracy: 0.9625, Precision: 0.9708, Recall: 0.9553, Specificity: 0.9700, F1-Score: 0.9630 
22:52:15 : Training Confusion for Epoch 14:
[[1192   40]
 [  26 1193]] 
22:52:16 : Epoch [14/50], Loss: 0.0170, Accuracy: 0.9592, Precision: 0.9645, Recall: 0.9553, Specificity: 0.9633, F1-Score: 0.9599 
22:52:29 : Training Confusion for Epoch 15:
[[1198   34]
 [  25 1194]] 
22:52:30 : Epoch [15/50], Loss: 0.0033, Accuracy: 0.9625, Precision: 0.9739, Recall: 0.9521, Specificity: 0.9733, F1-Score: 0.9628 
22:52:42 : Training Confusion for Epoch 16:
[[1202   30]
 [  30 1189]] 
22:52:44 : Epoch [16/50], Loss: 0.0057, Accuracy: 0.9690, Precision: 0.9868, Recall: 0.9521, Specificity: 0.9867, F1-Score: 0.9691 
22:52:56 : Training Confusion for Epoch 17:
[[1202   30]
 [  22 1197]] 
22:52:57 : Epoch [17/50], Loss: 0.0014, Accuracy: 0.9608, Precision: 0.9833, Recall: 0.9393, Specificity: 0.9833, F1-Score: 0.9608 
22:53:10 : Training Confusion for Epoch 18:
[[1196   36]
 [  30 1189]] 
22:53:11 : Epoch [18/50], Loss: 0.0020, Accuracy: 0.9608, Precision: 0.9707, Recall: 0.9521, Specificity: 0.9700, F1-Score: 0.9613 
22:53:23 : Training Confusion for Epoch 19:
[[1205   27]
 [  21 1198]] 
22:53:25 : Epoch [19/50], Loss: 0.0026, Accuracy: 0.9641, Precision: 0.9739, Recall: 0.9553, Specificity: 0.9733, F1-Score: 0.9645 
22:53:37 : Training Confusion for Epoch 20:
[[1201   31]
 [  30 1189]] 
22:53:38 : Epoch [20/50], Loss: 0.0026, Accuracy: 0.9478, Precision: 0.9828, Recall: 0.9137, Specificity: 0.9833, F1-Score: 0.9470 
22:53:51 : Training Confusion for Epoch 21:
[[1203   29]
 [  20 1199]] 
22:53:52 : Epoch [21/50], Loss: 0.0059, Accuracy: 0.9592, Precision: 0.9615, Recall: 0.9585, Specificity: 0.9600, F1-Score: 0.9600 
22:54:04 : Training Confusion for Epoch 22:
[[1197   35]
 [  27 1192]] 
22:54:06 : Epoch [22/50], Loss: 0.0026, Accuracy: 0.9641, Precision: 0.9770, Recall: 0.9521, Specificity: 0.9767, F1-Score: 0.9644 
22:54:18 : Training Confusion for Epoch 23:
[[1205   27]
 [  27 1192]] 
22:54:19 : Epoch [23/50], Loss: 0.0029, Accuracy: 0.9560, Precision: 0.9735, Recall: 0.9393, Specificity: 0.9733, F1-Score: 0.9561 
22:54:32 : Training Confusion for Epoch 24:
[[1200   32]
 [  24 1195]] 
22:54:33 : Epoch [24/50], Loss: 0.0109, Accuracy: 0.9445, Precision: 0.9827, Recall: 0.9073, Specificity: 0.9833, F1-Score: 0.9435 
22:54:45 : Training Confusion for Epoch 25:
[[1210   22]
 [  14 1205]] 
22:54:47 : Epoch [25/50], Loss: 0.0095, Accuracy: 0.9641, Precision: 0.9590, Recall: 0.9712, Specificity: 0.9567, F1-Score: 0.9651 
22:54:59 : Training Confusion for Epoch 26:
[[1206   26]
 [  19 1200]] 
22:55:01 : Epoch [26/50], Loss: 0.0104, Accuracy: 0.9641, Precision: 0.9709, Recall: 0.9585, Specificity: 0.9700, F1-Score: 0.9646 
22:55:13 : Training Confusion for Epoch 27:
[[1214   18]
 [  18 1201]] 
22:55:14 : Epoch [27/50], Loss: 0.0312, Accuracy: 0.9608, Precision: 0.9617, Recall: 0.9617, Specificity: 0.9600, F1-Score: 0.9617 
22:55:26 : Training Confusion for Epoch 28:
[[1208   24]
 [  24 1195]] 
22:55:28 : Epoch [28/50], Loss: 0.0022, Accuracy: 0.9478, Precision: 0.9862, Recall: 0.9105, Specificity: 0.9867, F1-Score: 0.9468 
22:55:40 : Training Confusion for Epoch 29:
[[1209   23]
 [  18 1201]] 
22:55:42 : Epoch [29/50], Loss: 0.0078, Accuracy: 0.9608, Precision: 0.9801, Recall: 0.9425, Specificity: 0.9800, F1-Score: 0.9609 
22:55:54 : Training Confusion for Epoch 30:
[[1216   16]
 [  17 1202]] 
22:55:55 : Epoch [30/50], Loss: 0.1504, Accuracy: 0.9625, Precision: 0.9503, Recall: 0.9776, Specificity: 0.9467, F1-Score: 0.9638 
22:56:07 : Training Confusion for Epoch 31:
[[1206   26]
 [  18 1201]] 
22:56:09 : Epoch [31/50], Loss: 0.0488, Accuracy: 0.9608, Precision: 0.9366, Recall: 0.9904, Specificity: 0.9300, F1-Score: 0.9627 
22:56:21 : Training Confusion for Epoch 32:
[[1212   20]
 [  25 1194]] 
22:56:23 : Epoch [32/50], Loss: 0.0045, Accuracy: 0.9625, Precision: 0.9739, Recall: 0.9521, Specificity: 0.9733, F1-Score: 0.9628 
22:56:35 : Training Confusion for Epoch 33:
[[1209   23]
 [  19 1200]] 
22:56:36 : Epoch [33/50], Loss: 0.0065, Accuracy: 0.9657, Precision: 0.9771, Recall: 0.9553, Specificity: 0.9767, F1-Score: 0.9661 
22:56:48 : Training Confusion for Epoch 34:
[[1216   16]
 [  14 1205]] 
22:56:50 : Epoch [34/50], Loss: 0.0044, Accuracy: 0.9494, Precision: 0.9608, Recall: 0.9393, Specificity: 0.9600, F1-Score: 0.9499 
22:57:02 : Training Confusion for Epoch 35:
[[1207   25]
 [  25 1194]] 
22:57:04 : Epoch [35/50], Loss: 0.0176, Accuracy: 0.9608, Precision: 0.9833, Recall: 0.9393, Specificity: 0.9833, F1-Score: 0.9608 
22:57:16 : Training Confusion for Epoch 36:
[[1207   25]
 [  20 1199]] 
22:57:17 : Epoch [36/50], Loss: 0.5250, Accuracy: 0.9494, Precision: 0.9172, Recall: 0.9904, Specificity: 0.9067, F1-Score: 0.9524 
22:57:30 : Training Confusion for Epoch 37:
[[1206   26]
 [  23 1196]] 
22:57:31 : Epoch [37/50], Loss: 0.1026, Accuracy: 0.9641, Precision: 0.9619, Recall: 0.9681, Specificity: 0.9600, F1-Score: 0.9650 
22:57:43 : Training Confusion for Epoch 38:
[[1213   19]
 [  15 1204]] 
22:57:45 : Epoch [38/50], Loss: 0.0068, Accuracy: 0.9576, Precision: 0.9674, Recall: 0.9489, Specificity: 0.9667, F1-Score: 0.9581 
22:57:57 : Training Confusion for Epoch 39:
[[1213   19]
 [  18 1201]] 
22:57:58 : Epoch [39/50], Loss: 0.0079, Accuracy: 0.9657, Precision: 0.9740, Recall: 0.9585, Specificity: 0.9733, F1-Score: 0.9662 
22:58:11 : Training Confusion for Epoch 40:
[[1223    9]
 [  13 1206]] 
22:58:12 : Epoch [40/50], Loss: 0.0157, Accuracy: 0.9641, Precision: 0.9649, Recall: 0.9649, Specificity: 0.9633, F1-Score: 0.9649 
22:58:24 : Training Confusion for Epoch 41:
[[1217   15]
 [  19 1200]] 
22:58:26 : Epoch [41/50], Loss: 0.0063, Accuracy: 0.9576, Precision: 0.9705, Recall: 0.9457, Specificity: 0.9700, F1-Score: 0.9579 
22:58:38 : Training Confusion for Epoch 42:
[[1203   29]
 [  33 1186]] 
22:58:39 : Epoch [42/50], Loss: 0.0175, Accuracy: 0.9576, Precision: 0.9498, Recall: 0.9681, Specificity: 0.9467, F1-Score: 0.9589 
22:58:52 : Training Confusion for Epoch 43:
[[1196   36]
 [  16 1203]] 
22:58:53 : Epoch [43/50], Loss: 0.0993, Accuracy: 0.9445, Precision: 0.9215, Recall: 0.9744, Specificity: 0.9133, F1-Score: 0.9472 
22:59:05 : Training Confusion for Epoch 44:
[[1218   14]
 [  19 1200]] 
22:59:07 : Epoch [44/50], Loss: 0.0047, Accuracy: 0.9576, Precision: 0.9674, Recall: 0.9489, Specificity: 0.9667, F1-Score: 0.9581 
22:59:19 : Training Confusion for Epoch 45:
[[1221   11]
 [  13 1206]] 
22:59:20 : Epoch [45/50], Loss: 0.0508, Accuracy: 0.9429, Precision: 0.9728, Recall: 0.9137, Specificity: 0.9733, F1-Score: 0.9423 
22:59:33 : Training Confusion for Epoch 46:
[[1219   13]
 [  17 1202]] 
22:59:34 : Epoch [46/50], Loss: 0.0179, Accuracy: 0.9543, Precision: 0.9734, Recall: 0.9361, Specificity: 0.9733, F1-Score: 0.9544 
22:59:46 : Training Confusion for Epoch 47:
[[1226    6]
 [   9 1210]] 
22:59:48 : Epoch [47/50], Loss: 0.0318, Accuracy: 0.9674, Precision: 0.9592, Recall: 0.9776, Specificity: 0.9567, F1-Score: 0.9684 
23:00:00 : Training Confusion for Epoch 48:
[[1227    5]
 [   9 1210]] 
23:00:02 : Epoch [48/50], Loss: 0.0269, Accuracy: 0.9674, Precision: 0.9711, Recall: 0.9649, Specificity: 0.9700, F1-Score: 0.9679 
23:00:14 : Training Confusion for Epoch 49:
[[1230    2]
 [   6 1213]] 
23:00:15 : Epoch [49/50], Loss: 0.0013, Accuracy: 0.9625, Precision: 0.9677, Recall: 0.9585, Specificity: 0.9667, F1-Score: 0.9631 
23:00:27 : Training Confusion for Epoch 50:
[[1223    9]
 [  15 1204]] 
23:00:29 : Epoch [50/50], Loss: 0.0033, Accuracy: 0.8858, Precision: 0.9919, Recall: 0.7827, Specificity: 0.9933, F1-Score: 0.8750 
23:00:30 : FOLD 4 
23:00:30 : ---------------------------------- 
23:00:42 : Training Confusion for Epoch 1:
[[ 939  277]
 [ 182 1054]] 
23:00:44 : Epoch [1/50], Loss: 0.0156, Accuracy: 0.8056, Precision: 0.9447, Recall: 0.6351, Specificity: 0.9652, F1-Score: 0.7596 
23:00:56 : Training Confusion for Epoch 2:
[[1112  104]
 [  82 1154]] 
23:00:57 : Epoch [2/50], Loss: 0.0234, Accuracy: 0.9444, Precision: 0.8994, Recall: 0.9966, Specificity: 0.8956, F1-Score: 0.9455 
23:01:10 : Training Confusion for Epoch 3:
[[1135   81]
 [  65 1171]] 
23:01:11 : Epoch [3/50], Loss: 0.0137, Accuracy: 0.8676, Precision: 0.9694, Recall: 0.7500, Specificity: 0.9778, F1-Score: 0.8457 
23:01:23 : Training Confusion for Epoch 4:
[[1133   83]
 [  56 1180]] 
23:01:25 : Epoch [4/50], Loss: 0.0063, Accuracy: 0.9559, Precision: 0.9821, Recall: 0.9257, Specificity: 0.9842, F1-Score: 0.9530 
23:01:37 : Training Confusion for Epoch 5:
[[1143   73]
 [  65 1171]] 
23:01:38 : Epoch [5/50], Loss: 0.0128, Accuracy: 0.9788, Precision: 0.9764, Recall: 0.9797, Specificity: 0.9778, F1-Score: 0.9781 
23:01:51 : Training Confusion for Epoch 6:
[[1146   70]
 [  54 1182]] 
23:01:52 : Epoch [6/50], Loss: 0.0099, Accuracy: 0.9559, Precision: 0.9325, Recall: 0.9797, Specificity: 0.9335, F1-Score: 0.9555 
23:02:04 : Training Confusion for Epoch 7:
[[1148   68]
 [  47 1189]] 
23:02:06 : Epoch [7/50], Loss: 0.0025, Accuracy: 0.9608, Precision: 0.9892, Recall: 0.9291, Specificity: 0.9905, F1-Score: 0.9582 
23:02:18 : Training Confusion for Epoch 8:
[[1166   50]
 [  37 1199]] 
23:02:19 : Epoch [8/50], Loss: 0.0026, Accuracy: 0.9788, Precision: 0.9670, Recall: 0.9899, Specificity: 0.9684, F1-Score: 0.9783 
23:02:32 : Training Confusion for Epoch 9:
[[1162   54]
 [  30 1206]] 
23:02:33 : Epoch [9/50], Loss: 0.0054, Accuracy: 0.9657, Precision: 0.9825, Recall: 0.9459, Specificity: 0.9842, F1-Score: 0.9639 
23:02:45 : Training Confusion for Epoch 10:
[[1165   51]
 [  43 1193]] 
23:02:47 : Epoch [10/50], Loss: 0.0025, Accuracy: 0.9183, Precision: 0.9843, Recall: 0.8446, Specificity: 0.9873, F1-Score: 0.9091 
23:02:59 : Training Confusion for Epoch 11:
[[1162   54]
 [  37 1199]] 
23:03:01 : Epoch [11/50], Loss: 0.0112, Accuracy: 0.9788, Precision: 0.9732, Recall: 0.9831, Specificity: 0.9747, F1-Score: 0.9782 
23:03:13 : Training Confusion for Epoch 12:
[[1167   49]
 [  31 1205]] 
23:03:14 : Epoch [12/50], Loss: 0.0029, Accuracy: 0.9771, Precision: 0.9764, Recall: 0.9764, Specificity: 0.9778, F1-Score: 0.9764 
23:03:26 : Training Confusion for Epoch 13:
[[1163   53]
 [  49 1187]] 
23:03:28 : Epoch [13/50], Loss: 0.0002, Accuracy: 0.9444, Precision: 0.9888, Recall: 0.8953, Specificity: 0.9905, F1-Score: 0.9397 
23:03:40 : Training Confusion for Epoch 14:
[[1160   56]
 [  28 1208]] 
23:03:42 : Epoch [14/50], Loss: 0.0031, Accuracy: 0.9788, Precision: 0.9732, Recall: 0.9831, Specificity: 0.9747, F1-Score: 0.9782 
23:03:54 : Training Confusion for Epoch 15:
[[1175   41]
 [  34 1202]] 
23:03:55 : Epoch [15/50], Loss: 0.0078, Accuracy: 0.9755, Precision: 0.9699, Recall: 0.9797, Specificity: 0.9715, F1-Score: 0.9748 
23:04:07 : Training Confusion for Epoch 16:
[[1180   36]
 [  26 1210]] 
23:04:09 : Epoch [16/50], Loss: 0.0012, Accuracy: 0.9657, Precision: 0.9791, Recall: 0.9493, Specificity: 0.9810, F1-Score: 0.9640 
23:04:21 : Training Confusion for Epoch 17:
[[1181   35]
 [  24 1212]] 
23:04:23 : Epoch [17/50], Loss: 0.0029, Accuracy: 0.9592, Precision: 0.9892, Recall: 0.9257, Specificity: 0.9905, F1-Score: 0.9564 
23:04:35 : Training Confusion for Epoch 18:
[[1177   39]
 [  26 1210]] 
23:04:36 : Epoch [18/50], Loss: 0.0067, Accuracy: 0.9690, Precision: 0.9571, Recall: 0.9797, Specificity: 0.9589, F1-Score: 0.9683 
23:04:49 : Training Confusion for Epoch 19:
[[1179   37]
 [  28 1208]] 
23:04:50 : Epoch [19/50], Loss: 0.0033, Accuracy: 0.9624, Precision: 0.9892, Recall: 0.9324, Specificity: 0.9905, F1-Score: 0.9600 
23:05:02 : Training Confusion for Epoch 20:
[[1184   32]
 [  20 1216]] 
23:05:04 : Epoch [20/50], Loss: 0.0011, Accuracy: 0.9526, Precision: 0.9890, Recall: 0.9122, Specificity: 0.9905, F1-Score: 0.9490 
23:05:16 : Training Confusion for Epoch 21:
[[1147   69]
 [  42 1194]] 
23:05:18 : Epoch [21/50], Loss: 0.0068, Accuracy: 0.9706, Precision: 0.9696, Recall: 0.9696, Specificity: 0.9715, F1-Score: 0.9696 
23:05:30 : Training Confusion for Epoch 22:
[[1173   43]
 [  35 1201]] 
23:05:31 : Epoch [22/50], Loss: 0.0007, Accuracy: 0.9690, Precision: 0.9759, Recall: 0.9595, Specificity: 0.9778, F1-Score: 0.9676 
23:05:44 : Training Confusion for Epoch 23:
[[1179   37]
 [  42 1194]] 
23:05:45 : Epoch [23/50], Loss: 0.0016, Accuracy: 0.9722, Precision: 0.9794, Recall: 0.9628, Specificity: 0.9810, F1-Score: 0.9710 
23:05:57 : Training Confusion for Epoch 24:
[[1179   37]
 [  32 1204]] 
23:05:59 : Epoch [24/50], Loss: 0.0031, Accuracy: 0.9575, Precision: 0.9245, Recall: 0.9932, Specificity: 0.9241, F1-Score: 0.9577 
23:06:11 : Training Confusion for Epoch 25:
[[1187   29]
 [  25 1211]] 
23:06:12 : Epoch [25/50], Loss: 0.0020, Accuracy: 0.9085, Precision: 0.9839, Recall: 0.8243, Specificity: 0.9873, F1-Score: 0.8971 
23:06:25 : Training Confusion for Epoch 26:
[[1189   27]
 [  24 1212]] 
23:06:26 : Epoch [26/50], Loss: 0.0023, Accuracy: 0.9690, Precision: 0.9601, Recall: 0.9764, Specificity: 0.9620, F1-Score: 0.9682 
23:06:38 : Training Confusion for Epoch 27:
[[1181   35]
 [  32 1204]] 
23:06:40 : Epoch [27/50], Loss: 0.0013, Accuracy: 0.9624, Precision: 0.9823, Recall: 0.9392, Specificity: 0.9842, F1-Score: 0.9603 
23:06:52 : Training Confusion for Epoch 28:
[[1188   28]
 [  22 1214]] 
23:06:54 : Epoch [28/50], Loss: 0.0024, Accuracy: 0.9608, Precision: 0.9690, Recall: 0.9493, Specificity: 0.9715, F1-Score: 0.9590 
23:07:06 : Training Confusion for Epoch 29:
[[1181   35]
 [  34 1202]] 
23:07:07 : Epoch [29/50], Loss: 0.0054, Accuracy: 0.9771, Precision: 0.9669, Recall: 0.9865, Specificity: 0.9684, F1-Score: 0.9766 
23:07:20 : Training Confusion for Epoch 30:
[[1189   27]
 [  21 1215]] 
23:07:21 : Epoch [30/50], Loss: 0.0021, Accuracy: 0.9788, Precision: 0.9764, Recall: 0.9797, Specificity: 0.9778, F1-Score: 0.9781 
23:07:33 : Training Confusion for Epoch 31:
[[1191   25]
 [  22 1214]] 
23:07:35 : Epoch [31/50], Loss: 0.0215, Accuracy: 0.9673, Precision: 0.9452, Recall: 0.9899, Specificity: 0.9462, F1-Score: 0.9670 
23:07:47 : Training Confusion for Epoch 32:
[[1188   28]
 [  24 1212]] 
23:07:48 : Epoch [32/50], Loss: 0.0076, Accuracy: 0.9755, Precision: 0.9699, Recall: 0.9797, Specificity: 0.9715, F1-Score: 0.9748 
23:08:01 : Training Confusion for Epoch 33:
[[1198   18]
 [  17 1219]] 
23:08:02 : Epoch [33/50], Loss: 0.0012, Accuracy: 0.9739, Precision: 0.9762, Recall: 0.9696, Specificity: 0.9778, F1-Score: 0.9729 
23:08:14 : Training Confusion for Epoch 34:
[[1199   17]
 [  16 1220]] 
23:08:16 : Epoch [34/50], Loss: 0.0008, Accuracy: 0.9739, Precision: 0.9636, Recall: 0.9831, Specificity: 0.9652, F1-Score: 0.9732 
23:08:28 : Training Confusion for Epoch 35:
[[1195   21]
 [  18 1218]] 
23:08:29 : Epoch [35/50], Loss: 0.0017, Accuracy: 0.9690, Precision: 0.9727, Recall: 0.9628, Specificity: 0.9747, F1-Score: 0.9677 
23:08:42 : Training Confusion for Epoch 36:
[[1200   16]
 [  17 1219]] 
23:08:43 : Epoch [36/50], Loss: 0.0017, Accuracy: 0.9722, Precision: 0.9574, Recall: 0.9865, Specificity: 0.9589, F1-Score: 0.9717 
23:08:55 : Training Confusion for Epoch 37:
[[1195   21]
 [  22 1214]] 
23:08:57 : Epoch [37/50], Loss: 0.0047, Accuracy: 0.9755, Precision: 0.9731, Recall: 0.9764, Specificity: 0.9747, F1-Score: 0.9747 
23:09:09 : Training Confusion for Epoch 38:
[[1200   16]
 [  18 1218]] 
23:09:10 : Epoch [38/50], Loss: 0.0054, Accuracy: 0.9690, Precision: 0.9511, Recall: 0.9865, Specificity: 0.9525, F1-Score: 0.9685 
23:09:23 : Training Confusion for Epoch 39:
[[1184   32]
 [  37 1199]] 
23:09:24 : Epoch [39/50], Loss: 0.0070, Accuracy: 0.9624, Precision: 0.9823, Recall: 0.9392, Specificity: 0.9842, F1-Score: 0.9603 
23:09:36 : Training Confusion for Epoch 40:
[[1201   15]
 [  17 1219]] 
23:09:38 : Epoch [40/50], Loss: 0.0006, Accuracy: 0.9722, Precision: 0.9604, Recall: 0.9831, Specificity: 0.9620, F1-Score: 0.9716 
23:09:50 : Training Confusion for Epoch 41:
[[1198   18]
 [  19 1217]] 
23:09:51 : Epoch [41/50], Loss: 0.0054, Accuracy: 0.9788, Precision: 0.9732, Recall: 0.9831, Specificity: 0.9747, F1-Score: 0.9782 
23:10:04 : Training Confusion for Epoch 42:
[[1203   13]
 [  15 1221]] 
23:10:05 : Epoch [42/50], Loss: 0.0001, Accuracy: 0.9771, Precision: 0.9764, Recall: 0.9764, Specificity: 0.9778, F1-Score: 0.9764 
23:10:17 : Training Confusion for Epoch 43:
[[1195   21]
 [  15 1221]] 
23:10:19 : Epoch [43/50], Loss: 0.0014, Accuracy: 0.9559, Precision: 0.9856, Recall: 0.9223, Specificity: 0.9873, F1-Score: 0.9529 
23:10:31 : Training Confusion for Epoch 44:
[[1200   16]
 [  17 1219]] 
23:10:33 : Epoch [44/50], Loss: 0.0023, Accuracy: 0.9722, Precision: 0.9794, Recall: 0.9628, Specificity: 0.9810, F1-Score: 0.9710 
23:10:45 : Training Confusion for Epoch 45:
[[1206   10]
 [  12 1224]] 
23:10:46 : Epoch [45/50], Loss: 0.0010, Accuracy: 0.9739, Precision: 0.9667, Recall: 0.9797, Specificity: 0.9684, F1-Score: 0.9732 
23:10:58 : Training Confusion for Epoch 46:
[[1205   11]
 [  13 1223]] 
23:11:00 : Epoch [46/50], Loss: 0.0027, Accuracy: 0.9706, Precision: 0.9728, Recall: 0.9662, Specificity: 0.9747, F1-Score: 0.9695 
23:11:12 : Training Confusion for Epoch 47:
[[1201   15]
 [  16 1220]] 
23:11:14 : Epoch [47/50], Loss: 0.0104, Accuracy: 0.9641, Precision: 0.9448, Recall: 0.9831, Specificity: 0.9462, F1-Score: 0.9636 
23:11:26 : Training Confusion for Epoch 48:
[[1209    7]
 [  17 1219]] 
23:11:27 : Epoch [48/50], Loss: 0.0013, Accuracy: 0.9706, Precision: 0.9760, Recall: 0.9628, Specificity: 0.9778, F1-Score: 0.9694 
23:11:39 : Training Confusion for Epoch 49:
[[1209    7]
 [  11 1225]] 
23:11:41 : Epoch [49/50], Loss: 0.0038, Accuracy: 0.9788, Precision: 0.9797, Recall: 0.9764, Specificity: 0.9810, F1-Score: 0.9780 
23:11:53 : Training Confusion for Epoch 50:
[[1213    3]
 [  11 1225]] 
23:11:55 : Epoch [50/50], Loss: 0.0093, Accuracy: 0.9657, Precision: 0.9508, Recall: 0.9797, Specificity: 0.9525, F1-Score: 0.9651 
23:11:55 : Cross-validation results: 
23:11:55 : Accuracy: 0.9514  0.0274 
23:11:56 : Precision: 0.9581  0.0230 
23:11:56 : Recall: 0.9450  0.0581 
23:11:56 : Specificity: 0.9578  0.0253 
23:11:56 : F1-Score: 0.9501  0.0359 
23:11:56 : Training Loss: 0.0869  0.0603 
23:11:56 : Validation Loss: 0.2085  0.2526 
23:18:31 : CBAM_crossval 
23:19:01 : Loaded saved model. 
23:21:22 : Test Loss: 0.1233, Test Accuracy: 0.9459, Test Precision: 0.1035, Test Recall: 0.9661, Test Specificity: 0.9457, Test F1-Score: 0.1870 
