22:02:02 : ReLU 
22:02:30 : No saved model found. Training a new model. 
22:02:30 : FOLD 0 
22:02:30 : ---------------------------------- 
22:02:38 : Training Confusion for Epoch 1:
[[1113  107]
 [ 175 1056]] 
22:02:39 : Epoch [1/50], Loss: 0.0047, Accuracy: 0.8630, Precision: 0.9822, Recall: 0.7342, Specificity: 0.9872, F1-Score: 0.8403 
22:02:46 : Training Confusion for Epoch 2:
[[1146   74]
 [  76 1155]] 
22:02:46 : Epoch [2/50], Loss: 0.0063, Accuracy: 0.9152, Precision: 0.9734, Recall: 0.8505, Specificity: 0.9776, F1-Score: 0.9078 
22:02:53 : Training Confusion for Epoch 3:
[[1160   60]
 [  62 1169]] 
22:02:54 : Epoch [3/50], Loss: 0.0350, Accuracy: 0.9250, Precision: 0.9811, Recall: 0.8638, Specificity: 0.9840, F1-Score: 0.9187 
22:03:00 : Training Confusion for Epoch 4:
[[1163   57]
 [  53 1178]] 
22:03:01 : Epoch [4/50], Loss: 0.0064, Accuracy: 0.8989, Precision: 0.9838, Recall: 0.8073, Specificity: 0.9872, F1-Score: 0.8869 
22:03:08 : Training Confusion for Epoch 5:
[[1165   55]
 [  51 1180]] 
22:03:09 : Epoch [5/50], Loss: 0.0155, Accuracy: 0.9168, Precision: 0.9808, Recall: 0.8472, Specificity: 0.9840, F1-Score: 0.9091 
22:03:15 : Training Confusion for Epoch 6:
[[1158   62]
 [  57 1174]] 
22:03:16 : Epoch [6/50], Loss: 0.0154, Accuracy: 0.9576, Precision: 0.9791, Recall: 0.9336, Specificity: 0.9808, F1-Score: 0.9558 
22:03:22 : Training Confusion for Epoch 7:
[[1178   42]
 [  44 1187]] 
22:03:23 : Epoch [7/50], Loss: 0.0095, Accuracy: 0.9576, Precision: 0.9479, Recall: 0.9668, Specificity: 0.9487, F1-Score: 0.9572 
22:03:30 : Training Confusion for Epoch 8:
[[1166   54]
 [  41 1190]] 
22:03:31 : Epoch [8/50], Loss: 0.0101, Accuracy: 0.9429, Precision: 0.9055, Recall: 0.9867, Specificity: 0.9006, F1-Score: 0.9444 
22:03:37 : Training Confusion for Epoch 9:
[[1170   50]
 [  44 1187]] 
22:03:38 : Epoch [9/50], Loss: 0.0161, Accuracy: 0.9641, Precision: 0.9401, Recall: 0.9900, Specificity: 0.9391, F1-Score: 0.9644 
22:03:45 : Training Confusion for Epoch 10:
[[1181   39]
 [  45 1186]] 
22:03:46 : Epoch [10/50], Loss: 0.0009, Accuracy: 0.9527, Precision: 0.9658, Recall: 0.9369, Specificity: 0.9679, F1-Score: 0.9511 
22:03:52 : Training Confusion for Epoch 11:
[[1164   56]
 [  36 1195]] 
22:03:53 : Epoch [11/50], Loss: 0.0067, Accuracy: 0.9560, Precision: 0.9692, Recall: 0.9402, Specificity: 0.9712, F1-Score: 0.9545 
22:04:00 : Training Confusion for Epoch 12:
[[1181   39]
 [  38 1193]] 
22:04:00 : Epoch [12/50], Loss: 0.0015, Accuracy: 0.9560, Precision: 0.9628, Recall: 0.9468, Specificity: 0.9647, F1-Score: 0.9548 
22:04:07 : Training Confusion for Epoch 13:
[[1179   41]
 [  32 1199]] 
22:04:08 : Epoch [13/50], Loss: 0.0013, Accuracy: 0.9576, Precision: 0.9725, Recall: 0.9402, Specificity: 0.9744, F1-Score: 0.9561 
22:04:14 : Training Confusion for Epoch 14:
[[1166   54]
 [  33 1198]] 
22:04:15 : Epoch [14/50], Loss: 0.0015, Accuracy: 0.9396, Precision: 0.9818, Recall: 0.8937, Specificity: 0.9840, F1-Score: 0.9357 
22:04:22 : Training Confusion for Epoch 15:
[[1186   34]
 [  31 1200]] 
22:04:23 : Epoch [15/50], Loss: 0.0080, Accuracy: 0.9315, Precision: 0.9814, Recall: 0.8771, Specificity: 0.9840, F1-Score: 0.9263 
22:04:29 : Training Confusion for Epoch 16:
[[1181   39]
 [  27 1204]] 
22:04:30 : Epoch [16/50], Loss: 0.0027, Accuracy: 0.9625, Precision: 0.9427, Recall: 0.9834, Specificity: 0.9423, F1-Score: 0.9626 
22:04:37 : Training Confusion for Epoch 17:
[[1183   37]
 [  32 1199]] 
22:04:38 : Epoch [17/50], Loss: 0.0016, Accuracy: 0.9494, Precision: 0.9787, Recall: 0.9169, Specificity: 0.9808, F1-Score: 0.9468 
22:04:44 : Training Confusion for Epoch 18:
[[1181   39]
 [  32 1199]] 
22:04:45 : Epoch [18/50], Loss: 0.0066, Accuracy: 0.9625, Precision: 0.9728, Recall: 0.9502, Specificity: 0.9744, F1-Score: 0.9613 
22:04:52 : Training Confusion for Epoch 19:
[[1190   30]
 [  18 1213]] 
22:04:52 : Epoch [19/50], Loss: 0.0064, Accuracy: 0.9641, Precision: 0.9666, Recall: 0.9601, Specificity: 0.9679, F1-Score: 0.9633 
22:04:59 : Training Confusion for Epoch 20:
[[1183   37]
 [  30 1201]] 
22:05:00 : Epoch [20/50], Loss: 0.0009, Accuracy: 0.9315, Precision: 0.9034, Recall: 0.9635, Specificity: 0.9006, F1-Score: 0.9325 
22:05:06 : Training Confusion for Epoch 21:
[[1183   37]
 [  30 1201]] 
22:05:07 : Epoch [21/50], Loss: 0.0098, Accuracy: 0.9608, Precision: 0.9397, Recall: 0.9834, Specificity: 0.9391, F1-Score: 0.9610 
22:05:14 : Training Confusion for Epoch 22:
[[1179   41]
 [  28 1203]] 
22:05:15 : Epoch [22/50], Loss: 0.0135, Accuracy: 0.9576, Precision: 0.9338, Recall: 0.9834, Specificity: 0.9327, F1-Score: 0.9579 
22:05:21 : Training Confusion for Epoch 23:
[[1194   26]
 [  17 1214]] 
22:05:22 : Epoch [23/50], Loss: 0.0022, Accuracy: 0.9608, Precision: 0.9759, Recall: 0.9435, Specificity: 0.9776, F1-Score: 0.9595 
22:05:29 : Training Confusion for Epoch 24:
[[1190   30]
 [  28 1203]] 
22:05:30 : Epoch [24/50], Loss: 0.0045, Accuracy: 0.9543, Precision: 0.9306, Recall: 0.9801, Specificity: 0.9295, F1-Score: 0.9547 
22:05:36 : Training Confusion for Epoch 25:
[[1186   34]
 [  19 1212]] 
22:05:37 : Epoch [25/50], Loss: 0.0101, Accuracy: 0.9690, Precision: 0.9764, Recall: 0.9601, Specificity: 0.9776, F1-Score: 0.9682 
22:05:44 : Training Confusion for Epoch 26:
[[1199   21]
 [  18 1213]] 
22:05:45 : Epoch [26/50], Loss: 0.0002, Accuracy: 0.9625, Precision: 0.9484, Recall: 0.9767, Specificity: 0.9487, F1-Score: 0.9624 
22:05:51 : Training Confusion for Epoch 27:
[[1195   25]
 [  20 1211]] 
22:05:52 : Epoch [27/50], Loss: 0.0319, Accuracy: 0.9070, Precision: 0.8427, Recall: 0.9967, Specificity: 0.8205, F1-Score: 0.9132 
22:05:59 : Training Confusion for Epoch 28:
[[1180   40]
 [  21 1210]] 
22:06:00 : Epoch [28/50], Loss: 0.0028, Accuracy: 0.8711, Precision: 0.9955, Recall: 0.7409, Specificity: 0.9968, F1-Score: 0.8495 
22:06:06 : Training Confusion for Epoch 29:
[[1198   22]
 [  24 1207]] 
22:06:07 : Epoch [29/50], Loss: 0.0028, Accuracy: 0.9560, Precision: 0.9724, Recall: 0.9369, Specificity: 0.9744, F1-Score: 0.9543 
22:06:14 : Training Confusion for Epoch 30:
[[1199   21]
 [  22 1209]] 
22:06:15 : Epoch [30/50], Loss: 0.0131, Accuracy: 0.9576, Precision: 0.9310, Recall: 0.9867, Specificity: 0.9295, F1-Score: 0.9581 
22:06:21 : Training Confusion for Epoch 31:
[[1203   17]
 [  21 1210]] 
22:06:22 : Epoch [31/50], Loss: 0.0017, Accuracy: 0.9527, Precision: 0.9755, Recall: 0.9269, Specificity: 0.9776, F1-Score: 0.9506 
22:06:29 : Training Confusion for Epoch 32:
[[1199   21]
 [  19 1212]] 
22:06:30 : Epoch [32/50], Loss: 0.0142, Accuracy: 0.9657, Precision: 0.9516, Recall: 0.9801, Specificity: 0.9519, F1-Score: 0.9656 
22:06:36 : Training Confusion for Epoch 33:
[[1206   14]
 [  15 1216]] 
22:06:37 : Epoch [33/50], Loss: 0.0114, Accuracy: 0.9201, Precision: 0.8600, Recall: 1.0000, Specificity: 0.8429, F1-Score: 0.9247 
22:06:44 : Training Confusion for Epoch 34:
[[1192   28]
 [  19 1212]] 
22:06:44 : Epoch [34/50], Loss: 0.0041, Accuracy: 0.9560, Precision: 0.9597, Recall: 0.9502, Specificity: 0.9615, F1-Score: 0.9549 
22:06:51 : Training Confusion for Epoch 35:
[[1200   20]
 [  14 1217]] 
22:06:52 : Epoch [35/50], Loss: 0.0047, Accuracy: 0.9527, Precision: 0.9387, Recall: 0.9668, Specificity: 0.9391, F1-Score: 0.9525 
22:06:59 : Training Confusion for Epoch 36:
[[1199   21]
 [  15 1216]] 
22:06:59 : Epoch [36/50], Loss: 0.0027, Accuracy: 0.9494, Precision: 0.9787, Recall: 0.9169, Specificity: 0.9808, F1-Score: 0.9468 
22:07:06 : Training Confusion for Epoch 37:
[[1203   17]
 [  18 1213]] 
22:07:07 : Epoch [37/50], Loss: 0.0058, Accuracy: 0.9380, Precision: 0.9782, Recall: 0.8937, Specificity: 0.9808, F1-Score: 0.9340 
22:07:13 : Training Confusion for Epoch 38:
[[1208   12]
 [  15 1216]] 
22:07:14 : Epoch [38/50], Loss: 0.0003, Accuracy: 0.9299, Precision: 0.8886, Recall: 0.9801, Specificity: 0.8814, F1-Score: 0.9321 
22:07:21 : Training Confusion for Epoch 39:
[[1193   27]
 [  23 1208]] 
22:07:22 : Epoch [39/50], Loss: 0.0025, Accuracy: 0.9168, Precision: 0.9921, Recall: 0.8372, Specificity: 0.9936, F1-Score: 0.9081 
22:07:29 : Training Confusion for Epoch 40:
[[1197   23]
 [  21 1210]] 
22:07:29 : Epoch [40/50], Loss: 0.0107, Accuracy: 0.9168, Precision: 0.8551, Recall: 1.0000, Specificity: 0.8365, F1-Score: 0.9219 
22:07:36 : Training Confusion for Epoch 41:
[[1200   20]
 [  22 1209]] 
22:07:37 : Epoch [41/50], Loss: 0.0014, Accuracy: 0.9608, Precision: 0.9695, Recall: 0.9502, Specificity: 0.9712, F1-Score: 0.9597 
22:07:43 : Training Confusion for Epoch 42:
[[1208   12]
 [  15 1216]] 
22:07:44 : Epoch [42/50], Loss: 0.0009, Accuracy: 0.9641, Precision: 0.9574, Recall: 0.9701, Specificity: 0.9583, F1-Score: 0.9637 
22:07:51 : Training Confusion for Epoch 43:
[[1209   11]
 [  13 1218]] 
22:07:52 : Epoch [43/50], Loss: 0.0031, Accuracy: 0.9299, Precision: 0.9813, Recall: 0.8738, Specificity: 0.9840, F1-Score: 0.9244 
22:07:58 : Training Confusion for Epoch 44:
[[1210   10]
 [  10 1221]] 
22:07:59 : Epoch [44/50], Loss: 0.0042, Accuracy: 0.9657, Precision: 0.9698, Recall: 0.9601, Specificity: 0.9712, F1-Score: 0.9649 
22:08:06 : Training Confusion for Epoch 45:
[[1212    8]
 [  13 1218]] 
22:08:07 : Epoch [45/50], Loss: 0.0053, Accuracy: 0.9576, Precision: 0.9231, Recall: 0.9967, Specificity: 0.9199, F1-Score: 0.9585 
22:08:13 : Training Confusion for Epoch 46:
[[1213    7]
 [  11 1220]] 
22:08:14 : Epoch [46/50], Loss: 0.0025, Accuracy: 0.9560, Precision: 0.9281, Recall: 0.9867, Specificity: 0.9263, F1-Score: 0.9565 
22:08:21 : Training Confusion for Epoch 47:
[[1211    9]
 [  10 1221]] 
22:08:22 : Epoch [47/50], Loss: 0.0005, Accuracy: 0.9266, Precision: 0.9776, Recall: 0.8704, Specificity: 0.9808, F1-Score: 0.9209 
22:08:28 : Training Confusion for Epoch 48:
[[1210   10]
 [  16 1215]] 
22:08:29 : Epoch [48/50], Loss: 0.0156, Accuracy: 0.8940, Precision: 0.9876, Recall: 0.7940, Specificity: 0.9904, F1-Score: 0.8803 
22:08:36 : Training Confusion for Epoch 49:
[[1213    7]
 [  12 1219]] 
22:08:37 : Epoch [49/50], Loss: 0.0030, Accuracy: 0.8548, Precision: 0.9907, Recall: 0.7110, Specificity: 0.9936, F1-Score: 0.8279 
22:08:43 : Training Confusion for Epoch 50:
[[1207   13]
 [  13 1218]] 
22:08:44 : Epoch [50/50], Loss: 0.0004, Accuracy: 0.9608, Precision: 0.9482, Recall: 0.9734, Specificity: 0.9487, F1-Score: 0.9607 
22:08:45 : FOLD 1 
22:08:45 : ---------------------------------- 
22:08:52 : Training Confusion for Epoch 1:
[[1107  119]
 [ 164 1061]] 
22:08:53 : Epoch [1/50], Loss: 0.0132, Accuracy: 0.7945, Precision: 0.9945, Recall: 0.5928, Specificity: 0.9967, F1-Score: 0.7429 
22:08:59 : Training Confusion for Epoch 2:
[[1151   75]
 [  80 1145]] 
22:09:00 : Epoch [2/50], Loss: 0.0089, Accuracy: 0.9511, Precision: 0.9571, Recall: 0.9446, Specificity: 0.9575, F1-Score: 0.9508 
22:09:07 : Training Confusion for Epoch 3:
[[1158   68]
 [  61 1164]] 
22:09:08 : Epoch [3/50], Loss: 0.0160, Accuracy: 0.9315, Precision: 0.9052, Recall: 0.9642, Specificity: 0.8987, F1-Score: 0.9338 
22:09:14 : Training Confusion for Epoch 4:
[[1151   75]
 [  60 1165]] 
22:09:15 : Epoch [4/50], Loss: 0.0100, Accuracy: 0.9445, Precision: 0.9565, Recall: 0.9316, Specificity: 0.9575, F1-Score: 0.9439 
22:09:22 : Training Confusion for Epoch 5:
[[1141   85]
 [  66 1159]] 
22:09:23 : Epoch [5/50], Loss: 0.0148, Accuracy: 0.9445, Precision: 0.9446, Recall: 0.9446, Specificity: 0.9444, F1-Score: 0.9446 
22:09:29 : Training Confusion for Epoch 6:
[[1166   60]
 [  47 1178]] 
22:09:30 : Epoch [6/50], Loss: 0.0055, Accuracy: 0.9527, Precision: 0.9513, Recall: 0.9544, Specificity: 0.9510, F1-Score: 0.9528 
22:09:37 : Training Confusion for Epoch 7:
[[1172   54]
 [  37 1188]] 
22:09:38 : Epoch [7/50], Loss: 0.0014, Accuracy: 0.9543, Precision: 0.9515, Recall: 0.9577, Specificity: 0.9510, F1-Score: 0.9545 
22:09:44 : Training Confusion for Epoch 8:
[[1180   46]
 [  40 1185]] 
22:09:45 : Epoch [8/50], Loss: 0.0182, Accuracy: 0.9429, Precision: 0.9304, Recall: 0.9577, Specificity: 0.9281, F1-Score: 0.9438 
22:09:52 : Training Confusion for Epoch 9:
[[1183   43]
 [  42 1183]] 
22:09:52 : Epoch [9/50], Loss: 0.0130, Accuracy: 0.9543, Precision: 0.9401, Recall: 0.9707, Specificity: 0.9379, F1-Score: 0.9551 
22:09:59 : Training Confusion for Epoch 10:
[[1174   52]
 [  29 1196]] 
22:10:00 : Epoch [10/50], Loss: 0.0139, Accuracy: 0.9543, Precision: 0.9486, Recall: 0.9609, Specificity: 0.9477, F1-Score: 0.9547 
22:10:07 : Training Confusion for Epoch 11:
[[1178   48]
 [  34 1191]] 
22:10:07 : Epoch [11/50], Loss: 0.0048, Accuracy: 0.9527, Precision: 0.9760, Recall: 0.9283, Specificity: 0.9771, F1-Score: 0.9516 
22:10:14 : Training Confusion for Epoch 12:
[[1181   45]
 [  22 1203]] 
22:10:15 : Epoch [12/50], Loss: 0.0043, Accuracy: 0.9608, Precision: 0.9550, Recall: 0.9674, Specificity: 0.9542, F1-Score: 0.9612 
22:10:21 : Training Confusion for Epoch 13:
[[1187   39]
 [  29 1196]] 
22:10:22 : Epoch [13/50], Loss: 0.0041, Accuracy: 0.9511, Precision: 0.9342, Recall: 0.9707, Specificity: 0.9314, F1-Score: 0.9521 
22:10:29 : Training Confusion for Epoch 14:
[[1185   41]
 [  36 1189]] 
22:10:30 : Epoch [14/50], Loss: 0.0114, Accuracy: 0.9282, Precision: 0.9782, Recall: 0.8762, Specificity: 0.9804, F1-Score: 0.9244 
22:10:36 : Training Confusion for Epoch 15:
[[1188   38]
 [  27 1198]] 
22:10:37 : Epoch [15/50], Loss: 0.0048, Accuracy: 0.9462, Precision: 0.9507, Recall: 0.9414, Specificity: 0.9510, F1-Score: 0.9460 
22:10:44 : Training Confusion for Epoch 16:
[[1187   39]
 [  28 1197]] 
22:10:45 : Epoch [16/50], Loss: 0.0041, Accuracy: 0.9625, Precision: 0.9610, Recall: 0.9642, Specificity: 0.9608, F1-Score: 0.9626 
22:10:51 : Training Confusion for Epoch 17:
[[1186   40]
 [  21 1204]] 
22:10:52 : Epoch [17/50], Loss: 0.0079, Accuracy: 0.9527, Precision: 0.9484, Recall: 0.9577, Specificity: 0.9477, F1-Score: 0.9530 
22:10:59 : Training Confusion for Epoch 18:
[[1190   36]
 [  28 1197]] 
22:11:00 : Epoch [18/50], Loss: 0.0073, Accuracy: 0.9543, Precision: 0.9319, Recall: 0.9805, Specificity: 0.9281, F1-Score: 0.9556 
22:11:06 : Training Confusion for Epoch 19:
[[1194   32]
 [  19 1206]] 
22:11:07 : Epoch [19/50], Loss: 0.0033, Accuracy: 0.9657, Precision: 0.9613, Recall: 0.9707, Specificity: 0.9608, F1-Score: 0.9660 
22:11:14 : Training Confusion for Epoch 20:
[[1186   40]
 [  29 1196]] 
22:11:15 : Epoch [20/50], Loss: 0.0039, Accuracy: 0.9462, Precision: 0.9628, Recall: 0.9283, Specificity: 0.9641, F1-Score: 0.9453 
22:11:21 : Training Confusion for Epoch 21:
[[1193   33]
 [  18 1207]] 
22:11:22 : Epoch [21/50], Loss: 0.0050, Accuracy: 0.9576, Precision: 0.9404, Recall: 0.9772, Specificity: 0.9379, F1-Score: 0.9585 
22:11:29 : Training Confusion for Epoch 22:
[[1194   32]
 [  17 1208]] 
22:11:30 : Epoch [22/50], Loss: 0.0028, Accuracy: 0.9543, Precision: 0.9666, Recall: 0.9414, Specificity: 0.9673, F1-Score: 0.9538 
22:11:36 : Training Confusion for Epoch 23:
[[1190   36]
 [  20 1205]] 
22:11:37 : Epoch [23/50], Loss: 0.0025, Accuracy: 0.8581, Precision: 0.7821, Recall: 0.9935, Specificity: 0.7222, F1-Score: 0.8752 
22:11:44 : Training Confusion for Epoch 24:
[[1187   39]
 [  27 1198]] 
22:11:45 : Epoch [24/50], Loss: 0.0027, Accuracy: 0.9576, Precision: 0.9547, Recall: 0.9609, Specificity: 0.9542, F1-Score: 0.9578 
22:11:51 : Training Confusion for Epoch 25:
[[1197   29]
 [  15 1210]] 
22:11:52 : Epoch [25/50], Loss: 0.0033, Accuracy: 0.9608, Precision: 0.9464, Recall: 0.9772, Specificity: 0.9444, F1-Score: 0.9615 
22:11:59 : Training Confusion for Epoch 26:
[[1196   30]
 [  21 1204]] 
22:12:00 : Epoch [26/50], Loss: 0.0002, Accuracy: 0.9511, Precision: 0.9792, Recall: 0.9218, Specificity: 0.9804, F1-Score: 0.9497 
22:12:06 : Training Confusion for Epoch 27:
[[1196   30]
 [  14 1211]] 
22:12:07 : Epoch [27/50], Loss: 0.0027, Accuracy: 0.9625, Precision: 0.9671, Recall: 0.9577, Specificity: 0.9673, F1-Score: 0.9624 
22:12:14 : Training Confusion for Epoch 28:
[[1203   23]
 [  20 1205]] 
22:12:14 : Epoch [28/50], Loss: 0.0013, Accuracy: 0.9445, Precision: 0.9124, Recall: 0.9837, Specificity: 0.9052, F1-Score: 0.9467 
22:12:21 : Training Confusion for Epoch 29:
[[1200   26]
 [  17 1208]] 
22:12:22 : Epoch [29/50], Loss: 0.0024, Accuracy: 0.9527, Precision: 0.9572, Recall: 0.9479, Specificity: 0.9575, F1-Score: 0.9525 
22:12:28 : Training Confusion for Epoch 30:
[[1200   26]
 [  19 1206]] 
22:12:29 : Epoch [30/50], Loss: 0.0341, Accuracy: 0.9005, Precision: 0.9805, Recall: 0.8176, Specificity: 0.9837, F1-Score: 0.8917 
22:12:36 : Training Confusion for Epoch 31:
[[1202   24]
 [  18 1207]] 
22:12:37 : Epoch [31/50], Loss: 0.0048, Accuracy: 0.9608, Precision: 0.9521, Recall: 0.9707, Specificity: 0.9510, F1-Score: 0.9613 
22:12:43 : Training Confusion for Epoch 32:
[[1208   18]
 [  15 1210]] 
22:12:44 : Epoch [32/50], Loss: 0.0024, Accuracy: 0.9576, Precision: 0.9577, Recall: 0.9577, Specificity: 0.9575, F1-Score: 0.9577 
22:12:51 : Training Confusion for Epoch 33:
[[1206   20]
 [  12 1213]] 
22:12:52 : Epoch [33/50], Loss: 0.0044, Accuracy: 0.9576, Precision: 0.9377, Recall: 0.9805, Specificity: 0.9346, F1-Score: 0.9586 
22:12:58 : Training Confusion for Epoch 34:
[[1198   28]
 [  24 1201]] 
22:12:59 : Epoch [34/50], Loss: 0.0824, Accuracy: 0.9494, Precision: 0.9157, Recall: 0.9902, Specificity: 0.9085, F1-Score: 0.9515 
22:13:06 : Training Confusion for Epoch 35:
[[1211   15]
 [  15 1210]] 
22:13:07 : Epoch [35/50], Loss: 0.0071, Accuracy: 0.9511, Precision: 0.9210, Recall: 0.9870, Specificity: 0.9150, F1-Score: 0.9528 
22:13:13 : Training Confusion for Epoch 36:
[[1207   19]
 [  17 1208]] 
22:13:14 : Epoch [36/50], Loss: 0.0042, Accuracy: 0.9608, Precision: 0.9464, Recall: 0.9772, Specificity: 0.9444, F1-Score: 0.9615 
22:13:21 : Training Confusion for Epoch 37:
[[1208   18]
 [  17 1208]] 
22:13:22 : Epoch [37/50], Loss: 0.0093, Accuracy: 0.8842, Precision: 0.9758, Recall: 0.7883, Specificity: 0.9804, F1-Score: 0.8721 
22:13:28 : Training Confusion for Epoch 38:
[[1206   20]
 [  16 1209]] 
22:13:29 : Epoch [38/50], Loss: 0.0008, Accuracy: 0.9233, Precision: 0.9643, Recall: 0.8795, Specificity: 0.9673, F1-Score: 0.9199 
22:13:36 : Training Confusion for Epoch 39:
[[1210   16]
 [  14 1211]] 
22:13:37 : Epoch [39/50], Loss: 0.0010, Accuracy: 0.9657, Precision: 0.9554, Recall: 0.9772, Specificity: 0.9542, F1-Score: 0.9662 
22:13:43 : Training Confusion for Epoch 40:
[[1201   25]
 [  15 1210]] 
22:13:44 : Epoch [40/50], Loss: 0.0011, Accuracy: 0.9396, Precision: 0.9754, Recall: 0.9023, Specificity: 0.9771, F1-Score: 0.9374 
22:13:51 : Training Confusion for Epoch 41:
[[1213   13]
 [  11 1214]] 
22:13:52 : Epoch [41/50], Loss: 0.0005, Accuracy: 0.9641, Precision: 0.9582, Recall: 0.9707, Specificity: 0.9575, F1-Score: 0.9644 
22:13:58 : Training Confusion for Epoch 42:
[[1217    9]
 [  13 1212]] 
22:13:59 : Epoch [42/50], Loss: 0.0001, Accuracy: 0.9380, Precision: 0.9686, Recall: 0.9055, Specificity: 0.9706, F1-Score: 0.9360 
22:14:06 : Training Confusion for Epoch 43:
[[1210   16]
 [  20 1205]] 
22:14:07 : Epoch [43/50], Loss: 0.0006, Accuracy: 0.9462, Precision: 0.9152, Recall: 0.9837, Specificity: 0.9085, F1-Score: 0.9482 
22:14:13 : Training Confusion for Epoch 44:
[[1210   16]
 [  14 1211]] 
22:14:14 : Epoch [44/50], Loss: 0.0024, Accuracy: 0.9543, Precision: 0.9266, Recall: 0.9870, Specificity: 0.9216, F1-Score: 0.9558 
22:14:21 : Training Confusion for Epoch 45:
[[1217    9]
 [   8 1217]] 
22:14:22 : Epoch [45/50], Loss: 0.0001, Accuracy: 0.9429, Precision: 0.9626, Recall: 0.9218, Specificity: 0.9641, F1-Score: 0.9418 
22:14:28 : Training Confusion for Epoch 46:
[[1206   20]
 [  19 1206]] 
22:14:29 : Epoch [46/50], Loss: 0.0006, Accuracy: 0.9527, Precision: 0.9633, Recall: 0.9414, Specificity: 0.9641, F1-Score: 0.9522 
22:14:36 : Training Confusion for Epoch 47:
[[1218    8]
 [   8 1217]] 
22:14:37 : Epoch [47/50], Loss: 0.0008, Accuracy: 0.9560, Precision: 0.9403, Recall: 0.9739, Specificity: 0.9379, F1-Score: 0.9568 
22:14:43 : Training Confusion for Epoch 48:
[[1220    6]
 [   9 1216]] 
22:14:44 : Epoch [48/50], Loss: 0.0013, Accuracy: 0.9560, Precision: 0.9545, Recall: 0.9577, Specificity: 0.9542, F1-Score: 0.9561 
22:14:51 : Training Confusion for Epoch 49:
[[1217    9]
 [  14 1211]] 
22:14:52 : Epoch [49/50], Loss: 0.0005, Accuracy: 0.9478, Precision: 0.9568, Recall: 0.9381, Specificity: 0.9575, F1-Score: 0.9474 
22:14:58 : Training Confusion for Epoch 50:
[[1212   14]
 [  13 1212]] 
22:14:59 : Epoch [50/50], Loss: 0.0040, Accuracy: 0.9608, Precision: 0.9492, Recall: 0.9739, Specificity: 0.9477, F1-Score: 0.9614 
22:15:00 : FOLD 2 
22:15:00 : ---------------------------------- 
22:15:06 : Training Confusion for Epoch 1:
[[1012  217]
 [ 120 1102]] 
22:15:07 : Epoch [1/50], Loss: 0.0379, Accuracy: 0.9315, Precision: 0.9891, Recall: 0.8742, Specificity: 0.9901, F1-Score: 0.9281 
22:15:14 : Training Confusion for Epoch 2:
[[1151   78]
 [  80 1142]] 
22:15:15 : Epoch [2/50], Loss: 0.0337, Accuracy: 0.9511, Precision: 0.9730, Recall: 0.9290, Specificity: 0.9736, F1-Score: 0.9505 
22:15:21 : Training Confusion for Epoch 3:
[[1158   71]
 [  68 1154]] 
22:15:22 : Epoch [3/50], Loss: 0.0193, Accuracy: 0.9625, Precision: 0.9705, Recall: 0.9548, Specificity: 0.9703, F1-Score: 0.9626 
22:15:29 : Training Confusion for Epoch 4:
[[1172   57]
 [  52 1170]] 
22:15:30 : Epoch [4/50], Loss: 0.0123, Accuracy: 0.9657, Precision: 0.9707, Recall: 0.9613, Specificity: 0.9703, F1-Score: 0.9660 
22:15:36 : Training Confusion for Epoch 5:
[[1169   60]
 [  43 1179]] 
22:15:37 : Epoch [5/50], Loss: 0.0730, Accuracy: 0.9706, Precision: 0.9563, Recall: 0.9871, Specificity: 0.9538, F1-Score: 0.9714 
22:15:44 : Training Confusion for Epoch 6:
[[1175   54]
 [  56 1166]] 
22:15:45 : Epoch [6/50], Loss: 0.0192, Accuracy: 0.8744, Precision: 0.9834, Recall: 0.7645, Specificity: 0.9868, F1-Score: 0.8603 
22:15:51 : Training Confusion for Epoch 7:
[[1177   52]
 [  40 1182]] 
22:15:52 : Epoch [7/50], Loss: 0.0333, Accuracy: 0.9674, Precision: 0.9589, Recall: 0.9774, Specificity: 0.9571, F1-Score: 0.9681 
22:15:59 : Training Confusion for Epoch 8:
[[1174   55]
 [  40 1182]] 
22:16:00 : Epoch [8/50], Loss: 0.0013, Accuracy: 0.5808, Precision: 0.9649, Recall: 0.1774, Specificity: 0.9934, F1-Score: 0.2997 
22:16:06 : Training Confusion for Epoch 9:
[[1178   51]
 [  36 1186]] 
22:16:07 : Epoch [9/50], Loss: 0.0014, Accuracy: 0.9086, Precision: 0.9774, Recall: 0.8387, Specificity: 0.9802, F1-Score: 0.9028 
22:16:14 : Training Confusion for Epoch 10:
[[1182   47]
 [  36 1186]] 
22:16:15 : Epoch [10/50], Loss: 0.1160, Accuracy: 0.9674, Precision: 0.9503, Recall: 0.9871, Specificity: 0.9472, F1-Score: 0.9684 
22:16:21 : Training Confusion for Epoch 11:
[[1182   47]
 [  29 1193]] 
22:16:22 : Epoch [11/50], Loss: 0.0086, Accuracy: 0.9690, Precision: 0.9739, Recall: 0.9645, Specificity: 0.9736, F1-Score: 0.9692 
22:16:29 : Training Confusion for Epoch 12:
[[1185   44]
 [  36 1186]] 
22:16:30 : Epoch [12/50], Loss: 0.0701, Accuracy: 0.8907, Precision: 0.8293, Recall: 0.9871, Specificity: 0.7921, F1-Score: 0.9013 
22:16:36 : Training Confusion for Epoch 13:
[[1181   48]
 [  35 1187]] 
22:16:37 : Epoch [13/50], Loss: 0.0178, Accuracy: 0.9641, Precision: 0.9706, Recall: 0.9581, Specificity: 0.9703, F1-Score: 0.9643 
22:16:44 : Training Confusion for Epoch 14:
[[1179   50]
 [  25 1197]] 
22:16:44 : Epoch [14/50], Loss: 0.0142, Accuracy: 0.9690, Precision: 0.9770, Recall: 0.9613, Specificity: 0.9769, F1-Score: 0.9691 
22:16:51 : Training Confusion for Epoch 15:
[[1186   43]
 [  33 1189]] 
22:16:52 : Epoch [15/50], Loss: 0.0043, Accuracy: 0.9021, Precision: 0.9808, Recall: 0.8226, Specificity: 0.9835, F1-Score: 0.8947 
22:16:59 : Training Confusion for Epoch 16:
[[1196   33]
 [  24 1198]] 
22:16:59 : Epoch [16/50], Loss: 0.0896, Accuracy: 0.9478, Precision: 0.9137, Recall: 0.9903, Specificity: 0.9043, F1-Score: 0.9505 
22:17:06 : Training Confusion for Epoch 17:
[[1189   40]
 [  27 1195]] 
22:17:07 : Epoch [17/50], Loss: 0.0007, Accuracy: 0.9592, Precision: 0.9642, Recall: 0.9548, Specificity: 0.9637, F1-Score: 0.9595 
22:17:13 : Training Confusion for Epoch 18:
[[1199   30]
 [  25 1197]] 
22:17:14 : Epoch [18/50], Loss: 0.0746, Accuracy: 0.9608, Precision: 0.9360, Recall: 0.9903, Specificity: 0.9307, F1-Score: 0.9624 
22:17:21 : Training Confusion for Epoch 19:
[[1185   44]
 [  22 1200]] 
22:17:22 : Epoch [19/50], Loss: 0.0028, Accuracy: 0.9625, Precision: 0.9767, Recall: 0.9484, Specificity: 0.9769, F1-Score: 0.9624 
22:17:28 : Training Confusion for Epoch 20:
[[1204   25]
 [  21 1201]] 
22:17:29 : Epoch [20/50], Loss: 0.0081, Accuracy: 0.9560, Precision: 0.9797, Recall: 0.9323, Specificity: 0.9802, F1-Score: 0.9554 
22:17:36 : Training Confusion for Epoch 21:
[[1195   34]
 [  27 1195]] 
22:17:37 : Epoch [21/50], Loss: 0.0162, Accuracy: 0.9608, Precision: 0.9735, Recall: 0.9484, Specificity: 0.9736, F1-Score: 0.9608 
22:17:43 : Training Confusion for Epoch 22:
[[1190   39]
 [  24 1198]] 
22:17:44 : Epoch [22/50], Loss: 0.0176, Accuracy: 0.9706, Precision: 0.9650, Recall: 0.9774, Specificity: 0.9637, F1-Score: 0.9712 
22:17:51 : Training Confusion for Epoch 23:
[[1204   25]
 [  25 1197]] 
22:17:52 : Epoch [23/50], Loss: 0.0220, Accuracy: 0.9755, Precision: 0.9683, Recall: 0.9839, Specificity: 0.9670, F1-Score: 0.9760 
22:17:58 : Training Confusion for Epoch 24:
[[1200   29]
 [  16 1206]] 
22:17:59 : Epoch [24/50], Loss: 0.0043, Accuracy: 0.9706, Precision: 0.9771, Recall: 0.9645, Specificity: 0.9769, F1-Score: 0.9708 
22:18:06 : Training Confusion for Epoch 25:
[[1190   39]
 [  18 1204]] 
22:18:07 : Epoch [25/50], Loss: 0.0012, Accuracy: 0.9657, Precision: 0.9676, Recall: 0.9645, Specificity: 0.9670, F1-Score: 0.9661 
22:18:13 : Training Confusion for Epoch 26:
[[1204   25]
 [  17 1205]] 
22:18:14 : Epoch [26/50], Loss: 0.0111, Accuracy: 0.9674, Precision: 0.9531, Recall: 0.9839, Specificity: 0.9505, F1-Score: 0.9683 
22:18:21 : Training Confusion for Epoch 27:
[[1204   25]
 [  20 1202]] 
22:18:22 : Epoch [27/50], Loss: 0.0143, Accuracy: 0.9690, Precision: 0.9770, Recall: 0.9613, Specificity: 0.9769, F1-Score: 0.9691 
22:18:28 : Training Confusion for Epoch 28:
[[1196   33]
 [  26 1196]] 
22:18:29 : Epoch [28/50], Loss: 0.0025, Accuracy: 0.9674, Precision: 0.9770, Recall: 0.9581, Specificity: 0.9769, F1-Score: 0.9674 
22:18:36 : Training Confusion for Epoch 29:
[[1202   27]
 [  22 1200]] 
22:18:37 : Epoch [29/50], Loss: 0.0132, Accuracy: 0.9706, Precision: 0.9591, Recall: 0.9839, Specificity: 0.9571, F1-Score: 0.9713 
22:18:43 : Training Confusion for Epoch 30:
[[1214   15]
 [  20 1202]] 
22:18:44 : Epoch [30/50], Loss: 0.0160, Accuracy: 0.9755, Precision: 0.9773, Recall: 0.9742, Specificity: 0.9769, F1-Score: 0.9758 
22:18:51 : Training Confusion for Epoch 31:
[[1210   19]
 [  19 1203]] 
22:18:52 : Epoch [31/50], Loss: 0.0006, Accuracy: 0.9217, Precision: 0.9816, Recall: 0.8613, Specificity: 0.9835, F1-Score: 0.9175 
22:18:58 : Training Confusion for Epoch 32:
[[1210   19]
 [  20 1202]] 
22:18:59 : Epoch [32/50], Loss: 0.0030, Accuracy: 0.9690, Precision: 0.9709, Recall: 0.9677, Specificity: 0.9703, F1-Score: 0.9693 
22:19:06 : Training Confusion for Epoch 33:
[[1213   16]
 [  11 1211]] 
22:19:07 : Epoch [33/50], Loss: 0.0039, Accuracy: 0.9674, Precision: 0.9739, Recall: 0.9613, Specificity: 0.9736, F1-Score: 0.9675 
22:19:13 : Training Confusion for Epoch 34:
[[1208   21]
 [  17 1205]] 
22:19:14 : Epoch [34/50], Loss: 0.0041, Accuracy: 0.9690, Precision: 0.9802, Recall: 0.9581, Specificity: 0.9802, F1-Score: 0.9690 
22:19:21 : Training Confusion for Epoch 35:
[[1215   14]
 [  17 1205]] 
22:19:21 : Epoch [35/50], Loss: 0.0037, Accuracy: 0.9706, Precision: 0.9679, Recall: 0.9742, Specificity: 0.9670, F1-Score: 0.9711 
22:19:28 : Training Confusion for Epoch 36:
[[1219   10]
 [  18 1204]] 
22:19:29 : Epoch [36/50], Loss: 0.0186, Accuracy: 0.9706, Precision: 0.9563, Recall: 0.9871, Specificity: 0.9538, F1-Score: 0.9714 
22:19:35 : Training Confusion for Epoch 37:
[[1213   16]
 [  20 1202]] 
22:19:36 : Epoch [37/50], Loss: 0.1011, Accuracy: 0.9641, Precision: 0.9500, Recall: 0.9806, Specificity: 0.9472, F1-Score: 0.9651 
22:19:43 : Training Confusion for Epoch 38:
[[1219   10]
 [  13 1209]] 
22:19:44 : Epoch [38/50], Loss: 0.0165, Accuracy: 0.9592, Precision: 0.9553, Recall: 0.9645, Specificity: 0.9538, F1-Score: 0.9599 
22:19:50 : Training Confusion for Epoch 39:
[[1217   12]
 [  11 1211]] 
22:19:51 : Epoch [39/50], Loss: 0.0119, Accuracy: 0.9723, Precision: 0.9741, Recall: 0.9710, Specificity: 0.9736, F1-Score: 0.9725 
22:19:58 : Training Confusion for Epoch 40:
[[1217   12]
 [  18 1204]] 
22:19:59 : Epoch [40/50], Loss: 2.4494, Accuracy: 0.8091, Precision: 0.7271, Recall: 0.9968, Specificity: 0.6172, F1-Score: 0.8408 
22:20:05 : Training Confusion for Epoch 41:
[[1195   34]
 [  29 1193]] 
22:20:06 : Epoch [41/50], Loss: 0.0138, Accuracy: 0.9625, Precision: 0.9767, Recall: 0.9484, Specificity: 0.9769, F1-Score: 0.9624 
22:20:13 : Training Confusion for Epoch 42:
[[1213   16]
 [  14 1208]] 
22:20:14 : Epoch [42/50], Loss: 0.0082, Accuracy: 0.9625, Precision: 0.9767, Recall: 0.9484, Specificity: 0.9769, F1-Score: 0.9624 
22:20:20 : Training Confusion for Epoch 43:
[[1225    4]
 [  11 1211]] 
22:20:21 : Epoch [43/50], Loss: 0.0008, Accuracy: 0.9592, Precision: 0.9766, Recall: 0.9419, Specificity: 0.9769, F1-Score: 0.9589 
22:20:28 : Training Confusion for Epoch 44:
[[1219   10]
 [  12 1210]] 
22:20:29 : Epoch [44/50], Loss: 0.0001, Accuracy: 0.9511, Precision: 0.9828, Recall: 0.9194, Specificity: 0.9835, F1-Score: 0.9500 
22:20:35 : Training Confusion for Epoch 45:
[[1218   11]
 [  13 1209]] 
22:20:36 : Epoch [45/50], Loss: 0.0005, Accuracy: 0.9250, Precision: 0.9818, Recall: 0.8677, Specificity: 0.9835, F1-Score: 0.9212 
22:20:43 : Training Confusion for Epoch 46:
[[1220    9]
 [  14 1208]] 
22:20:44 : Epoch [46/50], Loss: 0.0034, Accuracy: 0.9641, Precision: 0.9706, Recall: 0.9581, Specificity: 0.9703, F1-Score: 0.9643 
22:20:50 : Training Confusion for Epoch 47:
[[1220    9]
 [  13 1209]] 
22:20:51 : Epoch [47/50], Loss: 0.0051, Accuracy: 0.9690, Precision: 0.9739, Recall: 0.9645, Specificity: 0.9736, F1-Score: 0.9692 
22:20:58 : Training Confusion for Epoch 48:
[[1220    9]
 [  13 1209]] 
22:20:59 : Epoch [48/50], Loss: 0.0038, Accuracy: 0.9723, Precision: 0.9741, Recall: 0.9710, Specificity: 0.9736, F1-Score: 0.9725 
22:21:05 : Training Confusion for Epoch 49:
[[1224    5]
 [   8 1214]] 
22:21:06 : Epoch [49/50], Loss: 0.0036, Accuracy: 0.9657, Precision: 0.9646, Recall: 0.9677, Specificity: 0.9637, F1-Score: 0.9662 
22:21:13 : Training Confusion for Epoch 50:
[[1217   12]
 [  21 1201]] 
22:21:13 : Epoch [50/50], Loss: 0.0073, Accuracy: 0.9657, Precision: 0.9676, Recall: 0.9645, Specificity: 0.9670, F1-Score: 0.9661 
22:21:14 : FOLD 3 
22:21:14 : ---------------------------------- 
22:21:21 : Training Confusion for Epoch 1:
[[1072  150]
 [ 139 1090]] 
22:21:22 : Epoch [1/50], Loss: 0.0099, Accuracy: 0.8777, Precision: 0.9750, Recall: 0.7723, Specificity: 0.9806, F1-Score: 0.8619 
22:21:28 : Training Confusion for Epoch 2:
[[1140   82]
 [  79 1150]] 
22:21:29 : Epoch [2/50], Loss: 0.4049, Accuracy: 0.8825, Precision: 0.8235, Recall: 0.9703, Specificity: 0.7968, F1-Score: 0.8909 
22:21:36 : Training Confusion for Epoch 3:
[[1158   64]
 [  73 1156]] 
22:21:37 : Epoch [3/50], Loss: 0.0093, Accuracy: 0.9413, Precision: 0.9556, Recall: 0.9241, Specificity: 0.9581, F1-Score: 0.9396 
22:21:43 : Training Confusion for Epoch 4:
[[1162   60]
 [  61 1168]] 
22:21:44 : Epoch [4/50], Loss: 0.0212, Accuracy: 0.9478, Precision: 0.9625, Recall: 0.9307, Specificity: 0.9645, F1-Score: 0.9463 
22:21:51 : Training Confusion for Epoch 5:
[[1160   62]
 [  50 1179]] 
22:21:52 : Epoch [5/50], Loss: 0.0030, Accuracy: 0.9413, Precision: 0.9684, Recall: 0.9109, Specificity: 0.9710, F1-Score: 0.9388 
22:21:58 : Training Confusion for Epoch 6:
[[1161   61]
 [  41 1188]] 
22:21:59 : Epoch [6/50], Loss: 0.0038, Accuracy: 0.9494, Precision: 0.9416, Recall: 0.9571, Specificity: 0.9419, F1-Score: 0.9493 
22:22:06 : Training Confusion for Epoch 7:
[[1167   55]
 [  43 1186]] 
22:22:07 : Epoch [7/50], Loss: 0.0015, Accuracy: 0.9478, Precision: 0.9754, Recall: 0.9175, Specificity: 0.9774, F1-Score: 0.9456 
22:22:13 : Training Confusion for Epoch 8:
[[1177   45]
 [  35 1194]] 
22:22:14 : Epoch [8/50], Loss: 0.0031, Accuracy: 0.9527, Precision: 0.9628, Recall: 0.9406, Specificity: 0.9645, F1-Score: 0.9516 
22:22:21 : Training Confusion for Epoch 9:
[[1182   40]
 [  41 1188]] 
22:22:22 : Epoch [9/50], Loss: 0.0037, Accuracy: 0.9527, Precision: 0.9335, Recall: 0.9736, Specificity: 0.9323, F1-Score: 0.9532 
22:22:28 : Training Confusion for Epoch 10:
[[1184   38]
 [  32 1197]] 
22:22:29 : Epoch [10/50], Loss: 0.0012, Accuracy: 0.9576, Precision: 0.9727, Recall: 0.9406, Specificity: 0.9742, F1-Score: 0.9564 
22:22:36 : Training Confusion for Epoch 11:
[[1186   36]
 [  33 1196]] 
22:22:37 : Epoch [11/50], Loss: 0.0144, Accuracy: 0.9576, Precision: 0.9511, Recall: 0.9637, Specificity: 0.9516, F1-Score: 0.9574 
22:22:43 : Training Confusion for Epoch 12:
[[1184   38]
 [  23 1206]] 
22:22:44 : Epoch [12/50], Loss: 0.0010, Accuracy: 0.9445, Precision: 0.9113, Recall: 0.9835, Specificity: 0.9065, F1-Score: 0.9460 
22:22:51 : Training Confusion for Epoch 13:
[[1180   42]
 [  36 1193]] 
22:22:52 : Epoch [13/50], Loss: 0.0077, Accuracy: 0.9364, Precision: 0.9648, Recall: 0.9043, Specificity: 0.9677, F1-Score: 0.9336 
22:22:58 : Training Confusion for Epoch 14:
[[1171   51]
 [  41 1188]] 
22:22:59 : Epoch [14/50], Loss: 0.0100, Accuracy: 0.9494, Precision: 0.9304, Recall: 0.9703, Specificity: 0.9290, F1-Score: 0.9499 
22:23:06 : Training Confusion for Epoch 15:
[[1179   43]
 [  26 1203]] 
22:23:07 : Epoch [15/50], Loss: 0.0169, Accuracy: 0.9560, Precision: 0.9233, Recall: 0.9934, Specificity: 0.9194, F1-Score: 0.9571 
22:23:13 : Training Confusion for Epoch 16:
[[1181   41]
 [  24 1205]] 
22:23:14 : Epoch [16/50], Loss: 0.0086, Accuracy: 0.9608, Precision: 0.9429, Recall: 0.9802, Specificity: 0.9419, F1-Score: 0.9612 
22:23:21 : Training Confusion for Epoch 17:
[[1188   34]
 [  25 1204]] 
22:23:22 : Epoch [17/50], Loss: 0.0083, Accuracy: 0.9511, Precision: 0.9174, Recall: 0.9901, Specificity: 0.9129, F1-Score: 0.9524 
22:23:28 : Training Confusion for Epoch 18:
[[1183   39]
 [  26 1203]] 
22:23:29 : Epoch [18/50], Loss: 0.0014, Accuracy: 0.9543, Precision: 0.9630, Recall: 0.9439, Specificity: 0.9645, F1-Score: 0.9533 
22:23:36 : Training Confusion for Epoch 19:
[[1183   39]
 [  27 1202]] 
22:23:36 : Epoch [19/50], Loss: 0.0027, Accuracy: 0.9608, Precision: 0.9515, Recall: 0.9703, Specificity: 0.9516, F1-Score: 0.9608 
22:23:43 : Training Confusion for Epoch 20:
[[1190   32]
 [  25 1204]] 
22:23:44 : Epoch [20/50], Loss: 0.0081, Accuracy: 0.9543, Precision: 0.9421, Recall: 0.9670, Specificity: 0.9419, F1-Score: 0.9544 
22:23:50 : Training Confusion for Epoch 21:
[[1180   42]
 [  30 1199]] 
22:23:51 : Epoch [21/50], Loss: 0.0137, Accuracy: 0.9608, Precision: 0.9373, Recall: 0.9868, Specificity: 0.9355, F1-Score: 0.9614 
22:23:58 : Training Confusion for Epoch 22:
[[1195   27]
 [  18 1211]] 
22:23:59 : Epoch [22/50], Loss: 0.0023, Accuracy: 0.9608, Precision: 0.9515, Recall: 0.9703, Specificity: 0.9516, F1-Score: 0.9608 
22:24:05 : Training Confusion for Epoch 23:
[[1189   33]
 [  22 1207]] 
22:24:06 : Epoch [23/50], Loss: 0.0032, Accuracy: 0.9429, Precision: 0.9589, Recall: 0.9241, Specificity: 0.9613, F1-Score: 0.9412 
22:24:13 : Training Confusion for Epoch 24:
[[1195   27]
 [  14 1215]] 
22:24:14 : Epoch [24/50], Loss: 0.0012, Accuracy: 0.9592, Precision: 0.9633, Recall: 0.9538, Specificity: 0.9645, F1-Score: 0.9585 
22:24:20 : Training Confusion for Epoch 25:
[[1202   20]
 [  19 1210]] 
22:24:21 : Epoch [25/50], Loss: 0.0030, Accuracy: 0.9462, Precision: 0.9655, Recall: 0.9241, Specificity: 0.9677, F1-Score: 0.9444 
22:24:28 : Training Confusion for Epoch 26:
[[1200   22]
 [  15 1214]] 
22:24:29 : Epoch [26/50], Loss: 0.0015, Accuracy: 0.9625, Precision: 0.9403, Recall: 0.9868, Specificity: 0.9387, F1-Score: 0.9630 
22:24:35 : Training Confusion for Epoch 27:
[[1188   34]
 [  24 1205]] 
22:24:36 : Epoch [27/50], Loss: 0.0059, Accuracy: 0.9527, Precision: 0.9477, Recall: 0.9571, Specificity: 0.9484, F1-Score: 0.9524 
22:24:43 : Training Confusion for Epoch 28:
[[1196   26]
 [  14 1215]] 
22:24:44 : Epoch [28/50], Loss: 0.0013, Accuracy: 0.9625, Precision: 0.9575, Recall: 0.9670, Specificity: 0.9581, F1-Score: 0.9622 
22:24:50 : Training Confusion for Epoch 29:
[[1200   22]
 [  23 1206]] 
22:24:51 : Epoch [29/50], Loss: 0.0114, Accuracy: 0.9217, Precision: 0.8696, Recall: 0.9901, Specificity: 0.8548, F1-Score: 0.9259 
22:24:58 : Training Confusion for Epoch 30:
[[1193   29]
 [  32 1197]] 
22:24:59 : Epoch [30/50], Loss: 0.0004, Accuracy: 0.9511, Precision: 0.9723, Recall: 0.9274, Specificity: 0.9742, F1-Score: 0.9493 
22:25:05 : Training Confusion for Epoch 31:
[[1203   19]
 [  17 1212]] 
22:25:06 : Epoch [31/50], Loss: 0.0189, Accuracy: 0.9576, Precision: 0.9453, Recall: 0.9703, Specificity: 0.9452, F1-Score: 0.9577 
22:25:13 : Training Confusion for Epoch 32:
[[1187   35]
 [  21 1208]] 
22:25:14 : Epoch [32/50], Loss: 0.0025, Accuracy: 0.9625, Precision: 0.9575, Recall: 0.9670, Specificity: 0.9581, F1-Score: 0.9622 
22:25:20 : Training Confusion for Epoch 33:
[[1196   26]
 [  19 1210]] 
22:25:21 : Epoch [33/50], Loss: 0.0085, Accuracy: 0.9494, Precision: 0.9595, Recall: 0.9373, Specificity: 0.9613, F1-Score: 0.9482 
22:25:28 : Training Confusion for Epoch 34:
[[1201   21]
 [  14 1215]] 
22:25:29 : Epoch [34/50], Loss: 0.0028, Accuracy: 0.9331, Precision: 0.9396, Recall: 0.9241, Specificity: 0.9419, F1-Score: 0.9318 
22:25:35 : Training Confusion for Epoch 35:
[[1202   20]
 [  18 1211]] 
22:25:36 : Epoch [35/50], Loss: 0.0059, Accuracy: 0.9674, Precision: 0.9639, Recall: 0.9703, Specificity: 0.9645, F1-Score: 0.9671 
22:25:43 : Training Confusion for Epoch 36:
[[1203   19]
 [  14 1215]] 
22:25:44 : Epoch [36/50], Loss: 0.0043, Accuracy: 0.9592, Precision: 0.9484, Recall: 0.9703, Specificity: 0.9484, F1-Score: 0.9592 
22:25:50 : Training Confusion for Epoch 37:
[[1202   20]
 [  14 1215]] 
22:25:51 : Epoch [37/50], Loss: 0.0014, Accuracy: 0.9576, Precision: 0.9288, Recall: 0.9901, Specificity: 0.9258, F1-Score: 0.9585 
22:25:58 : Training Confusion for Epoch 38:
[[1203   19]
 [  13 1216]] 
22:25:59 : Epoch [38/50], Loss: 0.8726, Accuracy: 0.7635, Precision: 0.6763, Recall: 1.0000, Specificity: 0.5323, F1-Score: 0.8069 
22:26:05 : Training Confusion for Epoch 39:
[[1204   18]
 [  19 1210]] 
22:26:06 : Epoch [39/50], Loss: 0.0006, Accuracy: 0.9576, Precision: 0.9663, Recall: 0.9472, Specificity: 0.9677, F1-Score: 0.9567 
22:26:13 : Training Confusion for Epoch 40:
[[1210   12]
 [  12 1217]] 
22:26:14 : Epoch [40/50], Loss: 0.0014, Accuracy: 0.9543, Precision: 0.9338, Recall: 0.9769, Specificity: 0.9323, F1-Score: 0.9548 
22:26:20 : Training Confusion for Epoch 41:
[[1208   14]
 [  12 1217]] 
22:26:21 : Epoch [41/50], Loss: 0.0046, Accuracy: 0.9511, Precision: 0.9200, Recall: 0.9868, Specificity: 0.9161, F1-Score: 0.9522 
22:26:28 : Training Confusion for Epoch 42:
[[1214    8]
 [  11 1218]] 
22:26:29 : Epoch [42/50], Loss: 0.0002, Accuracy: 0.9543, Precision: 0.9661, Recall: 0.9406, Specificity: 0.9677, F1-Score: 0.9532 
22:26:37 : Training Confusion for Epoch 43:
[[1200   22]
 [  15 1214]] 
22:26:38 : Epoch [43/50], Loss: 0.0146, Accuracy: 0.9478, Precision: 0.9593, Recall: 0.9340, Specificity: 0.9613, F1-Score: 0.9465 
22:26:44 : Training Confusion for Epoch 44:
[[1209   13]
 [  15 1214]] 
22:26:45 : Epoch [44/50], Loss: 0.0023, Accuracy: 0.9576, Precision: 0.9315, Recall: 0.9868, Specificity: 0.9290, F1-Score: 0.9583 
22:26:52 : Training Confusion for Epoch 45:
[[1214    8]
 [  10 1219]] 
22:26:53 : Epoch [45/50], Loss: 0.0005, Accuracy: 0.9396, Precision: 0.9750, Recall: 0.9010, Specificity: 0.9774, F1-Score: 0.9365 
22:26:59 : Training Confusion for Epoch 46:
[[1206   16]
 [  17 1212]] 
22:27:00 : Epoch [46/50], Loss: 0.0021, Accuracy: 0.9347, Precision: 0.9550, Recall: 0.9109, Specificity: 0.9581, F1-Score: 0.9324 
22:27:07 : Training Confusion for Epoch 47:
[[1200   22]
 [  22 1207]] 
22:27:08 : Epoch [47/50], Loss: 0.0006, Accuracy: 0.9527, Precision: 0.9567, Recall: 0.9472, Specificity: 0.9581, F1-Score: 0.9519 
22:27:14 : Training Confusion for Epoch 48:
[[1211   11]
 [  15 1214]] 
22:27:15 : Epoch [48/50], Loss: 0.0006, Accuracy: 0.9527, Precision: 0.9790, Recall: 0.9241, Specificity: 0.9806, F1-Score: 0.9508 
22:27:22 : Training Confusion for Epoch 49:
[[1214    8]
 [  10 1219]] 
22:27:23 : Epoch [49/50], Loss: 0.0010, Accuracy: 0.9413, Precision: 0.9652, Recall: 0.9142, Specificity: 0.9677, F1-Score: 0.9390 
22:27:29 : Training Confusion for Epoch 50:
[[1215    7]
 [   6 1223]] 
22:27:30 : Epoch [50/50], Loss: 0.0001, Accuracy: 0.9527, Precision: 0.9597, Recall: 0.9439, Specificity: 0.9613, F1-Score: 0.9517 
22:27:31 : FOLD 4 
22:27:31 : ---------------------------------- 
22:27:38 : Training Confusion for Epoch 1:
[[1117  114]
 [ 168 1053]] 
22:27:39 : Epoch [1/50], Loss: 0.0063, Accuracy: 0.9118, Precision: 0.9509, Recall: 0.8714, Specificity: 0.9535, F1-Score: 0.9094 
22:27:45 : Training Confusion for Epoch 2:
[[1160   71]
 [  81 1140]] 
22:27:46 : Epoch [2/50], Loss: 0.0064, Accuracy: 0.9395, Precision: 0.9660, Recall: 0.9132, Specificity: 0.9668, F1-Score: 0.9388 
22:27:53 : Training Confusion for Epoch 3:
[[1167   64]
 [  59 1162]] 
22:27:54 : Epoch [3/50], Loss: 0.0016, Accuracy: 0.9444, Precision: 0.9315, Recall: 0.9614, Specificity: 0.9269, F1-Score: 0.9462 
22:28:00 : Training Confusion for Epoch 4:
[[1163   68]
 [  57 1164]] 
22:28:01 : Epoch [4/50], Loss: 0.0077, Accuracy: 0.9624, Precision: 0.9675, Recall: 0.9582, Specificity: 0.9668, F1-Score: 0.9628 
22:28:08 : Training Confusion for Epoch 5:
[[1169   62]
 [  54 1167]] 
22:28:09 : Epoch [5/50], Loss: 0.0070, Accuracy: 0.9542, Precision: 0.9408, Recall: 0.9711, Specificity: 0.9369, F1-Score: 0.9557 
22:28:15 : Training Confusion for Epoch 6:
[[1168   63]
 [  39 1182]] 
22:28:16 : Epoch [6/50], Loss: 0.0147, Accuracy: 0.9526, Precision: 0.9299, Recall: 0.9807, Specificity: 0.9236, F1-Score: 0.9546 
22:28:23 : Training Confusion for Epoch 7:
[[1181   50]
 [  53 1168]] 
22:28:24 : Epoch [7/50], Loss: 0.0101, Accuracy: 0.9118, Precision: 0.9742, Recall: 0.8489, Specificity: 0.9767, F1-Score: 0.9072 
22:28:30 : Training Confusion for Epoch 8:
[[1172   59]
 [  36 1185]] 
22:28:31 : Epoch [8/50], Loss: 0.0242, Accuracy: 0.9493, Precision: 0.9217, Recall: 0.9839, Specificity: 0.9136, F1-Score: 0.9518 
22:28:38 : Training Confusion for Epoch 9:
[[1180   51]
 [  33 1188]] 
22:28:39 : Epoch [9/50], Loss: 0.0071, Accuracy: 0.9461, Precision: 0.9162, Recall: 0.9839, Specificity: 0.9070, F1-Score: 0.9488 
22:28:45 : Training Confusion for Epoch 10:
[[1191   40]
 [  34 1187]] 
22:28:46 : Epoch [10/50], Loss: 0.0024, Accuracy: 0.9510, Precision: 0.9828, Recall: 0.9196, Specificity: 0.9834, F1-Score: 0.9502 
22:28:53 : Training Confusion for Epoch 11:
[[1184   47]
 [  30 1191]] 
22:28:54 : Epoch [11/50], Loss: 0.0008, Accuracy: 0.9526, Precision: 0.9352, Recall: 0.9743, Specificity: 0.9302, F1-Score: 0.9543 
22:29:00 : Training Confusion for Epoch 12:
[[1189   42]
 [  30 1191]] 
22:29:01 : Epoch [12/50], Loss: 0.0035, Accuracy: 0.9493, Precision: 0.9636, Recall: 0.9357, Specificity: 0.9635, F1-Score: 0.9494 
22:29:08 : Training Confusion for Epoch 13:
[[1181   50]
 [  33 1188]] 
22:29:09 : Epoch [13/50], Loss: 0.0179, Accuracy: 0.9395, Precision: 0.9077, Recall: 0.9807, Specificity: 0.8970, F1-Score: 0.9428 
22:29:15 : Training Confusion for Epoch 14:
[[1189   42]
 [  31 1190]] 
22:29:16 : Epoch [14/50], Loss: 0.0014, Accuracy: 0.9575, Precision: 0.9642, Recall: 0.9518, Specificity: 0.9635, F1-Score: 0.9579 
22:29:23 : Training Confusion for Epoch 15:
[[1189   42]
 [  25 1196]] 
22:29:24 : Epoch [15/50], Loss: 0.0009, Accuracy: 0.9526, Precision: 0.9379, Recall: 0.9711, Specificity: 0.9336, F1-Score: 0.9542 
22:29:30 : Training Confusion for Epoch 16:
[[1184   47]
 [  25 1196]] 
22:29:31 : Epoch [16/50], Loss: 0.0004, Accuracy: 0.9477, Precision: 0.9292, Recall: 0.9711, Specificity: 0.9236, F1-Score: 0.9497 
22:29:38 : Training Confusion for Epoch 17:
[[1192   39]
 [  32 1189]] 
22:29:38 : Epoch [17/50], Loss: 0.0056, Accuracy: 0.9314, Precision: 0.8921, Recall: 0.9839, Specificity: 0.8771, F1-Score: 0.9358 
22:29:45 : Training Confusion for Epoch 18:
[[1188   43]
 [  33 1188]] 
22:29:46 : Epoch [18/50], Loss: 0.0071, Accuracy: 0.9412, Precision: 0.9661, Recall: 0.9164, Specificity: 0.9668, F1-Score: 0.9406 
22:29:53 : Training Confusion for Epoch 19:
[[1193   38]
 [  28 1193]] 
22:29:53 : Epoch [19/50], Loss: 0.0007, Accuracy: 0.8938, Precision: 0.9731, Recall: 0.8135, Specificity: 0.9767, F1-Score: 0.8862 
22:30:00 : Training Confusion for Epoch 20:
[[1194   37]
 [  21 1200]] 
22:30:01 : Epoch [20/50], Loss: 0.0022, Accuracy: 0.9624, Precision: 0.9528, Recall: 0.9743, Specificity: 0.9502, F1-Score: 0.9634 
22:30:08 : Training Confusion for Epoch 21:
[[1197   34]
 [  26 1195]] 
22:30:08 : Epoch [21/50], Loss: 0.0037, Accuracy: 0.9314, Precision: 0.8899, Recall: 0.9871, Specificity: 0.8738, F1-Score: 0.9360 
22:30:15 : Training Confusion for Epoch 22:
[[1198   33]
 [  15 1206]] 
22:30:16 : Epoch [22/50], Loss: 0.0042, Accuracy: 0.9575, Precision: 0.9553, Recall: 0.9614, Specificity: 0.9535, F1-Score: 0.9583 
22:30:23 : Training Confusion for Epoch 23:
[[1197   34]
 [  23 1198]] 
22:30:24 : Epoch [23/50], Loss: 0.0105, Accuracy: 0.9493, Precision: 0.9545, Recall: 0.9453, Specificity: 0.9535, F1-Score: 0.9499 
22:30:30 : Training Confusion for Epoch 24:
[[1203   28]
 [  17 1204]] 
22:30:31 : Epoch [24/50], Loss: 0.0138, Accuracy: 0.9477, Precision: 0.9189, Recall: 0.9839, Specificity: 0.9103, F1-Score: 0.9503 
22:30:38 : Training Confusion for Epoch 25:
[[1196   35]
 [  24 1197]] 
22:30:39 : Epoch [25/50], Loss: 0.0003, Accuracy: 0.9510, Precision: 0.9432, Recall: 0.9614, Specificity: 0.9402, F1-Score: 0.9522 
22:30:45 : Training Confusion for Epoch 26:
[[1190   41]
 [  21 1200]] 
22:30:46 : Epoch [26/50], Loss: 0.0017, Accuracy: 0.9608, Precision: 0.9527, Recall: 0.9711, Specificity: 0.9502, F1-Score: 0.9618 
22:30:53 : Training Confusion for Epoch 27:
[[1197   34]
 [  23 1198]] 
22:30:54 : Epoch [27/50], Loss: 0.0016, Accuracy: 0.9575, Precision: 0.9439, Recall: 0.9743, Specificity: 0.9402, F1-Score: 0.9589 
22:31:00 : Training Confusion for Epoch 28:
[[1195   36]
 [  20 1201]] 
22:31:01 : Epoch [28/50], Loss: 0.0015, Accuracy: 0.9395, Precision: 0.9790, Recall: 0.9003, Specificity: 0.9801, F1-Score: 0.9380 
22:31:08 : Training Confusion for Epoch 29:
[[1201   30]
 [  18 1203]] 
22:31:09 : Epoch [29/50], Loss: 0.0007, Accuracy: 0.9265, Precision: 0.8800, Recall: 0.9904, Specificity: 0.8605, F1-Score: 0.9319 
22:31:15 : Training Confusion for Epoch 30:
[[1196   35]
 [  21 1200]] 
22:31:16 : Epoch [30/50], Loss: 0.0064, Accuracy: 0.9559, Precision: 0.9437, Recall: 0.9711, Specificity: 0.9402, F1-Score: 0.9572 
22:31:23 : Training Confusion for Epoch 31:
[[1198   33]
 [  13 1208]] 
22:31:24 : Epoch [31/50], Loss: 0.0016, Accuracy: 0.9559, Precision: 0.9329, Recall: 0.9839, Specificity: 0.9269, F1-Score: 0.9577 
22:31:30 : Training Confusion for Epoch 32:
[[1208   23]
 [  18 1203]] 
22:31:31 : Epoch [32/50], Loss: 0.0015, Accuracy: 0.9428, Precision: 0.9059, Recall: 0.9904, Specificity: 0.8937, F1-Score: 0.9462 
22:31:38 : Training Confusion for Epoch 33:
[[1206   25]
 [  16 1205]] 
22:31:39 : Epoch [33/50], Loss: 0.0013, Accuracy: 0.9641, Precision: 0.9646, Recall: 0.9646, Specificity: 0.9635, F1-Score: 0.9646 
22:31:45 : Training Confusion for Epoch 34:
[[1208   23]
 [  14 1207]] 
22:31:46 : Epoch [34/50], Loss: 0.0092, Accuracy: 0.9330, Precision: 0.8902, Recall: 0.9904, Specificity: 0.8738, F1-Score: 0.9376 
22:31:53 : Training Confusion for Epoch 35:
[[1206   25]
 [  13 1208]] 
22:31:54 : Epoch [35/50], Loss: 0.0061, Accuracy: 0.9477, Precision: 0.9346, Recall: 0.9646, Specificity: 0.9302, F1-Score: 0.9494 
22:32:00 : Training Confusion for Epoch 36:
[[1197   34]
 [  21 1200]] 
22:32:01 : Epoch [36/50], Loss: 0.0025, Accuracy: 0.9559, Precision: 0.9410, Recall: 0.9743, Specificity: 0.9369, F1-Score: 0.9573 
22:32:08 : Training Confusion for Epoch 37:
[[1216   15]
 [  11 1210]] 
22:32:09 : Epoch [37/50], Loss: 0.0009, Accuracy: 0.9559, Precision: 0.9383, Recall: 0.9775, Specificity: 0.9336, F1-Score: 0.9575 
22:32:15 : Training Confusion for Epoch 38:
[[1213   18]
 [  14 1207]] 
22:32:16 : Epoch [38/50], Loss: 1.5257, Accuracy: 0.7369, Precision: 0.6603, Recall: 0.9936, Specificity: 0.4718, F1-Score: 0.7933 
22:32:23 : Training Confusion for Epoch 39:
[[1196   35]
 [  19 1202]] 
22:32:24 : Epoch [39/50], Loss: 0.0026, Accuracy: 0.9542, Precision: 0.9301, Recall: 0.9839, Specificity: 0.9236, F1-Score: 0.9563 
22:32:30 : Training Confusion for Epoch 40:
[[1215   16]
 [  15 1206]] 
22:32:31 : Epoch [40/50], Loss: 0.0010, Accuracy: 0.9477, Precision: 0.9429, Recall: 0.9550, Specificity: 0.9402, F1-Score: 0.9489 
22:32:38 : Training Confusion for Epoch 41:
[[1216   15]
 [  11 1210]] 
22:32:38 : Epoch [41/50], Loss: 0.0022, Accuracy: 0.9526, Precision: 0.9732, Recall: 0.9325, Specificity: 0.9734, F1-Score: 0.9524 
22:32:45 : Training Confusion for Epoch 42:
[[1215   16]
 [  15 1206]] 
22:32:46 : Epoch [42/50], Loss: 0.0018, Accuracy: 0.9510, Precision: 0.9219, Recall: 0.9871, Specificity: 0.9136, F1-Score: 0.9534 
22:32:53 : Training Confusion for Epoch 43:
[[1215   16]
 [  21 1200]] 
22:32:53 : Epoch [43/50], Loss: 0.0005, Accuracy: 0.9510, Precision: 0.9699, Recall: 0.9325, Specificity: 0.9701, F1-Score: 0.9508 
22:33:00 : Training Confusion for Epoch 44:
[[1214   17]
 [  13 1208]] 
22:33:01 : Epoch [44/50], Loss: 0.0003, Accuracy: 0.9592, Precision: 0.9414, Recall: 0.9807, Specificity: 0.9369, F1-Score: 0.9606 
22:33:08 : Training Confusion for Epoch 45:
[[1225    6]
 [   7 1214]] 
22:33:09 : Epoch [45/50], Loss: 0.0025, Accuracy: 0.9542, Precision: 0.9354, Recall: 0.9775, Specificity: 0.9302, F1-Score: 0.9560 
22:33:15 : Training Confusion for Epoch 46:
[[1214   17]
 [  19 1202]] 
22:33:16 : Epoch [46/50], Loss: 0.0010, Accuracy: 0.9526, Precision: 0.9732, Recall: 0.9325, Specificity: 0.9734, F1-Score: 0.9524 
22:33:23 : Training Confusion for Epoch 47:
[[1224    7]
 [  10 1211]] 
22:33:23 : Epoch [47/50], Loss: 0.0008, Accuracy: 0.9657, Precision: 0.9677, Recall: 0.9646, Specificity: 0.9668, F1-Score: 0.9662 
22:33:30 : Training Confusion for Epoch 48:
[[1224    7]
 [  12 1209]] 
22:33:31 : Epoch [48/50], Loss: 0.0032, Accuracy: 0.9575, Precision: 0.9412, Recall: 0.9775, Specificity: 0.9369, F1-Score: 0.9590 
22:33:38 : Training Confusion for Epoch 49:
[[1217   14]
 [  12 1209]] 
22:33:38 : Epoch [49/50], Loss: 0.0004, Accuracy: 0.9020, Precision: 0.9808, Recall: 0.8232, Specificity: 0.9834, F1-Score: 0.8951 
22:33:45 : Training Confusion for Epoch 50:
[[1222    9]
 [   8 1213]] 
22:33:46 : Epoch [50/50], Loss: 0.2205, Accuracy: 0.9232, Precision: 0.8750, Recall: 0.9904, Specificity: 0.8538, F1-Score: 0.9291 
22:33:47 : Cross-validation results: 
22:33:47 : Accuracy: 0.9436  0.0382 
22:33:47 : Precision: 0.9485  0.0416 
22:33:47 : Recall: 0.9419  0.0730 
22:33:47 : Specificity: 0.9452  0.0575 
22:33:47 : F1-Score: 0.9422  0.0509 
22:33:47 : Training Loss: 0.0824  0.0506 
22:33:47 : Validation Loss: 0.2120  0.2135 
22:39:23 : ReLU 
22:40:21 : Loaded saved model. 
22:41:49 : Test Loss: 0.2852, Test Accuracy: 0.9664, Test Precision: 0.2459, Test Recall: 0.9708, Test Specificity: 0.9664, Test F1-Score: 0.3924 
