23:38:22 : GeLUfcon 
23:38:48 : No saved model found. Training a new model. 
23:38:48 : FOLD 0 
23:38:48 : ---------------------------------- 
23:40:43 : GeLUfcon 
23:41:09 : No saved model found. Training a new model. 
23:41:09 : FOLD 0 
23:41:09 : ---------------------------------- 
23:41:16 : Training Confusion for Epoch 1:
[[ 998  202]
 [ 104 1147]] 
23:41:17 : Epoch [1/50], Loss: 0.1358, Accuracy: 0.9038, Precision: 0.9370, Recall: 0.8470, Specificity: 0.9518, F1-Score: 0.8897 
23:41:23 : Training Confusion for Epoch 2:
[[1091  109]
 [  85 1166]] 
23:41:24 : Epoch [2/50], Loss: 0.2777, Accuracy: 0.9184, Precision: 0.8889, Recall: 0.9395, Specificity: 0.9006, F1-Score: 0.9135 
23:41:30 : Training Confusion for Epoch 3:
[[1086  114]
 [  70 1181]] 
23:41:31 : Epoch [3/50], Loss: 0.3165, Accuracy: 0.9315, Precision: 0.8893, Recall: 0.9715, Specificity: 0.8976, F1-Score: 0.9286 
23:41:38 : Training Confusion for Epoch 4:
[[1112   88]
 [  67 1184]] 
23:41:39 : Epoch [4/50], Loss: 0.1097, Accuracy: 0.9380, Precision: 0.9517, Recall: 0.9110, Specificity: 0.9608, F1-Score: 0.9309 
23:41:47 : Training Confusion for Epoch 5:
[[1120   80]
 [  52 1199]] 
23:41:48 : Epoch [5/50], Loss: 0.0448, Accuracy: 0.8532, Precision: 0.9799, Recall: 0.6940, Specificity: 0.9880, F1-Score: 0.8125 
23:41:55 : Training Confusion for Epoch 6:
[[1142   58]
 [  59 1192]] 
23:41:56 : Epoch [6/50], Loss: 0.2326, Accuracy: 0.9347, Precision: 0.9382, Recall: 0.9181, Specificity: 0.9488, F1-Score: 0.9281 
23:42:04 : Training Confusion for Epoch 7:
[[1136   64]
 [  45 1206]] 
23:42:05 : Epoch [7/50], Loss: 0.4425, Accuracy: 0.9233, Precision: 0.8703, Recall: 0.9786, Specificity: 0.8765, F1-Score: 0.9213 
23:42:12 : Training Confusion for Epoch 8:
[[1155   45]
 [  46 1205]] 
23:42:13 : Epoch [8/50], Loss: 0.0925, Accuracy: 0.9413, Precision: 0.9588, Recall: 0.9110, Specificity: 0.9669, F1-Score: 0.9343 
23:42:20 : Training Confusion for Epoch 9:
[[1153   47]
 [  41 1210]] 
23:42:22 : Epoch [9/50], Loss: 0.5158, Accuracy: 0.9201, Precision: 0.8625, Recall: 0.9822, Specificity: 0.8675, F1-Score: 0.9185 
23:42:29 : Training Confusion for Epoch 10:
[[1161   39]
 [  34 1217]] 
23:42:30 : Epoch [10/50], Loss: 0.0987, Accuracy: 0.9135, Precision: 0.9524, Recall: 0.8541, Specificity: 0.9639, F1-Score: 0.9006 
23:42:37 : Training Confusion for Epoch 11:
[[1154   46]
 [  42 1209]] 
23:42:38 : Epoch [11/50], Loss: 0.0802, Accuracy: 0.9478, Precision: 0.9495, Recall: 0.9359, Specificity: 0.9578, F1-Score: 0.9427 
23:42:46 : Training Confusion for Epoch 12:
[[1170   30]
 [  32 1219]] 
23:42:47 : Epoch [12/50], Loss: 0.0476, Accuracy: 0.8874, Precision: 0.9862, Recall: 0.7651, Specificity: 0.9910, F1-Score: 0.8617 
23:42:54 : Training Confusion for Epoch 13:
[[1177   23]
 [  31 1220]] 
23:42:55 : Epoch [13/50], Loss: 0.0333, Accuracy: 0.9413, Precision: 0.9391, Recall: 0.9324, Specificity: 0.9488, F1-Score: 0.9357 
23:43:03 : Training Confusion for Epoch 14:
[[1171   29]
 [  23 1228]] 
23:43:04 : Epoch [14/50], Loss: 0.4494, Accuracy: 0.9462, Precision: 0.9276, Recall: 0.9573, Specificity: 0.9367, F1-Score: 0.9422 
23:43:11 : Training Confusion for Epoch 15:
[[1176   24]
 [  23 1228]] 
23:43:12 : Epoch [15/50], Loss: 0.5135, Accuracy: 0.9413, Precision: 0.9043, Recall: 0.9751, Specificity: 0.9127, F1-Score: 0.9384 
23:43:20 : Training Confusion for Epoch 16:
[[1164   36]
 [  27 1224]] 
23:43:21 : Epoch [16/50], Loss: 0.1768, Accuracy: 0.9413, Precision: 0.9298, Recall: 0.9431, Specificity: 0.9398, F1-Score: 0.9364 
23:43:28 : Training Confusion for Epoch 17:
[[1186   14]
 [  22 1229]] 
23:43:29 : Epoch [17/50], Loss: 0.0874, Accuracy: 0.9429, Precision: 0.9331, Recall: 0.9431, Specificity: 0.9428, F1-Score: 0.9381 
23:43:36 : Training Confusion for Epoch 18:
[[1196    4]
 [   9 1242]] 
23:43:37 : Epoch [18/50], Loss: 1.1645, Accuracy: 0.9315, Precision: 0.8770, Recall: 0.9893, Specificity: 0.8825, F1-Score: 0.9298 
23:43:45 : Training Confusion for Epoch 19:
[[1190   10]
 [  13 1238]] 
23:43:46 : Epoch [19/50], Loss: 0.2376, Accuracy: 0.9462, Precision: 0.9106, Recall: 0.9786, Specificity: 0.9187, F1-Score: 0.9434 
23:43:53 : Training Confusion for Epoch 20:
[[1181   19]
 [  24 1227]] 
23:43:54 : Epoch [20/50], Loss: 0.1502, Accuracy: 0.9396, Precision: 0.9178, Recall: 0.9537, Specificity: 0.9277, F1-Score: 0.9354 
23:44:02 : Training Confusion for Epoch 21:
[[1188   12]
 [  16 1235]] 
23:44:03 : Epoch [21/50], Loss: 0.0212, Accuracy: 0.9282, Precision: 0.9506, Recall: 0.8897, Specificity: 0.9608, F1-Score: 0.9191 
23:44:10 : Training Confusion for Epoch 22:
[[1192    8]
 [  21 1230]] 
23:44:11 : Epoch [22/50], Loss: 0.0072, Accuracy: 0.9119, Precision: 0.9749, Recall: 0.8292, Specificity: 0.9819, F1-Score: 0.8962 
23:44:18 : Training Confusion for Epoch 23:
[[1186   14]
 [  13 1238]] 
23:44:20 : Epoch [23/50], Loss: 0.0261, Accuracy: 0.9184, Precision: 0.9494, Recall: 0.8683, Specificity: 0.9608, F1-Score: 0.9071 
23:44:26 : Training Confusion for Epoch 24:
[[1190   10]
 [  16 1235]] 
23:44:27 : Epoch [24/50], Loss: 0.0052, Accuracy: 0.8825, Precision: 0.9772, Recall: 0.7616, Specificity: 0.9849, F1-Score: 0.8560 
23:44:33 : Training Confusion for Epoch 25:
[[1193    7]
 [  12 1239]] 
23:44:34 : Epoch [25/50], Loss: 0.0046, Accuracy: 0.8108, Precision: 0.9825, Recall: 0.5979, Specificity: 0.9910, F1-Score: 0.7434 
23:44:40 : Training Confusion for Epoch 26:
[[1192    8]
 [  20 1231]] 
23:44:41 : Epoch [26/50], Loss: 0.5313, Accuracy: 0.9250, Precision: 0.8660, Recall: 0.9893, Specificity: 0.8705, F1-Score: 0.9236 
23:44:47 : Training Confusion for Epoch 27:
[[1185   15]
 [  15 1236]] 
23:44:48 : Epoch [27/50], Loss: 0.9293, Accuracy: 0.9299, Precision: 0.8814, Recall: 0.9786, Specificity: 0.8886, F1-Score: 0.9275 
23:44:54 : Training Confusion for Epoch 28:
[[1192    8]
 [  14 1237]] 
23:44:55 : Epoch [28/50], Loss: 0.0154, Accuracy: 0.9282, Precision: 0.9611, Recall: 0.8790, Specificity: 0.9699, F1-Score: 0.9182 
23:45:02 : Training Confusion for Epoch 29:
[[1189   11]
 [  23 1228]] 
23:45:02 : Epoch [29/50], Loss: 4.9858, Accuracy: 0.8434, Precision: 0.7467, Recall: 0.9964, Specificity: 0.7139, F1-Score: 0.8537 
23:45:09 : Training Confusion for Epoch 30:
[[1180   20]
 [  15 1236]] 
23:45:10 : Epoch [30/50], Loss: 0.1007, Accuracy: 0.9217, Precision: 0.9533, Recall: 0.8719, Specificity: 0.9639, F1-Score: 0.9108 
23:45:16 : Training Confusion for Epoch 31:
[[1198    2]
 [   9 1242]] 
23:45:17 : Epoch [31/50], Loss: 0.0173, Accuracy: 0.9478, Precision: 0.9462, Recall: 0.9395, Specificity: 0.9548, F1-Score: 0.9429 
23:45:23 : Training Confusion for Epoch 32:
[[1197    3]
 [   8 1243]] 
23:45:24 : Epoch [32/50], Loss: 4.6142, Accuracy: 0.9184, Precision: 0.8532, Recall: 0.9929, Specificity: 0.8554, F1-Score: 0.9178 
23:45:30 : Training Confusion for Epoch 33:
[[1197    3]
 [  11 1240]] 
23:45:31 : Epoch [33/50], Loss: 0.3462, Accuracy: 0.9380, Precision: 0.9175, Recall: 0.9502, Specificity: 0.9277, F1-Score: 0.9336 
23:45:37 : Training Confusion for Epoch 34:
[[1195    5]
 [  10 1241]] 
23:45:38 : Epoch [34/50], Loss: 0.2558, Accuracy: 0.9429, Precision: 0.9212, Recall: 0.9573, Specificity: 0.9307, F1-Score: 0.9389 
23:45:44 : Training Confusion for Epoch 35:
[[1189   11]
 [  10 1241]] 
23:45:45 : Epoch [35/50], Loss: 1.4072, Accuracy: 0.9250, Precision: 0.8660, Recall: 0.9893, Specificity: 0.8705, F1-Score: 0.9236 
23:45:52 : Training Confusion for Epoch 36:
[[1186   14]
 [  20 1231]] 
23:45:52 : Epoch [36/50], Loss: 0.2488, Accuracy: 0.9315, Precision: 0.9345, Recall: 0.9146, Specificity: 0.9458, F1-Score: 0.9245 
23:45:59 : Training Confusion for Epoch 37:
[[1194    6]
 [  12 1239]] 
23:46:00 : Epoch [37/50], Loss: 0.0154, Accuracy: 0.9086, Precision: 0.9310, Recall: 0.8648, Specificity: 0.9458, F1-Score: 0.8967 
23:46:06 : Training Confusion for Epoch 38:
[[1189   11]
 [  14 1237]] 
23:46:07 : Epoch [38/50], Loss: 3.9648, Accuracy: 0.9086, Precision: 0.8378, Recall: 0.9929, Specificity: 0.8373, F1-Score: 0.9088 
23:46:13 : Training Confusion for Epoch 39:
[[1192    8]
 [  12 1239]] 
23:46:14 : Epoch [39/50], Loss: 0.1179, Accuracy: 0.9331, Precision: 0.9138, Recall: 0.9431, Specificity: 0.9247, F1-Score: 0.9282 
23:46:20 : Training Confusion for Epoch 40:
[[1199    1]
 [   7 1244]] 
23:46:21 : Epoch [40/50], Loss: 0.2860, Accuracy: 0.9445, Precision: 0.9186, Recall: 0.9644, Specificity: 0.9277, F1-Score: 0.9410 
23:46:27 : Training Confusion for Epoch 41:
[[1198    2]
 [  12 1239]] 
23:46:28 : Epoch [41/50], Loss: 7.6400, Accuracy: 0.8091, Precision: 0.7071, Recall: 0.9964, Specificity: 0.6506, F1-Score: 0.8272 
23:46:34 : Training Confusion for Epoch 42:
[[1191    9]
 [  14 1237]] 
23:46:35 : Epoch [42/50], Loss: 0.0313, Accuracy: 0.8385, Precision: 0.9643, Recall: 0.6726, Specificity: 0.9789, F1-Score: 0.7925 
23:46:42 : Training Confusion for Epoch 43:
[[1196    4]
 [   7 1244]] 
23:46:42 : Epoch [43/50], Loss: 0.7016, Accuracy: 0.9364, Precision: 0.8980, Recall: 0.9715, Specificity: 0.9066, F1-Score: 0.9333 
23:46:49 : Training Confusion for Epoch 44:
[[1188   12]
 [  12 1239]] 
23:46:50 : Epoch [44/50], Loss: 1.2800, Accuracy: 0.9299, Precision: 0.8790, Recall: 0.9822, Specificity: 0.8855, F1-Score: 0.9277 
23:47:26 : Training Confusion for Epoch 45:
[[1193    7]
 [  12 1239]] 
23:47:27 : Epoch [45/50], Loss: 0.7574, Accuracy: 0.9413, Precision: 0.9043, Recall: 0.9751, Specificity: 0.9127, F1-Score: 0.9384 
23:47:33 : Training Confusion for Epoch 46:
[[1199    1]
 [   5 1246]] 
23:47:34 : Epoch [46/50], Loss: 0.5656, Accuracy: 0.9168, Precision: 0.9107, Recall: 0.9075, Specificity: 0.9247, F1-Score: 0.9091 
23:47:41 : Training Confusion for Epoch 47:
[[1200    0]
 [   6 1245]] 
23:47:41 : Epoch [47/50], Loss: 0.0165, Accuracy: 0.9462, Precision: 0.9397, Recall: 0.9431, Specificity: 0.9488, F1-Score: 0.9414 
23:47:48 : Training Confusion for Epoch 48:
[[1185   15]
 [  15 1236]] 
23:47:49 : Epoch [48/50], Loss: 0.0513, Accuracy: 0.8515, Precision: 0.9703, Recall: 0.6975, Specificity: 0.9819, F1-Score: 0.8116 
23:47:55 : Training Confusion for Epoch 49:
[[1183   17]
 [  22 1229]] 
23:47:56 : Epoch [49/50], Loss: 0.9373, Accuracy: 0.9266, Precision: 0.8806, Recall: 0.9715, Specificity: 0.8886, F1-Score: 0.9239 
23:48:02 : Training Confusion for Epoch 50:
[[1197    3]
 [   6 1245]] 
23:48:03 : Epoch [50/50], Loss: 0.0657, Accuracy: 0.8613, Precision: 0.9495, Recall: 0.7367, Specificity: 0.9669, F1-Score: 0.8297 
23:48:04 : FOLD 1 
23:48:04 : ---------------------------------- 
23:48:11 : Training Confusion for Epoch 1:
[[ 993  233]
 [ 140 1085]] 
23:48:11 : Epoch [1/50], Loss: 0.0849, Accuracy: 0.9103, Precision: 0.8962, Recall: 0.9283, Specificity: 0.8922, F1-Score: 0.9120 
23:48:18 : Training Confusion for Epoch 2:
[[1115  111]
 [ 103 1122]] 
23:48:19 : Epoch [2/50], Loss: 0.0482, Accuracy: 0.9152, Precision: 0.9474, Recall: 0.8795, Specificity: 0.9510, F1-Score: 0.9122 
23:48:25 : Training Confusion for Epoch 3:
[[1122  104]
 [  77 1148]] 
23:48:26 : Epoch [3/50], Loss: 0.0740, Accuracy: 0.9413, Precision: 0.9274, Recall: 0.9577, Specificity: 0.9248, F1-Score: 0.9423 
23:48:32 : Training Confusion for Epoch 4:
[[1139   87]
 [  75 1150]] 
23:48:33 : Epoch [4/50], Loss: 0.0168, Accuracy: 0.8613, Precision: 0.9664, Recall: 0.7492, Specificity: 0.9739, F1-Score: 0.8440 
23:48:39 : Training Confusion for Epoch 5:
[[1150   76]
 [  69 1156]] 
23:48:40 : Epoch [5/50], Loss: 0.0384, Accuracy: 0.9217, Precision: 0.9544, Recall: 0.8860, Specificity: 0.9575, F1-Score: 0.9189 
23:48:46 : Training Confusion for Epoch 6:
[[1163   63]
 [  64 1161]] 
23:48:47 : Epoch [6/50], Loss: 0.0182, Accuracy: 0.8369, Precision: 0.9600, Recall: 0.7036, Specificity: 0.9706, F1-Score: 0.8120 
23:48:53 : Training Confusion for Epoch 7:
[[1167   59]
 [  55 1170]] 
23:48:54 : Epoch [7/50], Loss: 0.0399, Accuracy: 0.9413, Precision: 0.9195, Recall: 0.9674, Specificity: 0.9150, F1-Score: 0.9429 
23:49:01 : Training Confusion for Epoch 8:
[[1169   57]
 [  54 1171]] 
23:49:01 : Epoch [8/50], Loss: 0.0155, Accuracy: 0.9380, Precision: 0.9270, Recall: 0.9511, Specificity: 0.9248, F1-Score: 0.9389 
23:49:08 : Training Confusion for Epoch 9:
[[1176   50]
 [  45 1180]] 
23:49:09 : Epoch [9/50], Loss: 0.0082, Accuracy: 0.9250, Precision: 0.9516, Recall: 0.8958, Specificity: 0.9542, F1-Score: 0.9228 
23:49:15 : Training Confusion for Epoch 10:
[[1171   55]
 [  53 1172]] 
23:49:16 : Epoch [10/50], Loss: 0.0426, Accuracy: 0.9152, Precision: 0.8696, Recall: 0.9772, Specificity: 0.8529, F1-Score: 0.9202 
23:49:22 : Training Confusion for Epoch 11:
[[1179   47]
 [  40 1185]] 
23:49:23 : Epoch [11/50], Loss: 0.4450, Accuracy: 0.9184, Precision: 0.8746, Recall: 0.9772, Specificity: 0.8595, F1-Score: 0.9231 
23:49:29 : Training Confusion for Epoch 12:
[[1188   38]
 [  42 1183]] 
23:49:30 : Epoch [12/50], Loss: 0.0156, Accuracy: 0.9445, Precision: 0.9535, Recall: 0.9349, Specificity: 0.9542, F1-Score: 0.9441 
23:49:36 : Training Confusion for Epoch 13:
[[1191   35]
 [  33 1192]] 
23:49:37 : Epoch [13/50], Loss: 0.0140, Accuracy: 0.9168, Precision: 0.9604, Recall: 0.8697, Specificity: 0.9641, F1-Score: 0.9128 
23:49:44 : Training Confusion for Epoch 14:
[[1199   27]
 [  35 1190]] 
23:49:44 : Epoch [14/50], Loss: 0.0090, Accuracy: 0.9462, Precision: 0.9335, Recall: 0.9609, Specificity: 0.9314, F1-Score: 0.9470 
23:49:51 : Training Confusion for Epoch 15:
[[1201   25]
 [  32 1193]] 
23:49:52 : Epoch [15/50], Loss: 0.0053, Accuracy: 0.8923, Precision: 0.9513, Recall: 0.8274, Specificity: 0.9575, F1-Score: 0.8850 
23:49:58 : Training Confusion for Epoch 16:
[[1211   15]
 [  23 1202]] 
23:49:59 : Epoch [16/50], Loss: 0.0049, Accuracy: 0.7423, Precision: 0.9745, Recall: 0.4984, Specificity: 0.9869, F1-Score: 0.6595 
23:50:05 : Training Confusion for Epoch 17:
[[1206   20]
 [  21 1204]] 
23:50:06 : Epoch [17/50], Loss: 0.0242, Accuracy: 0.9429, Precision: 0.9387, Recall: 0.9479, Specificity: 0.9379, F1-Score: 0.9433 
23:50:12 : Training Confusion for Epoch 18:
[[1198   28]
 [  27 1198]] 
23:50:13 : Epoch [18/50], Loss: 0.0287, Accuracy: 0.8010, Precision: 0.9602, Recall: 0.6287, Specificity: 0.9739, F1-Score: 0.7598 
23:50:39 : Training Confusion for Epoch 19:
[[1211   15]
 [  22 1203]] 
23:50:40 : Epoch [19/50], Loss: 0.0184, Accuracy: 0.9445, Precision: 0.9279, Recall: 0.9642, Specificity: 0.9248, F1-Score: 0.9457 
23:50:46 : Training Confusion for Epoch 20:
[[1210   16]
 [  28 1197]] 
23:50:47 : Epoch [20/50], Loss: 0.1420, Accuracy: 0.9445, Precision: 0.9333, Recall: 0.9577, Specificity: 0.9314, F1-Score: 0.9453 
23:50:54 : Training Confusion for Epoch 21:
[[1200   26]
 [  27 1198]] 
23:50:54 : Epoch [21/50], Loss: 0.0135, Accuracy: 0.8564, Precision: 0.9660, Recall: 0.7394, Specificity: 0.9739, F1-Score: 0.8376 
23:51:01 : Training Confusion for Epoch 22:
[[1220    6]
 [  15 1210]] 
23:51:02 : Epoch [22/50], Loss: 0.0066, Accuracy: 0.9038, Precision: 0.9526, Recall: 0.8502, Specificity: 0.9575, F1-Score: 0.8985 
23:51:09 : Training Confusion for Epoch 23:
[[1217    9]
 [  21 1204]] 
23:51:10 : Epoch [23/50], Loss: 0.6371, Accuracy: 0.9038, Precision: 0.8444, Recall: 0.9902, Specificity: 0.8170, F1-Score: 0.9115 
23:51:16 : Training Confusion for Epoch 24:
[[1212   14]
 [  21 1204]] 
23:51:17 : Epoch [24/50], Loss: 0.0261, Accuracy: 0.9299, Precision: 0.8905, Recall: 0.9805, Specificity: 0.8791, F1-Score: 0.9333 
23:51:23 : Training Confusion for Epoch 25:
[[1195   31]
 [  34 1191]] 
23:51:24 : Epoch [25/50], Loss: 0.2556, Accuracy: 0.9005, Precision: 0.8455, Recall: 0.9805, Specificity: 0.8203, F1-Score: 0.9080 
23:51:30 : Training Confusion for Epoch 26:
[[1217    9]
 [  12 1213]] 
23:51:31 : Epoch [26/50], Loss: 0.0088, Accuracy: 0.9396, Precision: 0.9272, Recall: 0.9544, Specificity: 0.9248, F1-Score: 0.9406 
23:51:37 : Training Confusion for Epoch 27:
[[1220    6]
 [  12 1213]] 
23:51:38 : Epoch [27/50], Loss: 0.0019, Accuracy: 0.8613, Precision: 0.9868, Recall: 0.7329, Specificity: 0.9902, F1-Score: 0.8411 
23:51:44 : Training Confusion for Epoch 28:
[[1222    4]
 [   8 1217]] 
23:51:45 : Epoch [28/50], Loss: 0.0000, Accuracy: 0.6852, Precision: 0.9831, Recall: 0.3779, Specificity: 0.9935, F1-Score: 0.5459 
23:51:52 : Training Confusion for Epoch 29:
[[1220    6]
 [   7 1218]] 
23:51:52 : Epoch [29/50], Loss: 0.0028, Accuracy: 0.9380, Precision: 0.9439, Recall: 0.9316, Specificity: 0.9444, F1-Score: 0.9377 
23:51:59 : Training Confusion for Epoch 30:
[[1225    1]
 [   5 1220]] 
23:51:59 : Epoch [30/50], Loss: 0.1827, Accuracy: 0.9380, Precision: 0.9113, Recall: 0.9707, Specificity: 0.9052, F1-Score: 0.9401 
23:52:06 : Training Confusion for Epoch 31:
[[1220    6]
 [  10 1215]] 
23:52:07 : Epoch [31/50], Loss: 0.0410, Accuracy: 0.9331, Precision: 0.9156, Recall: 0.9544, Specificity: 0.9118, F1-Score: 0.9346 
23:52:13 : Training Confusion for Epoch 32:
[[1216   10]
 [  12 1213]] 
23:52:14 : Epoch [32/50], Loss: 0.0070, Accuracy: 0.9315, Precision: 0.9461, Recall: 0.9153, Specificity: 0.9477, F1-Score: 0.9305 
23:52:20 : Training Confusion for Epoch 33:
[[1206   20]
 [  23 1202]] 
23:52:21 : Epoch [33/50], Loss: 0.0078, Accuracy: 0.9266, Precision: 0.9426, Recall: 0.9088, Specificity: 0.9444, F1-Score: 0.9254 
23:52:27 : Training Confusion for Epoch 34:
[[1213   13]
 [  15 1210]] 
23:52:28 : Epoch [34/50], Loss: 0.0088, Accuracy: 0.9511, Precision: 0.9425, Recall: 0.9609, Specificity: 0.9412, F1-Score: 0.9516 
23:52:34 : Training Confusion for Epoch 35:
[[1217    9]
 [  14 1211]] 
23:52:35 : Epoch [35/50], Loss: 0.0037, Accuracy: 0.9266, Precision: 0.8853, Recall: 0.9805, Specificity: 0.8725, F1-Score: 0.9304 
23:52:42 : Training Confusion for Epoch 36:
[[1219    7]
 [   7 1218]] 
23:52:42 : Epoch [36/50], Loss: 0.0034, Accuracy: 0.9445, Precision: 0.9306, Recall: 0.9609, Specificity: 0.9281, F1-Score: 0.9455 
23:52:49 : Training Confusion for Epoch 37:
[[1225    1]
 [  10 1215]] 
23:52:50 : Epoch [37/50], Loss: 0.0112, Accuracy: 0.9266, Precision: 0.9517, Recall: 0.8990, Specificity: 0.9542, F1-Score: 0.9246 
23:52:56 : Training Confusion for Epoch 38:
[[1216   10]
 [  15 1210]] 
23:52:57 : Epoch [38/50], Loss: 0.0313, Accuracy: 0.9396, Precision: 0.9141, Recall: 0.9707, Specificity: 0.9085, F1-Score: 0.9415 
23:53:03 : Training Confusion for Epoch 39:
[[1212   14]
 [  20 1205]] 
23:53:04 : Epoch [39/50], Loss: 0.4051, Accuracy: 0.9315, Precision: 0.8886, Recall: 0.9870, Specificity: 0.8758, F1-Score: 0.9352 
23:53:21 : Training Confusion for Epoch 40:
[[1224    2]
 [   4 1221]] 
23:53:22 : Epoch [40/50], Loss: 0.0467, Accuracy: 0.9478, Precision: 0.9393, Recall: 0.9577, Specificity: 0.9379, F1-Score: 0.9484 
23:53:28 : Training Confusion for Epoch 41:
[[1217    9]
 [  13 1212]] 
23:53:29 : Epoch [41/50], Loss: 0.0019, Accuracy: 0.9315, Precision: 0.9003, Recall: 0.9707, Specificity: 0.8922, F1-Score: 0.9342 
23:53:36 : Training Confusion for Epoch 42:
[[1218    8]
 [  11 1214]] 
23:53:37 : Epoch [42/50], Loss: 0.0026, Accuracy: 0.9315, Precision: 0.9180, Recall: 0.9479, Specificity: 0.9150, F1-Score: 0.9327 
23:53:43 : Training Confusion for Epoch 43:
[[1216   10]
 [  17 1208]] 
23:53:44 : Epoch [43/50], Loss: 0.0033, Accuracy: 0.9201, Precision: 0.9640, Recall: 0.8730, Specificity: 0.9673, F1-Score: 0.9162 
23:53:50 : Training Confusion for Epoch 44:
[[1225    1]
 [   9 1216]] 
23:53:51 : Epoch [44/50], Loss: 0.0276, Accuracy: 0.9347, Precision: 0.9033, Recall: 0.9739, Specificity: 0.8954, F1-Score: 0.9373 
23:53:57 : Training Confusion for Epoch 45:
[[1226    0]
 [   3 1222]] 
23:53:58 : Epoch [45/50], Loss: 0.0066, Accuracy: 0.9315, Precision: 0.9288, Recall: 0.9349, Specificity: 0.9281, F1-Score: 0.9318 
23:54:04 : Training Confusion for Epoch 46:
[[1225    1]
 [   7 1218]] 
23:54:05 : Epoch [46/50], Loss: 0.0151, Accuracy: 0.9380, Precision: 0.9088, Recall: 0.9739, Specificity: 0.9020, F1-Score: 0.9403 
23:54:11 : Training Confusion for Epoch 47:
[[1217    9]
 [  16 1209]] 
23:54:12 : Epoch [47/50], Loss: 0.0043, Accuracy: 0.9005, Precision: 0.9695, Recall: 0.8274, Specificity: 0.9739, F1-Score: 0.8928 
23:54:19 : Training Confusion for Epoch 48:
[[1226    0]
 [   5 1220]] 
23:54:19 : Epoch [48/50], Loss: 0.0018, Accuracy: 0.9429, Precision: 0.9359, Recall: 0.9511, Specificity: 0.9346, F1-Score: 0.9435 
23:54:26 : Training Confusion for Epoch 49:
[[1225    1]
 [   8 1217]] 
23:54:27 : Epoch [49/50], Loss: 0.0493, Accuracy: 0.9217, Precision: 0.9218, Recall: 0.9218, Specificity: 0.9216, F1-Score: 0.9218 
23:54:33 : Training Confusion for Epoch 50:
[[1224    2]
 [   6 1219]] 
23:54:34 : Epoch [50/50], Loss: 2.2400, Accuracy: 0.8923, Precision: 0.8473, Recall: 0.9577, Specificity: 0.8268, F1-Score: 0.8991 
23:54:35 : FOLD 2 
23:54:35 : ---------------------------------- 
23:54:41 : Training Confusion for Epoch 1:
[[1052  189]
 [ 154 1056]] 
23:54:42 : Epoch [1/50], Loss: 0.0173, Accuracy: 0.8646, Precision: 0.8072, Recall: 0.9752, Specificity: 0.7423, F1-Score: 0.8833 
23:54:48 : Training Confusion for Epoch 2:
[[1117  124]
 [  85 1125]] 
23:54:49 : Epoch [2/50], Loss: 0.0061, Accuracy: 0.7390, Precision: 0.9880, Recall: 0.5093, Specificity: 0.9931, F1-Score: 0.6721 
23:54:55 : Training Confusion for Epoch 3:
[[1145   96]
 [  74 1136]] 
23:54:56 : Epoch [3/50], Loss: 0.0010, Accuracy: 0.8777, Precision: 0.9524, Recall: 0.8075, Specificity: 0.9553, F1-Score: 0.8739 
23:55:02 : Training Confusion for Epoch 4:
[[1156   85]
 [  70 1140]] 
23:55:03 : Epoch [4/50], Loss: 0.0067, Accuracy: 0.9462, Precision: 0.9288, Recall: 0.9720, Specificity: 0.9175, F1-Score: 0.9499 
23:55:10 : Training Confusion for Epoch 5:
[[1163   78]
 [  57 1153]] 
23:55:10 : Epoch [5/50], Loss: 0.0044, Accuracy: 0.9511, Precision: 0.9591, Recall: 0.9472, Specificity: 0.9553, F1-Score: 0.9531 
23:55:17 : Training Confusion for Epoch 6:
[[1173   68]
 [  50 1160]] 
23:55:18 : Epoch [6/50], Loss: 0.0039, Accuracy: 0.9445, Precision: 0.9528, Recall: 0.9410, Specificity: 0.9485, F1-Score: 0.9469 
23:55:24 : Training Confusion for Epoch 7:
[[1180   61]
 [  48 1162]] 
23:55:25 : Epoch [7/50], Loss: 0.0047, Accuracy: 0.9445, Precision: 0.9311, Recall: 0.9658, Specificity: 0.9210, F1-Score: 0.9482 
23:55:31 : Training Confusion for Epoch 8:
[[1190   51]
 [  45 1165]] 
23:55:32 : Epoch [8/50], Loss: 0.0034, Accuracy: 0.8711, Precision: 0.9765, Recall: 0.7733, Specificity: 0.9794, F1-Score: 0.8631 
23:55:38 : Training Confusion for Epoch 9:
[[1194   47]
 [  41 1169]] 
23:55:39 : Epoch [9/50], Loss: 0.0017, Accuracy: 0.8157, Precision: 0.7425, Recall: 0.9938, Specificity: 0.6186, F1-Score: 0.8499 
23:56:18 : Training Confusion for Epoch 10:
[[1188   53]
 [  41 1169]] 
23:56:19 : Epoch [10/50], Loss: 0.0046, Accuracy: 0.8532, Precision: 0.9833, Recall: 0.7329, Specificity: 0.9863, F1-Score: 0.8399 
23:56:25 : Training Confusion for Epoch 11:
[[1203   38]
 [  35 1175]] 
23:56:26 : Epoch [11/50], Loss: 0.0145, Accuracy: 0.9527, Precision: 0.9322, Recall: 0.9814, Specificity: 0.9210, F1-Score: 0.9561 
23:56:33 : Training Confusion for Epoch 12:
[[1200   41]
 [  36 1174]] 
23:56:33 : Epoch [12/50], Loss: 0.0013, Accuracy: 0.9152, Precision: 0.9787, Recall: 0.8571, Specificity: 0.9794, F1-Score: 0.9139 
23:56:40 : Training Confusion for Epoch 13:
[[1207   34]
 [  34 1176]] 
23:56:41 : Epoch [13/50], Loss: 0.0091, Accuracy: 0.9331, Precision: 0.9763, Recall: 0.8944, Specificity: 0.9759, F1-Score: 0.9335 
23:56:47 : Training Confusion for Epoch 14:
[[1206   35]
 [  33 1177]] 
23:56:48 : Epoch [14/50], Loss: 0.0097, Accuracy: 0.9608, Precision: 0.9656, Recall: 0.9596, Specificity: 0.9622, F1-Score: 0.9626 
23:56:54 : Training Confusion for Epoch 15:
[[1224   17]
 [  19 1191]] 
23:56:55 : Epoch [15/50], Loss: 0.0083, Accuracy: 0.9364, Precision: 0.9174, Recall: 0.9658, Specificity: 0.9038, F1-Score: 0.9410 
23:57:01 : Training Confusion for Epoch 16:
[[1216   25]
 [  31 1179]] 
23:57:02 : Epoch [16/50], Loss: 0.0006, Accuracy: 0.7700, Precision: 0.9840, Recall: 0.5714, Specificity: 0.9897, F1-Score: 0.7230 
23:57:08 : Training Confusion for Epoch 17:
[[1220   21]
 [  19 1191]] 
23:57:09 : Epoch [17/50], Loss: 0.0006, Accuracy: 0.5889, Precision: 1.0000, Recall: 0.2174, Specificity: 1.0000, F1-Score: 0.3571 
23:57:16 : Training Confusion for Epoch 18:
[[1231   10]
 [  23 1187]] 
23:57:16 : Epoch [18/50], Loss: 0.0021, Accuracy: 0.9364, Precision: 0.9301, Recall: 0.9503, Specificity: 0.9210, F1-Score: 0.9401 
23:57:23 : Training Confusion for Epoch 19:
[[1218   23]
 [  26 1184]] 
23:57:24 : Epoch [19/50], Loss: 0.0015, Accuracy: 0.8809, Precision: 0.9770, Recall: 0.7919, Specificity: 0.9794, F1-Score: 0.8748 
23:57:30 : Training Confusion for Epoch 20:
[[1223   18]
 [  23 1187]] 
23:57:31 : Epoch [20/50], Loss: 0.0001, Accuracy: 0.8842, Precision: 0.9772, Recall: 0.7981, Specificity: 0.9794, F1-Score: 0.8786 
23:57:37 : Training Confusion for Epoch 21:
[[1230   11]
 [  14 1196]] 
23:57:38 : Epoch [21/50], Loss: 0.0017, Accuracy: 0.9429, Precision: 0.9674, Recall: 0.9224, Specificity: 0.9656, F1-Score: 0.9444 
23:57:44 : Training Confusion for Epoch 22:
[[1235    6]
 [  15 1195]] 
23:57:45 : Epoch [22/50], Loss: 0.0005, Accuracy: 0.9184, Precision: 0.9595, Recall: 0.8820, Specificity: 0.9588, F1-Score: 0.9191 
23:57:51 : Training Confusion for Epoch 23:
[[1223   18]
 [  16 1194]] 
23:57:52 : Epoch [23/50], Loss: 0.0003, Accuracy: 0.7504, Precision: 0.9884, Recall: 0.5311, Specificity: 0.9931, F1-Score: 0.6909 
23:57:58 : Training Confusion for Epoch 24:
[[1219   22]
 [  24 1186]] 
23:57:59 : Epoch [24/50], Loss: 0.0003, Accuracy: 0.9152, Precision: 0.9688, Recall: 0.8665, Specificity: 0.9691, F1-Score: 0.9148 
23:58:06 : Training Confusion for Epoch 25:
[[1229   12]
 [  14 1196]] 
23:58:07 : Epoch [25/50], Loss: 0.0010, Accuracy: 0.9478, Precision: 0.9421, Recall: 0.9596, Specificity: 0.9347, F1-Score: 0.9508 
23:58:13 : Training Confusion for Epoch 26:
[[1231   10]
 [  16 1194]] 
23:58:14 : Epoch [26/50], Loss: 0.0005, Accuracy: 0.9494, Precision: 0.9678, Recall: 0.9348, Specificity: 0.9656, F1-Score: 0.9510 
23:58:20 : Training Confusion for Epoch 27:
[[1227   14]
 [  17 1193]] 
23:58:21 : Epoch [27/50], Loss: 0.0003, Accuracy: 0.9543, Precision: 0.9375, Recall: 0.9783, Specificity: 0.9278, F1-Score: 0.9574 
23:58:27 : Training Confusion for Epoch 28:
[[1232    9]
 [   6 1204]] 
23:58:28 : Epoch [28/50], Loss: 0.0002, Accuracy: 0.9527, Precision: 0.9621, Recall: 0.9472, Specificity: 0.9588, F1-Score: 0.9546 
23:58:34 : Training Confusion for Epoch 29:
[[1240    1]
 [   4 1206]] 
23:58:35 : Epoch [29/50], Loss: 0.0002, Accuracy: 0.9560, Precision: 0.9538, Recall: 0.9627, Specificity: 0.9485, F1-Score: 0.9583 
23:58:41 : Training Confusion for Epoch 30:
[[1235    6]
 [   8 1202]] 
23:58:42 : Epoch [30/50], Loss: 0.0015, Accuracy: 0.6020, Precision: 0.9875, Recall: 0.2453, Specificity: 0.9966, F1-Score: 0.3930 
23:59:21 : Training Confusion for Epoch 31:
[[1232    9]
 [  11 1199]] 
23:59:22 : Epoch [31/50], Loss: 0.0035, Accuracy: 0.9250, Precision: 0.8876, Recall: 0.9814, Specificity: 0.8625, F1-Score: 0.9322 
23:59:28 : Training Confusion for Epoch 32:
[[1226   15]
 [  19 1191]] 
23:59:29 : Epoch [32/50], Loss: 0.0015, Accuracy: 0.9201, Precision: 0.9756, Recall: 0.8696, Specificity: 0.9759, F1-Score: 0.9195 
23:59:35 : Training Confusion for Epoch 33:
[[1240    1]
 [   6 1204]] 
23:59:36 : Epoch [33/50], Loss: 0.0003, Accuracy: 0.9462, Precision: 0.9617, Recall: 0.9348, Specificity: 0.9588, F1-Score: 0.9480 
23:59:43 : Training Confusion for Epoch 34:
[[1232    9]
 [  14 1196]] 
23:59:44 : Epoch [34/50], Loss: 0.0006, Accuracy: 0.9299, Precision: 0.9635, Recall: 0.9006, Specificity: 0.9622, F1-Score: 0.9310 
23:59:50 : Training Confusion for Epoch 35:
[[1234    7]
 [   5 1205]] 
23:59:51 : Epoch [35/50], Loss: 0.0004, Accuracy: 0.6705, Precision: 0.9918, Recall: 0.3758, Specificity: 0.9966, F1-Score: 0.5450 
23:59:57 : Training Confusion for Epoch 36:
[[1237    4]
 [   8 1202]] 
23:59:58 : Epoch [36/50], Loss: 0.0005, Accuracy: 0.9445, Precision: 0.9211, Recall: 0.9783, Specificity: 0.9072, F1-Score: 0.9488 
00:00:04 : Training Confusion for Epoch 37:
[[1240    1]
 [   5 1205]] 
00:00:05 : Epoch [37/50], Loss: 0.0006, Accuracy: 0.9560, Precision: 0.9403, Recall: 0.9783, Specificity: 0.9313, F1-Score: 0.9589 
00:00:11 : Training Confusion for Epoch 38:
[[1241    0]
 [   2 1208]] 
00:00:12 : Epoch [38/50], Loss: 0.0001, Accuracy: 0.9511, Precision: 0.9591, Recall: 0.9472, Specificity: 0.9553, F1-Score: 0.9531 
00:00:18 : Training Confusion for Epoch 39:
[[1235    6]
 [   7 1203]] 
00:00:19 : Epoch [39/50], Loss: 0.0002, Accuracy: 0.9364, Precision: 0.9639, Recall: 0.9130, Specificity: 0.9622, F1-Score: 0.9378 
00:00:26 : Training Confusion for Epoch 40:
[[1226   15]
 [  17 1193]] 
00:00:26 : Epoch [40/50], Loss: 0.0031, Accuracy: 0.8989, Precision: 0.9643, Recall: 0.8385, Specificity: 0.9656, F1-Score: 0.8970 
00:00:33 : Training Confusion for Epoch 41:
[[1234    7]
 [  10 1200]] 
00:00:33 : Epoch [41/50], Loss: 0.0008, Accuracy: 0.9282, Precision: 0.9484, Recall: 0.9130, Specificity: 0.9450, F1-Score: 0.9304 
00:00:40 : Training Confusion for Epoch 42:
[[1232    9]
 [   6 1204]] 
00:00:41 : Epoch [42/50], Loss: 0.0004, Accuracy: 0.9396, Precision: 0.9467, Recall: 0.9379, Specificity: 0.9416, F1-Score: 0.9423 
00:00:47 : Training Confusion for Epoch 43:
[[1234    7]
 [  14 1196]] 
00:00:48 : Epoch [43/50], Loss: 0.0000, Accuracy: 0.9331, Precision: 0.9169, Recall: 0.9596, Specificity: 0.9038, F1-Score: 0.9378 
00:00:54 : Training Confusion for Epoch 44:
[[1231   10]
 [  10 1200]] 
00:00:55 : Epoch [44/50], Loss: 0.0002, Accuracy: 0.8940, Precision: 0.9777, Recall: 0.8168, Specificity: 0.9794, F1-Score: 0.8900 
00:01:01 : Training Confusion for Epoch 45:
[[1237    4]
 [   6 1204]] 
00:01:02 : Epoch [45/50], Loss: 0.0000, Accuracy: 0.9494, Precision: 0.9505, Recall: 0.9534, Specificity: 0.9450, F1-Score: 0.9519 
00:01:08 : Training Confusion for Epoch 46:
[[1235    6]
 [  10 1200]] 
00:01:09 : Epoch [46/50], Loss: 0.0005, Accuracy: 0.9445, Precision: 0.9211, Recall: 0.9783, Specificity: 0.9072, F1-Score: 0.9488 
00:01:15 : Training Confusion for Epoch 47:
[[1238    3]
 [   4 1206]] 
00:01:16 : Epoch [47/50], Loss: 0.0015, Accuracy: 0.9494, Precision: 0.9396, Recall: 0.9658, Specificity: 0.9313, F1-Score: 0.9525 
00:01:23 : Training Confusion for Epoch 48:
[[1239    2]
 [   6 1204]] 
00:01:23 : Epoch [48/50], Loss: 0.0004, Accuracy: 0.9364, Precision: 0.9550, Recall: 0.9224, Specificity: 0.9519, F1-Score: 0.9384 
00:01:30 : Training Confusion for Epoch 49:
[[1237    4]
 [   6 1204]] 
00:01:31 : Epoch [49/50], Loss: 0.0002, Accuracy: 0.9429, Precision: 0.9614, Recall: 0.9286, Specificity: 0.9588, F1-Score: 0.9447 
00:01:37 : Training Confusion for Epoch 50:
[[1237    4]
 [  12 1198]] 
00:01:38 : Epoch [50/50], Loss: 0.0017, Accuracy: 0.8842, Precision: 0.9736, Recall: 0.8012, Specificity: 0.9759, F1-Score: 0.8790 
00:01:39 : FOLD 3 
00:01:39 : ---------------------------------- 
00:02:17 : Training Confusion for Epoch 1:
[[1020  213]
 [ 126 1092]] 
00:02:18 : Epoch [1/50], Loss: 0.5646, Accuracy: 0.9233, Precision: 0.9133, Recall: 0.9395, Specificity: 0.9064, F1-Score: 0.9262 
00:02:24 : Training Confusion for Epoch 2:
[[1122  111]
 [ 101 1117]] 
00:02:25 : Epoch [2/50], Loss: 0.1691, Accuracy: 0.9201, Precision: 0.9492, Recall: 0.8917, Specificity: 0.9498, F1-Score: 0.9195 
00:02:31 : Training Confusion for Epoch 3:
[[1138   95]
 [  78 1140]] 
00:02:32 : Epoch [3/50], Loss: 0.0131, Accuracy: 0.8956, Precision: 0.9596, Recall: 0.8312, Specificity: 0.9632, F1-Score: 0.8908 
00:02:38 : Training Confusion for Epoch 4:
[[1154   79]
 [  64 1154]] 
00:02:39 : Epoch [4/50], Loss: 0.2368, Accuracy: 0.8874, Precision: 0.8338, Recall: 0.9745, Specificity: 0.7960, F1-Score: 0.8987 
00:02:45 : Training Confusion for Epoch 5:
[[1157   76]
 [  61 1157]] 
00:02:46 : Epoch [5/50], Loss: 0.2614, Accuracy: 0.9266, Precision: 0.9088, Recall: 0.9522, Specificity: 0.8997, F1-Score: 0.9300 
00:02:53 : Training Confusion for Epoch 6:
[[1156   77]
 [  64 1154]] 
00:02:54 : Epoch [6/50], Loss: 0.0808, Accuracy: 0.9364, Precision: 0.9179, Recall: 0.9618, Specificity: 0.9097, F1-Score: 0.9393 
00:03:00 : Training Confusion for Epoch 7:
[[1167   66]
 [  53 1165]] 
00:03:01 : Epoch [7/50], Loss: 0.1149, Accuracy: 0.9331, Precision: 0.9756, Recall: 0.8917, Specificity: 0.9766, F1-Score: 0.9318 
00:03:07 : Training Confusion for Epoch 8:
[[1169   64]
 [  47 1171]] 
00:03:08 : Epoch [8/50], Loss: 0.0749, Accuracy: 0.9299, Precision: 0.9721, Recall: 0.8885, Specificity: 0.9732, F1-Score: 0.9285 
00:03:14 : Training Confusion for Epoch 9:
[[1175   58]
 [  50 1168]] 
00:03:15 : Epoch [9/50], Loss: 0.1298, Accuracy: 0.9380, Precision: 0.9340, Recall: 0.9459, Specificity: 0.9298, F1-Score: 0.9399 
00:03:21 : Training Confusion for Epoch 10:
[[1182   51]
 [  52 1166]] 
00:03:22 : Epoch [10/50], Loss: 0.2239, Accuracy: 0.9135, Precision: 0.8635, Recall: 0.9873, Specificity: 0.8361, F1-Score: 0.9212 
00:03:28 : Training Confusion for Epoch 11:
[[1186   47]
 [  47 1171]] 
00:03:29 : Epoch [11/50], Loss: 0.0448, Accuracy: 0.9380, Precision: 0.9694, Recall: 0.9076, Specificity: 0.9699, F1-Score: 0.9375 
00:03:35 : Training Confusion for Epoch 12:
[[1186   47]
 [  34 1184]] 
00:03:36 : Epoch [12/50], Loss: 0.2348, Accuracy: 0.9462, Precision: 0.9404, Recall: 0.9554, Specificity: 0.9365, F1-Score: 0.9479 
00:03:43 : Training Confusion for Epoch 13:
[[1197   36]
 [  40 1178]] 
00:03:43 : Epoch [13/50], Loss: 0.4796, Accuracy: 0.9299, Precision: 0.8997, Recall: 0.9713, Specificity: 0.8863, F1-Score: 0.9342 
00:03:50 : Training Confusion for Epoch 14:
[[1202   31]
 [  41 1177]] 
00:03:51 : Epoch [14/50], Loss: 0.0823, Accuracy: 0.9168, Precision: 0.9817, Recall: 0.8535, Specificity: 0.9833, F1-Score: 0.9131 
00:03:57 : Training Confusion for Epoch 15:
[[1201   32]
 [  31 1187]] 
00:03:58 : Epoch [15/50], Loss: 0.9043, Accuracy: 0.9217, Precision: 0.8822, Recall: 0.9777, Specificity: 0.8629, F1-Score: 0.9275 
00:04:04 : Training Confusion for Epoch 16:
[[1214   19]
 [  26 1192]] 
00:04:05 : Epoch [16/50], Loss: 0.0246, Accuracy: 0.9070, Precision: 0.9777, Recall: 0.8376, Specificity: 0.9799, F1-Score: 0.9022 
00:04:11 : Training Confusion for Epoch 17:
[[1214   19]
 [  30 1188]] 
00:04:12 : Epoch [17/50], Loss: 0.0367, Accuracy: 0.9396, Precision: 0.9663, Recall: 0.9140, Specificity: 0.9666, F1-Score: 0.9394 
00:04:18 : Training Confusion for Epoch 18:
[[1222   11]
 [  21 1197]] 
00:04:19 : Epoch [18/50], Loss: 0.0407, Accuracy: 0.9396, Precision: 0.9482, Recall: 0.9331, Specificity: 0.9465, F1-Score: 0.9406 
00:04:26 : Training Confusion for Epoch 19:
[[1217   16]
 [  28 1190]] 
00:04:26 : Epoch [19/50], Loss: 0.0071, Accuracy: 0.9250, Precision: 0.9653, Recall: 0.8854, Specificity: 0.9666, F1-Score: 0.9236 
00:04:33 : Training Confusion for Epoch 20:
[[1221   12]
 [  21 1197]] 
00:04:34 : Epoch [20/50], Loss: 0.3696, Accuracy: 0.9201, Precision: 0.9492, Recall: 0.8917, Specificity: 0.9498, F1-Score: 0.9195 
00:04:40 : Training Confusion for Epoch 21:
[[1212   21]
 [  30 1188]] 
00:04:41 : Epoch [21/50], Loss: 0.0522, Accuracy: 0.9070, Precision: 0.9777, Recall: 0.8376, Specificity: 0.9799, F1-Score: 0.9022 
00:05:20 : Training Confusion for Epoch 22:
[[1209   24]
 [  24 1194]] 
00:05:21 : Epoch [22/50], Loss: 0.1159, Accuracy: 0.9086, Precision: 0.8583, Recall: 0.9841, Specificity: 0.8294, F1-Score: 0.9169 
00:05:28 : Training Confusion for Epoch 23:
[[1223   10]
 [  20 1198]] 
00:05:29 : Epoch [23/50], Loss: 0.0296, Accuracy: 0.9429, Precision: 0.9240, Recall: 0.9682, Specificity: 0.9164, F1-Score: 0.9456 
00:05:35 : Training Confusion for Epoch 24:
[[1212   21]
 [  22 1196]] 
00:05:36 : Epoch [24/50], Loss: 0.0220, Accuracy: 0.9527, Precision: 0.9305, Recall: 0.9809, Specificity: 0.9231, F1-Score: 0.9550 
00:05:43 : Training Confusion for Epoch 25:
[[1221   12]
 [  15 1203]] 
00:05:44 : Epoch [25/50], Loss: 0.0849, Accuracy: 0.9396, Precision: 0.9134, Recall: 0.9745, Specificity: 0.9030, F1-Score: 0.9430 
00:05:50 : Training Confusion for Epoch 26:
[[1221   12]
 [  14 1204]] 
00:05:51 : Epoch [26/50], Loss: 0.0098, Accuracy: 0.9217, Precision: 0.9182, Recall: 0.9299, Specificity: 0.9130, F1-Score: 0.9241 
00:05:57 : Training Confusion for Epoch 27:
[[1227    6]
 [  14 1204]] 
00:05:58 : Epoch [27/50], Loss: 0.0090, Accuracy: 0.9478, Precision: 0.9490, Recall: 0.9490, Specificity: 0.9465, F1-Score: 0.9490 
00:06:05 : Training Confusion for Epoch 28:
[[1228    5]
 [  16 1202]] 
00:06:05 : Epoch [28/50], Loss: 0.0007, Accuracy: 0.9054, Precision: 0.9812, Recall: 0.8312, Specificity: 0.9833, F1-Score: 0.9000 
00:06:12 : Training Confusion for Epoch 29:
[[1212   21]
 [  31 1187]] 
00:06:13 : Epoch [29/50], Loss: 0.0210, Accuracy: 0.8222, Precision: 0.9858, Recall: 0.6624, Specificity: 0.9900, F1-Score: 0.7924 
00:06:19 : Training Confusion for Epoch 30:
[[1217   16]
 [  21 1197]] 
00:06:20 : Epoch [30/50], Loss: 0.1877, Accuracy: 0.9217, Precision: 0.9586, Recall: 0.8854, Specificity: 0.9599, F1-Score: 0.9205 
00:06:26 : Training Confusion for Epoch 31:
[[1226    7]
 [  14 1204]] 
00:06:27 : Epoch [31/50], Loss: 0.0214, Accuracy: 0.9445, Precision: 0.9516, Recall: 0.9395, Specificity: 0.9498, F1-Score: 0.9455 
00:06:33 : Training Confusion for Epoch 32:
[[1220   13]
 [  21 1197]] 
00:06:34 : Epoch [32/50], Loss: 0.0052, Accuracy: 0.9250, Precision: 0.9752, Recall: 0.8758, Specificity: 0.9766, F1-Score: 0.9228 
00:06:40 : Training Confusion for Epoch 33:
[[1231    2]
 [   7 1211]] 
00:06:41 : Epoch [33/50], Loss: 0.0024, Accuracy: 0.9445, Precision: 0.9516, Recall: 0.9395, Specificity: 0.9498, F1-Score: 0.9455 
00:06:47 : Training Confusion for Epoch 34:
[[1227    6]
 [  11 1207]] 
00:06:48 : Epoch [34/50], Loss: 0.0092, Accuracy: 0.9576, Precision: 0.9557, Recall: 0.9618, Specificity: 0.9532, F1-Score: 0.9587 
00:06:55 : Training Confusion for Epoch 35:
[[1230    3]
 [   6 1212]] 
00:06:55 : Epoch [35/50], Loss: 0.0008, Accuracy: 0.8042, Precision: 0.9899, Recall: 0.6242, Specificity: 0.9933, F1-Score: 0.7656 
00:07:02 : Training Confusion for Epoch 36:
[[1227    6]
 [  14 1204]] 
00:07:03 : Epoch [36/50], Loss: 1.0784, Accuracy: 0.9282, Precision: 0.8902, Recall: 0.9809, Specificity: 0.8729, F1-Score: 0.9333 
00:07:09 : Training Confusion for Epoch 37:
[[1222   11]
 [  16 1202]] 
00:07:10 : Epoch [37/50], Loss: 0.0041, Accuracy: 0.9331, Precision: 0.9389, Recall: 0.9299, Specificity: 0.9365, F1-Score: 0.9344 
00:07:16 : Training Confusion for Epoch 38:
[[1228    5]
 [   9 1209]] 
00:07:17 : Epoch [38/50], Loss: 0.0968, Accuracy: 0.9413, Precision: 0.9088, Recall: 0.9841, Specificity: 0.8963, F1-Score: 0.9450 
00:07:23 : Training Confusion for Epoch 39:
[[1231    2]
 [   6 1212]] 
00:07:24 : Epoch [39/50], Loss: 0.0028, Accuracy: 0.9184, Precision: 0.9648, Recall: 0.8726, Specificity: 0.9666, F1-Score: 0.9164 
00:07:30 : Training Confusion for Epoch 40:
[[1224    9]
 [  17 1201]] 
00:07:31 : Epoch [40/50], Loss: 0.6159, Accuracy: 0.9086, Precision: 0.8583, Recall: 0.9841, Specificity: 0.8294, F1-Score: 0.9169 
00:07:38 : Training Confusion for Epoch 41:
[[1220   13]
 [  16 1202]] 
00:07:38 : Epoch [41/50], Loss: 0.0069, Accuracy: 0.9266, Precision: 0.9786, Recall: 0.8758, Specificity: 0.9799, F1-Score: 0.9244 
00:07:45 : Training Confusion for Epoch 42:
[[1225    8]
 [   9 1209]] 
00:07:46 : Epoch [42/50], Loss: 0.0010, Accuracy: 0.9364, Precision: 0.9725, Recall: 0.9013, Specificity: 0.9732, F1-Score: 0.9355 
00:07:52 : Training Confusion for Epoch 43:
[[1231    2]
 [   9 1209]] 
00:07:53 : Epoch [43/50], Loss: 0.0006, Accuracy: 0.9429, Precision: 0.9635, Recall: 0.9236, Specificity: 0.9632, F1-Score: 0.9431 
00:07:59 : Training Confusion for Epoch 44:
[[1232    1]
 [   7 1211]] 
00:08:00 : Epoch [44/50], Loss: 2.6667, Accuracy: 0.9135, Precision: 0.8655, Recall: 0.9841, Specificity: 0.8395, F1-Score: 0.9210 
00:08:06 : Training Confusion for Epoch 45:
[[1231    2]
 [   6 1212]] 
00:08:07 : Epoch [45/50], Loss: 0.0006, Accuracy: 0.8483, Precision: 0.9742, Recall: 0.7229, Specificity: 0.9799, F1-Score: 0.8300 
00:08:45 : Training Confusion for Epoch 46:
[[1226    7]
 [  14 1204]] 
00:08:46 : Epoch [46/50], Loss: 0.0009, Accuracy: 0.8483, Precision: 0.9911, Recall: 0.7102, Specificity: 0.9933, F1-Score: 0.8275 
00:08:52 : Training Confusion for Epoch 47:
[[1230    3]
 [  10 1208]] 
00:08:53 : Epoch [47/50], Loss: 0.0051, Accuracy: 0.9364, Precision: 0.9009, Recall: 0.9841, Specificity: 0.8863, F1-Score: 0.9406 
00:08:59 : Training Confusion for Epoch 48:
[[1233    0]
 [   5 1213]] 
00:09:00 : Epoch [48/50], Loss: 0.0009, Accuracy: 0.9462, Precision: 0.9607, Recall: 0.9331, Specificity: 0.9599, F1-Score: 0.9467 
00:09:07 : Training Confusion for Epoch 49:
[[1228    5]
 [   9 1209]] 
00:09:07 : Epoch [49/50], Loss: 0.0017, Accuracy: 0.6688, Precision: 0.9912, Recall: 0.3567, Specificity: 0.9967, F1-Score: 0.5246 
00:09:14 : Training Confusion for Epoch 50:
[[1218   15]
 [  20 1198]] 
00:09:15 : Epoch [50/50], Loss: 0.0285, Accuracy: 0.9364, Precision: 0.9479, Recall: 0.9268, Specificity: 0.9465, F1-Score: 0.9372 
00:09:15 : FOLD 4 
00:09:15 : ---------------------------------- 
00:09:22 : Training Confusion for Epoch 1:
[[1003  225]
 [ 123 1101]] 
00:09:23 : Epoch [1/50], Loss: 0.0743, Accuracy: 0.8301, Precision: 0.7698, Recall: 0.9448, Specificity: 0.7138, F1-Score: 0.8484 
00:09:29 : Training Confusion for Epoch 2:
[[1094  134]
 [  79 1145]] 
00:09:30 : Epoch [2/50], Loss: 0.0044, Accuracy: 0.9052, Precision: 0.9529, Recall: 0.8539, Specificity: 0.9572, F1-Score: 0.9007 
00:09:36 : Training Confusion for Epoch 3:
[[1125  103]
 [  69 1155]] 
00:09:37 : Epoch [3/50], Loss: 0.0192, Accuracy: 0.9167, Precision: 0.8978, Recall: 0.9416, Specificity: 0.8914, F1-Score: 0.9192 
00:09:43 : Training Confusion for Epoch 4:
[[1148   80]
 [  59 1165]] 
00:09:44 : Epoch [4/50], Loss: 0.0012, Accuracy: 0.9232, Precision: 0.9547, Recall: 0.8896, Specificity: 0.9572, F1-Score: 0.9210 
00:09:51 : Training Confusion for Epoch 5:
[[1155   73]
 [  55 1169]] 
00:09:51 : Epoch [5/50], Loss: 0.0004, Accuracy: 0.8301, Precision: 0.9595, Recall: 0.6916, Specificity: 0.9704, F1-Score: 0.8038 
00:09:58 : Training Confusion for Epoch 6:
[[1161   67]
 [  44 1180]] 
00:09:59 : Epoch [6/50], Loss: 0.0014, Accuracy: 0.8922, Precision: 0.9654, Recall: 0.8149, Specificity: 0.9704, F1-Score: 0.8838 
00:10:05 : Training Confusion for Epoch 7:
[[1173   55]
 [  37 1187]] 
00:10:06 : Epoch [7/50], Loss: 0.0019, Accuracy: 0.8889, Precision: 0.9225, Recall: 0.8506, Specificity: 0.9276, F1-Score: 0.8851 
00:10:12 : Training Confusion for Epoch 8:
[[1187   41]
 [  30 1194]] 
00:10:13 : Epoch [8/50], Loss: 0.0000, Accuracy: 0.5997, Precision: 0.9701, Recall: 0.2110, Specificity: 0.9934, F1-Score: 0.3467 
00:10:19 : Training Confusion for Epoch 9:
[[1168   60]
 [  40 1184]] 
00:10:20 : Epoch [9/50], Loss: 0.0010, Accuracy: 0.9199, Precision: 0.8866, Recall: 0.9643, Specificity: 0.8750, F1-Score: 0.9238 
00:10:26 : Training Confusion for Epoch 10:
[[1184   44]
 [  33 1191]] 
00:10:27 : Epoch [10/50], Loss: 0.0000, Accuracy: 0.9314, Precision: 0.9555, Recall: 0.9058, Specificity: 0.9572, F1-Score: 0.9300 
00:10:34 : Training Confusion for Epoch 11:
[[1181   47]
 [  24 1200]] 
00:10:34 : Epoch [11/50], Loss: 0.0166, Accuracy: 0.8791, Precision: 0.8197, Recall: 0.9740, Specificity: 0.7829, F1-Score: 0.8902 
00:10:41 : Training Confusion for Epoch 12:
[[1197   31]
 [  23 1201]] 
00:10:42 : Epoch [12/50], Loss: 0.1703, Accuracy: 0.8448, Precision: 0.7766, Recall: 0.9708, Specificity: 0.7171, F1-Score: 0.8629 
00:10:48 : Training Confusion for Epoch 13:
[[1179   49]
 [  27 1197]] 
00:10:49 : Epoch [13/50], Loss: 0.0003, Accuracy: 0.9167, Precision: 0.9639, Recall: 0.8669, Specificity: 0.9671, F1-Score: 0.9128 
00:10:55 : Training Confusion for Epoch 14:
[[1200   28]
 [  22 1202]] 
00:10:56 : Epoch [14/50], Loss: 0.0020, Accuracy: 0.9101, Precision: 0.8667, Recall: 0.9708, Specificity: 0.8487, F1-Score: 0.9158 
00:11:02 : Training Confusion for Epoch 15:
[[1213   15]
 [  15 1209]] 
00:11:03 : Epoch [15/50], Loss: 0.0006, Accuracy: 0.9199, Precision: 0.8820, Recall: 0.9708, Specificity: 0.8684, F1-Score: 0.9243 
00:11:09 : Training Confusion for Epoch 16:
[[1205   23]
 [  28 1196]] 
00:11:10 : Epoch [16/50], Loss: 0.0005, Accuracy: 0.8497, Precision: 0.7784, Recall: 0.9805, Specificity: 0.7171, F1-Score: 0.8678 
00:11:17 : Training Confusion for Epoch 17:
[[1206   22]
 [  21 1203]] 
00:11:17 : Epoch [17/50], Loss: 0.0001, Accuracy: 0.9199, Precision: 0.9390, Recall: 0.8994, Specificity: 0.9408, F1-Score: 0.9187 
00:11:24 : Training Confusion for Epoch 18:
[[1219    9]
 [  15 1209]] 
00:11:25 : Epoch [18/50], Loss: 0.0006, Accuracy: 0.9248, Precision: 0.8922, Recall: 0.9675, Specificity: 0.8816, F1-Score: 0.9283 
00:11:31 : Training Confusion for Epoch 19:
[[1212   16]
 [  14 1210]] 
00:11:32 : Epoch [19/50], Loss: 0.0005, Accuracy: 0.9216, Precision: 0.9062, Recall: 0.9416, Specificity: 0.9013, F1-Score: 0.9236 
00:11:38 : Training Confusion for Epoch 20:
[[1206   22]
 [  24 1200]] 
00:11:39 : Epoch [20/50], Loss: 0.0002, Accuracy: 0.9199, Precision: 0.9609, Recall: 0.8766, Specificity: 0.9638, F1-Score: 0.9168 
00:12:17 : Training Confusion for Epoch 21:
[[1208   20]
 [  23 1201]] 
00:12:18 : Epoch [21/50], Loss: 0.0001, Accuracy: 0.9265, Precision: 0.9340, Recall: 0.9188, Specificity: 0.9342, F1-Score: 0.9264 
00:12:24 : Training Confusion for Epoch 22:
[[1209   19]
 [  16 1208]] 
00:12:25 : Epoch [22/50], Loss: 0.0001, Accuracy: 0.9314, Precision: 0.9493, Recall: 0.9123, Specificity: 0.9507, F1-Score: 0.9305 
00:12:31 : Training Confusion for Epoch 23:
[[1214   14]
 [  16 1208]] 
00:12:32 : Epoch [23/50], Loss: 0.0001, Accuracy: 0.9265, Precision: 0.9201, Recall: 0.9351, Specificity: 0.9178, F1-Score: 0.9275 
00:12:38 : Training Confusion for Epoch 24:
[[1215   13]
 [  13 1211]] 
00:12:39 : Epoch [24/50], Loss: 0.0000, Accuracy: 0.9363, Precision: 0.9190, Recall: 0.9578, Specificity: 0.9145, F1-Score: 0.9380 
00:12:46 : Training Confusion for Epoch 25:
[[1221    7]
 [   8 1216]] 
00:12:47 : Epoch [25/50], Loss: 0.0063, Accuracy: 0.9216, Precision: 0.9194, Recall: 0.9253, Specificity: 0.9178, F1-Score: 0.9223 
00:12:53 : Training Confusion for Epoch 26:
[[1221    7]
 [   9 1215]] 
00:12:54 : Epoch [26/50], Loss: 0.0004, Accuracy: 0.8072, Precision: 0.9798, Recall: 0.6299, Specificity: 0.9868, F1-Score: 0.7668 
00:13:00 : Training Confusion for Epoch 27:
[[1224    4]
 [   9 1215]] 
00:13:01 : Epoch [27/50], Loss: 0.0005, Accuracy: 0.9330, Precision: 0.9211, Recall: 0.9481, Specificity: 0.9178, F1-Score: 0.9344 
00:13:07 : Training Confusion for Epoch 28:
[[1227    1]
 [   3 1221]] 
00:13:08 : Epoch [28/50], Loss: 0.0010, Accuracy: 0.9183, Precision: 0.9188, Recall: 0.9188, Specificity: 0.9178, F1-Score: 0.9188 
00:13:14 : Training Confusion for Epoch 29:
[[1228    0]
 [   5 1219]] 
00:13:15 : Epoch [29/50], Loss: 0.0013, Accuracy: 0.9232, Precision: 0.9169, Recall: 0.9318, Specificity: 0.9145, F1-Score: 0.9243 
00:13:22 : Training Confusion for Epoch 30:
[[1219    9]
 [  11 1213]] 
00:13:22 : Epoch [30/50], Loss: 0.0071, Accuracy: 0.9216, Precision: 0.8939, Recall: 0.9578, Specificity: 0.8849, F1-Score: 0.9248 
00:13:29 : Training Confusion for Epoch 31:
[[1220    8]
 [  10 1214]] 
00:13:30 : Epoch [31/50], Loss: 0.0005, Accuracy: 0.9281, Precision: 0.9099, Recall: 0.9513, Specificity: 0.9046, F1-Score: 0.9302 
00:13:36 : Training Confusion for Epoch 32:
[[1218   10]
 [  13 1211]] 
00:13:37 : Epoch [32/50], Loss: 0.0063, Accuracy: 0.8954, Precision: 0.8486, Recall: 0.9643, Specificity: 0.8257, F1-Score: 0.9027 
00:13:43 : Training Confusion for Epoch 33:
[[1225    3]
 [   7 1217]] 
00:13:44 : Epoch [33/50], Loss: 0.0004, Accuracy: 0.9297, Precision: 0.9492, Recall: 0.9091, Specificity: 0.9507, F1-Score: 0.9287 
00:13:50 : Training Confusion for Epoch 34:
[[1225    3]
 [   4 1220]] 
00:13:51 : Epoch [34/50], Loss: 0.0007, Accuracy: 0.9118, Precision: 0.8757, Recall: 0.9610, Specificity: 0.8618, F1-Score: 0.9164 
00:13:57 : Training Confusion for Epoch 35:
[[1226    2]
 [   5 1219]] 
00:13:58 : Epoch [35/50], Loss: 0.0003, Accuracy: 0.9281, Precision: 0.9400, Recall: 0.9156, Specificity: 0.9408, F1-Score: 0.9276 
00:14:04 : Training Confusion for Epoch 36:
[[1218   10]
 [  13 1211]] 
00:14:05 : Epoch [36/50], Loss: 0.0002, Accuracy: 0.9167, Precision: 0.9509, Recall: 0.8799, Specificity: 0.9539, F1-Score: 0.9140 
00:14:12 : Training Confusion for Epoch 37:
[[1226    2]
 [   4 1220]] 
00:14:12 : Epoch [37/50], Loss: 0.0003, Accuracy: 0.9265, Precision: 0.9398, Recall: 0.9123, Specificity: 0.9408, F1-Score: 0.9259 
00:14:19 : Training Confusion for Epoch 38:
[[1224    4]
 [   6 1218]] 
00:14:21 : Epoch [38/50], Loss: 0.0006, Accuracy: 0.9379, Precision: 0.9141, Recall: 0.9675, Specificity: 0.9079, F1-Score: 0.9401 
00:14:28 : Training Confusion for Epoch 39:
[[1224    4]
 [   6 1218]] 
00:14:29 : Epoch [39/50], Loss: 0.2022, Accuracy: 0.8317, Precision: 0.7582, Recall: 0.9773, Specificity: 0.6842, F1-Score: 0.8539 
00:14:36 : Training Confusion for Epoch 40:
[[1220    8]
 [  14 1210]] 
00:14:37 : Epoch [40/50], Loss: 0.0009, Accuracy: 0.9216, Precision: 0.8779, Recall: 0.9805, Specificity: 0.8618, F1-Score: 0.9264 
00:14:45 : Training Confusion for Epoch 41:
[[1224    4]
 [   3 1221]] 
00:14:46 : Epoch [41/50], Loss: 0.0003, Accuracy: 0.9216, Precision: 0.9088, Recall: 0.9383, Specificity: 0.9046, F1-Score: 0.9233 
00:14:53 : Training Confusion for Epoch 42:
[[1216   12]
 [  18 1206]] 
00:14:54 : Epoch [42/50], Loss: 0.0003, Accuracy: 0.8987, Precision: 0.8455, Recall: 0.9773, Specificity: 0.8191, F1-Score: 0.9066 
00:15:02 : Training Confusion for Epoch 43:
[[1223    5]
 [   7 1217]] 
00:15:03 : Epoch [43/50], Loss: 0.0004, Accuracy: 0.9314, Precision: 0.9156, Recall: 0.9513, Specificity: 0.9112, F1-Score: 0.9331 
00:15:10 : Training Confusion for Epoch 44:
[[1228    0]
 [   3 1221]] 
00:15:12 : Epoch [44/50], Loss: 0.0008, Accuracy: 0.9265, Precision: 0.9175, Recall: 0.9383, Specificity: 0.9145, F1-Score: 0.9278 
00:15:19 : Training Confusion for Epoch 45:
[[1227    1]
 [   3 1221]] 
00:15:20 : Epoch [45/50], Loss: 0.0016, Accuracy: 0.9248, Precision: 0.9119, Recall: 0.9416, Specificity: 0.9079, F1-Score: 0.9265 
00:15:27 : Training Confusion for Epoch 46:
[[1227    1]
 [   3 1221]] 
00:15:28 : Epoch [46/50], Loss: 0.0068, Accuracy: 0.9216, Precision: 0.8824, Recall: 0.9740, Specificity: 0.8684, F1-Score: 0.9259 
00:15:36 : Training Confusion for Epoch 47:
[[1226    2]
 [   4 1220]] 
00:15:37 : Epoch [47/50], Loss: 0.0040, Accuracy: 0.9134, Precision: 0.8852, Recall: 0.9513, Specificity: 0.8750, F1-Score: 0.9171 
00:15:44 : Training Confusion for Epoch 48:
[[1219    9]
 [  10 1214]] 
00:15:45 : Epoch [48/50], Loss: 0.0014, Accuracy: 0.9150, Precision: 0.9295, Recall: 0.8994, Specificity: 0.9309, F1-Score: 0.9142 
00:15:53 : Training Confusion for Epoch 49:
[[1211   17]
 [  17 1207]] 
00:15:54 : Epoch [49/50], Loss: 0.0006, Accuracy: 0.9363, Precision: 0.9353, Recall: 0.9383, Specificity: 0.9342, F1-Score: 0.9368 
00:16:01 : Training Confusion for Epoch 50:
[[1228    0]
 [   4 1220]] 
00:16:02 : Epoch [50/50], Loss: 0.0008, Accuracy: 0.9346, Precision: 0.9351, Recall: 0.9351, Specificity: 0.9342, F1-Score: 0.9351 
00:16:04 : Cross-validation results: 
00:16:04 : Accuracy: 0.9084  0.0577 
00:16:04 : Precision: 0.9284  0.0478 
00:16:04 : Recall: 0.8925  0.1313 
00:16:04 : Specificity: 0.9252  0.0603 
00:16:04 : F1-Score: 0.9011  0.0860 
00:16:04 : Training Loss: 0.0670  0.0666 
00:16:04 : Validation Loss: 0.4271  0.3604 
