12:59:33 : Path identified is D:/MscProject/Repo/Outputs/Exp_1_1_OG_BGS_findcontours/Balanced and D:/MscProject/Repo/Outputs/Exp_1_1_OG_BGS_findcontours/Unbalanced 
12:59:33 : Starting the processing of Exp_1_1_OG_BGS_FCon_Train_b32e50L1e-05 
13:00:02 : Running on GPU 
13:00:02 : Model is Exp_1_1_OG_BGS_FCon_Train_b32e50L1e-05 
13:00:18 : Epoch [1/50], Loss: 0.4334, Accuracy: 0.8935, Precision: 0.8484, Recall: 0.9582, Specificity: 0.8288, F1-Score: 0.9000 
13:00:30 : Epoch [2/50], Loss: 0.3536, Accuracy: 0.8998, Precision: 0.8620, Recall: 0.9520, Specificity: 0.8476, F1-Score: 0.9048 
13:00:41 : Epoch [3/50], Loss: 0.3257, Accuracy: 0.9071, Precision: 0.8665, Recall: 0.9624, Specificity: 0.8518, F1-Score: 0.9120 
13:00:53 : Epoch [4/50], Loss: 0.3228, Accuracy: 0.9123, Precision: 0.8762, Recall: 0.9603, Specificity: 0.8643, F1-Score: 0.9163 
13:01:04 : Epoch [5/50], Loss: 0.3068, Accuracy: 0.9186, Precision: 0.8893, Recall: 0.9562, Specificity: 0.8810, F1-Score: 0.9215 
13:01:16 : Epoch [6/50], Loss: 0.3213, Accuracy: 0.9165, Precision: 0.8904, Recall: 0.9499, Specificity: 0.8831, F1-Score: 0.9192 
13:01:28 : Epoch [7/50], Loss: 0.2924, Accuracy: 0.9207, Precision: 0.9138, Recall: 0.9290, Specificity: 0.9123, F1-Score: 0.9213 
13:01:40 : Epoch [8/50], Loss: 0.2496, Accuracy: 0.9269, Precision: 0.9066, Recall: 0.9520, Specificity: 0.9019, F1-Score: 0.9287 
13:01:52 : Epoch [9/50], Loss: 0.2851, Accuracy: 0.9311, Precision: 0.9138, Recall: 0.9520, Specificity: 0.9102, F1-Score: 0.9325 
13:02:04 : Epoch [10/50], Loss: 0.2263, Accuracy: 0.9290, Precision: 0.9069, Recall: 0.9562, Specificity: 0.9019, F1-Score: 0.9309 
13:02:15 : Epoch [11/50], Loss: 0.2355, Accuracy: 0.9342, Precision: 0.9245, Recall: 0.9457, Specificity: 0.9228, F1-Score: 0.9350 
13:02:27 : Epoch [12/50], Loss: 0.2204, Accuracy: 0.9311, Precision: 0.9089, Recall: 0.9582, Specificity: 0.9040, F1-Score: 0.9329 
13:02:39 : Epoch [13/50], Loss: 0.2051, Accuracy: 0.9322, Precision: 0.9140, Recall: 0.9541, Specificity: 0.9102, F1-Score: 0.9336 
13:02:51 : Epoch [14/50], Loss: 0.2331, Accuracy: 0.9301, Precision: 0.9120, Recall: 0.9520, Specificity: 0.9081, F1-Score: 0.9316 
13:03:03 : Epoch [15/50], Loss: 0.2354, Accuracy: 0.9363, Precision: 0.9180, Recall: 0.9582, Specificity: 0.9144, F1-Score: 0.9377 
13:03:14 : Epoch [16/50], Loss: 0.2657, Accuracy: 0.9342, Precision: 0.9211, Recall: 0.9499, Specificity: 0.9186, F1-Score: 0.9353 
13:03:26 : Epoch [17/50], Loss: 0.2570, Accuracy: 0.9332, Precision: 0.9109, Recall: 0.9603, Specificity: 0.9061, F1-Score: 0.9350 
13:03:39 : Epoch [18/50], Loss: 0.2680, Accuracy: 0.9342, Precision: 0.9315, Recall: 0.9374, Specificity: 0.9311, F1-Score: 0.9344 
13:03:50 : Epoch [19/50], Loss: 0.3908, Accuracy: 0.9332, Precision: 0.9314, Recall: 0.9353, Specificity: 0.9311, F1-Score: 0.9333 
13:04:02 : Epoch [20/50], Loss: 0.5449, Accuracy: 0.9186, Precision: 0.9407, Recall: 0.8935, Specificity: 0.9436, F1-Score: 0.9165 
13:04:13 : Epoch [21/50], Loss: 0.2153, Accuracy: 0.9363, Precision: 0.9300, Recall: 0.9436, Specificity: 0.9290, F1-Score: 0.9368 
13:04:25 : Epoch [22/50], Loss: 0.1264, Accuracy: 0.9301, Precision: 0.9137, Recall: 0.9499, Specificity: 0.9102, F1-Score: 0.9314 
13:04:37 : Epoch [23/50], Loss: 0.2433, Accuracy: 0.9405, Precision: 0.9378, Recall: 0.9436, Specificity: 0.9374, F1-Score: 0.9407 
13:04:49 : Epoch [24/50], Loss: 0.2041, Accuracy: 0.9374, Precision: 0.9302, Recall: 0.9457, Specificity: 0.9290, F1-Score: 0.9379 
13:05:01 : Epoch [25/50], Loss: 0.1385, Accuracy: 0.9342, Precision: 0.9298, Recall: 0.9395, Specificity: 0.9290, F1-Score: 0.9346 
13:05:13 : Epoch [26/50], Loss: 0.1380, Accuracy: 0.9374, Precision: 0.9392, Recall: 0.9353, Specificity: 0.9395, F1-Score: 0.9372 
13:05:24 : Epoch [27/50], Loss: 0.2605, Accuracy: 0.9353, Precision: 0.9335, Recall: 0.9374, Specificity: 0.9332, F1-Score: 0.9354 
13:05:36 : Epoch [28/50], Loss: 0.2158, Accuracy: 0.9353, Precision: 0.9317, Recall: 0.9395, Specificity: 0.9311, F1-Score: 0.9356 
13:05:48 : Epoch [29/50], Loss: 0.1627, Accuracy: 0.9342, Precision: 0.9280, Recall: 0.9415, Specificity: 0.9269, F1-Score: 0.9347 
13:06:00 : Epoch [30/50], Loss: 0.1044, Accuracy: 0.9322, Precision: 0.9386, Recall: 0.9248, Specificity: 0.9395, F1-Score: 0.9317 
13:06:12 : Epoch [31/50], Loss: 0.2054, Accuracy: 0.9342, Precision: 0.9298, Recall: 0.9395, Specificity: 0.9290, F1-Score: 0.9346 
13:06:23 : Epoch [32/50], Loss: 0.2554, Accuracy: 0.9332, Precision: 0.9296, Recall: 0.9374, Specificity: 0.9290, F1-Score: 0.9335 
13:06:35 : Epoch [33/50], Loss: 0.3349, Accuracy: 0.9332, Precision: 0.9350, Recall: 0.9311, Specificity: 0.9353, F1-Score: 0.9331 
13:06:47 : Epoch [34/50], Loss: 0.2936, Accuracy: 0.9363, Precision: 0.9354, Recall: 0.9374, Specificity: 0.9353, F1-Score: 0.9364 
13:06:59 : Epoch [35/50], Loss: 0.3223, Accuracy: 0.9384, Precision: 0.9393, Recall: 0.9374, Specificity: 0.9395, F1-Score: 0.9383 
13:07:11 : Epoch [36/50], Loss: 0.3266, Accuracy: 0.9322, Precision: 0.9349, Recall: 0.9290, Specificity: 0.9353, F1-Score: 0.9319 
13:07:23 : Epoch [37/50], Loss: 0.2361, Accuracy: 0.9353, Precision: 0.9281, Recall: 0.9436, Specificity: 0.9269, F1-Score: 0.9358 
13:07:34 : Epoch [38/50], Loss: 0.3232, Accuracy: 0.9353, Precision: 0.9317, Recall: 0.9395, Specificity: 0.9311, F1-Score: 0.9356 
13:07:46 : Epoch [39/50], Loss: 0.3132, Accuracy: 0.9353, Precision: 0.9281, Recall: 0.9436, Specificity: 0.9269, F1-Score: 0.9358 
13:07:58 : Epoch [40/50], Loss: 0.4959, Accuracy: 0.9332, Precision: 0.9406, Recall: 0.9248, Specificity: 0.9415, F1-Score: 0.9326 
13:08:10 : Epoch [41/50], Loss: 0.4241, Accuracy: 0.9342, Precision: 0.9388, Recall: 0.9290, Specificity: 0.9395, F1-Score: 0.9339 
13:08:22 : Epoch [42/50], Loss: 0.3986, Accuracy: 0.9342, Precision: 0.9333, Recall: 0.9353, Specificity: 0.9332, F1-Score: 0.9343 
13:08:33 : Epoch [43/50], Loss: 0.5718, Accuracy: 0.9342, Precision: 0.9464, Recall: 0.9207, Specificity: 0.9478, F1-Score: 0.9333 
13:08:45 : Epoch [44/50], Loss: 0.3324, Accuracy: 0.9374, Precision: 0.9302, Recall: 0.9457, Specificity: 0.9290, F1-Score: 0.9379 
13:08:57 : Epoch [45/50], Loss: 0.3633, Accuracy: 0.9332, Precision: 0.9332, Recall: 0.9332, Specificity: 0.9332, F1-Score: 0.9332 
13:09:09 : Epoch [46/50], Loss: 0.3842, Accuracy: 0.9342, Precision: 0.9280, Recall: 0.9415, Specificity: 0.9269, F1-Score: 0.9347 
13:09:21 : Epoch [47/50], Loss: 0.0690, Accuracy: 0.9332, Precision: 0.9158, Recall: 0.9541, Specificity: 0.9123, F1-Score: 0.9346 
13:09:33 : Epoch [48/50], Loss: 0.2659, Accuracy: 0.9332, Precision: 0.9226, Recall: 0.9457, Specificity: 0.9207, F1-Score: 0.9340 
13:09:44 : Epoch [49/50], Loss: 0.3779, Accuracy: 0.9342, Precision: 0.9280, Recall: 0.9415, Specificity: 0.9269, F1-Score: 0.9347 
13:09:56 : Epoch [50/50], Loss: 0.3743, Accuracy: 0.9363, Precision: 0.9336, Recall: 0.9395, Specificity: 0.9332, F1-Score: 0.9365 
13:11:54 : Test Loss: 0.3504, Test Accuracy: 0.9436, Test Precision: 0.3497, Test Recall: 0.9828, Test Specificity: 0.9423, Test F1-Score: 0.5159 
13:11:54 : Total Time taken: 741.4169833000014 Seconds 
13:23:07 : Path identified is D:/MscProject/Repo/Outputs/Exp_1_1_OG_BGS_findcontours/Balanced and D:/MscProject/Repo/Outputs/Exp_1_1_OG_BGS_findcontours/Unbalanced 
13:23:07 : Starting the processing of Exp_1_1_OG_BGS_FCon_Train_b32e100L0.0001 
