14:23:40 : Path identified is D:/MscProject/Repo/Outputs/Exp_1_1_OG_BGS_findcontours/Balanced and D:/MscProject/Repo/Outputs/Exp_1_1_OG_BGS_findcontours/Unbalanced 
14:23:40 : Starting the processing of Exp_1_1_OG_BGS_FCon_Train_GeLU_b32e50L0.0001 
14:24:10 : Running on GPU 
14:24:10 : Model is Exp_1_1_OG_BGS_FCon_Train_GeLU_b32e50L0.0001 
14:24:26 : Epoch [1/50], Loss: 0.3622, Accuracy: 0.8935, Precision: 0.8762, Recall: 0.9165, Specificity: 0.8706, F1-Score: 0.8959 
14:24:37 : Epoch [2/50], Loss: 0.2657, Accuracy: 0.9123, Precision: 0.9055, Recall: 0.9207, Specificity: 0.9040, F1-Score: 0.9130 
14:24:49 : Epoch [3/50], Loss: 0.0729, Accuracy: 0.9290, Precision: 0.9419, Recall: 0.9144, Specificity: 0.9436, F1-Score: 0.9280 
14:25:01 : Epoch [4/50], Loss: 0.0435, Accuracy: 0.9322, Precision: 0.9242, Recall: 0.9415, Specificity: 0.9228, F1-Score: 0.9328 
14:25:13 : Epoch [5/50], Loss: 0.0574, Accuracy: 0.9363, Precision: 0.9019, Recall: 0.9791, Specificity: 0.8935, F1-Score: 0.9389 
14:25:25 : Epoch [6/50], Loss: 0.0539, Accuracy: 0.9374, Precision: 0.9411, Recall: 0.9332, Specificity: 0.9415, F1-Score: 0.9371 
14:25:37 : Epoch [7/50], Loss: 0.0224, Accuracy: 0.9342, Precision: 0.9370, Recall: 0.9311, Specificity: 0.9374, F1-Score: 0.9340 
14:25:48 : Epoch [8/50], Loss: 0.0112, Accuracy: 0.9395, Precision: 0.9218, Recall: 0.9603, Specificity: 0.9186, F1-Score: 0.9407 
14:26:00 : Epoch [9/50], Loss: 0.0261, Accuracy: 0.9457, Precision: 0.9313, Recall: 0.9624, Specificity: 0.9290, F1-Score: 0.9466 
14:26:12 : Epoch [10/50], Loss: 0.0640, Accuracy: 0.9311, Precision: 0.9422, Recall: 0.9186, Specificity: 0.9436, F1-Score: 0.9302 
14:26:24 : Epoch [11/50], Loss: 0.0155, Accuracy: 0.9384, Precision: 0.9375, Recall: 0.9395, Specificity: 0.9374, F1-Score: 0.9385 
14:26:36 : Epoch [12/50], Loss: 0.0071, Accuracy: 0.9395, Precision: 0.9358, Recall: 0.9436, Specificity: 0.9353, F1-Score: 0.9397 
14:26:47 : Epoch [13/50], Loss: 0.0064, Accuracy: 0.9415, Precision: 0.9361, Recall: 0.9478, Specificity: 0.9353, F1-Score: 0.9419 
14:26:59 : Epoch [14/50], Loss: 0.0051, Accuracy: 0.9436, Precision: 0.9346, Recall: 0.9541, Specificity: 0.9332, F1-Score: 0.9442 
14:27:11 : Epoch [15/50], Loss: 0.0042, Accuracy: 0.9415, Precision: 0.9343, Recall: 0.9499, Specificity: 0.9332, F1-Score: 0.9420 
14:27:23 : Epoch [16/50], Loss: 0.0047, Accuracy: 0.9426, Precision: 0.9327, Recall: 0.9541, Specificity: 0.9311, F1-Score: 0.9432 
14:27:35 : Epoch [17/50], Loss: 0.0024, Accuracy: 0.9436, Precision: 0.9328, Recall: 0.9562, Specificity: 0.9311, F1-Score: 0.9443 
14:27:47 : Epoch [18/50], Loss: 0.0051, Accuracy: 0.9405, Precision: 0.9342, Recall: 0.9478, Specificity: 0.9332, F1-Score: 0.9409 
14:27:58 : Epoch [19/50], Loss: 0.0028, Accuracy: 0.9447, Precision: 0.9329, Recall: 0.9582, Specificity: 0.9311, F1-Score: 0.9454 
14:28:10 : Epoch [20/50], Loss: 0.0159, Accuracy: 0.9395, Precision: 0.9358, Recall: 0.9436, Specificity: 0.9353, F1-Score: 0.9397 
14:28:22 : Epoch [21/50], Loss: 0.0098, Accuracy: 0.9395, Precision: 0.9340, Recall: 0.9457, Specificity: 0.9332, F1-Score: 0.9398 
14:28:34 : Epoch [22/50], Loss: 0.0036, Accuracy: 0.9457, Precision: 0.9279, Recall: 0.9666, Specificity: 0.9248, F1-Score: 0.9468 
14:28:46 : Epoch [23/50], Loss: 0.0031, Accuracy: 0.9447, Precision: 0.9329, Recall: 0.9582, Specificity: 0.9311, F1-Score: 0.9454 
14:28:58 : Epoch [24/50], Loss: 0.0022, Accuracy: 0.9457, Precision: 0.9313, Recall: 0.9624, Specificity: 0.9290, F1-Score: 0.9466 
14:29:09 : Epoch [25/50], Loss: 0.0031, Accuracy: 0.9436, Precision: 0.9259, Recall: 0.9645, Specificity: 0.9228, F1-Score: 0.9448 
14:29:21 : Epoch [26/50], Loss: 0.0140, Accuracy: 0.9395, Precision: 0.9358, Recall: 0.9436, Specificity: 0.9353, F1-Score: 0.9397 
14:29:32 : Epoch [27/50], Loss: 0.0176, Accuracy: 0.9395, Precision: 0.9376, Recall: 0.9415, Specificity: 0.9374, F1-Score: 0.9396 
14:29:45 : Epoch [28/50], Loss: 0.0065, Accuracy: 0.9405, Precision: 0.9360, Recall: 0.9457, Specificity: 0.9353, F1-Score: 0.9408 
14:29:57 : Epoch [29/50], Loss: 0.0056, Accuracy: 0.9447, Precision: 0.9277, Recall: 0.9645, Specificity: 0.9248, F1-Score: 0.9458 
14:30:08 : Epoch [30/50], Loss: 0.0031, Accuracy: 0.9415, Precision: 0.9325, Recall: 0.9520, Specificity: 0.9311, F1-Score: 0.9421 
14:30:20 : Epoch [31/50], Loss: 0.0052, Accuracy: 0.9405, Precision: 0.9360, Recall: 0.9457, Specificity: 0.9353, F1-Score: 0.9408 
14:30:32 : Epoch [32/50], Loss: 0.0038, Accuracy: 0.9415, Precision: 0.9325, Recall: 0.9520, Specificity: 0.9311, F1-Score: 0.9421 
14:30:44 : Epoch [33/50], Loss: 0.0069, Accuracy: 0.9436, Precision: 0.9259, Recall: 0.9645, Specificity: 0.9228, F1-Score: 0.9448 
14:30:56 : Epoch [34/50], Loss: 0.0193, Accuracy: 0.9384, Precision: 0.9393, Recall: 0.9374, Specificity: 0.9395, F1-Score: 0.9383 
14:31:08 : Epoch [35/50], Loss: 0.0038, Accuracy: 0.9426, Precision: 0.9309, Recall: 0.9562, Specificity: 0.9290, F1-Score: 0.9434 
14:31:19 : Epoch [36/50], Loss: 0.0156, Accuracy: 0.9363, Precision: 0.9354, Recall: 0.9374, Specificity: 0.9353, F1-Score: 0.9364 
14:31:31 : Epoch [37/50], Loss: 0.0119, Accuracy: 0.9426, Precision: 0.9240, Recall: 0.9645, Specificity: 0.9207, F1-Score: 0.9438 
14:31:43 : Epoch [38/50], Loss: 0.0101, Accuracy: 0.9447, Precision: 0.9260, Recall: 0.9666, Specificity: 0.9228, F1-Score: 0.9459 
14:31:55 : Epoch [39/50], Loss: 0.0171, Accuracy: 0.9405, Precision: 0.9378, Recall: 0.9436, Specificity: 0.9374, F1-Score: 0.9407 
14:32:07 : Epoch [40/50], Loss: 0.0179, Accuracy: 0.9384, Precision: 0.9357, Recall: 0.9415, Specificity: 0.9353, F1-Score: 0.9386 
14:32:19 : Epoch [41/50], Loss: 0.0157, Accuracy: 0.9426, Precision: 0.9223, Recall: 0.9666, Specificity: 0.9186, F1-Score: 0.9439 
14:32:31 : Epoch [42/50], Loss: 0.0040, Accuracy: 0.9415, Precision: 0.9308, Recall: 0.9541, Specificity: 0.9290, F1-Score: 0.9423 
14:32:43 : Epoch [43/50], Loss: 0.0170, Accuracy: 0.9384, Precision: 0.9375, Recall: 0.9395, Specificity: 0.9374, F1-Score: 0.9385 
14:32:55 : Epoch [44/50], Loss: 0.0139, Accuracy: 0.9436, Precision: 0.9259, Recall: 0.9645, Specificity: 0.9228, F1-Score: 0.9448 
14:33:07 : Epoch [45/50], Loss: 0.0116, Accuracy: 0.9405, Precision: 0.9254, Recall: 0.9582, Specificity: 0.9228, F1-Score: 0.9415 
14:33:19 : Epoch [46/50], Loss: 0.0172, Accuracy: 0.9415, Precision: 0.9379, Recall: 0.9457, Specificity: 0.9374, F1-Score: 0.9418 
14:33:31 : Epoch [47/50], Loss: 0.0192, Accuracy: 0.9405, Precision: 0.9360, Recall: 0.9457, Specificity: 0.9353, F1-Score: 0.9408 
14:33:43 : Epoch [48/50], Loss: 0.0078, Accuracy: 0.9405, Precision: 0.9324, Recall: 0.9499, Specificity: 0.9311, F1-Score: 0.9411 
14:33:55 : Epoch [49/50], Loss: 0.0101, Accuracy: 0.9405, Precision: 0.9271, Recall: 0.9562, Specificity: 0.9248, F1-Score: 0.9414 
14:34:07 : Epoch [50/50], Loss: 0.0084, Accuracy: 0.9405, Precision: 0.9271, Recall: 0.9562, Specificity: 0.9248, F1-Score: 0.9414 
14:36:04 : Test Loss: 0.6969, Test Accuracy: 0.9362, Test Precision: 0.3228, Test Recall: 0.9885, Test Specificity: 0.9345, Test F1-Score: 0.4866 
14:36:04 : Total Time taken: 743.8619880999977 Seconds 
