13:43:49 : Path identified is D:/MscProject/Repo/Outputs/Exp_1_1_OG_BGS_findcontours/Balanced and D:/MscProject/Repo/Outputs/Exp_1_1_OG_BGS_findcontours/Unbalanced 
13:43:49 : Starting the processing of Exp_1_1_OG_BGS_FCon_Train_b32e100L0.0001 
13:44:18 : Running on GPU 
13:44:18 : Model is Exp_1_1_OG_BGS_FCon_Train_b32e100L0.0001 
13:44:33 : Epoch [1/100], Loss: 0.3557, Accuracy: 0.8987, Precision: 0.8411, Recall: 0.9833, Specificity: 0.8142, F1-Score: 0.9066 
13:44:45 : Epoch [2/100], Loss: 0.2188, Accuracy: 0.9217, Precision: 0.9024, Recall: 0.9457, Specificity: 0.8977, F1-Score: 0.9235 
13:44:57 : Epoch [3/100], Loss: 0.1190, Accuracy: 0.9342, Precision: 0.9143, Recall: 0.9582, Specificity: 0.9102, F1-Score: 0.9358 
13:45:09 : Epoch [4/100], Loss: 0.0672, Accuracy: 0.9342, Precision: 0.9262, Recall: 0.9436, Specificity: 0.9248, F1-Score: 0.9349 
13:45:20 : Epoch [5/100], Loss: 0.0278, Accuracy: 0.9405, Precision: 0.9137, Recall: 0.9729, Specificity: 0.9081, F1-Score: 0.9424 
13:45:32 : Epoch [6/100], Loss: 0.0553, Accuracy: 0.9301, Precision: 0.9221, Recall: 0.9395, Specificity: 0.9207, F1-Score: 0.9307 
13:45:43 : Epoch [7/100], Loss: 0.0574, Accuracy: 0.9374, Precision: 0.9284, Recall: 0.9478, Specificity: 0.9269, F1-Score: 0.9380 
13:45:55 : Epoch [8/100], Loss: 0.0524, Accuracy: 0.9332, Precision: 0.9209, Recall: 0.9478, Specificity: 0.9186, F1-Score: 0.9342 
13:46:08 : Epoch [9/100], Loss: 0.0462, Accuracy: 0.9301, Precision: 0.9459, Recall: 0.9123, Specificity: 0.9478, F1-Score: 0.9288 
13:46:19 : Epoch [10/100], Loss: 0.1286, Accuracy: 0.9374, Precision: 0.9198, Recall: 0.9582, Specificity: 0.9165, F1-Score: 0.9387 
13:46:31 : Epoch [11/100], Loss: 0.1406, Accuracy: 0.9363, Precision: 0.9231, Recall: 0.9520, Specificity: 0.9207, F1-Score: 0.9373 
13:46:43 : Epoch [12/100], Loss: 0.0929, Accuracy: 0.9405, Precision: 0.9187, Recall: 0.9666, Specificity: 0.9144, F1-Score: 0.9420 
13:46:54 : Epoch [13/100], Loss: 0.0800, Accuracy: 0.9374, Precision: 0.9215, Recall: 0.9562, Specificity: 0.9186, F1-Score: 0.9385 
13:47:06 : Epoch [14/100], Loss: 0.0889, Accuracy: 0.9415, Precision: 0.9205, Recall: 0.9666, Specificity: 0.9165, F1-Score: 0.9430 
13:47:18 : Epoch [15/100], Loss: 0.0649, Accuracy: 0.9415, Precision: 0.9238, Recall: 0.9624, Specificity: 0.9207, F1-Score: 0.9427 
13:47:30 : Epoch [16/100], Loss: 0.0549, Accuracy: 0.9415, Precision: 0.9238, Recall: 0.9624, Specificity: 0.9207, F1-Score: 0.9427 
13:47:42 : Epoch [17/100], Loss: 0.0936, Accuracy: 0.9415, Precision: 0.9172, Recall: 0.9708, Specificity: 0.9123, F1-Score: 0.9432 
13:47:53 : Epoch [18/100], Loss: 0.0328, Accuracy: 0.9395, Precision: 0.9235, Recall: 0.9582, Specificity: 0.9207, F1-Score: 0.9406 
13:48:05 : Epoch [19/100], Loss: 0.1067, Accuracy: 0.9405, Precision: 0.9170, Recall: 0.9687, Specificity: 0.9123, F1-Score: 0.9421 
13:48:17 : Epoch [20/100], Loss: 0.0520, Accuracy: 0.9395, Precision: 0.9218, Recall: 0.9603, Specificity: 0.9186, F1-Score: 0.9407 
13:48:29 : Epoch [21/100], Loss: 0.1097, Accuracy: 0.9426, Precision: 0.9190, Recall: 0.9708, Specificity: 0.9144, F1-Score: 0.9442 
13:48:41 : Epoch [22/100], Loss: 0.0724, Accuracy: 0.9395, Precision: 0.9218, Recall: 0.9603, Specificity: 0.9186, F1-Score: 0.9407 
13:48:53 : Epoch [23/100], Loss: 0.0500, Accuracy: 0.9384, Precision: 0.9234, Recall: 0.9562, Specificity: 0.9207, F1-Score: 0.9395 
13:49:04 : Epoch [24/100], Loss: 0.0414, Accuracy: 0.9405, Precision: 0.9254, Recall: 0.9582, Specificity: 0.9228, F1-Score: 0.9415 
13:49:16 : Epoch [25/100], Loss: 0.1032, Accuracy: 0.9426, Precision: 0.9190, Recall: 0.9708, Specificity: 0.9144, F1-Score: 0.9442 
13:49:28 : Epoch [26/100], Loss: 0.0444, Accuracy: 0.9395, Precision: 0.9253, Recall: 0.9562, Specificity: 0.9228, F1-Score: 0.9405 
13:49:40 : Epoch [27/100], Loss: 0.1024, Accuracy: 0.9405, Precision: 0.9187, Recall: 0.9666, Specificity: 0.9144, F1-Score: 0.9420 
13:49:52 : Epoch [28/100], Loss: 0.0429, Accuracy: 0.9384, Precision: 0.9234, Recall: 0.9562, Specificity: 0.9207, F1-Score: 0.9395 
13:50:04 : Epoch [29/100], Loss: 0.0604, Accuracy: 0.9384, Precision: 0.9217, Recall: 0.9582, Specificity: 0.9186, F1-Score: 0.9396 
13:50:15 : Epoch [30/100], Loss: 0.0426, Accuracy: 0.9374, Precision: 0.9232, Recall: 0.9541, Specificity: 0.9207, F1-Score: 0.9384 
13:50:27 : Epoch [31/100], Loss: 0.0956, Accuracy: 0.9415, Precision: 0.9222, Recall: 0.9645, Specificity: 0.9186, F1-Score: 0.9429 
13:50:40 : Epoch [32/100], Loss: 0.0767, Accuracy: 0.9415, Precision: 0.9222, Recall: 0.9645, Specificity: 0.9186, F1-Score: 0.9429 
13:50:51 : Epoch [33/100], Loss: 0.0362, Accuracy: 0.9395, Precision: 0.9270, Recall: 0.9541, Specificity: 0.9248, F1-Score: 0.9403 
13:51:03 : Epoch [34/100], Loss: 0.0500, Accuracy: 0.9384, Precision: 0.9251, Recall: 0.9541, Specificity: 0.9228, F1-Score: 0.9394 
13:51:14 : Epoch [35/100], Loss: 0.0428, Accuracy: 0.9384, Precision: 0.9268, Recall: 0.9520, Specificity: 0.9248, F1-Score: 0.9392 
13:51:26 : Epoch [36/100], Loss: 0.0611, Accuracy: 0.9405, Precision: 0.9254, Recall: 0.9582, Specificity: 0.9228, F1-Score: 0.9415 
13:51:38 : Epoch [37/100], Loss: 0.1683, Accuracy: 0.9415, Precision: 0.9172, Recall: 0.9708, Specificity: 0.9123, F1-Score: 0.9432 
13:51:50 : Epoch [38/100], Loss: 0.1509, Accuracy: 0.9415, Precision: 0.9188, Recall: 0.9687, Specificity: 0.9144, F1-Score: 0.9431 
13:52:02 : Epoch [39/100], Loss: 0.1075, Accuracy: 0.9436, Precision: 0.9242, Recall: 0.9666, Specificity: 0.9207, F1-Score: 0.9449 
13:52:14 : Epoch [40/100], Loss: 0.1334, Accuracy: 0.9436, Precision: 0.9225, Recall: 0.9687, Specificity: 0.9186, F1-Score: 0.9450 
13:52:25 : Epoch [41/100], Loss: 0.1174, Accuracy: 0.9405, Precision: 0.9220, Recall: 0.9624, Specificity: 0.9186, F1-Score: 0.9418 
13:52:37 : Epoch [42/100], Loss: 0.0605, Accuracy: 0.9363, Precision: 0.9248, Recall: 0.9499, Specificity: 0.9228, F1-Score: 0.9372 
13:52:50 : Epoch [43/100], Loss: 0.0751, Accuracy: 0.9384, Precision: 0.9251, Recall: 0.9541, Specificity: 0.9228, F1-Score: 0.9394 
13:53:01 : Epoch [44/100], Loss: 0.1068, Accuracy: 0.9384, Precision: 0.9217, Recall: 0.9582, Specificity: 0.9186, F1-Score: 0.9396 
13:53:13 : Epoch [45/100], Loss: 0.1801, Accuracy: 0.9415, Precision: 0.9188, Recall: 0.9687, Specificity: 0.9144, F1-Score: 0.9431 
13:53:25 : Epoch [46/100], Loss: 0.1658, Accuracy: 0.9415, Precision: 0.9188, Recall: 0.9687, Specificity: 0.9144, F1-Score: 0.9431 
13:53:37 : Epoch [47/100], Loss: 0.1839, Accuracy: 0.9415, Precision: 0.9188, Recall: 0.9687, Specificity: 0.9144, F1-Score: 0.9431 
13:53:49 : Epoch [48/100], Loss: 0.1603, Accuracy: 0.9426, Precision: 0.9206, Recall: 0.9687, Specificity: 0.9165, F1-Score: 0.9440 
13:54:01 : Epoch [49/100], Loss: 0.0576, Accuracy: 0.9374, Precision: 0.9302, Recall: 0.9457, Specificity: 0.9290, F1-Score: 0.9379 
13:54:12 : Epoch [50/100], Loss: 0.0686, Accuracy: 0.9363, Precision: 0.9265, Recall: 0.9478, Specificity: 0.9248, F1-Score: 0.9370 
13:54:24 : Epoch [51/100], Loss: 0.1160, Accuracy: 0.9415, Precision: 0.9238, Recall: 0.9624, Specificity: 0.9207, F1-Score: 0.9427 
13:54:37 : Epoch [52/100], Loss: 0.0930, Accuracy: 0.9436, Precision: 0.9276, Recall: 0.9624, Specificity: 0.9248, F1-Score: 0.9447 
13:54:48 : Epoch [53/100], Loss: 0.0619, Accuracy: 0.9363, Precision: 0.9318, Recall: 0.9415, Specificity: 0.9311, F1-Score: 0.9367 
13:55:00 : Epoch [54/100], Loss: 0.2000, Accuracy: 0.9415, Precision: 0.9188, Recall: 0.9687, Specificity: 0.9144, F1-Score: 0.9431 
13:55:12 : Epoch [55/100], Loss: 0.0957, Accuracy: 0.9395, Precision: 0.9253, Recall: 0.9562, Specificity: 0.9228, F1-Score: 0.9405 
13:55:24 : Epoch [56/100], Loss: 0.1534, Accuracy: 0.9426, Precision: 0.9223, Recall: 0.9666, Specificity: 0.9186, F1-Score: 0.9439 
13:55:36 : Epoch [57/100], Loss: 0.0695, Accuracy: 0.9384, Precision: 0.9286, Recall: 0.9499, Specificity: 0.9269, F1-Score: 0.9391 
13:55:48 : Epoch [58/100], Loss: 0.0889, Accuracy: 0.9384, Precision: 0.9286, Recall: 0.9499, Specificity: 0.9269, F1-Score: 0.9391 
13:55:59 : Epoch [59/100], Loss: 0.0556, Accuracy: 0.9353, Precision: 0.9299, Recall: 0.9415, Specificity: 0.9290, F1-Score: 0.9357 
13:56:11 : Epoch [60/100], Loss: 0.1137, Accuracy: 0.9405, Precision: 0.9254, Recall: 0.9582, Specificity: 0.9228, F1-Score: 0.9415 
13:56:23 : Epoch [61/100], Loss: 0.0609, Accuracy: 0.9374, Precision: 0.9302, Recall: 0.9457, Specificity: 0.9290, F1-Score: 0.9379 
13:56:35 : Epoch [62/100], Loss: 0.1961, Accuracy: 0.9415, Precision: 0.9188, Recall: 0.9687, Specificity: 0.9144, F1-Score: 0.9431 
13:56:47 : Epoch [63/100], Loss: 0.0802, Accuracy: 0.9363, Precision: 0.9283, Recall: 0.9457, Specificity: 0.9269, F1-Score: 0.9369 
13:56:59 : Epoch [64/100], Loss: 0.0884, Accuracy: 0.9374, Precision: 0.9284, Recall: 0.9478, Specificity: 0.9269, F1-Score: 0.9380 
13:57:10 : Epoch [65/100], Loss: 0.2159, Accuracy: 0.9436, Precision: 0.9208, Recall: 0.9708, Specificity: 0.9165, F1-Score: 0.9451 
13:57:22 : Epoch [66/100], Loss: 0.1048, Accuracy: 0.9405, Precision: 0.9271, Recall: 0.9562, Specificity: 0.9248, F1-Score: 0.9414 
13:57:34 : Epoch [67/100], Loss: 0.1473, Accuracy: 0.9436, Precision: 0.9242, Recall: 0.9666, Specificity: 0.9207, F1-Score: 0.9449 
13:57:46 : Epoch [68/100], Loss: 0.1253, Accuracy: 0.9415, Precision: 0.9273, Recall: 0.9582, Specificity: 0.9248, F1-Score: 0.9425 
13:57:58 : Epoch [69/100], Loss: 0.0641, Accuracy: 0.9363, Precision: 0.9300, Recall: 0.9436, Specificity: 0.9290, F1-Score: 0.9368 
13:58:10 : Epoch [70/100], Loss: 0.0570, Accuracy: 0.9363, Precision: 0.9300, Recall: 0.9436, Specificity: 0.9290, F1-Score: 0.9368 
13:58:22 : Epoch [71/100], Loss: 0.0475, Accuracy: 0.9363, Precision: 0.9300, Recall: 0.9436, Specificity: 0.9290, F1-Score: 0.9368 
13:58:34 : Epoch [72/100], Loss: 0.1217, Accuracy: 0.9415, Precision: 0.9273, Recall: 0.9582, Specificity: 0.9248, F1-Score: 0.9425 
13:58:45 : Epoch [73/100], Loss: 0.0552, Accuracy: 0.9363, Precision: 0.9336, Recall: 0.9395, Specificity: 0.9332, F1-Score: 0.9365 
13:58:57 : Epoch [74/100], Loss: 0.0843, Accuracy: 0.9415, Precision: 0.9290, Recall: 0.9562, Specificity: 0.9269, F1-Score: 0.9424 
13:59:09 : Epoch [75/100], Loss: 0.1986, Accuracy: 0.9415, Precision: 0.9205, Recall: 0.9666, Specificity: 0.9165, F1-Score: 0.9430 
13:59:20 : Epoch [76/100], Loss: 0.0912, Accuracy: 0.9342, Precision: 0.9280, Recall: 0.9415, Specificity: 0.9269, F1-Score: 0.9347 
13:59:33 : Epoch [77/100], Loss: 0.1137, Accuracy: 0.9415, Precision: 0.9290, Recall: 0.9562, Specificity: 0.9269, F1-Score: 0.9424 
13:59:45 : Epoch [78/100], Loss: 0.0793, Accuracy: 0.9363, Precision: 0.9318, Recall: 0.9415, Specificity: 0.9311, F1-Score: 0.9367 
13:59:56 : Epoch [79/100], Loss: 0.2394, Accuracy: 0.9436, Precision: 0.9208, Recall: 0.9708, Specificity: 0.9165, F1-Score: 0.9451 
14:00:08 : Epoch [80/100], Loss: 0.0720, Accuracy: 0.9374, Precision: 0.9320, Recall: 0.9436, Specificity: 0.9311, F1-Score: 0.9378 
14:00:20 : Epoch [81/100], Loss: 0.0696, Accuracy: 0.9384, Precision: 0.9303, Recall: 0.9478, Specificity: 0.9290, F1-Score: 0.9390 
14:00:32 : Epoch [82/100], Loss: 0.0482, Accuracy: 0.9363, Precision: 0.9336, Recall: 0.9395, Specificity: 0.9332, F1-Score: 0.9365 
14:00:44 : Epoch [83/100], Loss: 0.0788, Accuracy: 0.9342, Precision: 0.9280, Recall: 0.9415, Specificity: 0.9269, F1-Score: 0.9347 
14:00:56 : Epoch [84/100], Loss: 0.0665, Accuracy: 0.9353, Precision: 0.9264, Recall: 0.9457, Specificity: 0.9248, F1-Score: 0.9360 
14:01:07 : Epoch [85/100], Loss: 0.1059, Accuracy: 0.9395, Precision: 0.9270, Recall: 0.9541, Specificity: 0.9248, F1-Score: 0.9403 
14:01:19 : Epoch [86/100], Loss: 0.0506, Accuracy: 0.9342, Precision: 0.9333, Recall: 0.9353, Specificity: 0.9332, F1-Score: 0.9343 
14:01:31 : Epoch [87/100], Loss: 0.0564, Accuracy: 0.9374, Precision: 0.9320, Recall: 0.9436, Specificity: 0.9311, F1-Score: 0.9378 
14:01:43 : Epoch [88/100], Loss: 0.0983, Accuracy: 0.9342, Precision: 0.9298, Recall: 0.9395, Specificity: 0.9290, F1-Score: 0.9346 
14:01:55 : Epoch [89/100], Loss: 0.1321, Accuracy: 0.9405, Precision: 0.9289, Recall: 0.9541, Specificity: 0.9269, F1-Score: 0.9413 
14:02:07 : Epoch [90/100], Loss: 0.0723, Accuracy: 0.9384, Precision: 0.9303, Recall: 0.9478, Specificity: 0.9290, F1-Score: 0.9390 
14:02:18 : Epoch [91/100], Loss: 0.0964, Accuracy: 0.9384, Precision: 0.9251, Recall: 0.9541, Specificity: 0.9228, F1-Score: 0.9394 
14:02:30 : Epoch [92/100], Loss: 0.2025, Accuracy: 0.9426, Precision: 0.9223, Recall: 0.9666, Specificity: 0.9186, F1-Score: 0.9439 
14:02:42 : Epoch [93/100], Loss: 0.0283, Accuracy: 0.9353, Precision: 0.9299, Recall: 0.9415, Specificity: 0.9290, F1-Score: 0.9357 
14:02:54 : Epoch [94/100], Loss: 0.0942, Accuracy: 0.9040, Precision: 0.8862, Recall: 0.9269, Specificity: 0.8810, F1-Score: 0.9061 
14:03:06 : Epoch [95/100], Loss: 0.0550, Accuracy: 0.9374, Precision: 0.9267, Recall: 0.9499, Specificity: 0.9248, F1-Score: 0.9381 
14:03:17 : Epoch [96/100], Loss: 0.2213, Accuracy: 0.9395, Precision: 0.9395, Recall: 0.9395, Specificity: 0.9395, F1-Score: 0.9395 
14:03:29 : Epoch [97/100], Loss: 0.1624, Accuracy: 0.9405, Precision: 0.9324, Recall: 0.9499, Specificity: 0.9311, F1-Score: 0.9411 
14:03:41 : Epoch [98/100], Loss: 0.0836, Accuracy: 0.9384, Precision: 0.9286, Recall: 0.9499, Specificity: 0.9269, F1-Score: 0.9391 
14:03:53 : Epoch [99/100], Loss: 0.1279, Accuracy: 0.9342, Precision: 0.9262, Recall: 0.9436, Specificity: 0.9248, F1-Score: 0.9349 
14:04:05 : Epoch [100/100], Loss: 0.1178, Accuracy: 0.9353, Precision: 0.9264, Recall: 0.9457, Specificity: 0.9248, F1-Score: 0.9360 
14:06:02 : Test Loss: 0.3576, Test Accuracy: 0.9396, Test Precision: 0.3346, Test Recall: 0.9859, Test Specificity: 0.9381, Test F1-Score: 0.4996 
14:06:02 : Total Time taken: 1333.7723134999978 Seconds 
